=== モバイルTwitterデバッグログ開始 ===
開始時刻: 2025-08-17 22:30:21
ログファイル: /Users/takahashimika/Dropbox/web_kabu_ai/python/twitter_auto_post/debug_logs/mobile_twitter_debug_20250817_223021.log
============================================================

[22:30:21] [0.00s] [INFO] モバイルプロファイルディレクトリ: /Users/takahashimika/Dropbox/web_kabu_ai/twitter_mobile_profile
[22:30:21] [0.00s] [INFO] 📱 モバイルブラウザ起動開始
[22:30:22] [1.01s] [INFO] ✅ Playwright インスタンス作成完了
[22:30:22] [1.01s] [INFO] ✅ 既存モバイルプロファイル発見: /Users/takahashimika/Dropbox/web_kabu_ai/twitter_mobile_profile
[22:30:22] [1.01s] [INFO] モバイル引数設定完了: 26個
[22:30:22] [1.01s] [INFO] モバイルコンテキスト作成中...
[22:30:25] [4.07s] [INFO] ✅ モバイルコンテキスト作成完了
[22:30:25] [4.08s] [INFO] 既存モバイルページを使用
[22:30:25] [4.14s] [INFO] ✅ モバイル偽装スクリプト適用完了
[22:30:25] [4.14s] [INFO] 📱 モバイルブラウザ起動成功
[22:30:25] [4.14s] [INFO] 📱 モバイル版Twitterに移動開始
[22:30:25] [4.14s] [INFO] アクセス先: https://mobile.twitter.com
[22:30:28] [6.92s] [INFO] ✅ ページ移動完了
[22:30:28] [6.92s] [INFO] モバイル風待機: 2.45秒
[22:30:30] [9.38s] [INFO] 現在のURL: https://x.com/
[22:30:30] [9.38s] [INFO] ページタイトル: ホーム / X
[22:30:30] [9.38s] [INFO] モバイルログイン状態チェック - URL: https://x.com/home
[22:30:30] [9.44s] [INFO] ✅ モバイルログイン要素発見: nav[role="navigation"]
[22:30:30] [9.46s] [INFO] ✅ モバイルログイン要素発見: [data-testid="primaryColumn"]
[22:30:30] [9.48s] [INFO] ✅ モバイルログイン要素発見: [aria-label*="ホーム"], [aria-label*="Home"]
[22:30:30] [9.48s] [INFO] ✅ モバイルログイン確認 (3個の要素)
[22:30:30] [9.48s] [INFO] 📱 モバイルツイート投稿開始 (テスト: True)
[22:30:30] [9.48s] [INFO] 投稿処理開始時のURL: https://x.com/home
[22:30:30] [9.50s] [INFO] ページ上のボタン要素数: 8
[22:30:30] [9.66s] [INFO] ボタン1: text='', aria-label='プロフィールメニュー めいめい＠株わかりやすくまとめ・解説', testid='DashButton_ProfileIcon_Link', href=''
[22:30:30] [9.69s] [INFO] ボタン2: text='', aria-label='前', testid='', href=''
[22:30:31] [9.72s] [INFO] ボタン3: text='', aria-label='次へ', testid='', href=''
[22:30:31] [10.01s] [INFO] ボタン4: text='', aria-label='前', testid='', href=''
[22:30:32] [10.83s] [INFO] ボタン5: text='', aria-label='次へ', testid='', href=''
[22:30:32] [11.05s] [INFO] ボタン6: text='新しいポストを表示', aria-label='新しいポストがあります。新しいポストに移動するには、ピリオド', testid='', href=''
[22:30:32] [11.09s] [INFO] ボタン7: text='', aria-label='ホームタイムラインに移動', testid='', href=''
[22:30:32] [11.20s] [INFO] ボタン8: text='', aria-label='トレンドに移動', testid='', href=''
[22:30:32] [11.21s] [INFO] モバイル投稿ボタン発見: [data-testid="FloatingActionButtons_Tweet_Button"]
[22:30:32] [11.21s] [INFO] モバイル風待機: 1.12秒
[22:30:33] [12.51s] [INFO] タップ成功
[22:30:33] [12.51s] [INFO] モバイル風待機: 2.85秒
[22:30:36] [15.38s] [INFO] モバイルテキストエリア発見: [data-testid="tweetTextarea_0"]
[22:30:36] [15.38s] [INFO] 📷 画像アップロード開始: 1枚
[22:30:36] [15.41s] [INFO] 📝 [TEXT_CHECK] 画像アップロード前: テキスト長=0, 内容=''
[22:30:36] [15.41s] [INFO] 画像1/1をアップロード中: /Users/takahashimika/Dropbox/web_kabu_ai/temp/base64_images/mobile_chart_cfb3043e-fa97-49dd-9db5-4d2e975f005b.png
[22:30:36] [15.44s] [INFO] 📝 [TEXT_CHECK] プログラマティック画像アップロード前_1: テキスト長=0, 内容=''
[22:30:36] [15.44s] [INFO] 📷 ファイルダイアログ回避モードで画像アップロード開始
[22:30:36] [15.45s] [INFO] ✅ 画像ファイル読み込み完了: 1459852 bytes
[22:30:36] [15.45s] [INFO] 🚀 プログラマティック画像アップロード実行: mobile_chart_cfb3043e-fa97-49dd-9db5-4d2e975f005b.png
[22:30:36] [15.62s] [INFO] ✅ プログラマティック画像アップロード成功: プログラマティック画像設定完了（ダイアログ回避）
[22:30:36] [15.62s] [INFO]   - Twitterターゲット発見: True
[22:30:36] [15.62s] [INFO]   - ファイル数: 0
[22:30:36] [15.62s] [INFO] モバイル風待機: 2.66秒
[22:30:39] [18.32s] [INFO] 📝 [TEXT_CHECK] プログラマティック画像アップロード後_1: テキスト長=0, 内容=''
[22:30:39] [18.34s] [INFO] ✅ 画像プレビュー確認: .r-1p0dtai img
[22:30:39] [18.34s] [INFO] ✅ 画像が正常にプログラマティックアップロードされました
[22:30:39] [18.34s] [INFO] 📷 プログラマティック画像アップロード処理完了: 1枚処理
[22:30:39] [18.38s] [INFO] 📝 [TEXT_CHECK] 画像アップロード後: テキスト長=0, 内容=''
[22:30:39] [18.38s] [INFO] 📝 テキスト入力開始前の状態チェック
[22:30:39] [18.41s] [INFO] 📝 [TEXT_CHECK] テキスト入力開始前: テキスト長=0, 内容=''
[22:30:39] [18.41s] [INFO] 🎯 [DEBUG] mobile_type開始: clear_first=False, text='【フォーサイド(2330)】2.82% 今週は決算好調で急反発、空売り圧力との攻防が焦点に

今週の...'
[22:30:39] [18.41s] [INFO] モバイル風待機: 0.23秒
[22:30:39] [18.65s] [INFO] 📝 JavaScript直接入力開始: '【フォーサイド(2330)】2.82% 今週は決算好調で急反発、空売り圧力との攻防が焦点に

今週の...'
[22:30:39] [18.67s] [INFO] 🔧 [DEBUG] モバイルJS設定結果 - before: '', after: '【フォーサイド(2330)】2.82% 今週は決算好調で急反発、空売り圧力との攻防が焦点に

今週の...'
[22:30:39] [18.67s] [INFO] ✅ JavaScript直接入力完了: '【フォーサイド(2330)】2.82% 今週は決算好調で急反発、空売り圧力との攻防が焦点に

今週の...'
[22:30:39] [18.67s] [INFO] モバイル風待機: 0.61秒
[22:30:40] [19.28s] [INFO] 🎯 [DEBUG] モバイル最終結果: ''
[22:30:40] [19.28s] [INFO] 📝 テキスト入力完了後の状態チェック
[22:30:40] [19.31s] [INFO] 📝 [TEXT_CHECK] テキスト入力完了後: テキスト長=0, 内容=''
[22:30:40] [19.31s] [INFO] ✅ モバイルテキスト入力完了: 【フォーサイド(2330)】2.82% 今週は決算好調で急反発、空売り圧力との攻防が焦点に

今週の...
[22:30:40] [19.31s] [INFO] 🚫 実投稿モード: 投稿直前で停止（投稿処理はコメントアウト中）
[22:30:40] [19.31s] [INFO] ✅ モバイルテキスト入力完了
[22:30:40] [19.31s] [INFO] 🧹 モバイルブラウザ クリーンアップ開始
[22:30:41] [19.93s] [INFO] ✅ モバイルコンテキストクローズ完了
[22:30:41] [19.96s] [INFO] ✅ Playwrightストップ完了

=== モバイルTwitterデバッグログ終了 ===
終了時刻: 2025-08-17 22:30:41
総実行時間: 19.97秒
============================================================
[22:30:41] [19.97s] [INFO] 📋 詳細デバッグログ保存完了: /Users/takahashimika/Dropbox/web_kabu_ai/python/twitter_auto_post/debug_logs/mobile_twitter_debug_20250817_223021.log
