=== モバイルTwitterデバッグログ開始 ===
開始時刻: 2025-09-06 13:27:39
ログファイル: /Users/takahashimika/Dropbox/web_kabu_ai/python/twitter_auto_post/debug_logs/mobile_twitter_debug_20250906_132739.log
============================================================

[13:27:39] [0.00s] [INFO] モバイルプロファイルディレクトリ: /Users/takahashimika/Dropbox/web_kabu_ai/twitter_mobile_profile
[13:27:39] [0.00s] [INFO] 📱 モバイルブラウザ起動開始
[13:27:40] [1.13s] [INFO] ✅ Playwright インスタンス作成完了
[13:27:40] [1.13s] [INFO] ✅ 既存モバイルプロファイル発見: /Users/takahashimika/Dropbox/web_kabu_ai/twitter_mobile_profile
[13:27:40] [1.13s] [INFO] モバイル引数設定完了: 26個
[13:27:40] [1.13s] [INFO] モバイルコンテキスト作成中...
[13:27:42] [3.49s] [INFO] ✅ モバイルコンテキスト作成完了
[13:27:42] [3.49s] [INFO] 既存モバイルページを使用
[13:27:42] [3.52s] [INFO] ✅ モバイル偽装スクリプト適用完了
[13:27:42] [3.52s] [INFO] 📱 モバイルブラウザ起動成功
[13:27:42] [3.52s] [INFO] 📱 モバイル版Twitterに移動開始
[13:27:42] [3.52s] [INFO] アクセス先: https://mobile.twitter.com
[13:27:44] [5.08s] [INFO] ✅ ページ移動完了
[13:27:44] [5.08s] [INFO] モバイル風待機: 2.05秒
[13:27:46] [7.28s] [INFO] 現在のURL: https://x.com/
[13:27:46] [7.28s] [INFO] ページタイトル: ホーム / X
[13:27:46] [7.28s] [INFO] モバイルログイン状態チェック - URL: https://x.com/home
[13:27:47] [8.14s] [INFO] ✅ モバイルログイン要素発見: nav[role="navigation"]
[13:27:47] [8.40s] [INFO] ✅ モバイルログイン要素発見: [data-testid="primaryColumn"]
[13:27:47] [8.50s] [INFO] ✅ モバイルログイン要素発見: [aria-label*="ホーム"], [aria-label*="Home"]
[13:27:47] [8.50s] [INFO] ✅ モバイルログイン確認 (3個の要素)
[13:27:47] [8.50s] [INFO] 📱 モバイルツイート投稿開始 (テスト: False)
[13:27:47] [8.50s] [INFO] 投稿処理開始時のURL: https://x.com/home
[13:27:47] [8.60s] [INFO] ページ上のボタン要素数: 49
[13:27:47] [8.63s] [INFO] ボタン1: text='', aria-label='プロフィールメニュー meiteko', testid='DashButton_ProfileIcon_Link', href=''
[13:27:47] [8.67s] [INFO] ボタン2: text='', aria-label='前', testid='', href=''
[13:27:47] [8.70s] [INFO] ボタン3: text='', aria-label='次へ', testid='', href=''
[13:27:47] [8.72s] [INFO] ボタン4: text='', aria-label='前', testid='', href=''
[13:27:47] [8.75s] [INFO] ボタン5: text='+4.2万·【8周年】アズレンEXPO ', aria-label='ライブ放送、アズールレーン公式さんがホストしています、アズー', testid='', href=''
[13:27:47] [8.77s] [INFO] ボタン6: text='+15·作品発売したよの話。書き出し終わ', aria-label='スペース、まあ油るる@同人声優　お仕事募集中♡さんがホスト、', testid='', href=''
[13:27:47] [8.80s] [INFO] ボタン7: text='', aria-label='次へ', testid='', href=''
[13:27:48] [8.82s] [INFO] ボタン8: text='新しいポストを表示', aria-label='新しいポストがあります。新しいポストに移動するには、ピリオド', testid='', href=''
[13:27:48] [8.85s] [INFO] ボタン9: text='', aria-label='ホームタイムラインに移動', testid='', href=''
[13:27:48] [8.87s] [INFO] ボタン10: text='', aria-label='トレンドに移動', testid='', href=''
[13:27:48] [8.88s] [INFO] モバイル投稿ボタン発見: [data-testid="FloatingActionButtons_Tweet_Button"]
[13:27:48] [8.88s] [INFO] モバイル風待機: 0.94秒
[13:27:49] [9.97s] [INFO] タップ成功
[13:27:49] [9.97s] [INFO] モバイル風待機: 2.01秒
[13:27:51] [12.00s] [INFO] モバイルテキストエリア発見: [data-testid="tweetTextarea_0"]
[13:27:51] [12.00s] [INFO] 📝 [SIMPLE_FLOW] 画像先・テキスト後の単純フロー
[13:27:51] [12.00s] [INFO] 📷 [SIMPLE_FLOW] 画像アップロード開始: 1枚
[13:27:51] [12.00s] [INFO] 画像1/1をアップロード中: /Users/takahashimika/Dropbox/web_kabu_ai/temp/base64_images/mobile_chart_c3bdac54-9414-48ca-a27b-a90f441f2562.png
[13:27:51] [12.03s] [INFO] 📝 [TEXT_CHECK] プログラマティック画像アップロード前_1: テキスト長=0, 内容=''
[13:27:51] [12.03s] [INFO] 📷 ファイルダイアログ回避モードで画像アップロード開始
[13:27:51] [12.04s] [INFO] ✅ 画像ファイル読み込み完了: 1120068 bytes
[13:27:51] [12.04s] [INFO] 🚀 プログラマティック画像アップロード実行: mobile_chart_c3bdac54-9414-48ca-a27b-a90f441f2562.png
[13:27:51] [12.18s] [INFO] ✅ プログラマティック画像アップロード成功: プログラマティック画像設定完了（ダイアログ回避）
[13:27:51] [12.18s] [INFO]   - Twitterターゲット発見: True
[13:27:51] [12.18s] [INFO]   - ファイル数: 0
[13:27:51] [12.18s] [INFO] モバイル風待機: 2.59秒
[13:27:53] [14.80s] [INFO] 📝 [TEXT_CHECK] プログラマティック画像アップロード後_1: テキスト長=0, 内容=''
[13:27:54] [14.82s] [INFO] ✅ 画像プレビュー確認: .r-1p0dtai img
[13:27:54] [14.82s] [INFO] ✅ 画像が正常にプログラマティックアップロードされました
[13:27:54] [14.82s] [INFO] 📷 プログラマティック画像アップロード処理完了: 1枚処理
[13:27:54] [14.82s] [INFO] モバイル風待機: 1.24秒
[13:27:55] [16.06s] [INFO] 📝 [SIMPLE_FLOW] テキスト入力（1回のみ）
[13:27:55] [16.07s] [INFO] 📝 [SIMPLE_TYPE] シンプルテキスト入力開始: 693文字
[13:27:55] [16.07s] [INFO] モバイル風待機: 0.41秒
[13:27:55] [16.50s] [INFO] ✅ [SIMPLE_TYPE] テキスト設定完了: 693文字
[13:27:55] [16.50s] [INFO] 🎯 [SIMPLE_FLOW] テキストエリアにフォーカス維持
[13:27:55] [16.51s] [INFO] モバイル風待機: 0.60秒
[13:27:56] [17.12s] [INFO] ✅ モバイルテキスト入力完了: 【北浜キャピタルパートナーズ(2134)】-6.16%進捗遅延と情報不足で売り圧力増大  


★今...
[13:27:56] [17.12s] [INFO] 🚀 [強化版] 実投稿モード: 確実な投稿ボタン探索開始
[13:27:56] [17.12s] [INFO] 🎯 [強化版] 投稿ボタン探索 試行 1/3
[13:27:56] [17.15s] [INFO] 📍 [強化版] ボタン発見: [data-testid="tweetButton"]
[13:27:56] [17.15s] [INFO]    可視: True, 有効: True, 接続: True
[13:27:56] [17.15s] [INFO]    テキスト: 'ポストする'
[13:27:56] [17.15s] [INFO] ✅ [強化版] 有効な投稿ボタン確認: [data-testid="tweetButton"]
[13:27:56] [17.15s] [INFO] 🎯 [SIMPLE_FLOW] 投稿ボタンクリック試行 1: [data-testid="tweetButton"]
[13:27:56] [17.15s] [INFO] ⏳ 投稿ボタンクリック前に10秒待機中...
[13:28:06] [27.15s] [INFO] ✅ 10秒待機完了
[13:28:06] [27.15s] [INFO] 🎯 [SIMPLE_FLOW] フォーカス維持したままJSクリック
[13:28:06] [27.16s] [INFO] ❌ [SIMPLE_FLOW] クリック例外: Page.evaluate: Target page, context or browser has been closed
[13:28:06] [27.16s] [INFO] 🔄 [SIMPLE_FLOW] フォールバック: 通常のJSクリック
[13:28:06] [27.16s] [INFO] ❌ [SIMPLE_FLOW] フォールバッククリックエラー: ElementHandle.evaluate: Target page, context or browser has been closed
[13:28:06] [27.16s] [INFO] ⏳ [強化版] 次の試行まで待機...
[13:28:06] [27.16s] [INFO] モバイル風待機: 2.11秒
[13:28:08] [29.27s] [INFO] 🎯 [強化版] 投稿ボタン探索 試行 2/3
[13:28:08] [29.28s] [INFO] ⚠️ [強化版] セレクター [data-testid="tweetButtonInline"] 検証エラー: Page.query_selector: Target page, context or browser has been closed
[13:28:08] [29.28s] [INFO] ⚠️ [強化版] セレクター [data-testid="tweetButton"] 検証エラー: Page.query_selector: Target page, context or browser has been closed
[13:28:08] [29.28s] [INFO] ⚠️ [強化版] セレクター button[data-testid="tweetButtonInline"] 検証エラー: Page.query_selector: Target page, context or browser has been closed
[13:28:08] [29.28s] [INFO] ⚠️ [強化版] セレクター button[data-testid="tweetButton"] 検証エラー: Page.query_selector: Target page, context or browser has been closed
[13:28:08] [29.29s] [INFO] ⚠️ [強化版] セレクター [role="button"][data-testid="tweetButtonInline"] 検証エラー: Page.query_selector: Target page, context or browser has been closed
[13:28:08] [29.29s] [INFO] ⚠️ [強化版] セレクター [role="button"][data-testid="tweetButton"] 検証エラー: Page.query_selector: Target page, context or browser has been closed
[13:28:08] [29.29s] [INFO] ⚠️ [強化版] セレクター button:has-text("ツイートする") 検証エラー: Page.query_selector: Target page, context or browser has been closed
[13:28:08] [29.29s] [INFO] ⚠️ [強化版] セレクター button:has-text("Tweet") 検証エラー: Page.query_selector: Target page, context or browser has been closed
[13:28:08] [29.29s] [INFO] ⚠️ [強化版] セレクター button:has-text("Post") 検証エラー: Page.query_selector: Target page, context or browser has been closed
[13:28:08] [29.29s] [INFO] ⚠️ [強化版] セレクター button:has-text("ポスト") 検証エラー: Page.query_selector: Target page, context or browser has been closed
[13:28:08] [29.30s] [INFO] ⚠️ [強化版] セレクター [aria-label*="ツイート"] 検証エラー: Page.query_selector: Target page, context or browser has been closed
[13:28:08] [29.30s] [INFO] ⚠️ [強化版] セレクター [aria-label*="Tweet"] 検証エラー: Page.query_selector: Target page, context or browser has been closed
[13:28:08] [29.30s] [INFO] ⚠️ [強化版] セレクター [aria-label*="Post"] 検証エラー: Page.query_selector: Target page, context or browser has been closed
[13:28:08] [29.30s] [INFO] ⚠️ [強化版] セレクター [aria-label*="ポスト"] 検証エラー: Page.query_selector: Target page, context or browser has been closed
[13:28:08] [29.31s] [INFO] ⚠️ [強化版] セレクター [role="button"][aria-label*="ツイート"] 検証エラー: Page.query_selector: Target page, context or browser has been closed
[13:28:08] [29.31s] [INFO] ⚠️ [強化版] セレクター [role="button"][aria-label*="Tweet"] 検証エラー: Page.query_selector: Target page, context or browser has been closed
[13:28:08] [29.31s] [INFO] ⚠️ [強化版] セレクター [role="button"][aria-label*="Post"] 検証エラー: Page.query_selector: Target page, context or browser has been closed
[13:28:08] [29.31s] [INFO] ⚠️ [強化版] セレクター [role="button"][aria-label*="ポスト"] 検証エラー: Page.query_selector: Target page, context or browser has been closed
[13:28:08] [29.31s] [INFO] ⚠️ [強化版] セレクター button[type="submit"] 検証エラー: Page.query_selector: Target page, context or browser has been closed
[13:28:08] [29.31s] [INFO] ⚠️ [強化版] セレクター button[class*="tweet"] 検証エラー: Page.query_selector: Target page, context or browser has been closed
[13:28:08] [29.32s] [INFO] ⚠️ [強化版] セレクター button[class*="post"] 検証エラー: Page.query_selector: Target page, context or browser has been closed
[13:28:08] [29.32s] [INFO] ⚠️ [強化版] セレクター .css-18t94o4.css-1dbjc4n.r-l5o3uw button 検証エラー: Page.query_selector: Target page, context or browser has been closed
[13:28:08] [29.32s] [INFO] ⚠️ [強化版] セレクター .css-175oi2r.r-sdzlij button 検証エラー: Page.query_selector: Target page, context or browser has been closed
[13:28:08] [29.32s] [INFO] ⚠️ [強化版] セレクター *[data-testid="tweetButtonInline"]:not([disabled]) 検証エラー: Page.query_selector: Target page, context or browser has been closed
[13:28:08] [29.32s] [INFO] ⚠️ [強化版] セレクター *[data-testid="tweetButton"]:not([disabled]) 検証エラー: Page.query_selector: Target page, context or browser has been closed
[13:28:08] [29.32s] [INFO] ❌ [強化版] 試行 2: 投稿ボタンが見つかりません
[13:28:08] [29.32s] [INFO] ⏳ [強化版] 次の試行まで待機...
[13:28:08] [29.33s] [INFO] モバイル風待機: 2.32秒
[13:28:10] [31.65s] [INFO] 🎯 [強化版] 投稿ボタン探索 試行 3/3
[13:28:10] [31.65s] [INFO] ⚠️ [強化版] セレクター [data-testid="tweetButtonInline"] 検証エラー: Page.query_selector: Target page, context or browser has been closed
[13:28:10] [31.65s] [INFO] ⚠️ [強化版] セレクター [data-testid="tweetButton"] 検証エラー: Page.query_selector: Target page, context or browser has been closed
[13:28:10] [31.65s] [INFO] ⚠️ [強化版] セレクター button[data-testid="tweetButtonInline"] 検証エラー: Page.query_selector: Target page, context or browser has been closed
[13:28:10] [31.65s] [INFO] ⚠️ [強化版] セレクター button[data-testid="tweetButton"] 検証エラー: Page.query_selector: Target page, context or browser has been closed
[13:28:10] [31.66s] [INFO] ⚠️ [強化版] セレクター [role="button"][data-testid="tweetButtonInline"] 検証エラー: Page.query_selector: Target page, context or browser has been closed
[13:28:10] [31.66s] [INFO] ⚠️ [強化版] セレクター [role="button"][data-testid="tweetButton"] 検証エラー: Page.query_selector: Target page, context or browser has been closed
[13:28:10] [31.66s] [INFO] ⚠️ [強化版] セレクター button:has-text("ツイートする") 検証エラー: Page.query_selector: Target page, context or browser has been closed
[13:28:10] [31.66s] [INFO] ⚠️ [強化版] セレクター button:has-text("Tweet") 検証エラー: Page.query_selector: Target page, context or browser has been closed
[13:28:10] [31.66s] [INFO] ⚠️ [強化版] セレクター button:has-text("Post") 検証エラー: Page.query_selector: Target page, context or browser has been closed
[13:28:10] [31.66s] [INFO] ⚠️ [強化版] セレクター button:has-text("ポスト") 検証エラー: Page.query_selector: Target page, context or browser has been closed
[13:28:10] [31.67s] [INFO] ⚠️ [強化版] セレクター [aria-label*="ツイート"] 検証エラー: Page.query_selector: Target page, context or browser has been closed
[13:28:10] [31.67s] [INFO] ⚠️ [強化版] セレクター [aria-label*="Tweet"] 検証エラー: Page.query_selector: Target page, context or browser has been closed
[13:28:10] [31.67s] [INFO] ⚠️ [強化版] セレクター [aria-label*="Post"] 検証エラー: Page.query_selector: Target page, context or browser has been closed
[13:28:10] [31.67s] [INFO] ⚠️ [強化版] セレクター [aria-label*="ポスト"] 検証エラー: Page.query_selector: Target page, context or browser has been closed
[13:28:10] [31.67s] [INFO] ⚠️ [強化版] セレクター [role="button"][aria-label*="ツイート"] 検証エラー: Page.query_selector: Target page, context or browser has been closed
[13:28:10] [31.68s] [INFO] ⚠️ [強化版] セレクター [role="button"][aria-label*="Tweet"] 検証エラー: Page.query_selector: Target page, context or browser has been closed
[13:28:10] [31.68s] [INFO] ⚠️ [強化版] セレクター [role="button"][aria-label*="Post"] 検証エラー: Page.query_selector: Target page, context or browser has been closed
[13:28:10] [31.68s] [INFO] ⚠️ [強化版] セレクター [role="button"][aria-label*="ポスト"] 検証エラー: Page.query_selector: Target page, context or browser has been closed
[13:28:10] [31.68s] [INFO] ⚠️ [強化版] セレクター button[type="submit"] 検証エラー: Page.query_selector: Target page, context or browser has been closed
[13:28:10] [31.68s] [INFO] ⚠️ [強化版] セレクター button[class*="tweet"] 検証エラー: Page.query_selector: Target page, context or browser has been closed
[13:28:10] [31.69s] [INFO] ⚠️ [強化版] セレクター button[class*="post"] 検証エラー: Page.query_selector: Target page, context or browser has been closed
[13:28:10] [31.69s] [INFO] ⚠️ [強化版] セレクター .css-18t94o4.css-1dbjc4n.r-l5o3uw button 検証エラー: Page.query_selector: Target page, context or browser has been closed
[13:28:10] [31.69s] [INFO] ⚠️ [強化版] セレクター .css-175oi2r.r-sdzlij button 検証エラー: Page.query_selector: Target page, context or browser has been closed
[13:28:10] [31.69s] [INFO] ⚠️ [強化版] セレクター *[data-testid="tweetButtonInline"]:not([disabled]) 検証エラー: Page.query_selector: Target page, context or browser has been closed
[13:28:10] [31.69s] [INFO] ⚠️ [強化版] セレクター *[data-testid="tweetButton"]:not([disabled]) 検証エラー: Page.query_selector: Target page, context or browser has been closed
[13:28:10] [31.69s] [INFO] ❌ [強化版] 試行 3: 投稿ボタンが見つかりません
[13:28:10] [31.69s] [INFO] 🔍 [強化版] 投稿ボタン発見失敗 - 詳細調査開始
[13:28:10] [31.70s] [INFO] 🔍 [強化版] 詳細調査エラー: Page.query_selector_all: Target page, context or browser has been closed
[13:28:10] [31.70s] [INFO] ❌ [強化版] 全ての試行が失敗しました
[13:28:10] [31.70s] [INFO] 🧹 モバイルブラウザ クリーンアップ開始
[13:28:11] [32.36s] [INFO] ✅ モバイルコンテキストクローズ完了
[13:28:11] [32.37s] [INFO] ✅ Playwrightストップ完了

=== モバイルTwitterデバッグログ終了 ===
終了時刻: 2025-09-06 13:28:11
総実行時間: 32.38秒
============================================================
[13:28:11] [32.38s] [INFO] 📋 詳細デバッグログ保存完了: /Users/takahashimika/Dropbox/web_kabu_ai/python/twitter_auto_post/debug_logs/mobile_twitter_debug_20250906_132739.log
