=== モバイルTwitterデバッグログ開始 ===
開始時刻: 2025-09-07 19:39:32
ログファイル: /Users/youmeiyuu/Desktop/kabu_ai/python/twitter_auto_post/debug_logs/mobile_twitter_debug_20250907_193932.log
============================================================

[19:39:32] [0.00s] [INFO] モバイルプロファイルディレクトリ: /Users/youmeiyuu/Desktop/kabu_ai/twitter_mobile_profile
[19:39:32] [0.00s] [INFO] 📱 モバイルブラウザ起動開始
[19:39:32] [0.42s] [INFO] ✅ Playwright インスタンス作成完了
[19:39:32] [0.42s] [INFO] ✅ 既存モバイルプロファイル発見: /Users/youmeiyuu/Desktop/kabu_ai/twitter_mobile_profile
[19:39:32] [0.42s] [INFO] モバイル引数設定完了: 26個
[19:39:32] [0.42s] [INFO] モバイルコンテキスト作成中...
[19:39:34] [2.61s] [INFO] ✅ モバイルコンテキスト作成完了
[19:39:34] [2.61s] [INFO] 既存モバイルページを使用
[19:39:34] [2.63s] [INFO] ✅ モバイル偽装スクリプト適用完了
[19:39:34] [2.63s] [INFO] 📱 モバイルブラウザ起動成功
[19:39:34] [2.63s] [INFO] 📱 モバイル版Twitterに移動開始
[19:39:34] [2.63s] [INFO] アクセス先: https://mobile.twitter.com
[19:39:36] [4.35s] [INFO] ✅ ページ移動完了
[19:39:36] [4.35s] [INFO] モバイル風待機: 1.71秒
[19:39:38] [6.07s] [INFO] 現在のURL: https://x.com/
[19:39:38] [6.07s] [INFO] ページタイトル: ホーム / X
[19:39:38] [6.07s] [INFO] モバイルログイン状態チェック - URL: https://x.com/home
[19:39:38] [6.10s] [INFO] ✅ モバイルログイン要素発見: nav[role="navigation"]
[19:39:38] [6.11s] [INFO] ✅ モバイルログイン要素発見: [data-testid="primaryColumn"]
[19:39:38] [6.12s] [INFO] ✅ モバイルログイン要素発見: [aria-label*="ホーム"], [aria-label*="Home"]
[19:39:38] [6.12s] [INFO] ✅ モバイルログイン確認 (3個の要素)
[19:39:38] [6.12s] [INFO] 📱 モバイルツイート投稿開始 (テスト: False)
[19:39:38] [6.12s] [INFO] 投稿処理開始時のURL: https://x.com/home
[19:39:38] [6.13s] [INFO] ページ上のボタン要素数: 8
[19:39:38] [6.14s] [INFO] ボタン1: text='', aria-label='プロフィールメニュー めいめい＠株わかりやすくまとめ・解説', testid='DashButton_ProfileIcon_Link', href=''
[19:39:38] [6.15s] [INFO] ボタン2: text='', aria-label='前', testid='', href=''
[19:39:38] [6.16s] [INFO] ボタン3: text='', aria-label='次へ', testid='', href=''
[19:39:38] [6.17s] [INFO] ボタン4: text='', aria-label='前', testid='', href=''
[19:39:38] [6.17s] [INFO] ボタン5: text='', aria-label='次へ', testid='', href=''
[19:39:38] [6.18s] [INFO] ボタン6: text='新しいポストを表示', aria-label='新しいポストがあります。新しいポストに移動するには、ピリオド', testid='', href=''
[19:39:38] [6.18s] [INFO] ボタン7: text='', aria-label='ホームタイムラインに移動', testid='', href=''
[19:39:38] [6.19s] [INFO] ボタン8: text='', aria-label='トレンドに移動', testid='', href=''
[19:39:38] [6.19s] [INFO] モバイル投稿ボタン発見: [data-testid="FloatingActionButtons_Tweet_Button"]
[19:39:38] [6.19s] [INFO] モバイル風待機: 2.17秒
[19:39:40] [8.48s] [INFO] タップ成功
[19:39:40] [8.48s] [INFO] モバイル風待機: 2.31秒
[19:39:43] [10.81s] [INFO] モバイルテキストエリア発見: [data-testid="tweetTextarea_0"]
[19:39:43] [10.81s] [INFO] 📝 [SIMPLE_FLOW] 画像先・テキスト後の単純フロー
[19:39:43] [10.81s] [INFO] 📷 [SIMPLE_FLOW] 画像アップロード開始: 1枚
[19:39:43] [10.81s] [INFO] 画像1/1をアップロード中: /Users/youmeiyuu/Desktop/kabu_ai/temp/base64_images/mobile_chart_dce66338-3a0b-45fe-ab8e-4c924bd0c433.png
[19:39:43] [10.84s] [INFO] 📝 [TEXT_CHECK] プログラマティック画像アップロード前_1: テキスト長=0, 内容=''
[19:39:43] [10.84s] [INFO] 📷 ファイルダイアログ回避モードで画像アップロード開始
[19:39:43] [10.84s] [INFO] ✅ 画像ファイル読み込み完了: 1459176 bytes
[19:39:43] [10.84s] [INFO] 🚀 プログラマティック画像アップロード実行: mobile_chart_dce66338-3a0b-45fe-ab8e-4c924bd0c433.png
[19:39:43] [10.91s] [INFO] ✅ プログラマティック画像アップロード成功: プログラマティック画像設定完了（ダイアログ回避）
[19:39:43] [10.91s] [INFO]   - Twitterターゲット発見: True
[19:39:43] [10.91s] [INFO]   - ファイル数: 0
[19:39:43] [10.91s] [INFO] モバイル風待機: 2.57秒
[19:39:45] [13.50s] [INFO] 📝 [TEXT_CHECK] プログラマティック画像アップロード後_1: テキスト長=0, 内容=''
[19:39:45] [13.51s] [INFO] ✅ 画像プレビュー確認: .r-1p0dtai img
[19:39:45] [13.51s] [INFO] ✅ 画像が正常にプログラマティックアップロードされました
[19:39:45] [13.51s] [INFO] 📷 プログラマティック画像アップロード処理完了: 1枚処理
[19:39:45] [13.51s] [INFO] モバイル風待機: 1.49秒
[19:39:47] [15.01s] [INFO] 📝 [SIMPLE_FLOW] テキスト入力（1回のみ）
[19:39:47] [15.01s] [INFO] ⚡ [ULTRA_TYPE] 高速1文字1文字タイピング開始: 951文字
[19:39:47] [15.02s] [INFO] モバイル風待機: 0.26秒
[19:40:04] [32.23s] [INFO] ⚡ [ULTRA_TYPE] 高速タイピング完了: 16.940秒 (56.1文字/秒)
[19:40:04] [32.35s] [INFO] ✅ [ULTRA_TYPE] 高速タイピング成功: 951文字入力完了
[19:40:04] [32.35s] [INFO] 📝 [ULTRA_TYPE] 入力内容: 【abc(8783)】今週の総括  16.60%急騰　AGFトークン相対取引契約と新会社設立が牽引、...
[19:40:04] [32.35s] [INFO] 🎯 [SIMPLE_FLOW] テキストエリアにフォーカス維持
[19:40:04] [32.35s] [INFO] モバイル風待機: 0.63秒
[19:40:05] [32.98s] [INFO] ✅ モバイルテキスト入力完了: 【abc(8783)】今週の総括  16.60%急騰　AGFトークン相対取引契約と新会社設立が牽引、...
[19:40:05] [32.99s] [INFO] 🚀 [強化版] 実投稿モード: 確実な投稿ボタン探索開始
[19:40:05] [32.99s] [INFO] 🎯 [強化版] 投稿ボタン探索 試行 1/3
[19:40:05] [33.01s] [INFO] 📍 [強化版] ボタン発見: [data-testid="tweetButton"]
[19:40:05] [33.01s] [INFO]    可視: True, 有効: True, 接続: True
[19:40:05] [33.01s] [INFO]    テキスト: 'ポストする'
[19:40:05] [33.01s] [INFO] ✅ [強化版] 有効な投稿ボタン確認: [data-testid="tweetButton"]
[19:40:05] [33.01s] [INFO] 🎯 [SIMPLE_FLOW] 投稿ボタンクリック試行 1: [data-testid="tweetButton"]
[19:40:05] [33.01s] [INFO] 🎯 [SIMPLE_FLOW] フォーカス維持したままJSクリック
[19:40:05] [33.12s] [INFO] ✅ [SIMPLE_FLOW] JSクリック成功（フォーカス維持）
[19:40:05] [33.12s] [INFO] 🎉 [強化版] [ポストボタン確実クリック済み] 投稿処理成功
[19:40:05] [33.12s] [INFO] モバイル風待機: 3.08秒
[19:40:08] [36.20s] [INFO] 🔍 [POST-VALIDATION] 投稿完了後の最終確認開始
[19:40:08] [36.20s] [INFO] 📍 [POST-VALIDATION] 投稿後URL: https://x.com/compose/post
[19:40:08] [36.20s] [INFO] ✅ [POST-VALIDATION] ホーム画面への遷移確認
[19:40:08] [36.20s] [INFO] 📢 [POST-VALIDATION] 成功インジケーター発見: ポストが送信されました。編集できる時間は1時間以内です。
表示
[19:40:08] [36.21s] [INFO] ============================================================
[19:40:08] [36.21s] [INFO] 📊 [FINAL-SUMMARY] 投稿処理完了サマリー
[19:40:08] [36.21s] [INFO] ============================================================
[19:40:08] [36.21s] [INFO] 📝 投稿メッセージ長: 951文字
[19:40:08] [36.21s] [INFO] 📝 投稿メッセージ内容: 【abc(8783)】今週の総括  16.60%急騰　AGFトークン相対取引契約と新会社設立が牽引、Web3成長期待高まる

★今週の総括  
今週のabc株価は16.60%上昇し、562円のストップ高で取引を終えた。主な要因はAGFユーティリティトークンの27億円規模相対取引契約の締結およびカナダ企業との合弁会社「BandG」設立によるビットコイン買付戦略の発表である。

Web3関連の新サービ...
[19:40:08] [36.21s] [INFO] 📷 画像アップロード: あり
[19:40:08] [36.21s] [INFO] 🌐 最終URL: https://x.com/compose/post
[19:40:08] [36.21s] [INFO] ⏰ 投稿完了時刻: 2025-09-07 19:40:08
[19:40:08] [36.21s] [INFO] ============================================================
[19:40:08] [36.21s] [INFO] ✅ === モバイル版投稿完了成功！ ===
[19:40:08] [36.21s] [INFO] 🧹 モバイルブラウザ クリーンアップ開始
[19:40:09] [37.03s] [INFO] ✅ モバイルコンテキストクローズ完了
[19:40:09] [37.04s] [INFO] ✅ Playwrightストップ完了

=== モバイルTwitterデバッグログ終了 ===
終了時刻: 2025-09-07 19:40:09
総実行時間: 37.04秒
============================================================
[19:40:09] [37.04s] [INFO] 📋 詳細デバッグログ保存完了: /Users/youmeiyuu/Desktop/kabu_ai/python/twitter_auto_post/debug_logs/mobile_twitter_debug_20250907_193932.log
