=== モバイルTwitterデバッグログ開始 ===
開始時刻: 2025-08-17 20:41:19
ログファイル: /Users/takahashimika/Dropbox/web_kabu_ai/python/twitter_auto_post/debug_logs/mobile_twitter_debug_20250817_204119.log
============================================================

[20:41:19] [0.00s] [INFO] モバイルプロファイルディレクトリ: /Users/takahashimika/Dropbox/web_kabu_ai/twitter_mobile_profile
[20:41:19] [0.00s] [INFO] 📱 モバイルブラウザ起動開始
[20:41:20] [1.10s] [INFO] ✅ Playwright インスタンス作成完了
[20:41:20] [1.10s] [INFO] ✅ 既存モバイルプロファイル発見: /Users/takahashimika/Dropbox/web_kabu_ai/twitter_mobile_profile
[20:41:20] [1.11s] [INFO] モバイル引数設定完了: 26個
[20:41:20] [1.11s] [INFO] モバイルコンテキスト作成中...
[20:41:23] [4.10s] [INFO] ✅ モバイルコンテキスト作成完了
[20:41:23] [4.10s] [INFO] 既存モバイルページを使用
[20:41:23] [4.14s] [INFO] ✅ モバイル偽装スクリプト適用完了
[20:41:23] [4.14s] [INFO] 📱 モバイルブラウザ起動成功
[20:41:23] [4.14s] [INFO] 📱 モバイル版Twitterに移動開始
[20:41:23] [4.14s] [INFO] アクセス先: https://mobile.twitter.com
[20:41:25] [6.55s] [INFO] ✅ ページ移動完了
[20:41:25] [6.55s] [INFO] モバイル風待機: 1.42秒
[20:41:27] [7.99s] [INFO] 現在のURL: https://x.com/
[20:41:27] [7.99s] [INFO] ページタイトル: ホーム / X
[20:41:27] [7.99s] [INFO] モバイルログイン状態チェック - URL: https://x.com/home
[20:41:27] [8.06s] [INFO] ✅ モバイルログイン要素発見: nav[role="navigation"]
[20:41:27] [8.09s] [INFO] ✅ モバイルログイン要素発見: [data-testid="primaryColumn"]
[20:41:27] [8.10s] [INFO] ✅ モバイルログイン要素発見: [aria-label*="ホーム"], [aria-label*="Home"]
[20:41:27] [8.10s] [INFO] ✅ モバイルログイン確認 (3個の要素)
[20:41:27] [8.11s] [INFO] 📱 モバイルツイート投稿開始 (テスト: True)
[20:41:27] [8.11s] [INFO] 投稿処理開始時のURL: https://x.com/home
[20:41:27] [8.13s] [INFO] ページ上のボタン要素数: 8
[20:41:27] [8.15s] [INFO] ボタン1: text='', aria-label='プロフィールメニュー めいめい＠株わかりやすくまとめ・解説', testid='DashButton_ProfileIcon_Link', href=''
[20:41:27] [8.18s] [INFO] ボタン2: text='', aria-label='前', testid='', href=''
[20:41:27] [8.33s] [INFO] ボタン3: text='', aria-label='次へ', testid='', href=''
[20:41:27] [8.35s] [INFO] ボタン4: text='', aria-label='前', testid='', href=''
[20:41:27] [8.38s] [INFO] ボタン5: text='', aria-label='次へ', testid='', href=''
[20:41:27] [8.62s] [INFO] ボタン6: text='新しいポストを表示', aria-label='新しいポストがあります。新しいポストに移動するには、ピリオド', testid='', href=''
[20:41:27] [8.84s] [INFO] ボタン7: text='', aria-label='ホームタイムラインに移動', testid='', href=''
[20:41:28] [9.56s] [INFO] ボタン8: text='', aria-label='トレンドに移動', testid='', href=''
[20:41:28] [9.65s] [INFO] モバイル投稿ボタン発見: [data-testid="FloatingActionButtons_Tweet_Button"]
[20:41:28] [9.65s] [INFO] モバイル風待機: 1.90秒
[20:41:30] [11.70s] [INFO] タップ成功
[20:41:30] [11.70s] [INFO] モバイル風待機: 2.19秒
[20:41:32] [13.90s] [INFO] モバイルテキストエリア発見: [data-testid="tweetTextarea_0"]
[20:41:32] [13.90s] [INFO] 📝 テキスト入力開始前の状態チェック
[20:41:32] [13.93s] [INFO] 📝 [TEXT_CHECK] テキスト入力開始前: テキスト長=0, 内容=''
[20:41:32] [13.93s] [INFO] 🎯 [DEBUG] mobile_type開始: clear_first=False, text='【堀田丸正(8105)】-2.56% 決算後の利益確定売りと需給調整で軟調推移

今週の株価変動幅：...'
[20:41:32] [13.94s] [INFO] モバイル風待機: 0.49秒
[20:41:33] [14.43s] [INFO] 📝 JavaScript直接入力開始: '【堀田丸正(8105)】-2.56% 決算後の利益確定売りと需給調整で軟調推移

今週の株価変動幅：...'
[20:41:33] [14.45s] [INFO] 🔧 [DEBUG] モバイルJS設定結果 - before: '', after: '【堀田丸正(8105)】-2.56% 決算後の利益確定売りと需給調整で軟調推移

今週の株価変動幅：...'
[20:41:33] [14.45s] [INFO] ✅ JavaScript直接入力完了: '【堀田丸正(8105)】-2.56% 決算後の利益確定売りと需給調整で軟調推移

今週の株価変動幅：...'
[20:41:33] [14.45s] [INFO] モバイル風待機: 0.52秒
[20:41:33] [14.98s] [INFO] 🎯 [DEBUG] モバイル最終結果: '【堀田丸正(8105)】-2.56% 決算後の利益確定売りと需給調整で軟調推移

今週の株価変動幅：...'
[20:41:33] [14.98s] [INFO] 📝 テキスト入力完了後の状態チェック
[20:41:34] [14.99s] [INFO] 📝 [TEXT_CHECK] テキスト入力完了後: テキスト長=905, 内容='【堀田丸正(8105)】-2.56% 決算後の利益確定売りと需給調整で軟調推移

今週の株価変動幅：...'
[20:41:34] [14.99s] [INFO] ✅ モバイルテキスト入力完了: 【堀田丸正(8105)】-2.56% 決算後の利益確定売りと需給調整で軟調推移

今週の株価変動幅：...
[20:41:34] [14.99s] [INFO] 🚫 実投稿モード: 投稿直前で停止（投稿処理はコメントアウト中）
[20:41:34] [14.99s] [INFO] ✅ モバイルテキスト入力完了
[20:41:34] [14.99s] [INFO] 🧹 モバイルブラウザ クリーンアップ開始
[20:41:34] [15.56s] [INFO] ✅ モバイルコンテキストクローズ完了
[20:41:34] [15.58s] [INFO] ✅ Playwrightストップ完了

=== モバイルTwitterデバッグログ終了 ===
終了時刻: 2025-08-17 20:41:34
総実行時間: 15.58秒
============================================================
[20:41:34] [15.58s] [INFO] 📋 詳細デバッグログ保存完了: /Users/takahashimika/Dropbox/web_kabu_ai/python/twitter_auto_post/debug_logs/mobile_twitter_debug_20250817_204119.log
