=== モバイルTwitterデバッグログ開始 ===
開始時刻: 2025-08-17 19:49:36
ログファイル: /Users/takahashimika/Dropbox/web_kabu_ai/python/twitter_auto_post/debug_logs/mobile_twitter_debug_20250817_194936.log
============================================================

[19:49:36] [0.00s] [INFO] モバイルプロファイルディレクトリ: /Users/takahashimika/Dropbox/web_kabu_ai/twitter_mobile_profile
[19:49:36] [0.00s] [INFO] 📱 モバイルブラウザ起動開始
[19:49:37] [1.04s] [INFO] ✅ Playwright インスタンス作成完了
[19:49:37] [1.04s] [INFO] ✅ 既存モバイルプロファイル発見: /Users/takahashimika/Dropbox/web_kabu_ai/twitter_mobile_profile
[19:49:37] [1.04s] [INFO] モバイル引数設定完了: 26個
[19:49:37] [1.04s] [INFO] モバイルコンテキスト作成中...
[19:49:40] [4.02s] [INFO] ✅ モバイルコンテキスト作成完了
[19:49:40] [4.02s] [INFO] 既存モバイルページを使用
[19:49:40] [4.04s] [INFO] ✅ モバイル偽装スクリプト適用完了
[19:49:40] [4.04s] [INFO] 📱 モバイルブラウザ起動成功
[19:49:40] [4.04s] [INFO] 📱 モバイル版Twitterに移動開始
[19:49:40] [4.04s] [INFO] アクセス先: https://mobile.twitter.com
[19:49:42] [5.95s] [INFO] ✅ ページ移動完了
[19:49:42] [5.95s] [INFO] モバイル風待機: 2.26秒
[19:49:45] [8.29s] [INFO] 現在のURL: https://x.com/
[19:49:45] [8.29s] [INFO] ページタイトル: ホーム / X
[19:49:45] [8.29s] [INFO] モバイルログイン状態チェック - URL: https://x.com/home
[19:49:45] [8.35s] [INFO] ✅ モバイルログイン要素発見: nav[role="navigation"]
[19:49:45] [8.36s] [INFO] ✅ モバイルログイン要素発見: [data-testid="primaryColumn"]
[19:49:45] [8.38s] [INFO] ✅ モバイルログイン要素発見: [aria-label*="ホーム"], [aria-label*="Home"]
[19:49:45] [8.38s] [INFO] ✅ モバイルログイン確認 (3個の要素)
[19:49:45] [8.38s] [INFO] 📱 モバイルツイート投稿開始 (テスト: True)
[19:49:45] [8.38s] [INFO] 投稿処理開始時のURL: https://x.com/home
[19:49:45] [8.42s] [INFO] ページ上のボタン要素数: 8
[19:49:45] [8.82s] [INFO] ボタン1: text='', aria-label='プロフィールメニュー めいめい＠株わかりやすくまとめ・解説', testid='DashButton_ProfileIcon_Link', href=''
[19:49:46] [9.18s] [INFO] ボタン2: text='', aria-label='前', testid='', href=''
[19:49:46] [9.42s] [INFO] ボタン3: text='', aria-label='次へ', testid='', href=''
[19:49:46] [9.45s] [INFO] ボタン4: text='', aria-label='前', testid='', href=''
[19:49:46] [9.49s] [INFO] ボタン5: text='', aria-label='次へ', testid='', href=''
[19:49:46] [9.54s] [INFO] ボタン6: text='新しいポストを表示', aria-label='新しいポストがあります。新しいポストに移動するには、ピリオド', testid='', href=''
[19:49:46] [9.59s] [INFO] ボタン7: text='', aria-label='ホームタイムラインに移動', testid='', href=''
[19:49:46] [9.62s] [INFO] ボタン8: text='', aria-label='トレンドに移動', testid='', href=''
[19:49:46] [9.63s] [INFO] モバイル投稿ボタン発見: [data-testid="FloatingActionButtons_Tweet_Button"]
[19:49:46] [9.63s] [INFO] モバイル風待機: 1.28秒
[19:49:47] [11.05s] [INFO] タップ成功
[19:49:47] [11.05s] [INFO] モバイル風待機: 2.09秒
[19:49:50] [13.15s] [INFO] モバイルテキストエリア発見: [data-testid="tweetTextarea_0"]
[19:49:50] [13.15s] [INFO] 📷 画像アップロード開始: 1枚
[19:49:50] [13.18s] [INFO] 📝 [TEXT_CHECK] 画像アップロード前: テキスト長=0, 内容=''
[19:49:50] [13.18s] [INFO] 画像1/1をアップロード中: /Users/takahashimika/Dropbox/web_kabu_ai/temp/base64_images/mobile_chart_50924c9f-b185-4650-b64a-89585b95c732.png
[19:49:50] [13.22s] [INFO] 📝 [TEXT_CHECK] プログラマティック画像アップロード前_1: テキスト長=0, 内容=''
[19:49:50] [13.22s] [INFO] 📷 ファイルダイアログ回避モードで画像アップロード開始
[19:49:50] [13.23s] [INFO] ✅ 画像ファイル読み込み完了: 1509560 bytes
[19:49:50] [13.23s] [INFO] 🚀 プログラマティック画像アップロード実行: mobile_chart_50924c9f-b185-4650-b64a-89585b95c732.png
[19:49:50] [13.44s] [INFO] ✅ プログラマティック画像アップロード成功: プログラマティック画像設定完了（ダイアログ回避）
[19:49:50] [13.44s] [INFO]   - Twitterターゲット発見: True
[19:49:50] [13.44s] [INFO]   - ファイル数: 0
[19:49:50] [13.44s] [INFO] モバイル風待機: 2.70秒
[19:49:53] [16.17s] [INFO] 📝 [TEXT_CHECK] プログラマティック画像アップロード後_1: テキスト長=0, 内容=''
[19:49:53] [16.19s] [INFO] ✅ 画像プレビュー確認: .r-1p0dtai img
[19:49:53] [16.19s] [INFO] ✅ 画像が正常にプログラマティックアップロードされました
[19:49:53] [16.19s] [INFO] 📷 プログラマティック画像アップロード処理完了: 1枚処理
[19:49:53] [16.21s] [INFO] 📝 [TEXT_CHECK] 画像アップロード後: テキスト長=0, 内容=''
[19:49:53] [16.21s] [INFO] 📝 テキスト入力開始前の状態チェック
[19:49:53] [16.24s] [INFO] 📝 [TEXT_CHECK] テキスト入力開始前: テキスト長=0, 内容=''
[19:49:53] [16.25s] [INFO] 🎯 [DEBUG] mobile_type開始: clear_first=False, text='【レーザーテック(6920)】8.31% 大幅上昇、インテル支援と需給改善で反発強まる

今週の株価...'
[19:49:53] [16.25s] [INFO] モバイル風待機: 0.34秒
[19:49:53] [16.59s] [INFO] 📝 JavaScript直接入力開始: '【レーザーテック(6920)】8.31% 大幅上昇、インテル支援と需給改善で反発強まる

今週の株価...'
[19:49:53] [16.61s] [INFO] 🔧 [DEBUG] モバイルJS設定結果 - before: '', after: '【レーザーテック(6920)】8.31% 大幅上昇、インテル支援と需給改善で反発強まる

今週の株価...'
[19:49:53] [16.61s] [INFO] ✅ JavaScript直接入力完了: '【レーザーテック(6920)】8.31% 大幅上昇、インテル支援と需給改善で反発強まる

今週の株価...'
[19:49:53] [16.62s] [INFO] モバイル風待機: 0.67秒
[19:49:54] [17.30s] [INFO] 🎯 [DEBUG] モバイル最終結果: '【レーザーテック(6920)】8.31% 大幅上昇、インテル支援と需給改善で反発強まる

今週の株価...'
[19:49:54] [17.30s] [INFO] 📝 テキスト入力完了後の状態チェック
[19:49:54] [17.31s] [INFO] 📝 [TEXT_CHECK] テキスト入力完了後: テキスト長=915, 内容='【レーザーテック(6920)】8.31% 大幅上昇、インテル支援と需給改善で反発強まる

今週の株価...'
[19:49:54] [17.31s] [INFO] ✅ モバイルテキスト入力完了: 【レーザーテック(6920)】8.31% 大幅上昇、インテル支援と需給改善で反発強まる

今週の株価...
[19:49:54] [17.31s] [INFO] 🚫 実投稿モード: 投稿直前で停止（投稿処理はコメントアウト中）
[19:49:54] [17.31s] [INFO] ✅ モバイルテキスト入力完了
[19:49:54] [17.31s] [INFO] 🧹 モバイルブラウザ クリーンアップ開始
[19:49:54] [17.88s] [INFO] ✅ モバイルコンテキストクローズ完了
[19:49:54] [17.91s] [INFO] ✅ Playwrightストップ完了

=== モバイルTwitterデバッグログ終了 ===
終了時刻: 2025-08-17 19:49:54
総実行時間: 17.91秒
============================================================
[19:49:54] [17.91s] [INFO] 📋 詳細デバッグログ保存完了: /Users/takahashimika/Dropbox/web_kabu_ai/python/twitter_auto_post/debug_logs/mobile_twitter_debug_20250817_194936.log
