=== モバイルTwitterデバッグログ開始 ===
開始時刻: 2025-08-18 00:12:07
ログファイル: /Users/takahashimika/Dropbox/web_kabu_ai/python/twitter_auto_post/debug_logs/mobile_twitter_debug_20250818_001207.log
============================================================

[00:12:07] [0.00s] [INFO] モバイルプロファイルディレクトリ: /Users/takahashimika/Dropbox/web_kabu_ai/twitter_mobile_profile
[00:12:07] [0.00s] [INFO] 📱 モバイルブラウザ起動開始
[00:12:08] [1.18s] [INFO] ✅ Playwright インスタンス作成完了
[00:12:08] [1.18s] [INFO] ✅ 既存モバイルプロファイル発見: /Users/takahashimika/Dropbox/web_kabu_ai/twitter_mobile_profile
[00:12:08] [1.18s] [INFO] モバイル引数設定完了: 26個
[00:12:08] [1.18s] [INFO] モバイルコンテキスト作成中...
[00:12:11] [4.19s] [INFO] ✅ モバイルコンテキスト作成完了
[00:12:11] [4.19s] [INFO] 既存モバイルページを使用
[00:12:11] [4.21s] [INFO] ✅ モバイル偽装スクリプト適用完了
[00:12:11] [4.21s] [INFO] 📱 モバイルブラウザ起動成功
[00:12:11] [4.21s] [INFO] 📱 モバイル版Twitterに移動開始
[00:12:11] [4.21s] [INFO] アクセス先: https://mobile.twitter.com
[00:12:14] [6.53s] [INFO] ✅ ページ移動完了
[00:12:14] [6.53s] [INFO] モバイル風待機: 1.78秒
[00:12:16] [8.47s] [INFO] 現在のURL: https://x.com/
[00:12:16] [8.47s] [INFO] ページタイトル: ホーム / X
[00:12:16] [8.47s] [INFO] モバイルログイン状態チェック - URL: https://x.com/home
[00:12:16] [9.11s] [INFO] ✅ モバイルログイン要素発見: nav[role="navigation"]
[00:12:18] [10.69s] [INFO] ✅ モバイルログイン要素発見: [data-testid="primaryColumn"]
[00:12:18] [10.82s] [INFO] ✅ モバイルログイン要素発見: [aria-label*="ホーム"], [aria-label*="Home"]
[00:12:18] [10.82s] [INFO] ✅ モバイルログイン確認 (3個の要素)
[00:12:18] [10.82s] [INFO] 📱 モバイルツイート投稿開始 (テスト: False)
[00:12:18] [10.82s] [INFO] 投稿処理開始時のURL: https://x.com/home
[00:12:20] [12.45s] [INFO] ページ上のボタン要素数: 47
[00:12:20] [12.74s] [INFO] ボタン1: text='', aria-label='プロフィールメニュー めいめい＠株わかりやすくまとめ・解説', testid='DashButton_ProfileIcon_Link', href=''
[00:12:20] [12.80s] [INFO] ボタン2: text='', aria-label='前', testid='', href=''
[00:12:20] [12.85s] [INFO] ボタン3: text='', aria-label='次へ', testid='', href=''
[00:12:20] [12.88s] [INFO] ボタン4: text='', aria-label='前', testid='', href=''
[00:12:20] [13.07s] [INFO] ボタン5: text='', aria-label='次へ', testid='', href=''
[00:12:20] [13.17s] [INFO] ボタン6: text='新しいポストを表示', aria-label='新しいポストがあります。新しいポストに移動するには、ピリオド', testid='', href=''
[00:12:21] [13.44s] [INFO] ボタン7: text='', aria-label='ホームタイムラインに移動', testid='', href=''
[00:12:21] [13.59s] [INFO] ボタン8: text='', aria-label='トレンドに移動', testid='', href=''
[00:12:21] [13.69s] [INFO] ボタン9: text='', aria-label='もっと見る', testid='caret', href=''
[00:12:21] [13.73s] [INFO] ボタン10: text='367', aria-label='367 件の返信。返信する', testid='reply', href=''
[00:12:21] [13.76s] [INFO] モバイル投稿ボタン発見: [data-testid="FloatingActionButtons_Tweet_Button"]
[00:12:21] [13.76s] [INFO] モバイル風待機: 1.76秒
[00:12:23] [15.80s] [INFO] タップ成功
[00:12:23] [15.80s] [INFO] モバイル風待機: 2.28秒
[00:12:25] [18.15s] [INFO] モバイルテキストエリア発見: [data-testid="tweetTextarea_0"]
[00:12:25] [18.15s] [INFO] 📷 画像アップロード開始: 1枚
[00:12:25] [18.20s] [INFO] 📝 [TEXT_CHECK] 画像アップロード前: テキスト長=0, 内容=''
[00:12:25] [18.20s] [INFO] 画像1/1をアップロード中: /Users/takahashimika/Dropbox/web_kabu_ai/temp/base64_images/mobile_chart_ab201508-6732-4fb6-9210-30dfdd632792.png
[00:12:25] [18.23s] [INFO] 📝 [TEXT_CHECK] プログラマティック画像アップロード前_1: テキスト長=0, 内容=''
[00:12:25] [18.23s] [INFO] 📷 ファイルダイアログ回避モードで画像アップロード開始
[00:12:25] [18.25s] [INFO] ✅ 画像ファイル読み込み完了: 1467600 bytes
[00:12:25] [18.25s] [INFO] 🚀 プログラマティック画像アップロード実行: mobile_chart_ab201508-6732-4fb6-9210-30dfdd632792.png
[00:12:26] [18.70s] [INFO] ✅ プログラマティック画像アップロード成功: プログラマティック画像設定完了（ダイアログ回避）
[00:12:26] [18.70s] [INFO]   - Twitterターゲット発見: True
[00:12:26] [18.70s] [INFO]   - ファイル数: 0
[00:12:26] [18.70s] [INFO] モバイル風待機: 2.38秒
[00:12:30] [22.53s] [INFO] 📝 [TEXT_CHECK] プログラマティック画像アップロード後_1: テキスト長=0, 内容=''
[00:12:30] [22.57s] [INFO] ✅ 画像プレビュー確認: .r-1p0dtai img
[00:12:30] [22.57s] [INFO] ✅ 画像が正常にプログラマティックアップロードされました
[00:12:30] [22.57s] [INFO] 📷 プログラマティック画像アップロード処理完了: 1枚処理
[00:12:30] [22.62s] [INFO] 📝 [TEXT_CHECK] 画像アップロード後: テキスト長=0, 内容=''
[00:12:30] [22.62s] [INFO] 📝 テキスト入力開始前の状態チェック
[00:12:30] [22.68s] [INFO] 📝 [TEXT_CHECK] テキスト入力開始前: テキスト長=0, 内容=''
[00:12:30] [22.68s] [INFO] 🎯 [DEBUG] mobile_type開始: clear_first=False, text='【サンリオ(8136)】2.04%　週間変動幅：約8000円～8300円、週間騰落率：+2.04%
...'
[00:12:30] [22.69s] [INFO] モバイル風待機: 0.33秒
[00:12:30] [23.04s] [INFO] 📝 JavaScript直接入力開始: '【サンリオ(8136)】2.04%　週間変動幅：約8000円～8300円、週間騰落率：+2.04%
...'
[00:12:30] [23.14s] [INFO] 🔧 [DEBUG] モバイルJS設定結果 - before: '', after: '【サンリオ(8136)】2.04%　週間変動幅：約8000円～8300円、週間騰落率：+2.04%
...'
[00:12:30] [23.14s] [INFO] ✅ JavaScript直接入力完了: '【サンリオ(8136)】2.04%　週間変動幅：約8000円～8300円、週間騰落率：+2.04%
...'
[00:12:30] [23.14s] [INFO] モバイル風待機: 1.59秒
[00:12:32] [24.75s] [INFO] 🎯 [DEBUG] モバイル最終確認1: ''
[00:12:32] [24.75s] [WARNING] ⚠️ テキストが消失、再設定試行1
[00:12:32] [24.78s] [INFO] モバイル風待機: 1.28秒
[00:12:33] [26.08s] [INFO] 🎯 [DEBUG] モバイル最終確認2: ''
[00:12:33] [26.08s] [WARNING] ⚠️ テキストが消失、再設定試行2
[00:12:33] [26.09s] [INFO] モバイル風待機: 1.47秒
[00:12:35] [27.57s] [INFO] 🎯 [DEBUG] モバイル最終確認3: '【サンリオ(8136)】2.04%　週間変動幅：約8000円～8300円、週間騰落率：+2.04%
...'
[00:12:35] [27.57s] [INFO] ✅ テキスト設定成功確認（試行3）
[00:12:35] [27.58s] [INFO] 📝 テキスト入力完了後の状態チェック
[00:12:35] [27.59s] [INFO] 📝 [TEXT_CHECK] テキスト入力完了後: テキスト長=582, 内容='【サンリオ(8136)】2.04%　週間変動幅：約8000円～8300円、週間騰落率：+2.04%
...'
[00:12:35] [27.59s] [INFO] ✅ モバイルテキスト入力完了: 【サンリオ(8136)】2.04%　週間変動幅：約8000円～8300円、週間騰落率：+2.04%
...
[00:12:35] [27.59s] [INFO] 🚀 [強化版] 実投稿モード: 確実な投稿ボタン探索開始
[00:12:35] [27.59s] [INFO] 🎯 [強化版] 投稿ボタン探索 試行 1/3
[00:12:35] [27.62s] [INFO] 📍 [強化版] ボタン発見: [data-testid="tweetButton"]
[00:12:35] [27.62s] [INFO]    可視: True, 有効: True, 接続: True
[00:12:35] [27.62s] [INFO]    テキスト: 'ポストする'
[00:12:35] [27.62s] [INFO] ✅ [強化版] 有効な投稿ボタン確認: [data-testid="tweetButton"]
[00:12:35] [27.62s] [INFO] 🎯 [強化版] 投稿ボタンクリック試行 1: [data-testid="tweetButton"]
[00:12:35] [27.62s] [INFO] 🔄 [強化版] クリック方法試行: mobile_tap
[00:12:35] [27.97s] [INFO] タップ成功
[00:12:35] [27.97s] [INFO] モバイル風待機: 1.09秒
[00:12:36] [29.07s] [INFO] ⚠️ [強化版] mobile_tapクリック効果なし、次の方法を試行
[00:12:36] [29.07s] [INFO] 🔄 [強化版] クリック方法試行: direct_click
[00:12:40] [33.04s] [INFO] ❌ [強化版] direct_clickクリックエラー: ElementHandle.click: Element is not attached to the DOM
Call log:
  - attempting click action
    - waiting for element to be visible, enabled and stable

[00:12:40] [33.04s] [INFO] 🔄 [強化版] クリック方法試行: js_click
[00:12:40] [33.20s] [INFO] モバイル風待機: 1.45秒
[00:12:42] [34.66s] [INFO] ✅ [強化版] js_clickクリック成功確認
[00:12:42] [34.66s] [INFO] 🎉 [強化版] [ポストボタン確実クリック済み] 投稿処理成功
[00:12:42] [34.66s] [INFO] モバイル風待機: 4.92秒
[00:12:47] [39.59s] [INFO] ✅ === モバイル版投稿完了成功！ ===
[00:12:47] [39.59s] [INFO] 🧹 モバイルブラウザ クリーンアップ開始
[00:12:48] [40.63s] [INFO] ✅ モバイルコンテキストクローズ完了
[00:12:48] [40.68s] [INFO] ✅ Playwrightストップ完了

=== モバイルTwitterデバッグログ終了 ===
終了時刻: 2025-08-18 00:12:48
総実行時間: 40.68秒
============================================================
[00:12:48] [40.68s] [INFO] 📋 詳細デバッグログ保存完了: /Users/takahashimika/Dropbox/web_kabu_ai/python/twitter_auto_post/debug_logs/mobile_twitter_debug_20250818_001207.log
