=== モバイルTwitterデバッグログ開始 ===
開始時刻: 2025-09-07 21:22:07
ログファイル: /Users/takahashimika/Dropbox/web_kabu_ai/python/twitter_auto_post/debug_logs/mobile_twitter_debug_20250907_212207.log
============================================================

[21:22:07] [0.00s] [INFO] モバイルプロファイルディレクトリ: /Users/takahashimika/Dropbox/web_kabu_ai/twitter_mobile_profile
[21:22:07] [0.00s] [INFO] 📱 モバイルブラウザ起動開始
[21:22:08] [1.20s] [INFO] ✅ Playwright インスタンス作成完了
[21:22:08] [1.20s] [INFO] ✅ 既存モバイルプロファイル発見: /Users/takahashimika/Dropbox/web_kabu_ai/twitter_mobile_profile
[21:22:08] [1.20s] [INFO] モバイル引数設定完了: 26個
[21:22:08] [1.20s] [INFO] モバイルコンテキスト作成中...
[21:22:12] [5.02s] [INFO] ✅ モバイルコンテキスト作成完了
[21:22:12] [5.02s] [INFO] 既存モバイルページを使用
[21:22:12] [5.06s] [INFO] ✅ モバイル偽装スクリプト適用完了
[21:22:12] [5.06s] [INFO] 📱 モバイルブラウザ起動成功
[21:22:12] [5.06s] [INFO] 📱 モバイル版Twitterに移動開始
[21:22:12] [5.06s] [INFO] アクセス先: https://mobile.twitter.com
[21:22:15] [7.55s] [INFO] ✅ ページ移動完了
[21:22:15] [7.55s] [INFO] モバイル風待機: 1.77秒
[21:22:17] [9.37s] [INFO] 現在のURL: https://x.com/
[21:22:17] [9.37s] [INFO] ページタイトル: ホーム / X
[21:22:17] [9.37s] [INFO] モバイルログイン状態チェック - URL: https://x.com/home
[21:22:17] [9.47s] [INFO] ✅ モバイルログイン要素発見: nav[role="navigation"]
[21:22:17] [9.50s] [INFO] ✅ モバイルログイン要素発見: [data-testid="primaryColumn"]
[21:22:17] [9.53s] [INFO] ✅ モバイルログイン要素発見: [aria-label*="ホーム"], [aria-label*="Home"]
[21:22:17] [9.53s] [INFO] ✅ モバイルログイン確認 (3個の要素)
[21:22:17] [9.53s] [INFO] 📱 モバイルツイート投稿開始 (テスト: False)
[21:22:17] [9.53s] [INFO] 投稿処理開始時のURL: https://x.com/home
[21:22:17] [9.56s] [INFO] ページ上のボタン要素数: 8
[21:22:17] [9.60s] [INFO] ボタン1: text='', aria-label='プロフィールメニュー meiteko', testid='DashButton_ProfileIcon_Link', href=''
[21:22:17] [9.65s] [INFO] ボタン2: text='', aria-label='前', testid='', href=''
[21:22:17] [9.70s] [INFO] ボタン3: text='', aria-label='次へ', testid='', href=''
[21:22:17] [9.73s] [INFO] ボタン4: text='', aria-label='前', testid='', href=''
[21:22:17] [9.76s] [INFO] ボタン5: text='', aria-label='次へ', testid='', href=''
[21:22:17] [9.79s] [INFO] ボタン6: text='新しいポストを表示', aria-label='新しいポストがあります。新しいポストに移動するには、ピリオド', testid='', href=''
[21:22:17] [9.82s] [INFO] ボタン7: text='', aria-label='ホームタイムラインに移動', testid='', href=''
[21:22:17] [9.84s] [INFO] ボタン8: text='', aria-label='トレンドに移動', testid='', href=''
[21:22:17] [9.85s] [INFO] モバイル投稿ボタン発見: [data-testid="FloatingActionButtons_Tweet_Button"]
[21:22:17] [9.85s] [INFO] モバイル風待機: 1.11秒
[21:22:20] [12.52s] [INFO] タップ成功
[21:22:20] [12.52s] [INFO] モバイル風待機: 2.85秒
[21:22:23] [15.39s] [INFO] モバイルテキストエリア発見: [data-testid="tweetTextarea_0"]
[21:22:23] [15.39s] [INFO] 📝 [SIMPLE_FLOW] 画像先・テキスト後の単純フロー
[21:22:23] [15.39s] [INFO] 📝 [SIMPLE_FLOW] テキスト入力（1回のみ）
[21:22:23] [15.39s] [INFO] ⚡ [ULTRA_TYPE] 高速1文字1文字タイピング開始: 834文字
[21:22:23] [15.39s] [INFO] モバイル風待機: 0.23秒
[21:22:53] [45.64s] [INFO] ⚠️ [ULTRA_TYPE] element.type失敗、代替手段を実行: ElementHandle.type: Timeout 30000ms exceeded.
Call log:
  - elementHandle.type("【コンヴァノ(6574)】-7.39% 今期76%上方修正も調整売り続く

今週の株価変動幅：186円～238円（約28%変動）  
週間騰落率：-7.39%

★今週の総括  
今週は2026年3月期の最終利益を従来予想19.8億円から34.9億円へ75.8％上方修正し、過去最高益予想をさらに更新。

新規ビットコイン・インカム事業の売上計上や、韓国LGChemとの連携深化によるヘルスケア事業の収益改善が主因。にもかかわらず、米国株の下落やナスダックの暗号資産規制懸念が重なり、個人投資家の利確売りが強まり株価は週末にかけて調整。信用取引規制の影響と浮動株の少なさから機関投資家の空売りは限定的で、値動きは個人投資家主体。中長期的には業績の好調さと複数事業の成長期待が根強く、投資家は慎重ながらも注目を続けるべき局面。

■今週の重要材料  
⑴ 2026年3月期最終利益予想を75.8%上方修正（19.8億円→34.9億円）  
⑵ 新規ビットコイン・インカム事業で19.2億円の売上収益計上  
⑶ 韓国LGChemとの連携深化によりヘルスケア事業の高単価医薬品取り扱い増加  

来週の上昇要因  
業績好調継続と複数事業の進展期待  

来週の上昇要因:  
⬆️ 2026年3月期第2四半期決算発表（9/12予定）  
⬆️ AIマーケティング、データセンター事業の進展に関する追加IR発表可能性  
⬆️ 業界イベントでの暗号資産関連規制動向の好転期待  

来週の下落リスク  
利益確定売りと市場環境の不透明感  

来週の下落リスク:  
⬇️ 米国株市場の調整継続による連動安リスク  
⬇️ ナスダックの暗号資産規制強化懸念の再燃  
⬇️ 高い信用買い残による利確売り圧力増加と需給悪化  

来週の注目指標  
・2025年9月12日 2026年3月期第2四半期決算発表  
・2025年9月11日 米国雇用統計（暗号資産市場影響注視）")

[21:23:41] [93.72s] [INFO] ⚡ [ULTRA_TYPE] キーボード高速タイピング完了: 78.086秒
[21:23:41] [93.83s] [INFO] ✅ [ULTRA_TYPE] 高速タイピング成功: 1629文字入力完了
[21:23:41] [93.83s] [INFO] 📝 [ULTRA_TYPE] 入力内容: 【コンヴァノ(6574)】-7.39% 今期76%上方修正も調整売り続く

今週の株価変動幅：186...
[21:23:41] [93.84s] [INFO] 🎯 [SIMPLE_FLOW] テキストエリアにフォーカス維持
[21:23:41] [93.84s] [INFO] モバイル風待機: 0.65秒
[21:23:42] [94.49s] [INFO] ✅ モバイルテキスト入力完了: 【コンヴァノ(6574)】-7.39% 今期76%上方修正も調整売り続く

今週の株価変動幅：186...
[21:23:42] [94.49s] [INFO] 🚀 [強化版] 実投稿モード: 確実な投稿ボタン探索開始
[21:23:42] [94.49s] [INFO] 🎯 [強化版] 投稿ボタン探索 試行 1/3
[21:23:42] [94.52s] [INFO] 📍 [強化版] ボタン発見: [data-testid="tweetButton"]
[21:23:42] [94.52s] [INFO]    可視: True, 有効: False, 接続: True
[21:23:42] [94.52s] [INFO]    テキスト: 'ポストする'
[21:23:42] [94.54s] [INFO] 📍 [強化版] ボタン発見: button[data-testid="tweetButton"]
[21:23:42] [94.54s] [INFO]    可視: True, 有効: False, 接続: True
[21:23:42] [94.54s] [INFO]    テキスト: 'ポストする'
[21:23:42] [94.57s] [INFO] 📍 [強化版] ボタン発見: [role="button"][data-testid="tweetButton"]
[21:23:42] [94.57s] [INFO]    可視: True, 有効: False, 接続: True
[21:23:42] [94.57s] [INFO]    テキスト: 'ポストする'
[21:23:42] [94.60s] [INFO] 📍 [強化版] ボタン発見: button:has-text("ポスト")
[21:23:42] [94.60s] [INFO]    可視: True, 有効: False, 接続: True
[21:23:42] [94.60s] [INFO]    テキスト: 'ポストする'
[21:23:42] [94.62s] [INFO] 📍 [強化版] ボタン発見: [aria-label*="ポスト"]
[21:23:42] [94.63s] [INFO]    可視: True, 有効: True, 接続: True
[21:23:42] [94.63s] [INFO]    テキスト: ''
[21:23:42] [94.63s] [INFO] ✅ [強化版] 有効な投稿ボタン確認: [aria-label*="ポスト"]
[21:23:42] [94.63s] [INFO] 🎯 [SIMPLE_FLOW] 投稿ボタンクリック試行 1: [aria-label*="ポスト"]
[21:23:42] [94.63s] [INFO] 🎯 [SIMPLE_FLOW] フォーカス維持したままJSクリック
[21:23:42] [94.63s] [INFO] ✅ [SIMPLE_FLOW] JSクリック成功（フォーカス維持）
[21:23:42] [94.63s] [INFO] 🎉 [強化版] [ポストボタン確実クリック済み] 投稿処理成功
[21:23:42] [94.63s] [INFO] モバイル風待機: 4.71秒
[21:23:47] [99.35s] [INFO] 🔍 [POST-VALIDATION] 投稿完了後の最終確認開始
[21:23:47] [99.35s] [INFO] 📍 [POST-VALIDATION] 投稿後URL: https://x.com/compose/post
[21:23:47] [99.35s] [INFO] ✅ [POST-VALIDATION] ホーム画面への遷移確認
[21:23:47] [99.37s] [INFO] 📢 [POST-VALIDATION] 成功インジケーター発見: 長いポストや記事を作成するには、プレミアムプラスにアップグレードしてください。
プレミアムプラスにアップグレード
[21:23:47] [99.37s] [INFO] ============================================================
[21:23:47] [99.37s] [INFO] 📊 [FINAL-SUMMARY] 投稿処理完了サマリー
[21:23:47] [99.37s] [INFO] ============================================================
[21:23:47] [99.37s] [INFO] 📝 投稿メッセージ長: 834文字
[21:23:47] [99.37s] [INFO] 📝 投稿メッセージ内容: 【コンヴァノ(6574)】-7.39% 今期76%上方修正も調整売り続く

今週の株価変動幅：186円～238円（約28%変動）  
週間騰落率：-7.39%

★今週の総括  
今週は2026年3月期の最終利益を従来予想19.8億円から34.9億円へ75.8％上方修正し、過去最高益予想をさらに更新。

新規ビットコイン・インカム事業の売上計上や、韓国LGChemとの連携深化によるヘルスケア事業の...
[21:23:47] [99.37s] [INFO] 📷 画像アップロード: なし
[21:23:47] [99.37s] [INFO] 🌐 最終URL: https://x.com/compose/post
[21:23:47] [99.37s] [INFO] ⏰ 投稿完了時刻: 2025-09-07 21:23:47
[21:23:47] [99.37s] [INFO] ============================================================
[21:23:47] [99.37s] [INFO] ✅ === モバイル版投稿完了成功！ ===
[21:23:47] [99.37s] [INFO] 🧹 モバイルブラウザ クリーンアップ開始
[21:23:47] [99.87s] [INFO] ✅ モバイルコンテキストクローズ完了
[21:23:47] [99.89s] [INFO] ✅ Playwrightストップ完了

=== モバイルTwitterデバッグログ終了 ===
終了時刻: 2025-09-07 21:23:47
総実行時間: 99.89秒
============================================================
[21:23:47] [99.89s] [INFO] 📋 詳細デバッグログ保存完了: /Users/takahashimika/Dropbox/web_kabu_ai/python/twitter_auto_post/debug_logs/mobile_twitter_debug_20250907_212207.log
