=== モバイルTwitterデバッグログ開始 ===
開始時刻: 2025-08-18 08:11:50
ログファイル: /Users/takahashimika/Dropbox/web_kabu_ai/python/twitter_auto_post/debug_logs/mobile_twitter_debug_20250818_081150.log
============================================================

[08:11:50] [0.00s] [INFO] モバイルプロファイルディレクトリ: /Users/takahashimika/Dropbox/web_kabu_ai/twitter_mobile_profile
[08:11:50] [0.00s] [INFO] 📱 モバイルブラウザ起動開始
[08:11:51] [1.20s] [INFO] ✅ Playwright インスタンス作成完了
[08:11:51] [1.20s] [INFO] ✅ 既存モバイルプロファイル発見: /Users/takahashimika/Dropbox/web_kabu_ai/twitter_mobile_profile
[08:11:51] [1.20s] [INFO] モバイル引数設定完了: 26個
[08:11:51] [1.20s] [INFO] モバイルコンテキスト作成中...
[08:11:54] [4.05s] [INFO] ✅ モバイルコンテキスト作成完了
[08:11:54] [4.06s] [INFO] 既存モバイルページを使用
[08:11:54] [4.08s] [INFO] ✅ モバイル偽装スクリプト適用完了
[08:11:54] [4.08s] [INFO] 📱 モバイルブラウザ起動成功
[08:11:54] [4.08s] [INFO] 📱 モバイル版Twitterに移動開始
[08:11:54] [4.08s] [INFO] アクセス先: https://mobile.twitter.com
[08:11:56] [5.91s] [INFO] ✅ ページ移動完了
[08:11:56] [5.91s] [INFO] モバイル風待機: 1.53秒
[08:11:57] [7.45s] [INFO] 現在のURL: https://x.com/
[08:11:57] [7.45s] [INFO] ページタイトル: ホーム / X
[08:11:57] [7.45s] [INFO] モバイルログイン状態チェック - URL: https://x.com/home
[08:11:57] [7.50s] [INFO] ✅ モバイルログイン要素発見: nav[role="navigation"]
[08:11:57] [7.52s] [INFO] ✅ モバイルログイン要素発見: [data-testid="primaryColumn"]
[08:11:57] [7.53s] [INFO] ✅ モバイルログイン要素発見: [aria-label*="ホーム"], [aria-label*="Home"]
[08:11:57] [7.53s] [INFO] ✅ モバイルログイン確認 (3個の要素)
[08:11:57] [7.53s] [INFO] 📱 モバイルツイート投稿開始 (テスト: False)
[08:11:57] [7.53s] [INFO] 投稿処理開始時のURL: https://x.com/home
[08:11:58] [7.55s] [INFO] ページ上のボタン要素数: 8
[08:11:58] [7.57s] [INFO] ボタン1: text='', aria-label='プロフィールメニュー めいめい＠株わかりやすくまとめ・解説', testid='DashButton_ProfileIcon_Link', href=''
[08:11:58] [7.59s] [INFO] ボタン2: text='', aria-label='前', testid='', href=''
[08:11:58] [7.61s] [INFO] ボタン3: text='', aria-label='次へ', testid='', href=''
[08:11:58] [7.63s] [INFO] ボタン4: text='', aria-label='前', testid='', href=''
[08:11:58] [7.65s] [INFO] ボタン5: text='', aria-label='次へ', testid='', href=''
[08:11:58] [7.67s] [INFO] ボタン6: text='新しいポストを表示', aria-label='新しいポストがあります。新しいポストに移動するには、ピリオド', testid='', href=''
[08:11:58] [7.69s] [INFO] ボタン7: text='', aria-label='ホームタイムラインに移動', testid='', href=''
[08:11:58] [7.71s] [INFO] ボタン8: text='', aria-label='トレンドに移動', testid='', href=''
[08:11:58] [7.73s] [INFO] モバイル投稿ボタン発見: [data-testid="FloatingActionButtons_Tweet_Button"]
[08:11:58] [7.73s] [INFO] モバイル風待機: 0.92秒
[08:11:59] [9.21s] [INFO] タップ成功
[08:11:59] [9.21s] [INFO] モバイル風待機: 2.62秒
[08:12:02] [11.85s] [INFO] モバイルテキストエリア発見: [data-testid="tweetTextarea_0"]
[08:12:02] [11.85s] [INFO] 📝 [NEW_STRATEGY] 先にテキストを入力してから画像アップロード
[08:12:02] [11.85s] [INFO] 📝 テキスト入力開始（画像アップロード前）
[08:12:02] [11.88s] [INFO] 📝 [TEXT_CHECK] 初期テキスト入力前: テキスト長=0, 内容=''
[08:12:02] [11.88s] [INFO] 🎯 [DEBUG] mobile_type開始: clear_first=False, text='【オルツ(260A)】-16.67% 決算延期と上場廃止確定で失望売り加速、流動性低下が顕著

★今...'
[08:12:02] [11.88s] [INFO] モバイル風待機: 0.33秒
[08:12:02] [12.21s] [INFO] 📝 JavaScript直接入力開始: '【オルツ(260A)】-16.67% 決算延期と上場廃止確定で失望売り加速、流動性低下が顕著

★今...'
[08:12:02] [12.24s] [INFO] 🔧 [DEBUG] モバイルJS設定結果 - before: '', after: '【オルツ(260A)】-16.67% 決算延期と上場廃止確定で失望売り加速、流動性低下が顕著

★今...'
[08:12:02] [12.24s] [INFO] ✅ JavaScript直接入力完了: '【オルツ(260A)】-16.67% 決算延期と上場廃止確定で失望売り加速、流動性低下が顕著

★今...'
[08:12:02] [12.24s] [INFO] モバイル風待機: 1.68秒
[08:12:04] [13.93s] [INFO] 🎯 [DEBUG] モバイル最終確認1: '【オルツ(260A)】-16.67% 決算延期と上場廃止確定で失望売り加速、流動性低下が顕著

★今...'
[08:12:04] [13.93s] [INFO] ✅ テキスト設定成功確認（試行1）
[08:12:04] [13.94s] [INFO] 📝 [TEXT_CHECK] 初期テキスト入力後: テキスト長=725, 内容='【オルツ(260A)】-16.67% 決算延期と上場廃止確定で失望売り加速、流動性低下が顕著

★今...'
[08:12:04] [13.94s] [INFO] 📷 [NEW_STRATEGY] テキスト入力後の画像アップロード開始: 1枚
[08:12:04] [13.95s] [INFO] 📝 [TEXT_CHECK] 画像アップロード前: テキスト長=725, 内容='【オルツ(260A)】-16.67% 決算延期と上場廃止確定で失望売り加速、流動性低下が顕著

★今...'
[08:12:04] [13.95s] [INFO] 画像1/1をアップロード中: /Users/takahashimika/Dropbox/web_kabu_ai/temp/base64_images/mobile_chart_29f7bb07-bf06-49cf-b82c-427647fa51dc.png
[08:12:04] [13.96s] [INFO] 📝 [TEXT_CHECK] プログラマティック画像アップロード前_1: テキスト長=725, 内容='【オルツ(260A)】-16.67% 決算延期と上場廃止確定で失望売り加速、流動性低下が顕著

★今...'
[08:12:04] [13.96s] [INFO] 📷 ファイルダイアログ回避モードで画像アップロード開始
[08:12:04] [13.97s] [INFO] ✅ 画像ファイル読み込み完了: 1348000 bytes
[08:12:04] [13.97s] [INFO] 🚀 プログラマティック画像アップロード実行: mobile_chart_29f7bb07-bf06-49cf-b82c-427647fa51dc.png
[08:12:04] [14.13s] [INFO] ✅ プログラマティック画像アップロード成功: プログラマティック画像設定完了（ダイアログ回避）
[08:12:04] [14.13s] [INFO]   - Twitterターゲット発見: True
[08:12:04] [14.13s] [INFO]   - ファイル数: 0
[08:12:04] [14.13s] [INFO] モバイル風待機: 2.87秒
[08:12:07] [17.03s] [INFO] 📝 [TEXT_CHECK] プログラマティック画像アップロード後_1: テキスト長=0, 内容=''
[08:12:07] [17.05s] [INFO] ✅ 画像プレビュー確認: .r-1p0dtai img
[08:12:07] [17.05s] [INFO] ✅ 画像が正常にプログラマティックアップロードされました
[08:12:07] [17.05s] [INFO] 📷 プログラマティック画像アップロード処理完了: 1枚処理
[08:12:07] [17.08s] [INFO] 📝 [TEXT_CHECK] 画像アップロード後: テキスト長=0, 内容=''
[08:12:07] [17.08s] [WARNING] ⚠️ [NEW_STRATEGY] テキストが削除されました。復元を試行します
[08:12:07] [17.09s] [INFO] 🎯 [DEBUG] mobile_type開始: clear_first=False, text='【オルツ(260A)】-16.67% 決算延期と上場廃止確定で失望売り加速、流動性低下が顕著

★今...'
[08:12:07] [17.09s] [INFO] モバイル風待機: 0.33秒
[08:12:07] [17.42s] [INFO] 📝 JavaScript直接入力開始: '【オルツ(260A)】-16.67% 決算延期と上場廃止確定で失望売り加速、流動性低下が顕著

★今...'
[08:12:07] [17.45s] [INFO] 🔧 [DEBUG] モバイルJS設定結果 - before: '', after: '【オルツ(260A)】-16.67% 決算延期と上場廃止確定で失望売り加速、流動性低下が顕著

★今...'
[08:12:07] [17.45s] [INFO] ✅ JavaScript直接入力完了: '【オルツ(260A)】-16.67% 決算延期と上場廃止確定で失望売り加速、流動性低下が顕著

★今...'
[08:12:07] [17.45s] [INFO] モバイル風待機: 2.23秒
[08:12:10] [19.68s] [INFO] 🎯 [DEBUG] モバイル最終確認1: ''
[08:12:10] [19.68s] [WARNING] ⚠️ テキストが消失、再設定試行1
[08:12:10] [19.69s] [INFO] モバイル風待機: 1.16秒
[08:12:11] [20.85s] [INFO] 🎯 [DEBUG] モバイル最終確認2: '【オルツ(260A)】-16.67% 決算延期と上場廃止確定で失望売り加速、流動性低下が顕著

★今...'
[08:12:11] [20.85s] [INFO] ✅ テキスト設定成功確認（試行2）
[08:12:11] [20.86s] [INFO] ✅ [NEW_STRATEGY] テキスト復元完了
[08:12:11] [20.87s] [INFO] 📝 [TEXT_CHECK] テキスト復元後: テキスト長=725, 内容='【オルツ(260A)】-16.67% 決算延期と上場廃止確定で失望売り加速、流動性低下が顕著

★今...'
[08:12:11] [20.87s] [INFO] 📝 [NEW_STRATEGY] 最終テキスト入力状態チェック
[08:12:11] [20.88s] [INFO] 📝 [TEXT_CHECK] 投稿前最終テキスト確認: テキスト長=725, 内容='【オルツ(260A)】-16.67% 決算延期と上場廃止確定で失望売り加速、流動性低下が顕著

★今...'
[08:12:11] [20.88s] [INFO] ✅ モバイルテキスト入力完了: 【オルツ(260A)】-16.67% 決算延期と上場廃止確定で失望売り加速、流動性低下が顕著

★今...
[08:12:11] [20.88s] [INFO] 🚀 [強化版] 実投稿モード: 確実な投稿ボタン探索開始
[08:12:11] [20.88s] [INFO] 🎯 [強化版] 投稿ボタン探索 試行 1/3
[08:12:11] [20.90s] [INFO] 📍 [強化版] ボタン発見: [data-testid="tweetButton"]
[08:12:11] [20.90s] [INFO]    可視: True, 有効: True, 接続: True
[08:12:11] [20.90s] [INFO]    テキスト: 'ポストする'
[08:12:11] [20.90s] [INFO] ✅ [強化版] 有効な投稿ボタン確認: [data-testid="tweetButton"]
[08:12:11] [20.90s] [INFO] 🎯 [強化版] 投稿ボタンクリック試行 1: [data-testid="tweetButton"]
[08:12:11] [20.91s] [INFO] 🔍 [CRITICAL] 投稿ボタンクリック直前の最終テキスト確認
[08:12:11] [20.91s] [INFO] 📝 [TEXT_CHECK] 投稿直前最終確認: テキスト長=725, 内容='【オルツ(260A)】-16.67% 決算延期と上場廃止確定で失望売り加速、流動性低下が顕著

★今...'
[08:12:11] [20.91s] [INFO] ✅ [CRITICAL] 投稿直前テキスト確認OK: 725文字
[08:12:11] [20.92s] [INFO] 🔄 [強化版] クリック方法試行: mobile_tap
[08:12:11] [21.10s] [INFO] タップ成功
[08:12:11] [21.10s] [INFO] モバイル風待機: 1.96秒
[08:12:13] [23.07s] [INFO] ⚠️ [強化版] mobile_tapクリック効果なし、次の方法を試行
[08:12:13] [23.07s] [INFO] 🔄 [強化版] クリック方法試行: direct_click
[08:12:13] [23.10s] [INFO] ❌ [強化版] direct_clickクリックエラー: ElementHandle.click: Element is not attached to the DOM
Call log:
  - attempting click action
    - waiting for element to be visible, enabled and stable

[08:12:13] [23.10s] [INFO] 🔄 [強化版] クリック方法試行: js_click
[08:12:13] [23.11s] [INFO] モバイル風待機: 1.92秒
[08:12:15] [25.03s] [INFO] ✅ [強化版] js_clickクリック成功確認
[08:12:15] [25.03s] [INFO] 🎉 [強化版] [ポストボタン確実クリック済み] 投稿処理成功
[08:12:15] [25.03s] [INFO] モバイル風待機: 3.73秒
[08:12:19] [28.77s] [INFO] 🔍 [POST-VALIDATION] 投稿完了後の最終確認開始
[08:12:19] [28.77s] [INFO] 📍 [POST-VALIDATION] 投稿後URL: https://x.com/home
[08:12:19] [28.77s] [INFO] ✅ [POST-VALIDATION] ホーム画面への遷移確認
[08:12:19] [28.79s] [INFO] 📢 [POST-VALIDATION] 成功インジケーター発見: 3
[08:12:19] [28.79s] [INFO] ============================================================
[08:12:19] [28.79s] [INFO] 📊 [FINAL-SUMMARY] 投稿処理完了サマリー
[08:12:19] [28.79s] [INFO] ============================================================
[08:12:19] [28.79s] [INFO] 📝 投稿メッセージ長: 725文字
[08:12:19] [28.79s] [INFO] 📝 投稿メッセージ内容: 【オルツ(260A)】-16.67% 決算延期と上場廃止確定で失望売り加速、流動性低下が顕著

★今週の総括  
オルツ株は週初から急落傾向が継続し、今週の値動き幅は約17%と大幅な下落を記録。主な要因は決算発表延期の発表と東証の上場廃止日（8月31日）が迫る中での民事再生法適用申請である。これにより投資家の失望売りが加速し、取引は閑散化、需給悪化が顕著となった。

AI関連セクター全体が堅調な中...
[08:12:19] [28.79s] [INFO] 📷 画像アップロード: なし
[08:12:19] [28.79s] [INFO] 🌐 最終URL: https://x.com/home
[08:12:19] [28.79s] [INFO] ⏰ 投稿完了時刻: 2025-08-18 08:12:19
[08:12:19] [28.79s] [INFO] ============================================================
[08:12:19] [28.79s] [INFO] ✅ === モバイル版投稿完了成功！ ===
[08:12:19] [28.79s] [INFO] 🧹 モバイルブラウザ クリーンアップ開始
[08:12:19] [29.37s] [INFO] ✅ モバイルコンテキストクローズ完了
[08:12:19] [29.39s] [INFO] ✅ Playwrightストップ完了

=== モバイルTwitterデバッグログ終了 ===
終了時刻: 2025-08-18 08:12:19
総実行時間: 29.39秒
============================================================
[08:12:19] [29.39s] [INFO] 📋 詳細デバッグログ保存完了: /Users/takahashimika/Dropbox/web_kabu_ai/python/twitter_auto_post/debug_logs/mobile_twitter_debug_20250818_081150.log
