=== モバイルTwitterデバッグログ開始 ===
開始時刻: 2025-08-17 17:26:41
ログファイル: /Users/takahashimika/Dropbox/web_kabu_ai/python/twitter_auto_post/debug_logs/mobile_twitter_debug_20250817_172641.log
============================================================

[17:26:41] [0.00s] [INFO] モバイルプロファイルディレクトリ: /Users/takahashimika/Dropbox/web_kabu_ai/twitter_mobile_profile
[17:26:41] [0.00s] [INFO] 📱 モバイルブラウザ起動開始
[17:26:42] [1.19s] [INFO] ✅ Playwright インスタンス作成完了
[17:26:42] [1.19s] [INFO] ✅ 既存モバイルプロファイル発見: /Users/takahashimika/Dropbox/web_kabu_ai/twitter_mobile_profile
[17:26:42] [1.19s] [INFO] モバイル引数設定完了: 26個
[17:26:42] [1.19s] [INFO] モバイルコンテキスト作成中...
[17:26:45] [4.40s] [INFO] ✅ モバイルコンテキスト作成完了
[17:26:45] [4.40s] [INFO] 既存モバイルページを使用
[17:26:45] [4.44s] [INFO] ✅ モバイル偽装スクリプト適用完了
[17:26:45] [4.44s] [INFO] 📱 モバイルブラウザ起動成功
[17:26:45] [4.44s] [INFO] 📱 モバイル版Twitterに移動開始
[17:26:45] [4.44s] [INFO] アクセス先: https://mobile.twitter.com
[17:26:48] [6.96s] [INFO] ✅ ページ移動完了
[17:26:48] [6.96s] [INFO] モバイル風待機: 1.60秒
[17:26:49] [8.57s] [INFO] 現在のURL: https://x.com/
[17:26:49] [8.57s] [INFO] ページタイトル: ホーム / X
[17:26:49] [8.58s] [INFO] モバイルログイン状態チェック - URL: https://x.com/home
[17:26:49] [8.63s] [INFO] ✅ モバイルログイン要素発見: nav[role="navigation"]
[17:26:50] [8.65s] [INFO] ✅ モバイルログイン要素発見: [data-testid="primaryColumn"]
[17:26:50] [8.66s] [INFO] ✅ モバイルログイン要素発見: [aria-label*="ホーム"], [aria-label*="Home"]
[17:26:50] [8.66s] [INFO] ✅ モバイルログイン確認 (3個の要素)
[17:26:50] [8.66s] [INFO] 📱 モバイルツイート投稿開始 (テスト: True)
[17:26:50] [8.66s] [INFO] 投稿処理開始時のURL: https://x.com/home
[17:26:50] [8.68s] [INFO] ページ上のボタン要素数: 8
[17:26:50] [8.71s] [INFO] ボタン1: text='', aria-label='プロフィールメニュー めいめい＠株わかりやすくまとめ・解説', testid='DashButton_ProfileIcon_Link', href=''
[17:26:50] [8.73s] [INFO] ボタン2: text='', aria-label='前', testid='', href=''
[17:26:50] [8.75s] [INFO] ボタン3: text='', aria-label='次へ', testid='', href=''
[17:26:50] [8.77s] [INFO] ボタン4: text='', aria-label='前', testid='', href=''
[17:26:50] [8.79s] [INFO] ボタン5: text='', aria-label='次へ', testid='', href=''
[17:26:50] [8.81s] [INFO] ボタン6: text='新しいポストを表示', aria-label='新しいポストがあります。新しいポストに移動するには、ピリオド', testid='', href=''
[17:26:50] [8.83s] [INFO] ボタン7: text='', aria-label='ホームタイムラインに移動', testid='', href=''
[17:26:50] [8.85s] [INFO] ボタン8: text='', aria-label='トレンドに移動', testid='', href=''
[17:26:50] [8.86s] [INFO] モバイル投稿ボタン発見: [data-testid="FloatingActionButtons_Tweet_Button"]
[17:26:50] [8.86s] [INFO] モバイル風待機: 1.96秒
[17:26:52] [11.04s] [INFO] タップ成功
[17:26:52] [11.04s] [INFO] モバイル風待機: 2.35秒
[17:26:54] [13.40s] [INFO] モバイルテキストエリア発見: [data-testid="tweetTextarea_0"]
[17:26:54] [13.40s] [INFO] 📝 テキスト入力開始前の状態チェック
[17:26:54] [13.43s] [INFO] 📝 [TEXT_CHECK] テキスト入力開始前: テキスト長=0, 内容=''
[17:26:54] [13.43s] [INFO] 🎯 [DEBUG] mobile_type開始: clear_first=False, text='【ＮＴＴ(9432)】0.62%　週幅2.53円、週間騰落率+0.62%　堅調な需給改善とAI提携期...'
[17:26:54] [13.43s] [INFO] モバイル風待機: 0.42秒
[17:26:55] [13.86s] [INFO] 📝 JavaScript直接入力開始: '【ＮＴＴ(9432)】0.62%　週幅2.53円、週間騰落率+0.62%　堅調な需給改善とAI提携期...'
[17:26:55] [13.88s] [INFO] 🔧 [DEBUG] モバイルJS設定結果 - before: '', after: '【ＮＴＴ(9432)】0.62%　週幅2.53円、週間騰落率+0.62%　堅調な需給改善とAI提携期...'
[17:26:55] [13.88s] [INFO] ✅ JavaScript直接入力完了: '【ＮＴＴ(9432)】0.62%　週幅2.53円、週間騰落率+0.62%　堅調な需給改善とAI提携期...'
[17:26:55] [13.88s] [INFO] モバイル風待機: 0.73秒
[17:26:55] [14.61s] [INFO] 🎯 [DEBUG] モバイル最終結果: '【ＮＴＴ(9432)】0.62%　週幅2.53円、週間騰落率+0.62%　堅調な需給改善とAI提携期...'
[17:26:55] [14.61s] [INFO] 📝 テキスト入力完了後の状態チェック
[17:26:55] [14.62s] [INFO] 📝 [TEXT_CHECK] テキスト入力完了後: テキスト長=629, 内容='【ＮＴＴ(9432)】0.62%　週幅2.53円、週間騰落率+0.62%　堅調な需給改善とAI提携期...'
[17:26:55] [14.62s] [INFO] ✅ モバイルテキスト入力完了: 【ＮＴＴ(9432)】0.62%　週幅2.53円、週間騰落率+0.62%　堅調な需給改善とAI提携期...
[17:26:55] [14.62s] [INFO] 🚫 実投稿モード: 投稿直前で停止（投稿処理はコメントアウト中）
[17:26:55] [14.62s] [INFO] ✅ モバイルテキスト入力完了
[17:26:55] [14.62s] [INFO] 🧹 モバイルブラウザ クリーンアップ開始
[17:26:56] [15.22s] [INFO] ✅ モバイルコンテキストクローズ完了
[17:26:56] [15.25s] [INFO] ✅ Playwrightストップ完了

=== モバイルTwitterデバッグログ終了 ===
終了時刻: 2025-08-17 17:26:56
総実行時間: 15.25秒
============================================================
[17:26:56] [15.25s] [INFO] 📋 詳細デバッグログ保存完了: /Users/takahashimika/Dropbox/web_kabu_ai/python/twitter_auto_post/debug_logs/mobile_twitter_debug_20250817_172641.log
