=== モバイルTwitterデバッグログ開始 ===
開始時刻: 2025-08-17 22:58:49
ログファイル: /Users/takahashimika/Dropbox/web_kabu_ai/python/twitter_auto_post/debug_logs/mobile_twitter_debug_20250817_225849.log
============================================================

[22:58:49] [0.00s] [INFO] モバイルプロファイルディレクトリ: /Users/takahashimika/Dropbox/web_kabu_ai/twitter_mobile_profile
[22:58:49] [0.00s] [INFO] 📱 モバイルブラウザ起動開始
[22:58:50] [1.24s] [INFO] ✅ Playwright インスタンス作成完了
[22:58:50] [1.24s] [INFO] ✅ 既存モバイルプロファイル発見: /Users/takahashimika/Dropbox/web_kabu_ai/twitter_mobile_profile
[22:58:50] [1.24s] [INFO] モバイル引数設定完了: 26個
[22:58:50] [1.24s] [INFO] モバイルコンテキスト作成中...
[22:58:54] [4.67s] [INFO] ✅ モバイルコンテキスト作成完了
[22:58:54] [4.67s] [INFO] 既存モバイルページを使用
[22:58:54] [4.70s] [INFO] ✅ モバイル偽装スクリプト適用完了
[22:58:54] [4.70s] [INFO] 📱 モバイルブラウザ起動成功
[22:58:54] [4.70s] [INFO] 📱 モバイル版Twitterに移動開始
[22:58:54] [4.70s] [INFO] アクセス先: https://mobile.twitter.com
[22:58:56] [6.64s] [INFO] ✅ ページ移動完了
[22:58:56] [6.64s] [INFO] モバイル風待機: 0.90秒
[22:58:57] [7.58s] [INFO] 現在のURL: https://x.com/
[22:58:57] [7.58s] [INFO] ページタイトル: X
[22:58:57] [7.58s] [INFO] モバイルログイン状態チェック - URL: https://x.com/home
[22:58:57] [7.86s] [INFO] ✅ モバイルログイン要素発見: nav[role="navigation"]
[22:58:57] [7.90s] [INFO] 📱 モバイル版手動ログイン待機開始（タイムアウト: 200秒）
[22:58:57] [7.90s] [INFO] モバイルログイン状態チェック - URL: https://x.com/home
[22:58:57] [8.01s] [INFO] ✅ モバイルログイン要素発見: nav[role="navigation"]
[22:58:57] [8.06s] [INFO] ✅ モバイルログイン要素発見: [data-testid="primaryColumn"]
[22:58:57] [8.15s] [INFO] ✅ モバイルログイン要素発見: [aria-label*="ホーム"], [aria-label*="Home"]
[22:58:57] [8.15s] [INFO] ✅ モバイルログイン確認 (3個の要素)
[22:58:57] [8.15s] [INFO] ✅ === モバイル版ログイン完了確認 === (0.3秒)
[22:58:57] [8.15s] [INFO] 📱 モバイルツイート投稿開始 (テスト: True)
[22:58:57] [8.15s] [INFO] 投稿処理開始時のURL: https://x.com/home
[22:58:57] [8.17s] [INFO] ページ上のボタン要素数: 8
[22:58:57] [8.20s] [INFO] ボタン1: text='', aria-label='プロフィールメニュー めいめい＠株わかりやすくまとめ・解説', testid='DashButton_ProfileIcon_Link', href=''
[22:58:57] [8.22s] [INFO] ボタン2: text='', aria-label='前', testid='', href=''
[22:58:57] [8.24s] [INFO] ボタン3: text='', aria-label='次へ', testid='', href=''
[22:58:57] [8.27s] [INFO] ボタン4: text='', aria-label='前', testid='', href=''
[22:58:57] [8.29s] [INFO] ボタン5: text='', aria-label='次へ', testid='', href=''
[22:58:57] [8.31s] [INFO] ボタン6: text='新しいポストを表示', aria-label='新しいポストがあります。新しいポストに移動するには、ピリオド', testid='', href=''
[22:58:57] [8.33s] [INFO] ボタン7: text='', aria-label='ホームタイムラインに移動', testid='', href=''
[22:58:57] [8.35s] [INFO] ボタン8: text='', aria-label='トレンドに移動', testid='', href=''
[22:58:57] [8.36s] [INFO] モバイル投稿ボタン発見: [data-testid="FloatingActionButtons_Tweet_Button"]
[22:58:57] [8.36s] [INFO] モバイル風待機: 1.64秒
[22:59:00] [10.92s] [INFO] タップ成功
[22:59:00] [10.92s] [INFO] モバイル風待機: 2.10秒
[22:59:02] [13.03s] [INFO] モバイルテキストエリア発見: [data-testid="tweetTextarea_0"]
[22:59:02] [13.03s] [INFO] 📝 テキスト入力開始前の状態チェック
[22:59:02] [13.07s] [INFO] 📝 [TEXT_CHECK] テキスト入力開始前: テキスト長=0, 内容=''
[22:59:02] [13.07s] [INFO] 🎯 [DEBUG] mobile_type開始: clear_first=False, text='【カバー(5253)】-0.88% 今週は決算後の利益率懸念で株価軟調、米株安も影響

★今週の総括...'
[22:59:02] [13.07s] [INFO] モバイル風待機: 0.27秒
[22:59:02] [13.35s] [INFO] 📝 JavaScript直接入力開始: '【カバー(5253)】-0.88% 今週は決算後の利益率懸念で株価軟調、米株安も影響

★今週の総括...'
[22:59:02] [13.37s] [INFO] 🔧 [DEBUG] モバイルJS設定結果 - before: '', after: '【カバー(5253)】-0.88% 今週は決算後の利益率懸念で株価軟調、米株安も影響

★今週の総括...'
[22:59:02] [13.37s] [INFO] ✅ JavaScript直接入力完了: '【カバー(5253)】-0.88% 今週は決算後の利益率懸念で株価軟調、米株安も影響

★今週の総括...'
[22:59:02] [13.37s] [INFO] モバイル風待機: 0.37秒
[22:59:03] [13.74s] [INFO] 🎯 [DEBUG] モバイル最終結果: '【カバー(5253)】-0.88% 今週は決算後の利益率懸念で株価軟調、米株安も影響

★今週の総括...'
[22:59:03] [13.74s] [INFO] 📝 テキスト入力完了後の状態チェック
[22:59:03] [13.75s] [INFO] 📝 [TEXT_CHECK] テキスト入力完了後: テキスト長=639, 内容='【カバー(5253)】-0.88% 今週は決算後の利益率懸念で株価軟調、米株安も影響

★今週の総括...'
[22:59:03] [13.75s] [INFO] ✅ モバイルテキスト入力完了: 【カバー(5253)】-0.88% 今週は決算後の利益率懸念で株価軟調、米株安も影響

★今週の総括...
[22:59:03] [13.75s] [INFO] 🚫 実投稿モード: 投稿直前で停止（投稿処理はコメントアウト中）
[22:59:03] [13.75s] [INFO] ✅ モバイルテキスト入力完了
[22:59:03] [13.75s] [INFO] 🧹 モバイルブラウザ クリーンアップ開始
[22:59:03] [14.19s] [INFO] ✅ モバイルコンテキストクローズ完了
[22:59:03] [14.21s] [INFO] ✅ Playwrightストップ完了

=== モバイルTwitterデバッグログ終了 ===
終了時刻: 2025-08-17 22:59:03
総実行時間: 14.21秒
============================================================
[22:59:03] [14.21s] [INFO] 📋 詳細デバッグログ保存完了: /Users/takahashimika/Dropbox/web_kabu_ai/python/twitter_auto_post/debug_logs/mobile_twitter_debug_20250817_225849.log
