=== モバイルTwitterデバッグログ開始 ===
開始時刻: 2025-08-17 20:46:26
ログファイル: /Users/takahashimika/Dropbox/web_kabu_ai/python/twitter_auto_post/debug_logs/mobile_twitter_debug_20250817_204626.log
============================================================

[20:46:26] [0.00s] [INFO] モバイルプロファイルディレクトリ: /Users/takahashimika/Dropbox/web_kabu_ai/twitter_mobile_profile
[20:46:26] [0.00s] [INFO] 📱 モバイルブラウザ起動開始
[20:46:27] [1.15s] [INFO] ✅ Playwright インスタンス作成完了
[20:46:27] [1.15s] [INFO] ✅ 既存モバイルプロファイル発見: /Users/takahashimika/Dropbox/web_kabu_ai/twitter_mobile_profile
[20:46:27] [1.15s] [INFO] モバイル引数設定完了: 26個
[20:46:27] [1.15s] [INFO] モバイルコンテキスト作成中...
[20:46:31] [4.65s] [INFO] ✅ モバイルコンテキスト作成完了
[20:46:31] [4.65s] [INFO] 既存モバイルページを使用
[20:46:31] [4.67s] [INFO] ✅ モバイル偽装スクリプト適用完了
[20:46:31] [4.67s] [INFO] 📱 モバイルブラウザ起動成功
[20:46:31] [4.68s] [INFO] 📱 モバイル版Twitterに移動開始
[20:46:31] [4.68s] [INFO] アクセス先: https://mobile.twitter.com
[20:46:34] [7.33s] [INFO] ✅ ページ移動完了
[20:46:34] [7.33s] [INFO] モバイル風待機: 1.29秒
[20:46:35] [8.65s] [INFO] 現在のURL: https://x.com/
[20:46:35] [8.65s] [INFO] ページタイトル: ホーム / X
[20:46:35] [8.65s] [INFO] モバイルログイン状態チェック - URL: https://x.com/home
[20:46:35] [8.80s] [INFO] ✅ モバイルログイン要素発見: nav[role="navigation"]
[20:46:35] [8.82s] [INFO] ✅ モバイルログイン要素発見: [data-testid="primaryColumn"]
[20:46:35] [8.85s] [INFO] ✅ モバイルログイン要素発見: [aria-label*="ホーム"], [aria-label*="Home"]
[20:46:35] [8.85s] [INFO] ✅ モバイルログイン確認 (3個の要素)
[20:46:35] [8.85s] [INFO] 📱 モバイルツイート投稿開始 (テスト: True)
[20:46:35] [8.85s] [INFO] 投稿処理開始時のURL: https://x.com/home
[20:46:35] [8.90s] [INFO] ページ上のボタン要素数: 8
[20:46:35] [8.94s] [INFO] ボタン1: text='', aria-label='プロフィールメニュー めいめい＠株わかりやすくまとめ・解説', testid='DashButton_ProfileIcon_Link', href=''
[20:46:35] [8.97s] [INFO] ボタン2: text='', aria-label='前', testid='', href=''
[20:46:35] [9.00s] [INFO] ボタン3: text='', aria-label='次へ', testid='', href=''
[20:46:35] [9.02s] [INFO] ボタン4: text='', aria-label='前', testid='', href=''
[20:46:35] [9.05s] [INFO] ボタン5: text='', aria-label='次へ', testid='', href=''
[20:46:35] [9.08s] [INFO] ボタン6: text='新しいポストを表示', aria-label='新しいポストがあります。新しいポストに移動するには、ピリオド', testid='', href=''
[20:46:35] [9.10s] [INFO] ボタン7: text='', aria-label='ホームタイムラインに移動', testid='', href=''
[20:46:35] [9.12s] [INFO] ボタン8: text='', aria-label='トレンドに移動', testid='', href=''
[20:46:35] [9.14s] [INFO] モバイル投稿ボタン発見: [data-testid="FloatingActionButtons_Tweet_Button"]
[20:46:35] [9.14s] [INFO] モバイル風待機: 1.81秒
[20:46:38] [11.57s] [INFO] タップ成功
[20:46:38] [11.57s] [INFO] モバイル風待機: 2.29秒
[20:46:40] [13.88s] [INFO] モバイルテキストエリア発見: [data-testid="tweetTextarea_0"]
[20:46:40] [13.88s] [INFO] 📷 画像アップロード開始: 1枚
[20:46:40] [13.91s] [INFO] 📝 [TEXT_CHECK] 画像アップロード前: テキスト長=0, 内容=''
[20:46:40] [13.91s] [INFO] 画像1/1をアップロード中: /Users/takahashimika/Dropbox/web_kabu_ai/temp/base64_images/mobile_chart_e9cced15-6fc9-446c-a9d8-719523f1c0f0.png
[20:46:40] [13.93s] [INFO] 📝 [TEXT_CHECK] プログラマティック画像アップロード前_1: テキスト長=0, 内容=''
[20:46:40] [13.93s] [INFO] 📷 ファイルダイアログ回避モードで画像アップロード開始
[20:46:40] [13.94s] [INFO] ✅ 画像ファイル読み込み完了: 1473644 bytes
[20:46:40] [13.94s] [INFO] 🚀 プログラマティック画像アップロード実行: mobile_chart_e9cced15-6fc9-446c-a9d8-719523f1c0f0.png
[20:46:40] [14.12s] [INFO] ✅ プログラマティック画像アップロード成功: プログラマティック画像設定完了（ダイアログ回避）
[20:46:40] [14.12s] [INFO]   - Twitterターゲット発見: True
[20:46:40] [14.12s] [INFO]   - ファイル数: 0
[20:46:40] [14.12s] [INFO] モバイル風待機: 2.34秒
[20:46:43] [16.49s] [INFO] 📝 [TEXT_CHECK] プログラマティック画像アップロード後_1: テキスト長=0, 内容=''
[20:46:43] [16.51s] [INFO] ✅ 画像プレビュー確認: .r-1p0dtai img
[20:46:43] [16.51s] [INFO] ✅ 画像が正常にプログラマティックアップロードされました
[20:46:43] [16.51s] [INFO] 📷 プログラマティック画像アップロード処理完了: 1枚処理
[20:46:43] [16.55s] [INFO] 📝 [TEXT_CHECK] 画像アップロード後: テキスト長=0, 内容=''
[20:46:43] [16.55s] [INFO] 📝 テキスト入力開始前の状態チェック
[20:46:43] [16.57s] [INFO] 📝 [TEXT_CHECK] テキスト入力開始前: テキスト長=0, 内容=''
[20:46:43] [16.57s] [INFO] 🎯 [DEBUG] mobile_type開始: clear_first=False, text='【トヨタ自動車(7203)】1.75% 上昇、F1復帰発表と米ADR好調が追い風 米株下落も堅調維持...'
[20:46:43] [16.58s] [INFO] モバイル風待機: 0.31秒
[20:46:43] [16.89s] [INFO] 📝 JavaScript直接入力開始: '【トヨタ自動車(7203)】1.75% 上昇、F1復帰発表と米ADR好調が追い風 米株下落も堅調維持...'
[20:46:43] [16.91s] [INFO] 🔧 [DEBUG] モバイルJS設定結果 - before: '', after: '【トヨタ自動車(7203)】1.75% 上昇、F1復帰発表と米ADR好調が追い風 米株下落も堅調維持...'
[20:46:43] [16.91s] [INFO] ✅ JavaScript直接入力完了: '【トヨタ自動車(7203)】1.75% 上昇、F1復帰発表と米ADR好調が追い風 米株下落も堅調維持...'
[20:46:43] [16.91s] [INFO] モバイル風待機: 0.80秒
[20:46:44] [17.72s] [INFO] 🎯 [DEBUG] モバイル最終結果: ''
[20:46:44] [17.72s] [INFO] 📝 テキスト入力完了後の状態チェック
[20:46:44] [17.75s] [INFO] 📝 [TEXT_CHECK] テキスト入力完了後: テキスト長=0, 内容=''
[20:46:44] [17.75s] [INFO] ✅ モバイルテキスト入力完了: 【トヨタ自動車(7203)】1.75% 上昇、F1復帰発表と米ADR好調が追い風 米株下落も堅調維持...
[20:46:44] [17.75s] [INFO] 🚫 実投稿モード: 投稿直前で停止（投稿処理はコメントアウト中）
[20:46:44] [17.75s] [INFO] ✅ モバイルテキスト入力完了
[20:46:44] [17.75s] [INFO] 🧹 モバイルブラウザ クリーンアップ開始
[20:46:45] [18.34s] [INFO] ✅ モバイルコンテキストクローズ完了
[20:46:45] [18.38s] [INFO] ✅ Playwrightストップ完了

=== モバイルTwitterデバッグログ終了 ===
終了時刻: 2025-08-17 20:46:45
総実行時間: 18.38秒
============================================================
[20:46:45] [18.38s] [INFO] 📋 詳細デバッグログ保存完了: /Users/takahashimika/Dropbox/web_kabu_ai/python/twitter_auto_post/debug_logs/mobile_twitter_debug_20250817_204626.log
