=== モバイルTwitterデバッグログ開始 ===
開始時刻: 2025-08-22 15:10:48
ログファイル: /Users/takahashimika/Dropbox/web_kabu_ai/python/twitter_auto_post/debug_logs/mobile_twitter_debug_20250822_151048.log
============================================================

[15:10:48] [0.00s] [INFO] モバイルプロファイルディレクトリ: /Users/takahashimika/Dropbox/web_kabu_ai/twitter_mobile_profile
[15:10:48] [0.00s] [INFO] 📱 モバイルブラウザ起動開始
[15:10:49] [1.32s] [INFO] ✅ Playwright インスタンス作成完了
[15:10:49] [1.32s] [INFO] ✅ 既存モバイルプロファイル発見: /Users/takahashimika/Dropbox/web_kabu_ai/twitter_mobile_profile
[15:10:49] [1.32s] [INFO] モバイル引数設定完了: 26個
[15:10:49] [1.32s] [INFO] モバイルコンテキスト作成中...
[15:10:53] [5.50s] [INFO] ✅ モバイルコンテキスト作成完了
[15:10:53] [5.50s] [INFO] 既存モバイルページを使用
[15:10:53] [5.56s] [INFO] ✅ モバイル偽装スクリプト適用完了
[15:10:53] [5.56s] [INFO] 📱 モバイルブラウザ起動成功
[15:10:53] [5.56s] [INFO] 📱 モバイル版Twitterに移動開始
[15:10:53] [5.56s] [INFO] アクセス先: https://mobile.twitter.com
[15:10:57] [8.85s] [INFO] ✅ ページ移動完了
[15:10:57] [8.85s] [INFO] モバイル風待機: 1.73秒
[15:10:59] [10.96s] [INFO] 現在のURL: https://x.com/
[15:10:59] [10.96s] [INFO] ページタイトル: ホーム / X
[15:10:59] [10.96s] [INFO] モバイルログイン状態チェック - URL: https://x.com/home
[15:10:59] [11.15s] [INFO] ✅ モバイルログイン要素発見: nav[role="navigation"]
[15:10:59] [11.20s] [INFO] ✅ モバイルログイン要素発見: [data-testid="primaryColumn"]
[15:10:59] [11.23s] [INFO] ✅ モバイルログイン要素発見: [aria-label*="ホーム"], [aria-label*="Home"]
[15:10:59] [11.23s] [INFO] ✅ モバイルログイン確認 (3個の要素)
[15:10:59] [11.23s] [INFO] 📱 モバイルツイート投稿開始 (テスト: False)
[15:10:59] [11.23s] [INFO] 投稿処理開始時のURL: https://x.com/home
[15:10:59] [11.28s] [INFO] ページ上のボタン要素数: 8
[15:10:59] [11.34s] [INFO] ボタン1: text='', aria-label='プロフィールメニュー meiteko', testid='DashButton_ProfileIcon_Link', href=''
[15:10:59] [11.38s] [INFO] ボタン2: text='', aria-label='前', testid='', href=''
[15:10:59] [11.74s] [INFO] ボタン3: text='', aria-label='次へ', testid='', href=''
[15:11:00] [11.78s] [INFO] ボタン4: text='', aria-label='前', testid='', href=''
[15:11:01] [12.79s] [INFO] ボタン5: text='', aria-label='次へ', testid='', href=''
[15:11:02] [14.43s] [INFO] ボタン6: text='新しいポストを表示', aria-label='新しいポストがあります。新しいポストに移動するには、ピリオド', testid='', href=''
[15:11:02] [14.56s] [INFO] ボタン7: text='', aria-label='ホームタイムラインに移動', testid='', href=''
[15:11:02] [14.73s] [INFO] ボタン8: text='', aria-label='トレンドに移動', testid='', href=''
[15:11:03] [14.78s] [INFO] モバイル投稿ボタン発見: [data-testid="FloatingActionButtons_Tweet_Button"]
[15:11:03] [14.78s] [INFO] モバイル風待機: 2.03秒
[15:11:05] [16.82s] [WARNING] タップ失敗、クリックを試行
[15:11:05] [16.82s] [WARNING] クリック失敗、JavaScriptクリックを試行
[15:11:05] [16.82s] [ERROR] 全てのクリック方法が失敗: ElementHandle.evaluate: Target page, context or browser has been closed
[15:11:05] [16.82s] [ERROR] ❌ モバイル投稿ボタンタップ失敗
[15:11:05] [16.82s] [INFO] 🧹 モバイルブラウザ クリーンアップ開始
[15:11:05] [17.57s] [INFO] ✅ モバイルコンテキストクローズ完了
[15:11:05] [17.61s] [INFO] ✅ Playwrightストップ完了

=== モバイルTwitterデバッグログ終了 ===
終了時刻: 2025-08-22 15:11:05
総実行時間: 17.61秒
============================================================
[15:11:05] [17.61s] [INFO] 📋 詳細デバッグログ保存完了: /Users/takahashimika/Dropbox/web_kabu_ai/python/twitter_auto_post/debug_logs/mobile_twitter_debug_20250822_151048.log
