=== モバイルTwitterデバッグログ開始 ===
開始時刻: 2025-09-07 22:32:37
ログファイル: /Users/youmeiyuu/Desktop/kabu_ai/python/twitter_auto_post/debug_logs/mobile_twitter_debug_20250907_223237.log
============================================================

[22:32:37] [0.00s] [INFO] モバイルプロファイルディレクトリ: /Users/youmeiyuu/Desktop/kabu_ai/twitter_mobile_profile
[22:32:37] [0.00s] [INFO] 📱 モバイルブラウザ起動開始
[22:32:38] [0.41s] [INFO] ✅ Playwright インスタンス作成完了
[22:32:38] [0.41s] [INFO] ✅ 既存モバイルプロファイル発見: /Users/youmeiyuu/Desktop/kabu_ai/twitter_mobile_profile
[22:32:38] [0.41s] [INFO] モバイル引数設定完了: 26個
[22:32:38] [0.41s] [INFO] モバイルコンテキスト作成中...
[22:32:40] [2.56s] [INFO] ✅ モバイルコンテキスト作成完了
[22:32:40] [2.56s] [INFO] 既存モバイルページを使用
[22:32:40] [2.58s] [INFO] ✅ モバイル偽装スクリプト適用完了
[22:32:40] [2.58s] [INFO] 📱 モバイルブラウザ起動成功
[22:32:40] [2.58s] [INFO] 📱 モバイル版Twitterに移動開始
[22:32:40] [2.58s] [INFO] アクセス先: https://mobile.twitter.com
[22:32:41] [3.83s] [INFO] ✅ ページ移動完了
[22:32:41] [3.83s] [INFO] モバイル風待機: 2.38秒
[22:32:44] [6.22s] [INFO] 現在のURL: https://x.com/
[22:32:44] [6.22s] [INFO] ページタイトル: ホーム / X
[22:32:44] [6.22s] [INFO] モバイルログイン状態チェック - URL: https://x.com/home
[22:32:44] [6.26s] [INFO] ✅ モバイルログイン要素発見: nav[role="navigation"]
[22:32:44] [6.26s] [INFO] ✅ モバイルログイン要素発見: [data-testid="primaryColumn"]
[22:32:44] [6.27s] [INFO] ✅ モバイルログイン要素発見: [aria-label*="ホーム"], [aria-label*="Home"]
[22:32:44] [6.27s] [INFO] ✅ モバイルログイン確認 (3個の要素)
[22:32:44] [6.27s] [INFO] 📱 モバイルツイート投稿開始 (テスト: False)
[22:32:44] [6.27s] [INFO] 投稿処理開始時のURL: https://x.com/home
[22:32:44] [6.30s] [INFO] ページ上のボタン要素数: 36
[22:32:44] [6.30s] [INFO] ボタン1: text='', aria-label='プロフィールメニュー めいめい＠株わかりやすくまとめ・解説', testid='DashButton_ProfileIcon_Link', href=''
[22:32:44] [6.31s] [INFO] ボタン2: text='', aria-label='前', testid='', href=''
[22:32:44] [6.32s] [INFO] ボタン3: text='', aria-label='次へ', testid='', href=''
[22:32:44] [6.32s] [INFO] ボタン4: text='', aria-label='前', testid='', href=''
[22:32:44] [6.33s] [INFO] ボタン5: text='', aria-label='次へ', testid='', href=''
[22:32:44] [6.34s] [INFO] ボタン6: text='新しいポストを表示', aria-label='新しいポストがあります。新しいポストに移動するには、ピリオド', testid='', href=''
[22:32:44] [6.35s] [INFO] ボタン7: text='', aria-label='ホームタイムラインに移動', testid='', href=''
[22:32:44] [6.35s] [INFO] ボタン8: text='', aria-label='トレンドに移動', testid='', href=''
[22:32:44] [6.36s] [INFO] ボタン9: text='', aria-label='もっと見る', testid='caret', href=''
[22:32:44] [6.36s] [INFO] ボタン10: text='', aria-label='動画を再生. 長さ:   34 秒', testid='', href=''
[22:32:44] [6.36s] [INFO] モバイル投稿ボタン発見: [data-testid="FloatingActionButtons_Tweet_Button"]
[22:32:44] [6.37s] [INFO] モバイル風待機: 1.91秒
[22:32:46] [8.38s] [INFO] タップ成功
[22:32:46] [8.38s] [INFO] モバイル風待機: 2.54秒
[22:32:48] [10.95s] [INFO] モバイルテキストエリア発見: [data-testid="tweetTextarea_0"]
[22:32:48] [10.95s] [INFO] 📝 [SIMPLE_FLOW] 画像先・テキスト後の単純フロー
[22:32:48] [10.95s] [INFO] 📷 [SIMPLE_FLOW] 画像アップロード開始: 1枚
[22:32:48] [10.95s] [INFO] 画像1/1をアップロード中: /Users/youmeiyuu/Desktop/kabu_ai/temp/base64_images/mobile_chart_57474908-69d9-4072-9cef-f3a388a7c847.png
[22:32:48] [10.97s] [INFO] 📝 [TEXT_CHECK] プログラマティック画像アップロード前_1: テキスト長=0, 内容=''
[22:32:48] [10.97s] [INFO] 📷 ファイルダイアログ回避モードで画像アップロード開始
[22:32:48] [10.97s] [INFO] ✅ 画像ファイル読み込み完了: 1550484 bytes
[22:32:48] [10.97s] [INFO] 🚀 プログラマティック画像アップロード実行: mobile_chart_57474908-69d9-4072-9cef-f3a388a7c847.png
[22:32:48] [11.05s] [INFO] ✅ プログラマティック画像アップロード成功: プログラマティック画像設定完了（ダイアログ回避）
[22:32:48] [11.05s] [INFO]   - Twitterターゲット発見: True
[22:32:48] [11.05s] [INFO]   - ファイル数: 0
[22:32:48] [11.05s] [INFO] モバイル風待機: 2.07秒
[22:32:50] [13.15s] [INFO] 📝 [TEXT_CHECK] プログラマティック画像アップロード後_1: テキスト長=0, 内容=''
[22:32:50] [13.17s] [INFO] ✅ 画像プレビュー確認: .r-1p0dtai img
[22:32:50] [13.17s] [INFO] ✅ 画像が正常にプログラマティックアップロードされました
[22:32:50] [13.17s] [INFO] 📷 プログラマティック画像アップロード処理完了: 1枚処理
[22:32:50] [13.17s] [INFO] モバイル風待機: 1.03秒
[22:32:52] [14.20s] [INFO] 📝 [SIMPLE_FLOW] テキスト入力（1回のみ）
[22:32:52] [14.21s] [INFO] ⚡ [ULTRA_TYPE] 高速1文字1文字タイピング開始: 627文字
[22:32:52] [14.21s] [INFO] モバイル風待機: 0.27秒
[22:33:01] [23.94s] [INFO] ⚡ [ULTRA_TYPE] 高速タイピング完了: 9.452秒 (66.3文字/秒)
[22:33:01] [24.05s] [INFO] ✅ [ULTRA_TYPE] 高速タイピング成功: 627文字入力完了
[22:33:01] [24.05s] [INFO] 📝 [ULTRA_TYPE] 入力内容: 【リミックスポイント(3825)】-1.88% 今週の変動幅約340円台～370円台、週間騰落率-1...
[22:33:01] [24.05s] [INFO] 🎯 [SIMPLE_FLOW] テキストエリアにフォーカス維持
[22:33:01] [24.06s] [INFO] モバイル風待機: 0.67秒
[22:33:02] [24.73s] [INFO] ✅ モバイルテキスト入力完了: 【リミックスポイント(3825)】-1.88% 今週の変動幅約340円台～370円台、週間騰落率-1...
[22:33:02] [24.73s] [INFO] 🚀 [強化版] 実投稿モード: 確実な投稿ボタン探索開始
[22:33:02] [24.73s] [INFO] 🎯 [強化版] 投稿ボタン探索 試行 1/3
[22:33:02] [24.76s] [INFO] 📍 [強化版] ボタン発見: [data-testid="tweetButton"]
[22:33:02] [24.76s] [INFO]    可視: True, 有効: True, 接続: True
[22:33:02] [24.76s] [INFO]    テキスト: 'ポストする'
[22:33:02] [24.76s] [INFO] ✅ [強化版] 有効な投稿ボタン確認: [data-testid="tweetButton"]
[22:33:02] [24.76s] [INFO] 🎯 [SIMPLE_FLOW] 投稿ボタンクリック試行 1: [data-testid="tweetButton"]
[22:33:02] [24.76s] [INFO] 🎯 [SIMPLE_FLOW] フォーカス維持したままJSクリック
[22:33:02] [24.86s] [INFO] ✅ [SIMPLE_FLOW] JSクリック成功（フォーカス維持）
[22:33:02] [24.86s] [INFO] 🎉 [強化版] [ポストボタン確実クリック済み] 投稿処理成功
[22:33:02] [24.86s] [INFO] モバイル風待機: 4.29秒
[22:33:06] [29.15s] [INFO] 🔍 [POST-VALIDATION] 投稿完了後の最終確認開始
[22:33:06] [29.15s] [INFO] 📍 [POST-VALIDATION] 投稿後URL: https://x.com/compose/post
[22:33:06] [29.15s] [INFO] ✅ [POST-VALIDATION] ホーム画面への遷移確認
[22:33:06] [29.16s] [INFO] 📢 [POST-VALIDATION] 成功インジケーター発見: ポストが送信されました。編集できる時間は1時間以内です。
表示
[22:33:06] [29.16s] [INFO] ============================================================
[22:33:06] [29.16s] [INFO] 📊 [FINAL-SUMMARY] 投稿処理完了サマリー
[22:33:06] [29.16s] [INFO] ============================================================
[22:33:06] [29.16s] [INFO] 📝 投稿メッセージ長: 627文字
[22:33:06] [29.16s] [INFO] 📝 投稿メッセージ内容: 【リミックスポイント(3825)】-1.88% 今週の変動幅約340円台～370円台、週間騰落率-1.88%：業績不透明感と米国株安で軟調推移

★今週の総括
今週のリミックスポイントは約340円台から370円台で推移し、小幅ながら軟調な値動きとなった。社長のストックオプション行使期限を11月に控え、進捗や具体的な業績報告の不足が投資家心理を冷やしている。

暗号資産セクター全体の不透明感に加え、...
[22:33:06] [29.16s] [INFO] 📷 画像アップロード: あり
[22:33:06] [29.16s] [INFO] 🌐 最終URL: https://x.com/compose/post
[22:33:06] [29.16s] [INFO] ⏰ 投稿完了時刻: 2025-09-07 22:33:06
[22:33:06] [29.16s] [INFO] ============================================================
[22:33:06] [29.17s] [INFO] ✅ === モバイル版投稿完了成功！ ===
[22:33:06] [29.17s] [INFO] 🧹 モバイルブラウザ クリーンアップ開始
[22:33:07] [29.70s] [INFO] ✅ モバイルコンテキストクローズ完了
[22:33:07] [29.71s] [INFO] ✅ Playwrightストップ完了

=== モバイルTwitterデバッグログ終了 ===
終了時刻: 2025-09-07 22:33:07
総実行時間: 29.71秒
============================================================
[22:33:07] [29.71s] [INFO] 📋 詳細デバッグログ保存完了: /Users/youmeiyuu/Desktop/kabu_ai/python/twitter_auto_post/debug_logs/mobile_twitter_debug_20250907_223237.log
