=== モバイルTwitterデバッグログ開始 ===
開始時刻: 2025-08-18 08:27:16
ログファイル: /Users/takahashimika/Dropbox/web_kabu_ai/python/twitter_auto_post/debug_logs/mobile_twitter_debug_20250818_082716.log
============================================================

[08:27:16] [0.00s] [INFO] モバイルプロファイルディレクトリ: /Users/takahashimika/Dropbox/web_kabu_ai/twitter_mobile_profile
[08:27:16] [0.00s] [INFO] 📱 モバイルブラウザ起動開始
[08:27:17] [1.12s] [INFO] ✅ Playwright インスタンス作成完了
[08:27:17] [1.12s] [INFO] ✅ 既存モバイルプロファイル発見: /Users/takahashimika/Dropbox/web_kabu_ai/twitter_mobile_profile
[08:27:17] [1.12s] [INFO] モバイル引数設定完了: 26個
[08:27:17] [1.12s] [INFO] モバイルコンテキスト作成中...
[08:27:20] [4.26s] [INFO] ✅ モバイルコンテキスト作成完了
[08:27:20] [4.26s] [INFO] 既存モバイルページを使用
[08:27:20] [4.29s] [INFO] ✅ モバイル偽装スクリプト適用完了
[08:27:20] [4.29s] [INFO] 📱 モバイルブラウザ起動成功
[08:27:20] [4.29s] [INFO] 📱 モバイル版Twitterに移動開始
[08:27:20] [4.29s] [INFO] アクセス先: https://mobile.twitter.com
[08:27:22] [6.17s] [INFO] ✅ ページ移動完了
[08:27:22] [6.17s] [INFO] モバイル風待機: 1.08秒
[08:27:23] [7.27s] [INFO] 現在のURL: https://x.com/
[08:27:23] [7.27s] [INFO] ページタイトル: ホーム / X
[08:27:23] [7.27s] [INFO] モバイルログイン状態チェック - URL: https://x.com/home
[08:27:23] [7.39s] [INFO] ✅ モバイルログイン要素発見: nav[role="navigation"]
[08:27:24] [7.43s] [INFO] ✅ モバイルログイン要素発見: [data-testid="primaryColumn"]
[08:27:24] [7.44s] [INFO] ✅ モバイルログイン要素発見: [aria-label*="ホーム"], [aria-label*="Home"]
[08:27:24] [7.44s] [INFO] ✅ モバイルログイン確認 (3個の要素)
[08:27:24] [7.44s] [INFO] 📱 モバイルツイート投稿開始 (テスト: False)
[08:27:24] [7.44s] [INFO] 投稿処理開始時のURL: https://x.com/home
[08:27:24] [7.47s] [INFO] ページ上のボタン要素数: 8
[08:27:24] [7.50s] [INFO] ボタン1: text='', aria-label='プロフィールメニュー めいめい＠株わかりやすくまとめ・解説', testid='DashButton_ProfileIcon_Link', href=''
[08:27:24] [7.52s] [INFO] ボタン2: text='', aria-label='前', testid='', href=''
[08:27:24] [7.54s] [INFO] ボタン3: text='', aria-label='次へ', testid='', href=''
[08:27:24] [7.56s] [INFO] ボタン4: text='', aria-label='前', testid='', href=''
[08:27:24] [7.58s] [INFO] ボタン5: text='', aria-label='次へ', testid='', href=''
[08:27:24] [7.61s] [INFO] ボタン6: text='新しいポストを表示', aria-label='新しいポストがあります。新しいポストに移動するには、ピリオド', testid='', href=''
[08:27:24] [7.64s] [INFO] ボタン7: text='', aria-label='ホームタイムラインに移動', testid='', href=''
[08:27:24] [7.66s] [INFO] ボタン8: text='', aria-label='トレンドに移動', testid='', href=''
[08:27:24] [7.67s] [INFO] モバイル投稿ボタン発見: [data-testid="FloatingActionButtons_Tweet_Button"]
[08:27:24] [7.67s] [INFO] モバイル風待機: 1.47秒
[08:27:26] [9.52s] [INFO] タップ成功
[08:27:26] [9.52s] [INFO] モバイル風待機: 2.63秒
[08:27:28] [12.16s] [INFO] モバイルテキストエリア発見: [data-testid="tweetTextarea_0"]
[08:27:28] [12.16s] [INFO] 📝 [SIMPLE_FLOW] 画像先・テキスト後の単純フロー
[08:27:28] [12.16s] [INFO] 📷 [SIMPLE_FLOW] 画像アップロード開始: 1枚
[08:27:28] [12.16s] [INFO] 画像1/1をアップロード中: /Users/takahashimika/Dropbox/web_kabu_ai/temp/base64_images/mobile_chart_0b7faa4d-b438-4f70-9eb4-a36a4b163880.png
[08:27:28] [12.20s] [INFO] 📝 [TEXT_CHECK] プログラマティック画像アップロード前_1: テキスト長=0, 内容=''
[08:27:28] [12.20s] [INFO] 📷 ファイルダイアログ回避モードで画像アップロード開始
[08:27:28] [12.21s] [INFO] ✅ 画像ファイル読み込み完了: 1470888 bytes
[08:27:28] [12.21s] [INFO] 🚀 プログラマティック画像アップロード実行: mobile_chart_0b7faa4d-b438-4f70-9eb4-a36a4b163880.png
[08:27:28] [12.39s] [INFO] ✅ プログラマティック画像アップロード成功: プログラマティック画像設定完了（ダイアログ回避）
[08:27:28] [12.39s] [INFO]   - Twitterターゲット発見: True
[08:27:28] [12.39s] [INFO]   - ファイル数: 0
[08:27:28] [12.39s] [INFO] モバイル風待機: 2.68秒
[08:27:31] [15.10s] [INFO] 📝 [TEXT_CHECK] プログラマティック画像アップロード後_1: テキスト長=0, 内容=''
[08:27:31] [15.12s] [INFO] ✅ 画像プレビュー確認: .r-1p0dtai img
[08:27:31] [15.12s] [INFO] ✅ 画像が正常にプログラマティックアップロードされました
[08:27:31] [15.12s] [INFO] 📷 プログラマティック画像アップロード処理完了: 1枚処理
[08:27:31] [15.12s] [INFO] モバイル風待機: 1.32秒
[08:27:33] [16.44s] [INFO] 📝 [SIMPLE_FLOW] テキスト入力（1回のみ）
[08:27:33] [16.45s] [INFO] 📝 [SIMPLE_TYPE] シンプルテキスト入力開始: 843文字
[08:27:33] [16.45s] [INFO] モバイル風待機: 0.46秒
[08:27:33] [16.92s] [INFO] ✅ [SIMPLE_TYPE] テキスト設定完了: 843文字
[08:27:33] [16.92s] [INFO] 🎯 [SIMPLE_FLOW] テキストエリアにフォーカス維持
[08:27:33] [16.94s] [INFO] モバイル風待機: 0.67秒
[08:27:34] [17.61s] [INFO] ✅ モバイルテキスト入力完了: 【インフォメティス(281A)】-2.25% 今週は決算懸念と需給調整で株価調整

株価変動幅：-9...
[08:27:34] [17.61s] [INFO] 🚀 [強化版] 実投稿モード: 確実な投稿ボタン探索開始
[08:27:34] [17.61s] [INFO] 🎯 [強化版] 投稿ボタン探索 試行 1/3
[08:27:34] [17.64s] [INFO] 📍 [強化版] ボタン発見: [data-testid="tweetButton"]
[08:27:34] [17.64s] [INFO]    可視: True, 有効: True, 接続: True
[08:27:34] [17.64s] [INFO]    テキスト: 'ポストする'
[08:27:34] [17.64s] [INFO] ✅ [強化版] 有効な投稿ボタン確認: [data-testid="tweetButton"]
[08:27:34] [17.64s] [INFO] 🎯 [SIMPLE_FLOW] 投稿ボタンクリック試行 1: [data-testid="tweetButton"]
[08:27:34] [17.64s] [INFO] 🎯 [SIMPLE_FLOW] フォーカス維持したままJSクリック
[08:27:34] [17.71s] [INFO] ✅ [SIMPLE_FLOW] JSクリック成功（フォーカス維持）
[08:27:34] [17.71s] [INFO] 🎉 [強化版] [ポストボタン確実クリック済み] 投稿処理成功
[08:27:34] [17.71s] [INFO] モバイル風待機: 4.96秒
[08:27:39] [22.67s] [INFO] 🔍 [POST-VALIDATION] 投稿完了後の最終確認開始
[08:27:39] [22.67s] [INFO] 📍 [POST-VALIDATION] 投稿後URL: https://x.com/compose/post
[08:27:39] [22.68s] [INFO] ✅ [POST-VALIDATION] ホーム画面への遷移確認
[08:27:39] [22.69s] [INFO] 📢 [POST-VALIDATION] 成功インジケーター発見: ポストが送信されました。編集できる時間は1時間以内です。
表示
[08:27:39] [22.69s] [INFO] ============================================================
[08:27:39] [22.69s] [INFO] 📊 [FINAL-SUMMARY] 投稿処理完了サマリー
[08:27:39] [22.69s] [INFO] ============================================================
[08:27:39] [22.69s] [INFO] 📝 投稿メッセージ長: 843文字
[08:27:39] [22.69s] [INFO] 📝 投稿メッセージ内容: 【インフォメティス(281A)】-2.25% 今週は決算懸念と需給調整で株価調整

株価変動幅：-9.30%～+1.23%、週間騰落率：-2.25%

★今週の総括  
今週は8月13日の第2四半期決算発表を受け、赤字拡大が嫌気され株価は軟調。決算内容の利益圧迫と売上伸び悩みが短期的な売り圧力を強めた。増担保規制解除前の需給調整や機関の空売りも下落要因に。

セクターのスマートメーター関連は国策追...
[08:27:39] [22.69s] [INFO] 📷 画像アップロード: あり
[08:27:39] [22.69s] [INFO] 🌐 最終URL: https://x.com/compose/post
[08:27:39] [22.69s] [INFO] ⏰ 投稿完了時刻: 2025-08-18 08:27:39
[08:27:39] [22.69s] [INFO] ============================================================
[08:27:39] [22.69s] [INFO] ✅ === モバイル版投稿完了成功！ ===
[08:27:39] [22.69s] [INFO] 🧹 モバイルブラウザ クリーンアップ開始
[08:27:39] [23.32s] [INFO] ✅ モバイルコンテキストクローズ完了
[08:27:39] [23.35s] [INFO] ✅ Playwrightストップ完了

=== モバイルTwitterデバッグログ終了 ===
終了時刻: 2025-08-18 08:27:39
総実行時間: 23.35秒
============================================================
[08:27:39] [23.35s] [INFO] 📋 詳細デバッグログ保存完了: /Users/takahashimika/Dropbox/web_kabu_ai/python/twitter_auto_post/debug_logs/mobile_twitter_debug_20250818_082716.log
