=== モバイルTwitterデバッグログ開始 ===
開始時刻: 2025-09-07 21:42:24
ログファイル: /Users/takahashimika/Dropbox/web_kabu_ai/python/twitter_auto_post/debug_logs/mobile_twitter_debug_20250907_214224.log
============================================================

[21:42:24] [0.00s] [INFO] モバイルプロファイルディレクトリ: /Users/takahashimika/Dropbox/web_kabu_ai/twitter_mobile_profile
[21:42:24] [0.00s] [INFO] 📱 モバイルブラウザ起動開始
[21:42:26] [1.31s] [INFO] ✅ Playwright インスタンス作成完了
[21:42:26] [1.31s] [INFO] ✅ 既存モバイルプロファイル発見: /Users/takahashimika/Dropbox/web_kabu_ai/twitter_mobile_profile
[21:42:26] [1.31s] [INFO] モバイル引数設定完了: 26個
[21:42:26] [1.31s] [INFO] モバイルコンテキスト作成中...
[21:42:29] [4.61s] [INFO] ✅ モバイルコンテキスト作成完了
[21:42:29] [4.61s] [INFO] 既存モバイルページを使用
[21:42:29] [4.64s] [INFO] ✅ モバイル偽装スクリプト適用完了
[21:42:29] [4.64s] [INFO] 📱 モバイルブラウザ起動成功
[21:42:29] [4.64s] [INFO] 📱 モバイル版Twitterに移動開始
[21:42:29] [4.64s] [INFO] アクセス先: https://mobile.twitter.com
[21:42:31] [6.52s] [INFO] ✅ ページ移動完了
[21:42:31] [6.52s] [INFO] モバイル風待機: 1.80秒
[21:42:33] [8.33s] [INFO] 現在のURL: https://x.com/
[21:42:33] [8.33s] [INFO] ページタイトル: ホーム / X
[21:42:33] [8.34s] [INFO] モバイルログイン状態チェック - URL: https://x.com/home
[21:42:33] [8.40s] [INFO] ✅ モバイルログイン要素発見: nav[role="navigation"]
[21:42:33] [8.42s] [INFO] ✅ モバイルログイン要素発見: [data-testid="primaryColumn"]
[21:42:33] [8.43s] [INFO] ✅ モバイルログイン要素発見: [aria-label*="ホーム"], [aria-label*="Home"]
[21:42:33] [8.43s] [INFO] ✅ モバイルログイン確認 (3個の要素)
[21:42:33] [8.43s] [INFO] 📱 モバイルツイート投稿開始 (テスト: False)
[21:42:33] [8.43s] [INFO] 投稿処理開始時のURL: https://x.com/home
[21:42:33] [8.44s] [INFO] ページ上のボタン要素数: 8
[21:42:33] [8.47s] [INFO] ボタン1: text='', aria-label='プロフィールメニュー meiteko', testid='DashButton_ProfileIcon_Link', href=''
[21:42:33] [8.49s] [INFO] ボタン2: text='', aria-label='前', testid='', href=''
[21:42:33] [8.51s] [INFO] ボタン3: text='', aria-label='次へ', testid='', href=''
[21:42:33] [8.53s] [INFO] ボタン4: text='', aria-label='前', testid='', href=''
[21:42:33] [8.55s] [INFO] ボタン5: text='', aria-label='次へ', testid='', href=''
[21:42:33] [8.57s] [INFO] ボタン6: text='新しいポストを表示', aria-label='新しいポストがあります。新しいポストに移動するには、ピリオド', testid='', href=''
[21:42:33] [8.59s] [INFO] ボタン7: text='', aria-label='ホームタイムラインに移動', testid='', href=''
[21:42:33] [8.61s] [INFO] ボタン8: text='', aria-label='トレンドに移動', testid='', href=''
[21:42:33] [8.62s] [INFO] モバイル投稿ボタン発見: [data-testid="FloatingActionButtons_Tweet_Button"]
[21:42:33] [8.62s] [INFO] モバイル風待機: 1.72秒
[21:42:35] [10.71s] [INFO] タップ成功
[21:42:35] [10.71s] [INFO] モバイル風待機: 2.36秒
[21:42:37] [13.08s] [INFO] モバイルテキストエリア発見: [data-testid="tweetTextarea_0"]
[21:42:37] [13.09s] [INFO] 📝 [SIMPLE_FLOW] 画像先・テキスト後の単純フロー
[21:42:37] [13.09s] [INFO] 📷 [SIMPLE_FLOW] 画像アップロード開始: 1枚
[21:42:37] [13.09s] [INFO] 画像1/1をアップロード中: /Users/takahashimika/Dropbox/web_kabu_ai/temp/base64_images/mobile_chart_31be1743-5ee1-4e37-8dd4-732345f082a9.png
[21:42:37] [13.12s] [INFO] 📝 [TEXT_CHECK] プログラマティック画像アップロード前_1: テキスト長=0, 内容=''
[21:42:37] [13.12s] [INFO] 📷 ファイルダイアログ回避モードで画像アップロード開始
[21:42:37] [13.12s] [INFO] ✅ 画像ファイル読み込み完了: 1433516 bytes
[21:42:37] [13.12s] [INFO] 🚀 プログラマティック画像アップロード実行: mobile_chart_31be1743-5ee1-4e37-8dd4-732345f082a9.png
[21:42:38] [13.32s] [INFO] ✅ プログラマティック画像アップロード成功: プログラマティック画像設定完了（ダイアログ回避）
[21:42:38] [13.32s] [INFO]   - Twitterターゲット発見: True
[21:42:38] [13.32s] [INFO]   - ファイル数: 0
[21:42:38] [13.32s] [INFO] モバイル風待機: 2.15秒
[21:42:40] [15.51s] [INFO] 📝 [TEXT_CHECK] プログラマティック画像アップロード後_1: テキスト長=0, 内容=''
[21:42:40] [15.53s] [INFO] ✅ 画像プレビュー確認: .r-1p0dtai img
[21:42:40] [15.53s] [INFO] ✅ 画像が正常にプログラマティックアップロードされました
[21:42:40] [15.53s] [INFO] 📷 プログラマティック画像アップロード処理完了: 1枚処理
[21:42:40] [15.53s] [INFO] モバイル風待機: 1.39秒
[21:42:41] [16.92s] [INFO] 📝 [SIMPLE_FLOW] テキスト入力（1回のみ）
[21:42:41] [16.92s] [INFO] ⚡ [ULTRA_TYPE] 高速1文字1文字タイピング開始: 1106文字
[21:42:41] [16.93s] [INFO] モバイル風待機: 0.23秒
[21:42:45] [20.89s] [INFO] ⚠️ [ULTRA_TYPE] element.type失敗、代替手段を実行: ElementHandle.type: Target page, context or browser has been closed
Call log:
  - elementHandle.type("【堀田丸正(8105)】今週の総括 :-4.16% 米規制懸念と増資発表で動意、短期利益確定売り加速

今週の株価変動幅：770円～850円  
週間騰落率：-4.16%

★今週の総括  
今週の堀田丸正株価は-4.16%下落し、770円台まで調整が進んだ。

Bakktによる第三者割当増資と完全子会社化計画が発表されたが、米国ナスダック市場での暗号資産規制強化懸念が投資家心理を冷やした。加えて臨時株主総会を控えた材料出尽くし感と短期的な利益確定売りが重なり、乱高下の展開。セクター全体も米規制を背景に調整局面が続いており、需給の逼迫と機関投資家の売り圧力が株価の重しとなった。中長期的にはBakktの親会社ICEの強固な財務基盤と日本でのビットコイン事業展開への期待が成長を支えるが、増資による希薄化リスクや規制動向には依然注意が必要だ。

■今週の重要材料  
⑴ Bakktによる第三者割当増資完了（約112億円調達）及び堀田丸正の完全子会社化計画  
⑵ 米国ナスダックの暗号資産規制強化に伴う市場心理悪化  
⑶ 臨時株主総会での株式数増加議案提出による希薄化懸念と材料出尽くし感  

【来週の上昇要因】  
⬆️ Bakktの完全子会社化手続き進展及び追加資金調達IRの発表期待  
⬆️ 「Bitcoin.jp」ブランド社名変更及び具体的な事業展開計画の公表  
⬆️ 国内外の暗号資産規制動向の明確化と規制緩和・整備による好材料  

【来週の下落リスク】  
⬇️ 米国及び日本における暗号資産規制強化の具体的内容発表による事業制約リスク  
⬇️ 増資・ワラント発行による株式希薄化懸念の具体化と資金調達の不透明感  
⬇️ 仮想通貨市場全体の下落トレンド継続による連鎖的な売り圧力  

【来週の注目指標】  
・9月10日：臨時株主総会の議決内容発表予定（完全子会社化の承認動向が焦点）  
・9月12日：金融庁による暗号資産規制に関する見解発表（市場の規制環境変化を確認）  

【中期投資判断】  
Bakkt及び親会社ICEの資金力とグローバルネットワークを背景に、堀田丸正はビットコイン保有を軸とした財務戦略で成長が期待される。完全子会社化が進み経営統合が実現すれば、ビットコイン関連事業の拡大が業績回復に寄与する見込みだ。一方で、増資に伴う株式希薄化リスクや米国・日本の規制動向は中長期的な株価変動の不確定要素である。短期的な株価変動は大きいが、信用取引はリスクが高く現物保有を推奨。来週の臨時株主総会と規制発表の結果を見極め、段階的な買い増しを検討するのが賢明である。")

[21:42:45] [20.89s] [INFO] ⚠️ [ULTRA_TYPE] keyboard.type失敗、手動ループを実行: ElementHandle.click: Target page, context or browser has been closed
[21:42:45] [20.90s] [ERROR] ❌ [ULTRA_TYPE] 高速タイピング例外エラー: ElementHandle.evaluate: Target page, context or browser has been closed
[21:42:45] [20.90s] [INFO] 🎯 [SIMPLE_FLOW] テキストエリアにフォーカス維持
[21:42:45] [20.90s] [ERROR] モバイルツイート投稿エラー: ElementHandle.focus: Target page, context or browser has been closed
[21:42:45] [20.90s] [INFO] 🧹 モバイルブラウザ クリーンアップ開始
[21:42:46] [21.75s] [INFO] ✅ モバイルコンテキストクローズ完了
[21:42:46] [21.78s] [INFO] ✅ Playwrightストップ完了

=== モバイルTwitterデバッグログ終了 ===
終了時刻: 2025-09-07 21:42:46
総実行時間: 21.78秒
============================================================
[21:42:46] [21.78s] [INFO] 📋 詳細デバッグログ保存完了: /Users/takahashimika/Dropbox/web_kabu_ai/python/twitter_auto_post/debug_logs/mobile_twitter_debug_20250907_214224.log
