=== モバイルTwitterデバッグログ開始 ===
開始時刻: 2025-09-07 19:35:01
ログファイル: /Users/youmeiyuu/Desktop/kabu_ai/python/twitter_auto_post/debug_logs/mobile_twitter_debug_20250907_193501.log
============================================================

[19:35:01] [0.00s] [INFO] モバイルプロファイルディレクトリ: /Users/youmeiyuu/Desktop/kabu_ai/twitter_mobile_profile
[19:35:01] [0.00s] [INFO] 📱 モバイルブラウザ起動開始
[19:35:01] [0.35s] [INFO] ✅ Playwright インスタンス作成完了
[19:35:01] [0.35s] [INFO] ✅ 既存モバイルプロファイル発見: /Users/youmeiyuu/Desktop/kabu_ai/twitter_mobile_profile
[19:35:01] [0.35s] [INFO] モバイル引数設定完了: 26個
[19:35:01] [0.35s] [INFO] モバイルコンテキスト作成中...
[19:35:03] [2.54s] [INFO] ✅ モバイルコンテキスト作成完了
[19:35:03] [2.54s] [INFO] 既存モバイルページを使用
[19:35:03] [2.55s] [INFO] ✅ モバイル偽装スクリプト適用完了
[19:35:03] [2.55s] [INFO] 📱 モバイルブラウザ起動成功
[19:35:03] [2.55s] [INFO] 📱 モバイル版Twitterに移動開始
[19:35:03] [2.55s] [INFO] アクセス先: https://mobile.twitter.com
[19:35:04] [3.72s] [INFO] ✅ ページ移動完了
[19:35:04] [3.72s] [INFO] モバイル風待機: 1.87秒
[19:35:06] [5.60s] [INFO] 現在のURL: https://x.com/
[19:35:06] [5.60s] [INFO] ページタイトル: ホーム / X
[19:35:06] [5.60s] [INFO] モバイルログイン状態チェック - URL: https://x.com/home
[19:35:06] [5.63s] [INFO] ✅ モバイルログイン要素発見: nav[role="navigation"]
[19:35:06] [5.63s] [INFO] ✅ モバイルログイン要素発見: [data-testid="primaryColumn"]
[19:35:06] [5.64s] [INFO] ✅ モバイルログイン要素発見: [aria-label*="ホーム"], [aria-label*="Home"]
[19:35:06] [5.64s] [INFO] ✅ モバイルログイン確認 (3個の要素)
[19:35:06] [5.64s] [INFO] 📱 モバイルツイート投稿開始 (テスト: False)
[19:35:06] [5.64s] [INFO] 投稿処理開始時のURL: https://x.com/home
[19:35:06] [5.64s] [INFO] ページ上のボタン要素数: 8
[19:35:06] [5.65s] [INFO] ボタン1: text='', aria-label='プロフィールメニュー めいめい＠株わかりやすくまとめ・解説', testid='DashButton_ProfileIcon_Link', href=''
[19:35:06] [5.66s] [INFO] ボタン2: text='', aria-label='前', testid='', href=''
[19:35:06] [5.66s] [INFO] ボタン3: text='', aria-label='次へ', testid='', href=''
[19:35:06] [5.67s] [INFO] ボタン4: text='', aria-label='前', testid='', href=''
[19:35:06] [5.68s] [INFO] ボタン5: text='', aria-label='次へ', testid='', href=''
[19:35:06] [5.68s] [INFO] ボタン6: text='新しいポストを表示', aria-label='新しいポストがあります。新しいポストに移動するには、ピリオド', testid='', href=''
[19:35:06] [5.69s] [INFO] ボタン7: text='', aria-label='ホームタイムラインに移動', testid='', href=''
[19:35:06] [5.69s] [INFO] ボタン8: text='', aria-label='トレンドに移動', testid='', href=''
[19:35:06] [5.69s] [INFO] モバイル投稿ボタン発見: [data-testid="FloatingActionButtons_Tweet_Button"]
[19:35:06] [5.69s] [INFO] モバイル風待機: 2.16秒
[19:35:09] [7.97s] [INFO] タップ成功
[19:35:09] [7.97s] [INFO] モバイル風待機: 2.17秒
[19:35:11] [10.15s] [INFO] モバイルテキストエリア発見: [data-testid="tweetTextarea_0"]
[19:35:11] [10.15s] [INFO] 📝 [SIMPLE_FLOW] 画像先・テキスト後の単純フロー
[19:35:11] [10.15s] [INFO] 📷 [SIMPLE_FLOW] 画像アップロード開始: 1枚
[19:35:11] [10.15s] [INFO] 画像1/1をアップロード中: /Users/youmeiyuu/Desktop/kabu_ai/temp/base64_images/mobile_chart_73c50453-076f-47c1-be44-411c7c0556db.png
[19:35:11] [10.17s] [INFO] 📝 [TEXT_CHECK] プログラマティック画像アップロード前_1: テキスト長=0, 内容=''
[19:35:11] [10.17s] [INFO] 📷 ファイルダイアログ回避モードで画像アップロード開始
[19:35:11] [10.17s] [INFO] ✅ 画像ファイル読み込み完了: 1532144 bytes
[19:35:11] [10.17s] [INFO] 🚀 プログラマティック画像アップロード実行: mobile_chart_73c50453-076f-47c1-be44-411c7c0556db.png
[19:35:11] [10.25s] [INFO] ✅ プログラマティック画像アップロード成功: プログラマティック画像設定完了（ダイアログ回避）
[19:35:11] [10.25s] [INFO]   - Twitterターゲット発見: True
[19:35:11] [10.25s] [INFO]   - ファイル数: 0
[19:35:11] [10.25s] [INFO] モバイル風待機: 2.47秒
[19:35:13] [12.75s] [INFO] 📝 [TEXT_CHECK] プログラマティック画像アップロード後_1: テキスト長=0, 内容=''
[19:35:13] [12.76s] [INFO] ✅ 画像プレビュー確認: .r-1p0dtai img
[19:35:13] [12.76s] [INFO] ✅ 画像が正常にプログラマティックアップロードされました
[19:35:13] [12.76s] [INFO] 📷 プログラマティック画像アップロード処理完了: 1枚処理
[19:35:13] [12.76s] [INFO] モバイル風待機: 1.37秒
[19:35:15] [14.13s] [INFO] 📝 [SIMPLE_FLOW] テキスト入力（1回のみ）
[19:35:15] [14.14s] [INFO] ⚡ [ULTRA_TYPE] 高速1文字1文字タイピング開始: 1154文字
[19:35:15] [14.15s] [INFO] モバイル風待機: 0.21秒
[19:35:36] [34.92s] [INFO] ⚡ [ULTRA_TYPE] 高速タイピング完了: 20.555秒 (56.1文字/秒)
[19:35:36] [35.03s] [INFO] ✅ [ULTRA_TYPE] 高速タイピング成功: 1154文字入力完了
[19:35:36] [35.03s] [INFO] 📝 [ULTRA_TYPE] 入力内容: 【エス・サイエンス(5721)】今週の総括  -12.36%　ワラント売り圧とドバイ期待揺れ動く

...
[19:35:36] [35.03s] [INFO] 🎯 [SIMPLE_FLOW] テキストエリアにフォーカス維持
[19:35:36] [35.04s] [INFO] モバイル風待機: 0.74秒
[19:35:36] [35.78s] [INFO] ✅ モバイルテキスト入力完了: 【エス・サイエンス(5721)】今週の総括  -12.36%　ワラント売り圧とドバイ期待揺れ動く

...
[19:35:36] [35.79s] [INFO] 🚀 [強化版] 実投稿モード: 確実な投稿ボタン探索開始
[19:35:36] [35.79s] [INFO] 🎯 [強化版] 投稿ボタン探索 試行 1/3
[19:35:36] [35.81s] [INFO] 📍 [強化版] ボタン発見: [data-testid="tweetButton"]
[19:35:36] [35.81s] [INFO]    可視: True, 有効: True, 接続: True
[19:35:36] [35.81s] [INFO]    テキスト: 'ポストする'
[19:35:36] [35.81s] [INFO] ✅ [強化版] 有効な投稿ボタン確認: [data-testid="tweetButton"]
[19:35:36] [35.81s] [INFO] 🎯 [SIMPLE_FLOW] 投稿ボタンクリック試行 1: [data-testid="tweetButton"]
[19:35:36] [35.81s] [INFO] 🎯 [SIMPLE_FLOW] フォーカス維持したままJSクリック
[19:35:36] [35.90s] [INFO] ✅ [SIMPLE_FLOW] JSクリック成功（フォーカス維持）
[19:35:36] [35.90s] [INFO] 🎉 [強化版] [ポストボタン確実クリック済み] 投稿処理成功
[19:35:36] [35.90s] [INFO] モバイル風待機: 3.49秒
[19:35:40] [39.39s] [INFO] 🔍 [POST-VALIDATION] 投稿完了後の最終確認開始
[19:35:40] [39.40s] [INFO] 📍 [POST-VALIDATION] 投稿後URL: https://x.com/compose/post
[19:35:40] [39.40s] [INFO] ✅ [POST-VALIDATION] ホーム画面への遷移確認
[19:35:40] [39.41s] [INFO] 📢 [POST-VALIDATION] 成功インジケーター発見: ポストが送信されました。編集できる時間は1時間以内です。
表示
[19:35:40] [39.41s] [INFO] ============================================================
[19:35:40] [39.41s] [INFO] 📊 [FINAL-SUMMARY] 投稿処理完了サマリー
[19:35:40] [39.41s] [INFO] ============================================================
[19:35:40] [39.41s] [INFO] 📝 投稿メッセージ長: 1154文字
[19:35:40] [39.41s] [INFO] 📝 投稿メッセージ内容: 【エス・サイエンス(5721)】今週の総括  -12.36%　ワラント売り圧とドバイ期待揺れ動く

今週の株価変動幅は約34円（275円→241円）、週間騰落率は-12.36%。

★今週の総括  
今週はドバイ関連の大型案件期待が先行し、9月4日の大幅上昇（20.61%）を起点に一時270円台回復となったが、その後の大量ワラント行使による売り圧力と空売り機関の攻防により需給が悪化。これに加え、ナ...
[19:35:40] [39.41s] [INFO] 📷 画像アップロード: あり
[19:35:40] [39.41s] [INFO] 🌐 最終URL: https://x.com/compose/post
[19:35:40] [39.41s] [INFO] ⏰ 投稿完了時刻: 2025-09-07 19:35:40
[19:35:40] [39.41s] [INFO] ============================================================
[19:35:40] [39.41s] [INFO] ✅ === モバイル版投稿完了成功！ ===
[19:35:40] [39.41s] [INFO] 🧹 モバイルブラウザ クリーンアップ開始
[19:35:41] [40.30s] [INFO] ✅ モバイルコンテキストクローズ完了
[19:35:41] [40.31s] [INFO] ✅ Playwrightストップ完了

=== モバイルTwitterデバッグログ終了 ===
終了時刻: 2025-09-07 19:35:41
総実行時間: 40.31秒
============================================================
[19:35:41] [40.31s] [INFO] 📋 詳細デバッグログ保存完了: /Users/youmeiyuu/Desktop/kabu_ai/python/twitter_auto_post/debug_logs/mobile_twitter_debug_20250907_193501.log
