=== モバイルTwitterデバッグログ開始 ===
開始時刻: 2025-08-17 20:04:05
ログファイル: /Users/takahashimika/Dropbox/web_kabu_ai/python/twitter_auto_post/debug_logs/mobile_twitter_debug_20250817_200405.log
============================================================

[20:04:05] [0.00s] [INFO] モバイルプロファイルディレクトリ: /Users/takahashimika/Dropbox/web_kabu_ai/twitter_mobile_profile
[20:04:05] [0.00s] [INFO] 📱 モバイルブラウザ起動開始
[20:04:07] [1.50s] [INFO] ✅ Playwright インスタンス作成完了
[20:04:07] [1.50s] [INFO] ✅ 既存モバイルプロファイル発見: /Users/takahashimika/Dropbox/web_kabu_ai/twitter_mobile_profile
[20:04:07] [1.50s] [INFO] モバイル引数設定完了: 26個
[20:04:07] [1.50s] [INFO] モバイルコンテキスト作成中...
[20:04:10] [4.60s] [INFO] ✅ モバイルコンテキスト作成完了
[20:04:10] [4.60s] [INFO] 既存モバイルページを使用
[20:04:10] [4.63s] [INFO] ✅ モバイル偽装スクリプト適用完了
[20:04:10] [4.63s] [INFO] 📱 モバイルブラウザ起動成功
[20:04:10] [4.63s] [INFO] 📱 モバイル版Twitterに移動開始
[20:04:10] [4.63s] [INFO] アクセス先: https://mobile.twitter.com
[20:04:12] [6.99s] [INFO] ✅ ページ移動完了
[20:04:12] [6.99s] [INFO] モバイル風待機: 1.01秒
[20:04:13] [8.11s] [INFO] 現在のURL: https://x.com/
[20:04:13] [8.11s] [INFO] ページタイトル: X
[20:04:13] [8.11s] [INFO] モバイルログイン状態チェック - URL: https://x.com/home
[20:04:14] [8.44s] [INFO] ✅ モバイルログイン要素発見: nav[role="navigation"]
[20:04:14] [8.56s] [INFO] ✅ モバイルログイン要素発見: [data-testid="primaryColumn"]
[20:04:14] [8.62s] [INFO] ✅ モバイルログイン要素発見: [aria-label*="ホーム"], [aria-label*="Home"]
[20:04:14] [8.62s] [INFO] ✅ モバイルログイン確認 (3個の要素)
[20:04:14] [8.62s] [INFO] 📱 モバイルツイート投稿開始 (テスト: True)
[20:04:14] [8.62s] [INFO] 投稿処理開始時のURL: https://x.com/home
[20:04:14] [8.65s] [INFO] ページ上のボタン要素数: 8
[20:04:14] [8.68s] [INFO] ボタン1: text='', aria-label='プロフィールメニュー めいめい＠株わかりやすくまとめ・解説', testid='DashButton_ProfileIcon_Link', href=''
[20:04:14] [8.71s] [INFO] ボタン2: text='', aria-label='前', testid='', href=''
[20:04:14] [8.74s] [INFO] ボタン3: text='', aria-label='次へ', testid='', href=''
[20:04:14] [8.77s] [INFO] ボタン4: text='', aria-label='前', testid='', href=''
[20:04:14] [8.80s] [INFO] ボタン5: text='', aria-label='次へ', testid='', href=''
[20:04:14] [8.83s] [INFO] ボタン6: text='新しいポストを表示', aria-label='新しいポストがあります。新しいポストに移動するには、ピリオド', testid='', href=''
[20:04:14] [8.86s] [INFO] ボタン7: text='', aria-label='ホームタイムラインに移動', testid='', href=''
[20:04:14] [8.89s] [INFO] ボタン8: text='', aria-label='トレンドに移動', testid='', href=''
[20:04:14] [8.90s] [INFO] モバイル投稿ボタン発見: [data-testid="FloatingActionButtons_Tweet_Button"]
[20:04:14] [8.91s] [INFO] モバイル風待機: 2.17秒
[20:04:17] [11.28s] [INFO] タップ成功
[20:04:17] [11.28s] [INFO] モバイル風待機: 2.36秒
[20:04:19] [13.65s] [INFO] モバイルテキストエリア発見: [data-testid="tweetTextarea_0"]
[20:04:19] [13.65s] [INFO] 📷 画像アップロード開始: 1枚
[20:04:19] [13.70s] [INFO] 📝 [TEXT_CHECK] 画像アップロード前: テキスト長=0, 内容=''
[20:04:19] [13.70s] [INFO] 画像1/1をアップロード中: /Users/takahashimika/Dropbox/web_kabu_ai/temp/base64_images/mobile_chart_cca5c984-9ad1-4118-bcda-ab14a7510382.png
[20:04:19] [13.73s] [INFO] 📝 [TEXT_CHECK] プログラマティック画像アップロード前_1: テキスト長=0, 内容=''
[20:04:19] [13.73s] [INFO] 📷 ファイルダイアログ回避モードで画像アップロード開始
[20:04:19] [13.74s] [INFO] ✅ 画像ファイル読み込み完了: 1509560 bytes
[20:04:19] [13.74s] [INFO] 🚀 プログラマティック画像アップロード実行: mobile_chart_cca5c984-9ad1-4118-bcda-ab14a7510382.png
[20:04:19] [14.01s] [INFO] ✅ プログラマティック画像アップロード成功: プログラマティック画像設定完了（ダイアログ回避）
[20:04:19] [14.01s] [INFO]   - Twitterターゲット発見: True
[20:04:19] [14.01s] [INFO]   - ファイル数: 0
[20:04:19] [14.01s] [INFO] モバイル風待機: 2.28秒
[20:04:22] [16.34s] [INFO] 📝 [TEXT_CHECK] プログラマティック画像アップロード後_1: テキスト長=0, 内容=''
[20:04:22] [16.38s] [INFO] ✅ 画像プレビュー確認: .r-1p0dtai img
[20:04:22] [16.39s] [INFO] ✅ 画像が正常にプログラマティックアップロードされました
[20:04:22] [16.39s] [INFO] 📷 プログラマティック画像アップロード処理完了: 1枚処理
[20:04:22] [16.45s] [INFO] 📝 [TEXT_CHECK] 画像アップロード後: テキスト長=0, 内容=''
[20:04:22] [16.45s] [INFO] 📝 テキスト入力開始前の状態チェック
[20:04:22] [16.52s] [INFO] 📝 [TEXT_CHECK] テキスト入力開始前: テキスト長=0, 内容=''
[20:04:22] [16.52s] [INFO] 🎯 [DEBUG] mobile_type開始: clear_first=False, text='【レーザーテック(6920)】8.31% 大幅上昇、インテル支援と需給改善で反発強まる

今週の株価...'
[20:04:22] [16.53s] [INFO] モバイル風待機: 0.32秒
[20:04:22] [16.86s] [INFO] 📝 JavaScript直接入力開始: '【レーザーテック(6920)】8.31% 大幅上昇、インテル支援と需給改善で反発強まる

今週の株価...'
[20:04:22] [16.88s] [INFO] 🔧 [DEBUG] モバイルJS設定結果 - before: '', after: '【レーザーテック(6920)】8.31% 大幅上昇、インテル支援と需給改善で反発強まる

今週の株価...'
[20:04:22] [16.88s] [INFO] ✅ JavaScript直接入力完了: '【レーザーテック(6920)】8.31% 大幅上昇、インテル支援と需給改善で反発強まる

今週の株価...'
[20:04:22] [16.89s] [INFO] モバイル風待機: 0.57秒
[20:04:23] [17.46s] [INFO] 🎯 [DEBUG] モバイル最終結果: ''
[20:04:23] [17.46s] [INFO] 📝 テキスト入力完了後の状態チェック
[20:04:23] [17.49s] [INFO] 📝 [TEXT_CHECK] テキスト入力完了後: テキスト長=0, 内容=''
[20:04:23] [17.49s] [INFO] ✅ モバイルテキスト入力完了: 【レーザーテック(6920)】8.31% 大幅上昇、インテル支援と需給改善で反発強まる

今週の株価...
[20:04:23] [17.49s] [INFO] 🚫 実投稿モード: 投稿直前で停止（投稿処理はコメントアウト中）
[20:04:23] [17.49s] [INFO] ✅ モバイルテキスト入力完了
[20:04:23] [17.49s] [INFO] 🧹 モバイルブラウザ クリーンアップ開始
[20:04:23] [17.96s] [INFO] ✅ モバイルコンテキストクローズ完了
[20:04:23] [17.99s] [INFO] ✅ Playwrightストップ完了

=== モバイルTwitterデバッグログ終了 ===
終了時刻: 2025-08-17 20:04:23
総実行時間: 17.99秒
============================================================
[20:04:23] [17.99s] [INFO] 📋 詳細デバッグログ保存完了: /Users/takahashimika/Dropbox/web_kabu_ai/python/twitter_auto_post/debug_logs/mobile_twitter_debug_20250817_200405.log
