=== モバイルTwitterデバッグログ開始 ===
開始時刻: 2025-09-07 21:54:07
ログファイル: /Users/takahashimika/Dropbox/web_kabu_ai/python/twitter_auto_post/debug_logs/mobile_twitter_debug_20250907_215407.log
============================================================

[21:54:07] [0.00s] [INFO] モバイルプロファイルディレクトリ: /Users/takahashimika/Dropbox/web_kabu_ai/twitter_mobile_profile
[21:54:07] [0.00s] [INFO] 📱 モバイルブラウザ起動開始
[21:54:09] [1.36s] [INFO] ✅ Playwright インスタンス作成完了
[21:54:09] [1.36s] [INFO] ✅ 既存モバイルプロファイル発見: /Users/takahashimika/Dropbox/web_kabu_ai/twitter_mobile_profile
[21:54:09] [1.36s] [INFO] モバイル引数設定完了: 26個
[21:54:09] [1.36s] [INFO] モバイルコンテキスト作成中...
[21:54:12] [4.62s] [INFO] ✅ モバイルコンテキスト作成完了
[21:54:12] [4.62s] [INFO] 既存モバイルページを使用
[21:54:12] [4.65s] [INFO] ✅ モバイル偽装スクリプト適用完了
[21:54:12] [4.65s] [INFO] 📱 モバイルブラウザ起動成功
[21:54:12] [4.65s] [INFO] 📱 モバイル版Twitterに移動開始
[21:54:12] [4.65s] [INFO] アクセス先: https://mobile.twitter.com
[21:54:23] [15.44s] [INFO] ✅ ページ移動完了
[21:54:23] [15.44s] [INFO] モバイル風待機: 2.43秒
[21:54:25] [17.88s] [INFO] 現在のURL: https://x.com/
[21:54:25] [17.88s] [INFO] ページタイトル: ホーム / X
[21:54:25] [17.88s] [INFO] モバイルログイン状態チェック - URL: https://x.com/home
[21:54:26] [18.76s] [INFO] ✅ モバイルログイン要素発見: nav[role="navigation"]
[21:54:27] [19.44s] [INFO] ✅ モバイルログイン要素発見: [data-testid="primaryColumn"]
[21:54:27] [19.54s] [INFO] ✅ モバイルログイン要素発見: [aria-label*="ホーム"], [aria-label*="Home"]
[21:54:27] [19.54s] [INFO] ✅ モバイルログイン確認 (3個の要素)
[21:54:27] [19.54s] [INFO] 📱 モバイルツイート投稿開始 (テスト: False)
[21:54:27] [19.54s] [INFO] 投稿処理開始時のURL: https://x.com/home
[21:54:27] [19.70s] [INFO] ページ上のボタン要素数: 54
[21:54:27] [19.73s] [INFO] ボタン1: text='', aria-label='プロフィールメニュー meiteko', testid='DashButton_ProfileIcon_Link', href=''
[21:54:27] [19.75s] [INFO] ボタン2: text='', aria-label='前', testid='', href=''
[21:54:27] [19.78s] [INFO] ボタン3: text='', aria-label='次へ', testid='', href=''
[21:54:27] [19.80s] [INFO] ボタン4: text='', aria-label='前', testid='', href=''
[21:54:27] [19.84s] [INFO] ボタン5: text='+48·雑談！', aria-label='スペース、anthsイラストさんがリスニング中、千阳(ちよ)', testid='', href=''
[21:54:27] [19.86s] [INFO] ボタン6: text='+8·作業する', aria-label='スペース、じぇじぇさんが発言しています、イレイナ推し！さとち', testid='', href=''
[21:54:27] [19.89s] [INFO] ボタン7: text='+9·絵について話しながらskeb作業', aria-label='スペース、ヴァルアンヴィー🔞さんが発言しています、CHU鬼C', testid='', href=''
[21:54:27] [19.93s] [INFO] ボタン8: text='+5·まずやってみよう！', aria-label='スペース、ペプチド🙃🙃さんがリスニング中、あさぴさんがホスト', testid='', href=''
[21:54:27] [19.95s] [INFO] ボタン9: text='·後輩ちゃん塗るお（専業・兼業絵描きさん', aria-label='スペース、wa@C106日曜東7ホール B12abさんが発言', testid='', href=''
[21:54:27] [19.98s] [INFO] ボタン10: text='', aria-label='次へ', testid='', href=''
[21:54:27] [19.99s] [INFO] モバイル投稿ボタン発見: [data-testid="FloatingActionButtons_Tweet_Button"]
[21:54:27] [19.99s] [INFO] モバイル風待機: 1.57秒
[21:54:29] [21.74s] [INFO] タップ成功
[21:54:29] [21.74s] [INFO] モバイル風待機: 2.82秒
[21:54:32] [24.57s] [INFO] モバイルテキストエリア発見: [data-testid="tweetTextarea_0"]
[21:54:32] [24.57s] [INFO] 📝 [SIMPLE_FLOW] 画像先・テキスト後の単純フロー
[21:54:32] [24.58s] [INFO] 📷 [SIMPLE_FLOW] 画像アップロード開始: 1枚
[21:54:32] [24.58s] [INFO] 画像1/1をアップロード中: /Users/takahashimika/Dropbox/web_kabu_ai/temp/base64_images/mobile_chart_9b5f32e4-cdcf-4256-8d3f-aa34c4cb1a82.png
[21:54:32] [24.60s] [INFO] 📝 [TEXT_CHECK] プログラマティック画像アップロード前_1: テキスト長=0, 内容=''
[21:54:32] [24.60s] [INFO] 📷 ファイルダイアログ回避モードで画像アップロード開始
[21:54:32] [24.61s] [INFO] ✅ 画像ファイル読み込み完了: 1384192 bytes
[21:54:32] [24.61s] [INFO] 🚀 プログラマティック画像アップロード実行: mobile_chart_9b5f32e4-cdcf-4256-8d3f-aa34c4cb1a82.png
[21:54:32] [24.77s] [INFO] ✅ プログラマティック画像アップロード成功: プログラマティック画像設定完了（ダイアログ回避）
[21:54:32] [24.77s] [INFO]   - Twitterターゲット発見: True
[21:54:32] [24.77s] [INFO]   - ファイル数: 0
[21:54:32] [24.77s] [INFO] モバイル風待機: 2.94秒
[21:54:35] [27.75s] [INFO] 📝 [TEXT_CHECK] プログラマティック画像アップロード後_1: テキスト長=0, 内容=''
[21:54:35] [27.77s] [INFO] ✅ 画像プレビュー確認: .r-1p0dtai img
[21:54:35] [27.77s] [INFO] ✅ 画像が正常にプログラマティックアップロードされました
[21:54:35] [27.77s] [INFO] 📷 プログラマティック画像アップロード処理完了: 1枚処理
[21:54:35] [27.77s] [INFO] モバイル風待機: 1.12秒
[21:54:36] [28.89s] [INFO] 📝 [SIMPLE_FLOW] テキスト入力（1回のみ）
[21:54:36] [28.89s] [INFO] ⚡ [ULTRA_TYPE] 高速1文字1文字タイピング開始: 893文字
[21:54:36] [28.90s] [INFO] モバイル風待機: 0.30秒
[21:54:42] [34.94s] [INFO] ⚠️ [ULTRA_TYPE] element.type失敗、代替手段を実行: ElementHandle.type: Target page, context or browser has been closed
Call log:
  - elementHandle.type("【東京電力ホールディングス(9501)】-0.99%　今週の株価変動幅：+4.5円（223.5円→219.0円）、週間騰落率：-0.99%　総裁選動向と原発再稼働期待の揺れ動き

★今週の総括  
今週は原発再稼働期待による一時的な買い上がりが見られたものの、自民党総裁選の不透明感が強まり週末にかけて売り圧力が増大し下落に転じた。新潟県柏崎市長の再稼働容認姿勢が市場の安心材料となったが、政局の混乱が投資家心理を冷やした。

米国株安の影響もあり、エネルギーセクター全体に調整圧力が波及。中期的には政府の原発推進政策と安定的な電力需要に支えられた成長期待が継続している。  
■今週の重要材料  
⑴ 新潟県柏崎市長が東電の再稼働方針を理解・容認を示唆  
⑵ 自民党総裁選の実施・前倒しに関する政治的不透明感の強まり  
⑶ 米国株安に伴うエネルギーセクター全体の調整局面

来週の上昇要因タイトル  
原発再稼働推進と自民党新総裁選出の期待感

来週の上昇要因  
⬆️ 自民党総裁選の決着による政治安定と原発推進政策の明確化  
⬆️ 柏崎刈羽原発6号機の再稼働に向けた具体的な進展報告  
⬆️ 国内電力需要増加を背景としたデータセンター関連電力供給拡大の期待

来週の下落リスクタイトル  
政治リスクの継続と安全性懸念

来週の下落リスク  
⬇️ 総裁選の混乱や不透明な政治情勢による市場心理悪化  
⬇️ 原発再稼働に対する地元住民や環境団体の反発強化  
⬇️ 米国株の継続的な下落に伴う投資資金の引き揚げ圧力

来週の注目指標  
・2025年9月9日　自民党総裁選結果発表  
・2025年9月10日　新潟県・柏崎刈羽原発再稼働に関する国・県の協議進捗報告

【中期的投資判断】  
東京電力は再稼働期待と政府の原発推進政策に支えられ、長期的な電力需要増加を背景に安定成長が見込まれる。しかし、政治的混乱や再稼働の安全性問題が短期的なボラティリティを高めているため、投資家は政治動向や地元の同意状況を注視しつつ、押し目買いとリスク管理を両立させる戦略が望ましい。")

[21:54:42] [34.95s] [INFO] ⚠️ [ULTRA_TYPE] keyboard.type失敗、手動ループを実行: ElementHandle.click: Target page, context or browser has been closed
[21:54:42] [34.95s] [ERROR] ❌ [ULTRA_TYPE] 高速タイピング例外エラー: ElementHandle.evaluate: Target page, context or browser has been closed
[21:54:42] [34.95s] [INFO] 🎯 [SIMPLE_FLOW] テキストエリアにフォーカス維持
[21:54:42] [34.95s] [ERROR] モバイルツイート投稿エラー: ElementHandle.focus: Target page, context or browser has been closed
[21:54:42] [34.95s] [INFO] 🧹 モバイルブラウザ クリーンアップ開始
[21:54:43] [35.81s] [INFO] ✅ モバイルコンテキストクローズ完了
[21:54:43] [35.84s] [INFO] ✅ Playwrightストップ完了

=== モバイルTwitterデバッグログ終了 ===
終了時刻: 2025-09-07 21:54:43
総実行時間: 35.84秒
============================================================
[21:54:43] [35.84s] [INFO] 📋 詳細デバッグログ保存完了: /Users/takahashimika/Dropbox/web_kabu_ai/python/twitter_auto_post/debug_logs/mobile_twitter_debug_20250907_215407.log
