=== モバイルTwitterデバッグログ開始 ===
開始時刻: 2025-09-06 12:19:33
ログファイル: /Users/takahashimika/Dropbox/web_kabu_ai/python/twitter_auto_post/debug_logs/mobile_twitter_debug_20250906_121933.log
============================================================

[12:19:33] [0.00s] [INFO] モバイルプロファイルディレクトリ: /Users/takahashimika/Dropbox/web_kabu_ai/twitter_mobile_profile
[12:19:33] [0.00s] [INFO] 📱 モバイルブラウザ起動開始
[12:19:34] [0.70s] [INFO] ✅ Playwright インスタンス作成完了
[12:19:34] [0.70s] [INFO] ✅ 既存モバイルプロファイル発見: /Users/takahashimika/Dropbox/web_kabu_ai/twitter_mobile_profile
[12:19:34] [0.70s] [INFO] モバイル引数設定完了: 26個
[12:19:34] [0.70s] [INFO] モバイルコンテキスト作成中...
[12:19:35] [2.53s] [INFO] ✅ モバイルコンテキスト作成完了
[12:19:35] [2.53s] [INFO] 既存モバイルページを使用
[12:19:35] [2.54s] [INFO] ✅ モバイル偽装スクリプト適用完了
[12:19:35] [2.55s] [INFO] 📱 モバイルブラウザ起動成功
[12:19:35] [2.55s] [INFO] 📱 モバイル版Twitterに移動開始
[12:19:35] [2.55s] [INFO] アクセス先: https://mobile.twitter.com
[12:19:37] [4.06s] [INFO] ✅ ページ移動完了
[12:19:37] [4.06s] [INFO] モバイル風待機: 1.74秒
[12:19:39] [5.82s] [INFO] 現在のURL: https://x.com/
[12:19:39] [5.82s] [INFO] ページタイトル: ホーム / X
[12:19:39] [5.82s] [INFO] モバイルログイン状態チェック - URL: https://x.com/home
[12:19:39] [6.24s] [INFO] ✅ モバイルログイン要素発見: nav[role="navigation"]
[12:19:39] [6.43s] [INFO] ✅ モバイルログイン要素発見: [data-testid="primaryColumn"]
[12:19:40] [6.72s] [INFO] ✅ モバイルログイン要素発見: [aria-label*="ホーム"], [aria-label*="Home"]
[12:19:40] [6.72s] [INFO] ✅ モバイルログイン確認 (3個の要素)
[12:19:40] [6.72s] [INFO] 📱 モバイルツイート投稿開始 (テスト: False)
[12:19:40] [6.73s] [INFO] 投稿処理開始時のURL: https://x.com/home
[12:19:40] [7.07s] [INFO] ページ上のボタン要素数: 47
[12:19:40] [7.23s] [INFO] ボタン1: text='', aria-label='プロフィールメニュー meiteko', testid='DashButton_ProfileIcon_Link', href=''
[12:19:40] [7.26s] [INFO] ボタン2: text='', aria-label='前', testid='', href=''
[12:19:40] [7.29s] [INFO] ボタン3: text='', aria-label='次へ', testid='', href=''
[12:19:40] [7.32s] [INFO] ボタン4: text='', aria-label='前', testid='', href=''
[12:19:40] [7.34s] [INFO] ボタン5: text='+2.3万·【8周年】アズレンEXPO ', aria-label='ライブ放送、アズールレーン公式さんがホストしています、アズー', testid='', href=''
[12:19:40] [7.37s] [INFO] ボタン6: text='+24·初見さんもブロックしてたって歓迎', aria-label='スペース、ぺぐ。さんがリスニング中、しんすけさんがホスト、初', testid='', href=''
[12:19:40] [7.41s] [INFO] ボタン7: text='+6·朝から本気作業(FFさんのみ)12', aria-label='スペース、ミルクさんがリスニング中、キリヒトハさんがホスト、', testid='', href=''
[12:19:40] [7.44s] [INFO] ボタン8: text='', aria-label='次へ', testid='', href=''
[12:19:40] [7.47s] [INFO] ボタン9: text='新しいポストを表示', aria-label='新しいポストがあります。新しいポストに移動するには、ピリオド', testid='', href=''
[12:19:40] [7.50s] [INFO] ボタン10: text='', aria-label='ホームタイムラインに移動', testid='', href=''
[12:19:40] [7.52s] [INFO] モバイル投稿ボタン発見: [data-testid="FloatingActionButtons_Tweet_Button"]
[12:19:40] [7.52s] [INFO] モバイル風待機: 1.73秒
[12:19:42] [9.42s] [INFO] タップ成功
[12:19:42] [9.42s] [INFO] モバイル風待機: 2.56秒
[12:19:45] [12.00s] [INFO] モバイルテキストエリア発見: [data-testid="tweetTextarea_0"]
[12:19:45] [12.00s] [INFO] 📝 [SIMPLE_FLOW] 画像先・テキスト後の単純フロー
[12:19:45] [12.00s] [INFO] 📷 [SIMPLE_FLOW] 画像アップロード開始: 1枚
[12:19:45] [12.00s] [INFO] 画像1/1をアップロード中: /Users/takahashimika/Dropbox/web_kabu_ai/temp/base64_images/mobile_chart_b3551f85-eb9b-4d7b-93c0-617eab1b9cec.png
[12:19:45] [12.04s] [INFO] 📝 [TEXT_CHECK] プログラマティック画像アップロード前_1: テキスト長=0, 内容=''
[12:19:45] [12.04s] [INFO] 📷 ファイルダイアログ回避モードで画像アップロード開始
[12:19:45] [12.05s] [INFO] ✅ 画像ファイル読み込み完了: 1676528 bytes
[12:19:45] [12.05s] [INFO] 🚀 プログラマティック画像アップロード実行: mobile_chart_b3551f85-eb9b-4d7b-93c0-617eab1b9cec.png
[12:19:45] [12.27s] [INFO] ✅ プログラマティック画像アップロード成功: プログラマティック画像設定完了（ダイアログ回避）
[12:19:45] [12.27s] [INFO]   - Twitterターゲット発見: True
[12:19:45] [12.27s] [INFO]   - ファイル数: 0
[12:19:45] [12.27s] [INFO] モバイル風待機: 2.42秒
[12:19:48] [14.72s] [INFO] 📝 [TEXT_CHECK] プログラマティック画像アップロード後_1: テキスト長=0, 内容=''
[12:19:48] [14.74s] [INFO] ✅ 画像プレビュー確認: .r-1p0dtai img
[12:19:48] [14.74s] [INFO] ✅ 画像が正常にプログラマティックアップロードされました
[12:19:48] [14.74s] [INFO] 📷 プログラマティック画像アップロード処理完了: 1枚処理
[12:19:48] [14.74s] [INFO] モバイル風待機: 1.06秒
[12:19:49] [15.81s] [INFO] 📝 [SIMPLE_FLOW] テキスト入力（1回のみ）
[12:19:49] [15.81s] [INFO] 📝 [SIMPLE_TYPE] シンプルテキスト入力開始: 812文字
[12:19:49] [15.82s] [INFO] モバイル風待機: 0.35秒
[12:19:49] [16.17s] [INFO] ✅ [SIMPLE_TYPE] テキスト設定完了: 812文字
[12:19:49] [16.17s] [INFO] 🎯 [SIMPLE_FLOW] テキストエリアにフォーカス維持
[12:19:49] [16.19s] [INFO] モバイル風待機: 0.53秒
[12:19:50] [16.72s] [INFO] ✅ モバイルテキスト入力完了: 【ＪＸ金属(5016)】0.41%下落、利確売りと需給調整で一時の押し目形成

★今日の流れと解説 ...
[12:19:50] [16.72s] [INFO] 🚀 [強化版] 実投稿モード: 確実な投稿ボタン探索開始
[12:19:50] [16.72s] [INFO] 🎯 [強化版] 投稿ボタン探索 試行 1/3
[12:19:50] [16.74s] [INFO] 📍 [強化版] ボタン発見: [data-testid="tweetButton"]
[12:19:50] [16.75s] [INFO]    可視: True, 有効: True, 接続: True
[12:19:50] [16.75s] [INFO]    テキスト: 'ポストする'
[12:19:50] [16.75s] [INFO] ✅ [強化版] 有効な投稿ボタン確認: [data-testid="tweetButton"]
[12:19:50] [16.75s] [INFO] 🎯 [SIMPLE_FLOW] 投稿ボタンクリック試行 1: [data-testid="tweetButton"]
[12:19:50] [16.75s] [INFO] 🎯 [SIMPLE_FLOW] フォーカス維持したままJSクリック
[12:19:50] [16.81s] [INFO] ✅ [SIMPLE_FLOW] JSクリック成功（フォーカス維持）
[12:19:50] [16.81s] [INFO] 🎉 [強化版] [ポストボタン確実クリック済み] 投稿処理成功
[12:19:50] [16.81s] [INFO] モバイル風待機: 4.97秒
[12:19:55] [21.79s] [INFO] 🔍 [POST-VALIDATION] 投稿完了後の最終確認開始
[12:19:55] [21.79s] [INFO] 📍 [POST-VALIDATION] 投稿後URL: https://x.com/compose/post
[12:19:55] [21.79s] [INFO] ✅ [POST-VALIDATION] ホーム画面への遷移確認
[12:19:55] [21.80s] [INFO] 📢 [POST-VALIDATION] 成功インジケーター発見: ポストを送信しました。
表示
[12:19:55] [21.80s] [INFO] ============================================================
[12:19:55] [21.80s] [INFO] 📊 [FINAL-SUMMARY] 投稿処理完了サマリー
[12:19:55] [21.80s] [INFO] ============================================================
[12:19:55] [21.80s] [INFO] 📝 投稿メッセージ長: 812文字
[12:19:55] [21.80s] [INFO] 📝 投稿メッセージ内容: 【ＪＸ金属(5016)】0.41%下落、利確売りと需給調整で一時の押し目形成

★今日の流れと解説  
株価は前日比0.41%下落し、1480円台で取引を終えた。利確売りが先行しつつも、出来高は依然高水準を維持。大和証券の新規「アウトパフォーム」評価やAI関連材料の成長期待が株価を支えている。

ロックアップ解除を控えた需給警戒感も見られ、市場は押し目を形成する動きを示した。

■今日のニュース内...
[12:19:55] [21.80s] [INFO] 📷 画像アップロード: あり
[12:19:55] [21.80s] [INFO] 🌐 最終URL: https://x.com/compose/post
[12:19:55] [21.80s] [INFO] ⏰ 投稿完了時刻: 2025-09-06 12:19:55
[12:19:55] [21.80s] [INFO] ============================================================
[12:19:55] [21.80s] [INFO] ✅ === モバイル版投稿完了成功！ ===
[12:19:55] [21.80s] [INFO] 🧹 モバイルブラウザ クリーンアップ開始
[12:19:55] [22.30s] [INFO] ✅ モバイルコンテキストクローズ完了
[12:19:55] [22.31s] [INFO] ✅ Playwrightストップ完了

=== モバイルTwitterデバッグログ終了 ===
終了時刻: 2025-09-06 12:19:55
総実行時間: 22.31秒
============================================================
[12:19:55] [22.31s] [INFO] 📋 詳細デバッグログ保存完了: /Users/takahashimika/Dropbox/web_kabu_ai/python/twitter_auto_post/debug_logs/mobile_twitter_debug_20250906_121933.log
