=== モバイルTwitterデバッグログ開始 ===
開始時刻: 2025-09-06 14:48:30
ログファイル: /Users/takahashimika/Dropbox/web_kabu_ai/python/twitter_auto_post/debug_logs/mobile_twitter_debug_20250906_144830.log
============================================================

[14:48:30] [0.00s] [INFO] モバイルプロファイルディレクトリ: /Users/takahashimika/Dropbox/web_kabu_ai/twitter_mobile_profile
[14:48:30] [0.00s] [INFO] 📱 モバイルブラウザ起動開始
[14:48:31] [1.09s] [INFO] ✅ Playwright インスタンス作成完了
[14:48:31] [1.09s] [INFO] ✅ 既存モバイルプロファイル発見: /Users/takahashimika/Dropbox/web_kabu_ai/twitter_mobile_profile
[14:48:31] [1.09s] [INFO] モバイル引数設定完了: 26個
[14:48:31] [1.09s] [INFO] モバイルコンテキスト作成中...
[14:48:35] [4.31s] [INFO] ✅ モバイルコンテキスト作成完了
[14:48:35] [4.31s] [INFO] 既存モバイルページを使用
[14:48:35] [4.34s] [INFO] ✅ モバイル偽装スクリプト適用完了
[14:48:35] [4.34s] [INFO] 📱 モバイルブラウザ起動成功
[14:48:35] [4.34s] [INFO] 📱 モバイル版Twitterに移動開始
[14:48:35] [4.34s] [INFO] アクセス先: https://mobile.twitter.com
[14:48:37] [6.28s] [INFO] ✅ ページ移動完了
[14:48:37] [6.28s] [INFO] モバイル風待機: 1.24秒
[14:48:38] [7.54s] [INFO] 現在のURL: https://x.com/
[14:48:38] [7.54s] [INFO] ページタイトル: ホーム / X
[14:48:38] [7.54s] [INFO] モバイルログイン状態チェック - URL: https://x.com/home
[14:48:38] [7.61s] [INFO] ✅ モバイルログイン要素発見: nav[role="navigation"]
[14:48:38] [7.62s] [INFO] ✅ モバイルログイン要素発見: [data-testid="primaryColumn"]
[14:48:38] [7.63s] [INFO] ✅ モバイルログイン要素発見: [aria-label*="ホーム"], [aria-label*="Home"]
[14:48:38] [7.63s] [INFO] ✅ モバイルログイン確認 (3個の要素)
[14:48:38] [7.63s] [INFO] 📱 モバイルツイート投稿開始 (テスト: False)
[14:48:38] [7.63s] [INFO] 投稿処理開始時のURL: https://x.com/home
[14:48:38] [7.65s] [INFO] ページ上のボタン要素数: 8
[14:48:38] [7.68s] [INFO] ボタン1: text='', aria-label='プロフィールメニュー meiteko', testid='DashButton_ProfileIcon_Link', href=''
[14:48:38] [7.70s] [INFO] ボタン2: text='', aria-label='前', testid='', href=''
[14:48:38] [7.73s] [INFO] ボタン3: text='', aria-label='次へ', testid='', href=''
[14:48:38] [7.75s] [INFO] ボタン4: text='', aria-label='前', testid='', href=''
[14:48:38] [7.77s] [INFO] ボタン5: text='', aria-label='次へ', testid='', href=''
[14:48:38] [7.79s] [INFO] ボタン6: text='新しいポストを表示', aria-label='新しいポストがあります。新しいポストに移動するには、ピリオド', testid='', href=''
[14:48:38] [7.81s] [INFO] ボタン7: text='', aria-label='ホームタイムラインに移動', testid='', href=''
[14:48:38] [7.83s] [INFO] ボタン8: text='', aria-label='トレンドに移動', testid='', href=''
[14:48:38] [7.85s] [INFO] モバイル投稿ボタン発見: [data-testid="FloatingActionButtons_Tweet_Button"]
[14:48:38] [7.85s] [INFO] モバイル風待機: 1.92秒
[14:48:40] [9.98s] [INFO] タップ成功
[14:48:40] [9.98s] [INFO] モバイル風待機: 2.41秒
[14:48:43] [12.40s] [INFO] モバイルテキストエリア発見: [data-testid="tweetTextarea_0"]
[14:48:43] [12.40s] [INFO] 📝 [SIMPLE_FLOW] 画像先・テキスト後の単純フロー
[14:48:43] [12.40s] [INFO] 📷 [SIMPLE_FLOW] 画像アップロード開始: 1枚
[14:48:43] [12.40s] [INFO] 画像1/1をアップロード中: /Users/takahashimika/Dropbox/web_kabu_ai/temp/base64_images/mobile_chart_e261eec6-abf3-4bdc-9b95-906ef6a80b44.png
[14:48:43] [12.44s] [INFO] 📝 [TEXT_CHECK] プログラマティック画像アップロード前_1: テキスト長=0, 内容=''
[14:48:43] [12.44s] [INFO] 📷 ファイルダイアログ回避モードで画像アップロード開始
[14:48:43] [12.45s] [INFO] ✅ 画像ファイル読み込み完了: 1201792 bytes
[14:48:43] [12.45s] [INFO] 🚀 プログラマティック画像アップロード実行: mobile_chart_e261eec6-abf3-4bdc-9b95-906ef6a80b44.png
[14:48:43] [12.60s] [INFO] ✅ プログラマティック画像アップロード成功: プログラマティック画像設定完了（ダイアログ回避）
[14:48:43] [12.60s] [INFO]   - Twitterターゲット発見: True
[14:48:43] [12.60s] [INFO]   - ファイル数: 0
[14:48:43] [12.60s] [INFO] モバイル風待機: 2.74秒
[14:48:46] [15.38s] [INFO] 📝 [TEXT_CHECK] プログラマティック画像アップロード後_1: テキスト長=0, 内容=''
[14:48:46] [15.40s] [INFO] ✅ 画像プレビュー確認: .r-1p0dtai img
[14:48:46] [15.40s] [INFO] ✅ 画像が正常にプログラマティックアップロードされました
[14:48:46] [15.40s] [INFO] 📷 プログラマティック画像アップロード処理完了: 1枚処理
[14:48:46] [15.40s] [INFO] モバイル風待機: 1.21秒
[14:48:47] [16.61s] [INFO] 📝 [SIMPLE_FLOW] テキスト入力（1回のみ）
[14:48:47] [16.61s] [INFO] 📝 [SIMPLE_TYPE] シンプルテキスト入力開始: 623文字
[14:48:47] [16.61s] [INFO] モバイル風待機: 0.47秒
[14:48:47] [17.09s] [INFO] ✅ [SIMPLE_TYPE] テキスト設定完了: 623文字
[14:48:47] [17.09s] [INFO] 🎯 [SIMPLE_FLOW] テキストエリアにフォーカス維持
[14:48:47] [17.11s] [INFO] モバイル風待機: 0.76秒
[14:48:48] [17.88s] [INFO] ✅ モバイルテキスト入力完了: 【東京電力ホールディングス(9501)】-0.99% 再稼働判断遅延で慎重ムード続く

★今日の流れ...
[14:48:48] [17.88s] [INFO] 🚀 [強化版] 実投稿モード: 確実な投稿ボタン探索開始
[14:48:48] [17.88s] [INFO] 🎯 [強化版] 投稿ボタン探索 試行 1/3
[14:48:48] [17.90s] [INFO] 📍 [強化版] ボタン発見: [data-testid="tweetButton"]
[14:48:48] [17.90s] [INFO]    可視: True, 有効: True, 接続: True
[14:48:48] [17.90s] [INFO]    テキスト: 'ポストする'
[14:48:48] [17.90s] [INFO] ✅ [強化版] 有効な投稿ボタン確認: [data-testid="tweetButton"]
[14:48:48] [17.90s] [INFO] 🎯 [SIMPLE_FLOW] 投稿ボタンクリック試行 1: [data-testid="tweetButton"]
[14:48:48] [17.90s] [INFO] ⏳ 投稿ボタンクリック前に10秒待機中...
[14:48:58] [27.90s] [INFO] ✅ 10秒待機完了
[14:48:58] [27.90s] [INFO] 🎯 [SIMPLE_FLOW] フォーカス維持したままJSクリック
[14:48:58] [27.91s] [INFO] ❌ [SIMPLE_FLOW] クリック例外: Page.evaluate: Target page, context or browser has been closed
[14:48:58] [27.91s] [INFO] 🔄 [SIMPLE_FLOW] フォールバック: 通常のJSクリック
[14:48:58] [27.91s] [INFO] ❌ [SIMPLE_FLOW] フォールバッククリックエラー: ElementHandle.evaluate: Target page, context or browser has been closed
[14:48:58] [27.91s] [INFO] ⏳ [強化版] 次の試行まで待機...
[14:48:58] [27.91s] [INFO] モバイル風待機: 1.93秒
[14:49:00] [29.84s] [INFO] 🎯 [強化版] 投稿ボタン探索 試行 2/3
[14:49:00] [29.85s] [INFO] ⚠️ [強化版] セレクター [data-testid="tweetButtonInline"] 検証エラー: Page.query_selector: Target page, context or browser has been closed
[14:49:00] [29.85s] [INFO] ⚠️ [強化版] セレクター [data-testid="tweetButton"] 検証エラー: Page.query_selector: Target page, context or browser has been closed
[14:49:00] [29.85s] [INFO] ⚠️ [強化版] セレクター button[data-testid="tweetButtonInline"] 検証エラー: Page.query_selector: Target page, context or browser has been closed
[14:49:00] [29.85s] [INFO] ⚠️ [強化版] セレクター button[data-testid="tweetButton"] 検証エラー: Page.query_selector: Target page, context or browser has been closed
[14:49:00] [29.86s] [INFO] ⚠️ [強化版] セレクター [role="button"][data-testid="tweetButtonInline"] 検証エラー: Page.query_selector: Target page, context or browser has been closed
[14:49:00] [29.86s] [INFO] ⚠️ [強化版] セレクター [role="button"][data-testid="tweetButton"] 検証エラー: Page.query_selector: Target page, context or browser has been closed
[14:49:00] [29.86s] [INFO] ⚠️ [強化版] セレクター button:has-text("ツイートする") 検証エラー: Page.query_selector: Target page, context or browser has been closed
[14:49:00] [29.86s] [INFO] ⚠️ [強化版] セレクター button:has-text("Tweet") 検証エラー: Page.query_selector: Target page, context or browser has been closed
[14:49:00] [29.87s] [INFO] ⚠️ [強化版] セレクター button:has-text("Post") 検証エラー: Page.query_selector: Target page, context or browser has been closed
[14:49:00] [29.87s] [INFO] ⚠️ [強化版] セレクター button:has-text("ポスト") 検証エラー: Page.query_selector: Target page, context or browser has been closed
[14:49:00] [29.87s] [INFO] ⚠️ [強化版] セレクター [aria-label*="ツイート"] 検証エラー: Page.query_selector: Target page, context or browser has been closed
[14:49:00] [29.87s] [INFO] ⚠️ [強化版] セレクター [aria-label*="Tweet"] 検証エラー: Page.query_selector: Target page, context or browser has been closed
[14:49:00] [29.87s] [INFO] ⚠️ [強化版] セレクター [aria-label*="Post"] 検証エラー: Page.query_selector: Target page, context or browser has been closed
[14:49:00] [29.88s] [INFO] ⚠️ [強化版] セレクター [aria-label*="ポスト"] 検証エラー: Page.query_selector: Target page, context or browser has been closed
[14:49:00] [29.88s] [INFO] ⚠️ [強化版] セレクター [role="button"][aria-label*="ツイート"] 検証エラー: Page.query_selector: Target page, context or browser has been closed
[14:49:00] [29.88s] [INFO] ⚠️ [強化版] セレクター [role="button"][aria-label*="Tweet"] 検証エラー: Page.query_selector: Target page, context or browser has been closed
[14:49:00] [29.88s] [INFO] ⚠️ [強化版] セレクター [role="button"][aria-label*="Post"] 検証エラー: Page.query_selector: Target page, context or browser has been closed
[14:49:00] [29.89s] [INFO] ⚠️ [強化版] セレクター [role="button"][aria-label*="ポスト"] 検証エラー: Page.query_selector: Target page, context or browser has been closed
[14:49:00] [29.89s] [INFO] ⚠️ [強化版] セレクター button[type="submit"] 検証エラー: Page.query_selector: Target page, context or browser has been closed
[14:49:00] [29.89s] [INFO] ⚠️ [強化版] セレクター button[class*="tweet"] 検証エラー: Page.query_selector: Target page, context or browser has been closed
[14:49:00] [29.89s] [INFO] ⚠️ [強化版] セレクター button[class*="post"] 検証エラー: Page.query_selector: Target page, context or browser has been closed
[14:49:00] [29.89s] [INFO] ⚠️ [強化版] セレクター .css-18t94o4.css-1dbjc4n.r-l5o3uw button 検証エラー: Page.query_selector: Target page, context or browser has been closed
[14:49:00] [29.90s] [INFO] ⚠️ [強化版] セレクター .css-175oi2r.r-sdzlij button 検証エラー: Page.query_selector: Target page, context or browser has been closed
[14:49:00] [29.90s] [INFO] ⚠️ [強化版] セレクター *[data-testid="tweetButtonInline"]:not([disabled]) 検証エラー: Page.query_selector: Target page, context or browser has been closed
[14:49:00] [29.90s] [INFO] ⚠️ [強化版] セレクター *[data-testid="tweetButton"]:not([disabled]) 検証エラー: Page.query_selector: Target page, context or browser has been closed
[14:49:00] [29.90s] [INFO] ❌ [強化版] 試行 2: 投稿ボタンが見つかりません
[14:49:00] [29.90s] [INFO] ⏳ [強化版] 次の試行まで待機...
[14:49:00] [29.90s] [INFO] モバイル風待機: 1.85秒
[14:49:02] [31.75s] [INFO] 🎯 [強化版] 投稿ボタン探索 試行 3/3
[14:49:02] [31.76s] [INFO] ⚠️ [強化版] セレクター [data-testid="tweetButtonInline"] 検証エラー: Page.query_selector: Target page, context or browser has been closed
[14:49:02] [31.76s] [INFO] ⚠️ [強化版] セレクター [data-testid="tweetButton"] 検証エラー: Page.query_selector: Target page, context or browser has been closed
[14:49:02] [31.76s] [INFO] ⚠️ [強化版] セレクター button[data-testid="tweetButtonInline"] 検証エラー: Page.query_selector: Target page, context or browser has been closed
[14:49:02] [31.76s] [INFO] ⚠️ [強化版] セレクター button[data-testid="tweetButton"] 検証エラー: Page.query_selector: Target page, context or browser has been closed
[14:49:02] [31.76s] [INFO] ⚠️ [強化版] セレクター [role="button"][data-testid="tweetButtonInline"] 検証エラー: Page.query_selector: Target page, context or browser has been closed
[14:49:02] [31.77s] [INFO] ⚠️ [強化版] セレクター [role="button"][data-testid="tweetButton"] 検証エラー: Page.query_selector: Target page, context or browser has been closed
[14:49:02] [31.77s] [INFO] ⚠️ [強化版] セレクター button:has-text("ツイートする") 検証エラー: Page.query_selector: Target page, context or browser has been closed
[14:49:02] [31.77s] [INFO] ⚠️ [強化版] セレクター button:has-text("Tweet") 検証エラー: Page.query_selector: Target page, context or browser has been closed
[14:49:02] [31.77s] [INFO] ⚠️ [強化版] セレクター button:has-text("Post") 検証エラー: Page.query_selector: Target page, context or browser has been closed
[14:49:02] [31.77s] [INFO] ⚠️ [強化版] セレクター button:has-text("ポスト") 検証エラー: Page.query_selector: Target page, context or browser has been closed
[14:49:02] [31.77s] [INFO] ⚠️ [強化版] セレクター [aria-label*="ツイート"] 検証エラー: Page.query_selector: Target page, context or browser has been closed
[14:49:02] [31.78s] [INFO] ⚠️ [強化版] セレクター [aria-label*="Tweet"] 検証エラー: Page.query_selector: Target page, context or browser has been closed
[14:49:02] [31.78s] [INFO] ⚠️ [強化版] セレクター [aria-label*="Post"] 検証エラー: Page.query_selector: Target page, context or browser has been closed
[14:49:02] [31.78s] [INFO] ⚠️ [強化版] セレクター [aria-label*="ポスト"] 検証エラー: Page.query_selector: Target page, context or browser has been closed
[14:49:02] [31.78s] [INFO] ⚠️ [強化版] セレクター [role="button"][aria-label*="ツイート"] 検証エラー: Page.query_selector: Target page, context or browser has been closed
[14:49:02] [31.78s] [INFO] ⚠️ [強化版] セレクター [role="button"][aria-label*="Tweet"] 検証エラー: Page.query_selector: Target page, context or browser has been closed
[14:49:02] [31.79s] [INFO] ⚠️ [強化版] セレクター [role="button"][aria-label*="Post"] 検証エラー: Page.query_selector: Target page, context or browser has been closed
[14:49:02] [31.79s] [INFO] ⚠️ [強化版] セレクター [role="button"][aria-label*="ポスト"] 検証エラー: Page.query_selector: Target page, context or browser has been closed
[14:49:02] [31.79s] [INFO] ⚠️ [強化版] セレクター button[type="submit"] 検証エラー: Page.query_selector: Target page, context or browser has been closed
[14:49:02] [31.79s] [INFO] ⚠️ [強化版] セレクター button[class*="tweet"] 検証エラー: Page.query_selector: Target page, context or browser has been closed
[14:49:02] [31.79s] [INFO] ⚠️ [強化版] セレクター button[class*="post"] 検証エラー: Page.query_selector: Target page, context or browser has been closed
[14:49:02] [31.79s] [INFO] ⚠️ [強化版] セレクター .css-18t94o4.css-1dbjc4n.r-l5o3uw button 検証エラー: Page.query_selector: Target page, context or browser has been closed
[14:49:02] [31.80s] [INFO] ⚠️ [強化版] セレクター .css-175oi2r.r-sdzlij button 検証エラー: Page.query_selector: Target page, context or browser has been closed
[14:49:02] [31.80s] [INFO] ⚠️ [強化版] セレクター *[data-testid="tweetButtonInline"]:not([disabled]) 検証エラー: Page.query_selector: Target page, context or browser has been closed
[14:49:02] [31.80s] [INFO] ⚠️ [強化版] セレクター *[data-testid="tweetButton"]:not([disabled]) 検証エラー: Page.query_selector: Target page, context or browser has been closed
[14:49:02] [31.80s] [INFO] ❌ [強化版] 試行 3: 投稿ボタンが見つかりません
[14:49:02] [31.80s] [INFO] 🔍 [強化版] 投稿ボタン発見失敗 - 詳細調査開始
[14:49:02] [31.80s] [INFO] 🔍 [強化版] 詳細調査エラー: Page.query_selector_all: Target page, context or browser has been closed
[14:49:02] [31.80s] [INFO] ❌ [強化版] 全ての試行が失敗しました
[14:49:02] [31.80s] [INFO] 🧹 モバイルブラウザ クリーンアップ開始
[14:49:03] [32.38s] [INFO] ✅ モバイルコンテキストクローズ完了
[14:49:03] [32.40s] [INFO] ✅ Playwrightストップ完了

=== モバイルTwitterデバッグログ終了 ===
終了時刻: 2025-09-06 14:49:03
総実行時間: 32.40秒
============================================================
[14:49:03] [32.40s] [INFO] 📋 詳細デバッグログ保存完了: /Users/takahashimika/Dropbox/web_kabu_ai/python/twitter_auto_post/debug_logs/mobile_twitter_debug_20250906_144830.log
