=== モバイルTwitterデバッグログ開始 ===
開始時刻: 2025-09-06 15:30:08
ログファイル: /Users/takahashimika/Dropbox/web_kabu_ai/python/twitter_auto_post/debug_logs/mobile_twitter_debug_20250906_153008.log
============================================================

[15:30:08] [0.00s] [INFO] モバイルプロファイルディレクトリ: /Users/takahashimika/Dropbox/web_kabu_ai/twitter_mobile_profile
[15:30:08] [0.00s] [INFO] 📱 モバイルブラウザ起動開始
[15:30:09] [0.78s] [INFO] ✅ Playwright インスタンス作成完了
[15:30:09] [0.78s] [INFO] ✅ 既存モバイルプロファイル発見: /Users/takahashimika/Dropbox/web_kabu_ai/twitter_mobile_profile
[15:30:09] [0.78s] [INFO] モバイル引数設定完了: 26個
[15:30:09] [0.78s] [INFO] モバイルコンテキスト作成中...
[15:30:11] [2.92s] [INFO] ✅ モバイルコンテキスト作成完了
[15:30:11] [2.92s] [INFO] 既存モバイルページを使用
[15:30:11] [2.96s] [INFO] ✅ モバイル偽装スクリプト適用完了
[15:30:11] [2.96s] [INFO] 📱 モバイルブラウザ起動成功
[15:30:11] [2.96s] [INFO] 📱 モバイル版Twitterに移動開始
[15:30:11] [2.96s] [INFO] アクセス先: https://mobile.twitter.com
[15:30:13] [4.76s] [INFO] ✅ ページ移動完了
[15:30:13] [4.77s] [INFO] モバイル風待機: 1.62秒
[15:30:14] [6.44s] [INFO] 現在のURL: https://x.com/
[15:30:14] [6.44s] [INFO] ページタイトル: ホーム / X
[15:30:14] [6.44s] [INFO] モバイルログイン状態チェック - URL: https://x.com/home
[15:30:14] [6.57s] [INFO] ✅ モバイルログイン要素発見: nav[role="navigation"]
[15:30:14] [6.58s] [INFO] ✅ モバイルログイン要素発見: [data-testid="primaryColumn"]
[15:30:14] [6.60s] [INFO] ✅ モバイルログイン要素発見: [aria-label*="ホーム"], [aria-label*="Home"]
[15:30:14] [6.60s] [INFO] ✅ モバイルログイン確認 (3個の要素)
[15:30:14] [6.60s] [INFO] 🔢 [TEST_MODE] 文字数制限: 623文字 → 50文字
[15:30:14] [6.60s] [INFO] 📝 [TEST_MODE] 制限後テキスト: 【東京電力ホールディングス(9501)】-0.99% 再稼働判断遅延で慎重ムード続く

★今日の流れ
[15:30:14] [6.60s] [INFO] 📱 モバイルツイート投稿開始 (テスト: False)
[15:30:14] [6.60s] [INFO] 投稿処理開始時のURL: https://x.com/home
[15:30:14] [6.61s] [INFO] ページ上のボタン要素数: 8
[15:30:14] [6.64s] [INFO] ボタン1: text='', aria-label='プロフィールメニュー meiteko', testid='DashButton_ProfileIcon_Link', href=''
[15:30:16] [7.96s] [INFO] ボタン2: text='', aria-label='前', testid='', href=''
[15:30:16] [8.16s] [INFO] ボタン3: text='', aria-label='次へ', testid='', href=''
[15:30:16] [8.24s] [INFO] ボタン4: text='', aria-label='前', testid='', href=''
[15:30:16] [8.28s] [INFO] ボタン5: text='', aria-label='次へ', testid='', href=''
[15:30:16] [8.32s] [INFO] ボタン6: text='新しいポストを表示', aria-label='新しいポストがあります。新しいポストに移動するには、ピリオド', testid='', href=''
[15:30:16] [8.37s] [INFO] ボタン7: text='', aria-label='ホームタイムラインに移動', testid='', href=''
[15:30:16] [8.40s] [INFO] ボタン8: text='', aria-label='トレンドに移動', testid='', href=''
[15:30:16] [8.41s] [INFO] モバイル投稿ボタン発見: [data-testid="FloatingActionButtons_Tweet_Button"]
[15:30:16] [8.41s] [INFO] モバイル風待機: 1.30秒
[15:30:18] [9.86s] [INFO] タップ成功
[15:30:18] [9.86s] [INFO] モバイル風待機: 2.59秒
[15:30:20] [12.46s] [INFO] モバイルテキストエリア発見: [data-testid="tweetTextarea_0"]
[15:30:20] [12.46s] [INFO] 📝 [SIMPLE_FLOW] 画像先・テキスト後の単純フロー
[15:30:20] [12.46s] [INFO] 📷 [SIMPLE_FLOW] 画像アップロード開始: 1枚
[15:30:20] [12.46s] [INFO] 画像1/1をアップロード中: /Users/takahashimika/Dropbox/web_kabu_ai/temp/base64_images/mobile_chart_3efef0f4-82a7-4132-bc09-f36025d2afb2.png
[15:30:20] [12.49s] [INFO] 📝 [TEXT_CHECK] プログラマティック画像アップロード前_1: テキスト長=0, 内容=''
[15:30:20] [12.49s] [INFO] 📷 ファイルダイアログ回避モードで画像アップロード開始
[15:30:20] [12.50s] [INFO] ✅ 画像ファイル読み込み完了: 832188 bytes
[15:30:20] [12.50s] [INFO] 🚀 プログラマティック画像アップロード実行: mobile_chart_3efef0f4-82a7-4132-bc09-f36025d2afb2.png
[15:30:20] [12.61s] [INFO] ✅ プログラマティック画像アップロード成功: プログラマティック画像設定完了（ダイアログ回避）
[15:30:20] [12.61s] [INFO]   - Twitterターゲット発見: True
[15:30:20] [12.61s] [INFO]   - ファイル数: 0
[15:30:20] [12.61s] [INFO] モバイル風待機: 2.84秒
[15:30:23] [15.47s] [INFO] 📝 [TEXT_CHECK] プログラマティック画像アップロード後_1: テキスト長=0, 内容=''
[15:30:23] [15.49s] [INFO] ✅ 画像プレビュー確認: .r-1p0dtai img
[15:30:23] [15.49s] [INFO] ✅ 画像が正常にプログラマティックアップロードされました
[15:30:23] [15.49s] [INFO] 📷 プログラマティック画像アップロード処理完了: 1枚処理
[15:30:23] [15.49s] [INFO] モバイル風待機: 1.15秒
[15:30:24] [16.64s] [INFO] 📝 [SIMPLE_FLOW] テキスト入力（1回のみ）
[15:30:24] [16.64s] [INFO] 📝 [PROTECTED_TYPE] フォーカス外れ対応テキスト入力開始: 50文字
[15:30:24] [16.65s] [INFO] モバイル風待機: 0.44秒
[15:30:25] [17.10s] [INFO] ✅ [PROTECTED_TYPE] テキスト保護設定完了: 50文字
[15:30:25] [17.10s] [INFO]   - 保護機能: True
[15:30:25] [17.10s] [INFO]   - 監視数: 1
[15:30:25] [17.10s] [INFO] 🎯 [SIMPLE_FLOW] テキストエリアにフォーカス維持
[15:30:25] [17.11s] [INFO] モバイル風待機: 0.54秒
[15:30:25] [17.65s] [INFO] ✅ モバイルテキスト入力完了: 【東京電力ホールディングス(9501)】-0.99% 再稼働判断遅延で慎重ムード続く

★今日の流れ
[15:30:25] [17.65s] [INFO] 🚀 [強化版] 実投稿モード: 確実な投稿ボタン探索開始
[15:30:25] [17.65s] [INFO] 🎯 [強化版] 投稿ボタン探索 試行 1/3
[15:30:25] [17.67s] [INFO] 📍 [強化版] ボタン発見: [data-testid="tweetButton"]
[15:30:25] [17.67s] [INFO]    可視: True, 有効: True, 接続: True
[15:30:25] [17.67s] [INFO]    テキスト: 'ポストする'
[15:30:25] [17.67s] [INFO] ✅ [強化版] 有効な投稿ボタン確認: [data-testid="tweetButton"]
[15:30:25] [17.67s] [INFO] 🎯 [SIMPLE_FLOW] 投稿ボタンクリック試行 1: [data-testid="tweetButton"]
[15:30:25] [17.67s] [INFO] 🎯 [SIMPLE_FLOW] フォーカス維持したままJSクリック
[15:30:26] [17.74s] [INFO] ✅ [SIMPLE_FLOW] JSクリック成功（フォーカス維持）
[15:30:26] [17.74s] [INFO] 🎉 [強化版] [ポストボタン確実クリック済み] 投稿処理成功
[15:30:26] [17.74s] [INFO] モバイル風待機: 4.49秒
[15:30:30] [22.24s] [INFO] 🔍 [POST-VALIDATION] 投稿完了後の最終確認開始
[15:30:30] [22.24s] [INFO] 📍 [POST-VALIDATION] 投稿後URL: https://x.com/compose/post
[15:30:30] [22.24s] [INFO] ✅ [POST-VALIDATION] ホーム画面への遷移確認
[15:30:30] [22.25s] [INFO] 📢 [POST-VALIDATION] 成功インジケーター発見: ポストを送信しました。
表示
[15:30:30] [22.25s] [INFO] ============================================================
[15:30:30] [22.25s] [INFO] 📊 [FINAL-SUMMARY] 投稿処理完了サマリー
[15:30:30] [22.25s] [INFO] ============================================================
[15:30:30] [22.25s] [INFO] 📝 投稿メッセージ長: 50文字
[15:30:30] [22.25s] [INFO] 📝 投稿メッセージ内容: 【東京電力ホールディングス(9501)】-0.99% 再稼働判断遅延で慎重ムード続く

★今日の流れ
[15:30:30] [22.25s] [INFO] 📷 画像アップロード: あり
[15:30:30] [22.25s] [INFO] 🌐 最終URL: https://x.com/compose/post
[15:30:30] [22.25s] [INFO] ⏰ 投稿完了時刻: 2025-09-06 15:30:30
[15:30:30] [22.26s] [INFO] ============================================================
[15:30:30] [22.26s] [INFO] ✅ === モバイル版投稿完了成功！ ===
[15:30:30] [22.26s] [INFO] 🧹 モバイルブラウザ クリーンアップ開始
[15:30:31] [22.80s] [INFO] ✅ モバイルコンテキストクローズ完了
[15:30:31] [22.82s] [INFO] ✅ Playwrightストップ完了

=== モバイルTwitterデバッグログ終了 ===
終了時刻: 2025-09-06 15:30:31
総実行時間: 22.82秒
============================================================
[15:30:31] [22.82s] [INFO] 📋 詳細デバッグログ保存完了: /Users/takahashimika/Dropbox/web_kabu_ai/python/twitter_auto_post/debug_logs/mobile_twitter_debug_20250906_153008.log
