=== モバイルTwitterデバッグログ開始 ===
開始時刻: 2025-09-07 21:33:00
ログファイル: /Users/takahashimika/Dropbox/web_kabu_ai/python/twitter_auto_post/debug_logs/mobile_twitter_debug_20250907_213300.log
============================================================

[21:33:00] [0.00s] [INFO] モバイルプロファイルディレクトリ: /Users/takahashimika/Dropbox/web_kabu_ai/twitter_mobile_profile
[21:33:00] [0.00s] [INFO] 📱 モバイルブラウザ起動開始
[21:33:01] [1.00s] [INFO] ✅ Playwright インスタンス作成完了
[21:33:01] [1.00s] [INFO] ✅ 既存モバイルプロファイル発見: /Users/takahashimika/Dropbox/web_kabu_ai/twitter_mobile_profile
[21:33:01] [1.00s] [INFO] モバイル引数設定完了: 26個
[21:33:01] [1.00s] [INFO] モバイルコンテキスト作成中...
[21:33:04] [3.86s] [INFO] ✅ モバイルコンテキスト作成完了
[21:33:04] [3.86s] [INFO] 既存モバイルページを使用
[21:33:04] [3.91s] [INFO] ✅ モバイル偽装スクリプト適用完了
[21:33:04] [3.91s] [INFO] 📱 モバイルブラウザ起動成功
[21:33:04] [3.91s] [INFO] 📱 モバイル版Twitterに移動開始
[21:33:04] [3.91s] [INFO] アクセス先: https://mobile.twitter.com
[21:33:06] [6.07s] [INFO] ✅ ページ移動完了
[21:33:06] [6.07s] [INFO] モバイル風待機: 1.00秒
[21:33:07] [7.15s] [INFO] 現在のURL: https://x.com/
[21:33:07] [7.15s] [INFO] ページタイトル: X
[21:33:07] [7.15s] [INFO] モバイルログイン状態チェック - URL: https://x.com/home
[21:33:08] [7.43s] [INFO] ✅ モバイルログイン要素発見: nav[role="navigation"]
[21:33:08] [7.47s] [INFO] ✅ モバイルログイン要素発見: [data-testid="primaryColumn"]
[21:33:08] [7.52s] [INFO] ✅ モバイルログイン要素発見: [aria-label*="ホーム"], [aria-label*="Home"]
[21:33:08] [7.52s] [INFO] ✅ モバイルログイン確認 (3個の要素)
[21:33:08] [7.52s] [INFO] 📱 モバイルツイート投稿開始 (テスト: False)
[21:33:08] [7.52s] [INFO] 投稿処理開始時のURL: https://x.com/home
[21:33:08] [7.57s] [INFO] ページ上のボタン要素数: 5
[21:33:08] [7.65s] [INFO] ボタン1: text='', aria-label='プロフィールメニュー meiteko', testid='DashButton_ProfileIcon_Link', href=''
[21:33:08] [7.69s] [INFO] ボタン2: text='', aria-label='前', testid='', href=''
[21:33:08] [7.72s] [INFO] ボタン3: text='', aria-label='次へ', testid='', href=''
[21:33:08] [7.76s] [INFO] ボタン4: text='', aria-label='ホームタイムラインに移動', testid='', href=''
[21:33:08] [7.81s] [INFO] ボタン5: text='', aria-label='トレンドに移動', testid='', href=''
[21:33:08] [7.83s] [INFO] モバイル投稿ボタン発見: [data-testid="FloatingActionButtons_Tweet_Button"]
[21:33:08] [7.84s] [INFO] モバイル風待機: 2.07秒
[21:33:10] [10.13s] [INFO] タップ成功
[21:33:10] [10.13s] [INFO] モバイル風待機: 2.54秒
[21:33:13] [12.69s] [INFO] モバイルテキストエリア発見: [data-testid="tweetTextarea_0"]
[21:33:13] [12.69s] [INFO] 📝 [SIMPLE_FLOW] 画像先・テキスト後の単純フロー
[21:33:13] [12.69s] [INFO] 📷 [SIMPLE_FLOW] 画像アップロード開始: 1枚
[21:33:13] [12.69s] [INFO] 画像1/1をアップロード中: /Users/takahashimika/Dropbox/web_kabu_ai/temp/base64_images/mobile_chart_565b697b-18a4-4a29-8547-cd7ff83170b9.png
[21:33:13] [12.71s] [INFO] 📝 [TEXT_CHECK] プログラマティック画像アップロード前_1: テキスト長=0, 内容=''
[21:33:13] [12.71s] [INFO] 📷 ファイルダイアログ回避モードで画像アップロード開始
[21:33:13] [12.72s] [INFO] ✅ 画像ファイル読み込み完了: 1546976 bytes
[21:33:13] [12.72s] [INFO] 🚀 プログラマティック画像アップロード実行: mobile_chart_565b697b-18a4-4a29-8547-cd7ff83170b9.png
[21:33:13] [12.91s] [INFO] ✅ プログラマティック画像アップロード成功: プログラマティック画像設定完了（ダイアログ回避）
[21:33:13] [12.92s] [INFO]   - Twitterターゲット発見: True
[21:33:13] [12.92s] [INFO]   - ファイル数: 0
[21:33:13] [12.92s] [INFO] モバイル風待機: 2.75秒
[21:33:16] [15.70s] [INFO] 📝 [TEXT_CHECK] プログラマティック画像アップロード後_1: テキスト長=0, 内容=''
[21:33:16] [15.72s] [INFO] ✅ 画像プレビュー確認: .r-1p0dtai img
[21:33:16] [15.72s] [INFO] ✅ 画像が正常にプログラマティックアップロードされました
[21:33:16] [15.72s] [INFO] 📷 プログラマティック画像アップロード処理完了: 1枚処理
[21:33:16] [15.72s] [INFO] モバイル風待機: 1.48秒
[21:33:18] [17.21s] [INFO] 📝 [SIMPLE_FLOW] テキスト入力（1回のみ）
[21:33:18] [17.21s] [INFO] ⚡ [ULTRA_TYPE] 高速1文字1文字タイピング開始: 705文字
[21:33:18] [17.21s] [INFO] モバイル風待機: 0.21秒
[21:33:21] [20.45s] [INFO] ⚠️ [ULTRA_TYPE] element.type失敗、代替手段を実行: ElementHandle.type: Target page, context or browser has been closed
Call log:
  - elementHandle.type("【窪田製薬ホールディングス(4596)】-3.31%　増資成功の好材料一時買いも調整売りで下落

週間変動幅：-4.00%～+3.50%、週間騰落率：-3.31%

★今週の総括
窪田製薬の株価は週初に新株予約権の行使完了による増資成功が好感され一時上昇したものの、その後利益確定売りや大口の売り圧力で調整局面に入り-3.31%の下落で週を終えた。

出来高は増加し市場の関心は高いが、米国株の下落や製薬セクター全体の軟調さが重しとなった。中国・台湾企業との販売特約店契約は海外展開の追い風だが、国内600台納品の未発注問題が懸念材料として残る。中長期的には、近視治療関連の成長期待が根強いが、短期的なボラティリティには注意が必要である。

■今週の重要材料
⑴ 新株予約権113.74円で行使完了、増資成功を発表  
⑵ 米国科学アカデミーによる近視を「病気」とする提言発表（業界全体に追い風）  
⑶ 週末の大口売り圧力によるパニック的な株価調整と利益確定売りの増加  

来週の上昇要因  
⬆️ 窪田製薬による新製品や技術開発の進展発表期待  
⬆️ 製薬・医療機器セクターのポジティブな業界イベント開催予定  
⬆️ 米国および日本の近視関連政策・研究成果の追加発表  

来週の下落リスク  
⬇️ 米国市場の不安定な動向継続による影響  
⬇️ 大口投資家の追加売り圧力や新株予約権行使後の希薄化懸念  
⬇️ 競合他社の臨床試験結果や新規技術発表で相対的優位性低下  

来週の注目指標  
・9月10日 窪田製薬第2四半期決算発表予定  
・9月11日 日本医療機器関連業界イベントの結果発表")

[21:33:21] [20.46s] [INFO] ⚠️ [ULTRA_TYPE] keyboard.type失敗、手動ループを実行: ElementHandle.click: Target page, context or browser has been closed
[21:33:21] [20.48s] [ERROR] ❌ [ULTRA_TYPE] 高速タイピング例外エラー: ElementHandle.evaluate: Target page, context or browser has been closed
[21:33:21] [20.48s] [INFO] 🎯 [SIMPLE_FLOW] テキストエリアにフォーカス維持
[21:33:21] [20.48s] [ERROR] モバイルツイート投稿エラー: ElementHandle.focus: Target page, context or browser has been closed
[21:33:21] [20.48s] [INFO] 🧹 モバイルブラウザ クリーンアップ開始
[21:33:22] [21.36s] [INFO] ✅ モバイルコンテキストクローズ完了
[21:33:22] [21.39s] [INFO] ✅ Playwrightストップ完了

=== モバイルTwitterデバッグログ終了 ===
終了時刻: 2025-09-07 21:33:22
総実行時間: 21.39秒
============================================================
[21:33:22] [21.39s] [INFO] 📋 詳細デバッグログ保存完了: /Users/takahashimika/Dropbox/web_kabu_ai/python/twitter_auto_post/debug_logs/mobile_twitter_debug_20250907_213300.log
