=== モバイルTwitterデバッグログ開始 ===
開始時刻: 2025-08-18 20:43:25
ログファイル: /Users/takahashimika/Dropbox/web_kabu_ai/python/twitter_auto_post/debug_logs/mobile_twitter_debug_20250818_204325.log
============================================================

[20:43:25] [0.00s] [INFO] モバイルプロファイルディレクトリ: /Users/takahashimika/Dropbox/web_kabu_ai/twitter_mobile_profile
[20:43:25] [0.00s] [INFO] 📱 モバイルブラウザ起動開始
[20:43:26] [1.19s] [INFO] ✅ Playwright インスタンス作成完了
[20:43:26] [1.19s] [INFO] ✅ 既存モバイルプロファイル発見: /Users/takahashimika/Dropbox/web_kabu_ai/twitter_mobile_profile
[20:43:26] [1.19s] [INFO] モバイル引数設定完了: 26個
[20:43:26] [1.19s] [INFO] モバイルコンテキスト作成中...
[20:43:30] [5.24s] [INFO] ✅ モバイルコンテキスト作成完了
[20:43:30] [5.24s] [INFO] 既存モバイルページを使用
[20:43:30] [5.32s] [INFO] ✅ モバイル偽装スクリプト適用完了
[20:43:30] [5.32s] [INFO] 📱 モバイルブラウザ起動成功
[20:43:30] [5.32s] [INFO] 📱 モバイル版Twitterに移動開始
[20:43:30] [5.32s] [INFO] アクセス先: https://mobile.twitter.com
[20:43:33] [7.84s] [INFO] ✅ ページ移動完了
[20:43:33] [7.84s] [INFO] モバイル風待機: 0.89秒
[20:43:34] [9.18s] [INFO] 現在のURL: https://x.com/
[20:43:34] [9.18s] [INFO] ページタイトル: X
[20:43:34] [9.18s] [INFO] モバイルログイン状態チェック - URL: https://x.com/home
[20:43:34] [9.39s] [INFO] ✅ モバイルログイン要素発見: nav[role="navigation"]
[20:43:35] [9.50s] [INFO] 📱 モバイル版手動ログイン待機開始（タイムアウト: 200秒）
[20:43:35] [9.50s] [INFO] モバイルログイン状態チェック - URL: https://x.com/home
[20:43:35] [9.63s] [INFO] ✅ モバイルログイン要素発見: nav[role="navigation"]
[20:43:35] [9.64s] [INFO] ⏳ モバイル版ログイン待機中... 残り時間: 199.9秒
[20:43:38] [12.64s] [INFO] モバイルログイン状態チェック - URL: https://x.com/home
[20:43:38] [12.67s] [INFO] ✅ モバイルログイン要素発見: nav[role="navigation"]
[20:43:38] [12.69s] [INFO] ✅ モバイルログイン要素発見: [data-testid="primaryColumn"]
[20:43:38] [12.73s] [INFO] ✅ モバイルログイン要素発見: [aria-label*="ホーム"], [aria-label*="Home"]
[20:43:38] [12.73s] [INFO] ✅ モバイルログイン確認 (3個の要素)
[20:43:38] [12.73s] [INFO] ✅ === モバイル版ログイン完了確認 === (3.2秒)
[20:43:38] [12.73s] [INFO] 📱 モバイルツイート投稿開始 (テスト: False)
[20:43:38] [12.74s] [INFO] 投稿処理開始時のURL: https://x.com/home
[20:43:38] [12.93s] [INFO] ページ上のボタン要素数: 50
[20:43:38] [12.96s] [INFO] ボタン1: text='', aria-label='プロフィールメニュー めいめい＠株わかりやすくまとめ・解説', testid='DashButton_ProfileIcon_Link', href=''
[20:43:38] [12.99s] [INFO] ボタン2: text='', aria-label='前', testid='', href=''
[20:43:38] [13.02s] [INFO] ボタン3: text='', aria-label='次へ', testid='', href=''
[20:43:38] [13.07s] [INFO] ボタン4: text='', aria-label='前', testid='', href=''
[20:43:38] [13.24s] [INFO] ボタン5: text='', aria-label='次へ', testid='', href=''
[20:43:38] [13.27s] [INFO] ボタン6: text='新しいポストを表示', aria-label='新しいポストがあります。新しいポストに移動するには、ピリオド', testid='', href=''
[20:43:38] [13.31s] [INFO] ボタン7: text='', aria-label='ホームタイムラインに移動', testid='', href=''
[20:43:38] [13.33s] [INFO] ボタン8: text='', aria-label='トレンドに移動', testid='', href=''
[20:43:38] [13.36s] [INFO] ボタン9: text='', aria-label='もっと見る', testid='caret', href=''
[20:43:38] [13.39s] [INFO] ボタン10: text='1', aria-label='1 件の返信。返信する', testid='reply', href=''
[20:43:38] [13.41s] [INFO] モバイル投稿ボタン発見: [data-testid="FloatingActionButtons_Tweet_Button"]
[20:43:38] [13.41s] [INFO] モバイル風待機: 1.25秒
[20:43:40] [14.82s] [INFO] タップ成功
[20:43:40] [14.82s] [INFO] モバイル風待機: 2.58秒
[20:43:42] [17.42s] [INFO] モバイルテキストエリア発見: [data-testid="tweetTextarea_0"]
[20:43:42] [17.42s] [INFO] 📝 [SIMPLE_FLOW] 画像先・テキスト後の単純フロー
[20:43:42] [17.42s] [INFO] 📷 [SIMPLE_FLOW] 画像アップロード開始: 1枚
[20:43:42] [17.42s] [INFO] 画像1/1をアップロード中: /Users/takahashimika/Dropbox/web_kabu_ai/temp/base64_images/mobile_chart_5bd516b5-c639-42f2-91b2-16606f2a6052.png
[20:43:43] [17.45s] [INFO] 📝 [TEXT_CHECK] プログラマティック画像アップロード前_1: テキスト長=0, 内容=''
[20:43:43] [17.45s] [INFO] 📷 ファイルダイアログ回避モードで画像アップロード開始
[20:43:43] [17.46s] [INFO] ✅ 画像ファイル読み込み完了: 1367272 bytes
[20:43:43] [17.46s] [INFO] 🚀 プログラマティック画像アップロード実行: mobile_chart_5bd516b5-c639-42f2-91b2-16606f2a6052.png
[20:43:43] [17.63s] [INFO] ✅ プログラマティック画像アップロード成功: プログラマティック画像設定完了（ダイアログ回避）
[20:43:43] [17.63s] [INFO]   - Twitterターゲット発見: True
[20:43:43] [17.63s] [INFO]   - ファイル数: 0
[20:43:43] [17.63s] [INFO] モバイル風待機: 2.06秒
[20:43:45] [19.76s] [INFO] 📝 [TEXT_CHECK] プログラマティック画像アップロード後_1: テキスト長=0, 内容=''
[20:43:45] [19.79s] [INFO] ✅ 画像プレビュー確認: .r-1p0dtai img
[20:43:45] [19.79s] [INFO] ✅ 画像が正常にプログラマティックアップロードされました
[20:43:45] [19.79s] [INFO] 📷 プログラマティック画像アップロード処理完了: 1枚処理
[20:43:45] [19.79s] [INFO] モバイル風待機: 1.30秒
[20:43:46] [21.10s] [INFO] 📝 [SIMPLE_FLOW] テキスト入力（1回のみ）
[20:43:46] [21.10s] [INFO] 📝 [SIMPLE_TYPE] シンプルテキスト入力開始: 1037文字
[20:43:46] [21.11s] [INFO] モバイル風待機: 0.44秒
[20:43:47] [21.56s] [INFO] ✅ [SIMPLE_TYPE] テキスト設定完了: 1037文字
[20:43:47] [21.56s] [INFO] 🎯 [SIMPLE_FLOW] テキストエリアにフォーカス維持
[20:43:47] [21.59s] [INFO] モバイル風待機: 0.78秒
[20:43:47] [22.37s] [INFO] ✅ モバイルテキスト入力完了: 【堀田丸正(8105)】21.05% 急騰継続で需給ひっ迫強まる

★週明け市場概況  
週末の米国...
[20:43:47] [22.37s] [INFO] 🚀 [強化版] 実投稿モード: 確実な投稿ボタン探索開始
[20:43:47] [22.37s] [INFO] 🎯 [強化版] 投稿ボタン探索 試行 1/3
[20:43:47] [22.40s] [INFO] 📍 [強化版] ボタン発見: [data-testid="tweetButton"]
[20:43:47] [22.40s] [INFO]    可視: True, 有効: True, 接続: True
[20:43:47] [22.40s] [INFO]    テキスト: 'ポストする'
[20:43:47] [22.40s] [INFO] ✅ [強化版] 有効な投稿ボタン確認: [data-testid="tweetButton"]
[20:43:47] [22.40s] [INFO] 🎯 [SIMPLE_FLOW] 投稿ボタンクリック試行 1: [data-testid="tweetButton"]
[20:43:47] [22.40s] [INFO] 🎯 [SIMPLE_FLOW] フォーカス維持したままJSクリック
[20:43:48] [22.51s] [INFO] ✅ [SIMPLE_FLOW] JSクリック成功（フォーカス維持）
[20:43:48] [22.51s] [INFO] 🎉 [強化版] [ポストボタン確実クリック済み] 投稿処理成功
[20:43:48] [22.51s] [INFO] モバイル風待機: 3.09秒
[20:43:51] [25.61s] [INFO] 🔍 [POST-VALIDATION] 投稿完了後の最終確認開始
[20:43:51] [25.61s] [INFO] 📍 [POST-VALIDATION] 投稿後URL: https://x.com/compose/post
[20:43:51] [25.61s] [INFO] ✅ [POST-VALIDATION] ホーム画面への遷移確認
[20:43:51] [25.64s] [INFO] 📢 [POST-VALIDATION] 成功インジケーター発見: ポストが送信されました。編集できる時間は1時間以内です。
表示
[20:43:51] [25.64s] [INFO] ============================================================
[20:43:51] [25.64s] [INFO] 📊 [FINAL-SUMMARY] 投稿処理完了サマリー
[20:43:51] [25.64s] [INFO] ============================================================
[20:43:51] [25.64s] [INFO] 📝 投稿メッセージ長: 1037文字
[20:43:51] [25.64s] [INFO] 📝 投稿メッセージ内容: 【堀田丸正(8105)】21.05% 急騰継続で需給ひっ迫強まる

★週明け市場概況  
週末の米国市場は暗号資産関連のポジティブ材料で堅調推移。  
日本市場も堀田丸正が引き続き高騰し強気ムード継続。  
BakktCEO来日や大型イベント「webx2025」期待が需給をさらに引き締める。

  

■今週の注目材料  
⑴ BakktCEO来日の影響と経営体制強化期待  
⑵ 8月25日開催予...
[20:43:51] [25.64s] [INFO] 📷 画像アップロード: あり
[20:43:51] [25.64s] [INFO] 🌐 最終URL: https://x.com/compose/post
[20:43:51] [25.64s] [INFO] ⏰ 投稿完了時刻: 2025-08-18 20:43:51
[20:43:51] [25.64s] [INFO] ============================================================
[20:43:51] [25.64s] [INFO] ✅ === モバイル版投稿完了成功！ ===
[20:43:51] [25.64s] [INFO] 🧹 モバイルブラウザ クリーンアップ開始
[20:43:52] [26.49s] [INFO] ✅ モバイルコンテキストクローズ完了
[20:43:52] [26.52s] [INFO] ✅ Playwrightストップ完了

=== モバイルTwitterデバッグログ終了 ===
終了時刻: 2025-08-18 20:43:52
総実行時間: 26.52秒
============================================================
[20:43:52] [26.52s] [INFO] 📋 詳細デバッグログ保存完了: /Users/takahashimika/Dropbox/web_kabu_ai/python/twitter_auto_post/debug_logs/mobile_twitter_debug_20250818_204325.log
