=== モバイルTwitterデバッグログ開始 ===
開始時刻: 2025-09-06 13:37:59
ログファイル: /Users/takahashimika/Dropbox/web_kabu_ai/python/twitter_auto_post/debug_logs/mobile_twitter_debug_20250906_133759.log
============================================================

[13:37:59] [0.00s] [INFO] モバイルプロファイルディレクトリ: /Users/takahashimika/Dropbox/web_kabu_ai/twitter_mobile_profile
[13:37:59] [0.00s] [INFO] 📱 モバイルブラウザ起動開始
[13:38:00] [1.08s] [INFO] ✅ Playwright インスタンス作成完了
[13:38:00] [1.09s] [INFO] ✅ 既存モバイルプロファイル発見: /Users/takahashimika/Dropbox/web_kabu_ai/twitter_mobile_profile
[13:38:00] [1.09s] [INFO] モバイル引数設定完了: 26個
[13:38:00] [1.09s] [INFO] モバイルコンテキスト作成中...
[13:38:03] [4.30s] [INFO] ✅ モバイルコンテキスト作成完了
[13:38:03] [4.30s] [INFO] 既存モバイルページを使用
[13:38:03] [4.33s] [INFO] ✅ モバイル偽装スクリプト適用完了
[13:38:03] [4.33s] [INFO] 📱 モバイルブラウザ起動成功
[13:38:03] [4.33s] [INFO] 📱 モバイル版Twitterに移動開始
[13:38:03] [4.33s] [INFO] アクセス先: https://mobile.twitter.com
[13:38:05] [6.26s] [INFO] ✅ ページ移動完了
[13:38:05] [6.26s] [INFO] モバイル風待機: 2.22秒
[13:38:08] [8.49s] [INFO] 現在のURL: https://x.com/
[13:38:08] [8.49s] [INFO] ページタイトル: ホーム / X
[13:38:08] [8.49s] [INFO] モバイルログイン状態チェック - URL: https://x.com/home
[13:38:08] [8.70s] [INFO] ✅ モバイルログイン要素発見: nav[role="navigation"]
[13:38:08] [8.71s] [INFO] ✅ モバイルログイン要素発見: [data-testid="primaryColumn"]
[13:38:08] [8.73s] [INFO] ✅ モバイルログイン要素発見: [aria-label*="ホーム"], [aria-label*="Home"]
[13:38:08] [8.73s] [INFO] ✅ モバイルログイン確認 (3個の要素)
[13:38:08] [8.73s] [INFO] 📱 モバイルツイート投稿開始 (テスト: False)
[13:38:08] [8.73s] [INFO] 投稿処理開始時のURL: https://x.com/home
[13:38:08] [8.75s] [INFO] ページ上のボタン要素数: 9
[13:38:08] [8.79s] [INFO] ボタン1: text='', aria-label='プロフィールメニュー meiteko', testid='DashButton_ProfileIcon_Link', href=''
[13:38:09] [9.93s] [INFO] ボタン2: text='', aria-label='前', testid='', href=''
[13:38:09] [10.05s] [INFO] ボタン3: text='', aria-label='次へ', testid='', href=''
[13:38:09] [10.08s] [INFO] ボタン4: text='', aria-label='前', testid='', href=''
[13:38:09] [10.11s] [INFO] ボタン5: text='+4.3万·【8周年】アズレンEXPO ', aria-label='ライブ放送、アズールレーン公式さんがホストしています、アズー', testid='', href=''
[13:38:09] [10.13s] [INFO] ボタン6: text='', aria-label='次へ', testid='', href=''
[13:38:09] [10.16s] [INFO] ボタン7: text='新しいポストを表示', aria-label='新しいポストがあります。新しいポストに移動するには、ピリオド', testid='', href=''
[13:38:09] [10.18s] [INFO] ボタン8: text='', aria-label='ホームタイムラインに移動', testid='', href=''
[13:38:09] [10.20s] [INFO] ボタン9: text='', aria-label='トレンドに移動', testid='', href=''
[13:38:09] [10.22s] [INFO] モバイル投稿ボタン発見: [data-testid="FloatingActionButtons_Tweet_Button"]
[13:38:09] [10.22s] [INFO] モバイル風待機: 1.66秒
[13:38:11] [12.07s] [INFO] タップ成功
[13:38:11] [12.07s] [INFO] モバイル風待機: 2.06秒
[13:38:13] [14.15s] [INFO] モバイルテキストエリア発見: [data-testid="tweetTextarea_0"]
[13:38:13] [14.15s] [INFO] 📝 [SIMPLE_FLOW] 画像先・テキスト後の単純フロー
[13:38:13] [14.15s] [INFO] 📷 [SIMPLE_FLOW] 画像アップロード開始: 1枚
[13:38:13] [14.15s] [INFO] 画像1/1をアップロード中: /Users/takahashimika/Dropbox/web_kabu_ai/temp/base64_images/mobile_chart_100868ab-cded-432d-ac97-2c17d9ad7b56.png
[13:38:13] [14.18s] [INFO] 📝 [TEXT_CHECK] プログラマティック画像アップロード前_1: テキスト長=0, 内容=''
[13:38:13] [14.18s] [INFO] 📷 ファイルダイアログ回避モードで画像アップロード開始
[13:38:13] [14.18s] [INFO] ✅ 画像ファイル読み込み完了: 1392376 bytes
[13:38:13] [14.18s] [INFO] 🚀 プログラマティック画像アップロード実行: mobile_chart_100868ab-cded-432d-ac97-2c17d9ad7b56.png
[13:38:13] [14.37s] [INFO] ✅ プログラマティック画像アップロード成功: プログラマティック画像設定完了（ダイアログ回避）
[13:38:13] [14.37s] [INFO]   - Twitterターゲット発見: True
[13:38:13] [14.37s] [INFO]   - ファイル数: 0
[13:38:13] [14.37s] [INFO] モバイル風待機: 2.95秒
[13:38:16] [17.35s] [INFO] 📝 [TEXT_CHECK] プログラマティック画像アップロード後_1: テキスト長=0, 内容=''
[13:38:16] [17.38s] [INFO] ✅ 画像プレビュー確認: .r-1p0dtai img
[13:38:16] [17.38s] [INFO] ✅ 画像が正常にプログラマティックアップロードされました
[13:38:16] [17.38s] [INFO] 📷 プログラマティック画像アップロード処理完了: 1枚処理
[13:38:16] [17.38s] [INFO] モバイル風待機: 1.12秒
[13:38:18] [18.50s] [INFO] 📝 [SIMPLE_FLOW] テキスト入力（1回のみ）
[13:38:18] [18.50s] [INFO] 📝 [SIMPLE_TYPE] シンプルテキスト入力開始: 812文字
[13:38:18] [18.51s] [INFO] モバイル風待機: 0.47秒
[13:38:18] [18.98s] [INFO] ✅ [SIMPLE_TYPE] テキスト設定完了: 812文字
[13:38:18] [18.98s] [INFO] 🎯 [SIMPLE_FLOW] テキストエリアにフォーカス維持
[13:38:18] [18.99s] [INFO] モバイル風待機: 0.73秒
[13:38:19] [19.73s] [INFO] ✅ モバイルテキスト入力完了: 【ＪＸ金属(5016)】0.41%下落、利確売りと需給調整で一時の押し目形成

★今日の流れと解説 ...
[13:38:19] [19.73s] [INFO] 🚀 [強化版] 実投稿モード: 確実な投稿ボタン探索開始
[13:38:19] [19.73s] [INFO] 🎯 [強化版] 投稿ボタン探索 試行 1/3
[13:38:19] [19.76s] [INFO] 📍 [強化版] ボタン発見: [data-testid="tweetButton"]
[13:38:19] [19.76s] [INFO]    可視: True, 有効: True, 接続: True
[13:38:19] [19.76s] [INFO]    テキスト: 'ポストする'
[13:38:19] [19.76s] [INFO] ✅ [強化版] 有効な投稿ボタン確認: [data-testid="tweetButton"]
[13:38:19] [19.76s] [INFO] 🎯 [SIMPLE_FLOW] 投稿ボタンクリック試行 1: [data-testid="tweetButton"]
[13:38:19] [19.76s] [INFO] ⏳ 投稿ボタンクリック前に10秒待機中...
[13:38:29] [29.76s] [INFO] ✅ 10秒待機完了
[13:38:29] [29.76s] [INFO] 🎯 [SIMPLE_FLOW] フォーカス維持したままJSクリック
[13:38:29] [29.83s] [INFO] ✅ [SIMPLE_FLOW] JSクリック成功（フォーカス維持）
[13:38:29] [29.83s] [INFO] 🎉 [強化版] [ポストボタン確実クリック済み] 投稿処理成功
[13:38:29] [29.83s] [INFO] モバイル風待機: 3.68秒
[13:38:33] [33.52s] [INFO] 🔍 [POST-VALIDATION] 投稿完了後の最終確認開始
[13:38:33] [33.52s] [INFO] 📍 [POST-VALIDATION] 投稿後URL: https://x.com/compose/post
[13:38:33] [33.52s] [INFO] ✅ [POST-VALIDATION] ホーム画面への遷移確認
[13:38:33] [33.54s] [INFO] 📢 [POST-VALIDATION] 成功インジケーター発見: ポストを送信しました。
表示
[13:38:33] [33.54s] [INFO] ============================================================
[13:38:33] [33.54s] [INFO] 📊 [FINAL-SUMMARY] 投稿処理完了サマリー
[13:38:33] [33.54s] [INFO] ============================================================
[13:38:33] [33.54s] [INFO] 📝 投稿メッセージ長: 812文字
[13:38:33] [33.54s] [INFO] 📝 投稿メッセージ内容: 【ＪＸ金属(5016)】0.41%下落、利確売りと需給調整で一時の押し目形成

★今日の流れと解説  
株価は前日比0.41%下落し、1480円台で取引を終えた。利確売りが先行しつつも、出来高は依然高水準を維持。大和証券の新規「アウトパフォーム」評価やAI関連材料の成長期待が株価を支えている。

ロックアップ解除を控えた需給警戒感も見られ、市場は押し目を形成する動きを示した。

■今日のニュース内...
[13:38:33] [33.54s] [INFO] 📷 画像アップロード: あり
[13:38:33] [33.54s] [INFO] 🌐 最終URL: https://x.com/compose/post
[13:38:33] [33.54s] [INFO] ⏰ 投稿完了時刻: 2025-09-06 13:38:33
[13:38:33] [33.54s] [INFO] ============================================================
[13:38:33] [33.54s] [INFO] ✅ === モバイル版投稿完了成功！ ===
[13:38:33] [33.54s] [INFO] 🧹 モバイルブラウザ クリーンアップ開始
[13:38:33] [34.07s] [INFO] ✅ モバイルコンテキストクローズ完了
[13:38:33] [34.09s] [INFO] ✅ Playwrightストップ完了

=== モバイルTwitterデバッグログ終了 ===
終了時刻: 2025-09-06 13:38:33
総実行時間: 34.09秒
============================================================
[13:38:33] [34.09s] [INFO] 📋 詳細デバッグログ保存完了: /Users/takahashimika/Dropbox/web_kabu_ai/python/twitter_auto_post/debug_logs/mobile_twitter_debug_20250906_133759.log
