=== モバイルTwitterデバッグログ開始 ===
開始時刻: 2025-08-23 23:03:50
ログファイル: /Users/takahashimika/Dropbox/web_kabu_ai/python/twitter_auto_post/debug_logs/mobile_twitter_debug_20250823_230350.log
============================================================

[23:03:50] [0.00s] [INFO] モバイルプロファイルディレクトリ: /Users/takahashimika/Dropbox/web_kabu_ai/twitter_mobile_profile
[23:03:50] [0.00s] [INFO] 📱 モバイルブラウザ起動開始
[23:03:51] [0.77s] [INFO] ✅ Playwright インスタンス作成完了
[23:03:51] [0.77s] [INFO] ✅ 既存モバイルプロファイル発見: /Users/takahashimika/Dropbox/web_kabu_ai/twitter_mobile_profile
[23:03:51] [0.77s] [INFO] モバイル引数設定完了: 26個
[23:03:51] [0.77s] [INFO] モバイルコンテキスト作成中...
[23:03:52] [1.17s] [ERROR] モバイルブラウザセットアップエラー: BrowserType.launch_persistent_context: Failed to create a ProcessSingleton for your profile directory. This usually means that the profile is already in use by another instance of Chromium.
Call log:
  - <launching> /Users/takahashimika/Library/Caches/ms-playwright/chromium-1181/chrome-mac/Chromium.app/Contents/MacOS/Chromium --disable-field-trial-config --disable-background-networking --disable-background-timer-throttling --disable-backgrounding-occluded-windows --disable-back-forward-cache --disable-breakpad --disable-client-side-phishing-detection --disable-component-extensions-with-background-pages --disable-component-update --no-default-browser-check --disable-default-apps --disable-dev-shm-usage --disable-extensions --disable-features=AcceptCHFrame,AutoExpandDetailsElement,AvoidUnnecessaryBeforeUnloadCheckSync,CertificateTransparencyComponentUpdater,DestroyProfileOnBrowserClose,DialMediaRouteProvider,ExtensionManifestV2Disabled,GlobalMediaControls,HttpsUpgrades,ImprovedCookieControls,LazyFrameLoading,LensOverlay,MediaRouter,PaintHolding,ThirdPartyStoragePartitioning,Translate --allow-pre-commit-input --disable-hang-monitor --disable-ipc-flooding-protection --disable-popup-blocking --disable-prompt-on-repost --disable-renderer-backgrounding --force-color-profile=srgb --metrics-recording-only --no-first-run --password-store=basic --use-mock-keychain --no-service-autorun --export-tagged-pdf --disable-search-engine-choice-screen --unsafely-disable-devtools-self-xss-warnings --edge-skip-compat-layer-relaunch --enable-automation --enable-use-zoom-for-dsf=false --enable-unsafe-swiftshader --no-sandbox --no-first-run --no-default-browser-check --disable-extensions --disable-plugins --disable-web-security --allow-running-insecure-content --disable-background-timer-throttling --disable-backgrounding-occluded-windows --disable-renderer-backgrounding --disable-features=TranslateUI --disable-component-extensions-with-background-pages --no-sandbox --disable-dev-shm-usage --disable-blink-features=AutomationControlled --user-agent=Mozilla/5.0 (iPhone; CPU iPhone OS 17_0 like Mac OS X) AppleWebKit/605.1.15 (KHTML, like Gecko) Version/17.0 Mobile/15E148 Safari/604.1 --disable-infobars --disable-notifications --disable-popup-blocking --disable-save-password-bubble --disable-translate --disable-features=VizDisplayCompositor --disable-ipc-flooding-protection --enable-features=NetworkService,NetworkServiceLogging --force-device-scale-factor=3 --window-size=430,932 --viewport-size=430,932 --user-data-dir=/Users/takahashimika/Dropbox/web_kabu_ai/twitter_mobile_profile --remote-debugging-pipe about:blank
  - <launched> pid=92754
  - [pid=92754][err] [92754:19114714:0823/230352.117022:ERROR:chrome/browser/process_singleton_posix.cc:340] Failed to create /Users/takahashimika/Dropbox/web_kabu_ai/twitter_mobile_profile/SingletonLock: File exists (17)
  - [pid=92754][err] [92754:19114714:0823/230352.119590:ERROR:chrome/app/chrome_main_delegate.cc:529] Failed to create a ProcessSingleton for your profile directory. This means that running multiple instances would start multiple browser processes rather than opening a new window in the existing process. Aborting now to avoid profile corruption.

[23:03:52] [1.17s] [INFO] 🧹 モバイルブラウザ クリーンアップ開始
[23:03:52] [1.19s] [INFO] ✅ Playwrightストップ完了

=== モバイルTwitterデバッグログ終了 ===
終了時刻: 2025-08-23 23:03:52
総実行時間: 1.19秒
============================================================
[23:03:52] [1.19s] [INFO] 📋 詳細デバッグログ保存完了: /Users/takahashimika/Dropbox/web_kabu_ai/python/twitter_auto_post/debug_logs/mobile_twitter_debug_20250823_230350.log
