=== モバイルTwitterデバッグログ開始 ===
開始時刻: 2025-08-17 16:34:36
ログファイル: /Users/takahashimika/Dropbox/web_kabu_ai/python/twitter_auto_post/debug_logs/mobile_twitter_debug_20250817_163436.log
============================================================

[16:34:36] [0.00s] [INFO] モバイルプロファイルディレクトリ: /Users/takahashimika/Dropbox/web_kabu_ai/twitter_mobile_profile
[16:34:36] [0.00s] [INFO] 📱 モバイルブラウザ起動開始
[16:34:37] [1.09s] [INFO] ✅ Playwright インスタンス作成完了
[16:34:37] [1.09s] [INFO] ✅ 既存モバイルプロファイル発見: /Users/takahashimika/Dropbox/web_kabu_ai/twitter_mobile_profile
[16:34:37] [1.09s] [INFO] モバイル引数設定完了: 46個
[16:34:37] [1.09s] [INFO] モバイルコンテキスト作成中...
[16:34:40] [4.37s] [INFO] ✅ モバイルコンテキスト作成完了
[16:34:40] [4.37s] [INFO] 既存モバイルページを使用
[16:34:40] [4.41s] [INFO] ✅ モバイル偽装スクリプト適用完了
[16:34:40] [4.41s] [INFO] 📱 モバイルブラウザ起動成功
[16:34:40] [4.41s] [INFO] 📱 モバイル版Twitterに移動開始
[16:34:40] [4.41s] [INFO] アクセス先: https://mobile.twitter.com
[16:34:42] [6.32s] [INFO] ✅ ページ移動完了
[16:34:42] [6.32s] [INFO] モバイル風待機: 2.08秒
[16:34:44] [8.41s] [INFO] 現在のURL: https://x.com/
[16:34:44] [8.44s] [INFO] ページタイトル: ホーム / X
[16:34:44] [8.44s] [INFO] モバイルログイン状態チェック - URL: https://x.com/home
[16:34:45] [8.55s] [INFO] ✅ モバイルログイン要素発見: nav[role="navigation"]
[16:34:45] [8.58s] [INFO] ✅ モバイルログイン要素発見: [data-testid="primaryColumn"]
[16:34:45] [9.20s] [INFO] ✅ モバイルログイン要素発見: [aria-label*="ホーム"]
[16:34:45] [9.20s] [INFO] ✅ モバイルログイン確認 (3個の要素)
[16:34:45] [9.20s] [INFO] 📱 モバイルツイート投稿開始 (テスト: False)
[16:34:45] [9.20s] [INFO] 投稿処理開始時のURL: https://x.com/home
[16:34:45] [9.32s] [INFO] ページ上のボタン要素数: 60
[16:34:45] [9.48s] [INFO] ボタン1: text='', aria-label='プロフィールメニュー めいめい＠株わかりやすくまとめ・解説', testid='DashButton_ProfileIcon_Link', href=''
[16:34:46] [9.51s] [INFO] ボタン2: text='', aria-label='前', testid='', href=''
[16:34:46] [9.56s] [INFO] ボタン3: text='', aria-label='次へ', testid='', href=''
[16:34:46] [9.63s] [INFO] ボタン4: text='', aria-label='前', testid='', href=''
[16:34:46] [9.66s] [INFO] ボタン5: text='', aria-label='次へ', testid='', href=''
[16:34:46] [9.68s] [INFO] ボタン6: text='新しいポストを表示', aria-label='新しいポストがあります。新しいポストに移動するには、ピリオド', testid='', href=''
[16:34:46] [9.71s] [INFO] ボタン7: text='', aria-label='ホームタイムラインに移動', testid='', href=''
[16:34:46] [9.74s] [INFO] ボタン8: text='', aria-label='トレンドに移動', testid='', href=''
[16:34:46] [9.76s] [INFO] ボタン9: text='', aria-label='もっと見る', testid='caret', href=''
[16:34:46] [9.79s] [INFO] ボタン10: text='165', aria-label='165 件の返信。返信する', testid='reply', href=''
[16:34:46] [9.80s] [INFO] モバイル投稿ボタン発見: [data-testid="FloatingActionButtons_Tweet_Button"]
[16:34:46] [9.80s] [INFO] モバイル風待機: 0.56秒
[16:34:47] [10.52s] [INFO] モバイル風待機: 0.72秒
[16:34:47] [11.24s] [INFO] モバイル風待機: 1.33秒
[16:34:49] [12.59s] [INFO] モバイルテキストエリア発見: [data-testid="tweetTextarea_0"]
[16:34:49] [12.59s] [INFO] 📝 テキスト入力開始前の状態チェック
[16:34:49] [12.60s] [INFO] 📝 [TEXT_CHECK] テキスト入力開始前: テキスト長=0, 内容=''
[16:34:49] [12.60s] [INFO] 🎯 [DEBUG] mobile_type開始: clear_first=False, text='【メタプラネット(3350)】-8.65% 決算後の需給悪化...'
[16:34:49] [12.61s] [INFO] 📝 [DEBUG] モバイル設定前の現在値: '...'
[16:34:49] [12.61s] [INFO] 📝 JavaScript直接入力開始: '【メタプラネット(3350)】-8.65% 決算後の需給悪化...'
[16:34:49] [12.62s] [INFO] 🔧 [DEBUG] モバイルJS設定結果 - before: '...', after: '【メタプラネット(3350)】-8.65% 決算後の需給悪化...'
[16:34:49] [12.62s] [INFO] ✅ JavaScript直接入力完了: '【メタプラネット(3350)】-8.65% 決算後の需給悪化...'
[16:34:49] [12.62s] [INFO] モバイル風待機: 0.94秒
[16:34:50] [13.56s] [INFO] 🎯 [DEBUG] モバイル最終結果: '【メタプラネット(3350)】-8.65% 決算後の需給悪化...'
[16:34:50] [13.56s] [INFO] 📝 テキスト入力完了後の状態チェック
[16:34:50] [13.57s] [INFO] 📝 [TEXT_CHECK] テキスト入力完了後: テキスト長=696, 内容='【メタプラネット(3350)】-8.65% 決算後の需給悪化が主要因、来週は株主総会注目

今週の株...'
[16:34:50] [13.57s] [INFO] ✅ モバイルテキスト入力完了: 【メタプラネット(3350)】-8.65% 決算後の需給悪化...
[16:34:50] [13.57s] [INFO] 📷 画像アップロード開始: 1枚
[16:34:50] [13.57s] [INFO] 📝 画像アップロード前のテキスト状態チェック
[16:34:50] [13.58s] [INFO] 📝 [TEXT_CHECK] 画像アップロード前: テキスト長=696, 内容='【メタプラネット(3350)】-8.65% 決算後の需給悪化が主要因、来週は株主総会注目

今週の株...'
[16:34:50] [13.58s] [INFO]   画像1: /Users/takahashimika/Dropbox/web_kabu_ai/temp/base64_images/mobile_chart_6ef47cab-192b-488f-96cf-1dab319c74c5.png
[16:34:50] [13.58s] [INFO]     ✅ ファイル存在確認OK (サイズ: 1129757 bytes)
[16:34:50] [13.58s] [INFO] 画像1/1をアップロード中: /Users/takahashimika/Dropbox/web_kabu_ai/temp/base64_images/mobile_chart_6ef47cab-192b-488f-96cf-1dab319c74c5.png
[16:34:50] [13.58s] [INFO] 📷 画像アップロードボタンを探します
[16:34:50] [13.61s] [INFO] 画像ボタン発見: [data-testid="toolBar"] svg
[16:34:50] [13.61s] [INFO] 📝 画像ボタンクリック前のテキスト状態
[16:34:50] [13.62s] [INFO] 📝 [TEXT_CHECK] 画像ボタンクリック前: テキスト長=696, 内容='【メタプラネット(3350)】-8.65% 決算後の需給悪化が主要因、来週は株主総会注目

今週の株...'
[16:34:50] [13.62s] [INFO] モバイル風待機: 0.43秒
[16:34:55] [19.06s] [WARNING] タップ失敗、クリックを試行
[16:35:00] [24.06s] [WARNING] クリック失敗、JavaScriptクリックを試行
[16:35:00] [24.07s] [ERROR] 全てのクリック方法が失敗: ElementHandle.evaluate: TypeError: element.click is not a function
    at eval (eval at evaluate (:291:30), <anonymous>:1:20)
    at UtilityScript.evaluate (<anonymous>:298:18)
    at UtilityScript.<anonymous> (<anonymous>:1:44)
[16:35:00] [24.07s] [WARNING] 画像ボタン[data-testid="toolBar"] svgのクリックエラー: ElementHandle.evaluate: TypeError: element.click is not a function
    at eval (eval at evaluate (:291:30), <anonymous>:1:20)
    at UtilityScript.evaluate (<anonymous>:298:18)
    at UtilityScript.<anonymous> (<anonymous>:1:44)
[16:35:00] [24.09s] [INFO] 画像ボタン発見: [role="button"][aria-label*="画像"]
[16:35:00] [24.09s] [INFO] 📝 画像ボタンクリック前のテキスト状態
[16:35:00] [24.10s] [INFO] 📝 [TEXT_CHECK] 画像ボタンクリック前: テキスト長=696, 内容='【メタプラネット(3350)】-8.65% 決算後の需給悪化が主要因、来週は株主総会注目

今週の株...'
[16:35:00] [24.10s] [INFO] モバイル風待機: 0.51秒
[16:35:01] [24.83s] [INFO] モバイル風待機: 1.19秒
[16:35:02] [26.03s] [INFO] モバイル風待機: 1.89秒
[16:35:04] [27.93s] [INFO] 📝 画像ボタンクリック後のテキスト状態
[16:35:04] [27.94s] [INFO] 📝 [TEXT_CHECK] 画像ボタンクリック後: テキスト長=0, 内容=''
[16:35:04] [27.94s] [WARNING] ⚠️ 画像ボタンクリックでテキストが削除されました。復元します
[16:35:04] [27.96s] [INFO] 🎯 [DEBUG] mobile_type開始: clear_first=False, text='【メタプラネット(3350)】-8.65% 決算後の需給悪化...'
[16:35:04] [27.97s] [INFO] 📝 [DEBUG] モバイル設定前の現在値: '...'
[16:35:04] [27.97s] [INFO] 📝 JavaScript直接入力開始: '【メタプラネット(3350)】-8.65% 決算後の需給悪化...'
[16:35:04] [27.98s] [INFO] 🔧 [DEBUG] モバイルJS設定結果 - before: '...', after: '【メタプラネット(3350)】-8.65% 決算後の需給悪化...'
[16:35:04] [27.98s] [INFO] ✅ JavaScript直接入力完了: '【メタプラネット(3350)】-8.65% 決算後の需給悪化...'
[16:35:04] [27.98s] [INFO] モバイル風待機: 0.57秒
[16:35:05] [28.56s] [INFO] 🎯 [DEBUG] モバイル最終結果: '【メタプラネット(3350)】-8.65% 決算後の需給悪化...'
[16:35:05] [28.56s] [INFO] ✅ テキスト復元完了
[16:35:05] [28.56s] [INFO] モバイル風待機: 0.96秒
[16:35:06] [29.53s] [INFO] ファイル入力発見: input[type="file"][accept*="image"]
[16:35:06] [29.54s] [INFO] 🔧 画像アップロード実行: /Users/takahashimika/Dropbox/web_kabu_ai/temp/base64_images/mobile_chart_6ef47cab-192b-488f-96cf-1dab319c74c5.png
[16:35:06] [29.54s] [INFO] 📝 [TEXT_CHECK] ファイルアップロード前_1: テキスト長=696, 内容='【メタプラネット(3350)】-8.65% 決算後の需給悪化が主要因、来週は株主総会注目

今週の株...'
[16:35:06] [29.58s] [INFO] ✅ set_input_files成功: /Users/takahashimika/Dropbox/web_kabu_ai/temp/base64_images/mobile_chart_6ef47cab-192b-488f-96cf-1dab319c74c5.png
[16:35:06] [29.58s] [INFO] モバイル風待機: 2.06秒
[16:35:08] [31.65s] [INFO] 📝 [TEXT_CHECK] ファイルアップロード後_1: テキスト長=0, 内容=''
[16:35:08] [31.65s] [WARNING] ⚠️ ファイルアップロードでテキストが削除されました。復元します
[16:35:08] [31.66s] [INFO] 🎯 [DEBUG] mobile_type開始: clear_first=False, text='【メタプラネット(3350)】-8.65% 決算後の需給悪化...'
[16:35:08] [31.67s] [INFO] 📝 [DEBUG] モバイル設定前の現在値: '...'
[16:35:08] [31.67s] [INFO] 📝 JavaScript直接入力開始: '【メタプラネット(3350)】-8.65% 決算後の需給悪化...'
[16:35:08] [31.68s] [INFO] 🔧 [DEBUG] モバイルJS設定結果 - before: '...', after: '【メタプラネット(3350)】-8.65% 決算後の需給悪化...'
[16:35:08] [31.68s] [INFO] ✅ JavaScript直接入力完了: '【メタプラネット(3350)】-8.65% 決算後の需給悪化...'
[16:35:08] [31.68s] [INFO] モバイル風待機: 0.66秒
[16:35:08] [32.35s] [INFO] 🎯 [DEBUG] モバイル最終結果: '【メタプラネット(3350)】-8.65% 決算後の需給悪化...'
[16:35:08] [32.35s] [INFO] ✅ テキスト復元完了
[16:35:08] [32.38s] [INFO] ✅ 画像プレビュー確認: .r-1p0dtai img
[16:35:08] [32.38s] [INFO] ✅ 画像が正常にアップロードされました
[16:35:08] [32.38s] [INFO] 📷 画像アップロード処理完了: 1枚処理
[16:35:08] [32.38s] [INFO] 📝 画像アップロード後のテキスト状態チェック
[16:35:08] [32.40s] [INFO] 📝 [TEXT_CHECK] 画像アップロード後: テキスト長=696, 内容='【メタプラネット(3350)】-8.65% 決算後の需給悪化が主要因、来週は株主総会注目

今週の株...'
[16:35:08] [32.40s] [INFO] 🚫 実投稿モード: 投稿直前で停止（投稿処理はコメントアウト中）
[16:35:08] [32.40s] [INFO] ✅ モバイルテキスト入力完了
[16:35:08] [32.40s] [INFO] ✅ === モバイル版投稿テスト成功！ ===
[16:35:08] [32.41s] [INFO] モバイル版投稿テスト成功
[16:35:08] [32.41s] [INFO] モバイルテストモード完了
[16:35:08] [32.41s] [INFO] 🧹 モバイルブラウザ クリーンアップ開始
[16:35:09] [33.05s] [INFO] ✅ モバイルコンテキストクローズ完了
[16:35:09] [33.08s] [INFO] ✅ Playwrightストップ完了

=== モバイルTwitterデバッグログ終了 ===
終了時刻: 2025-08-17 16:35:09
総実行時間: 33.08秒
============================================================
[16:35:09] [33.08s] [INFO] 📋 詳細デバッグログ保存完了: /Users/takahashimika/Dropbox/web_kabu_ai/python/twitter_auto_post/debug_logs/mobile_twitter_debug_20250817_163436.log
