=== モバイルTwitterデバッグログ開始 ===
開始時刻: 2025-09-06 15:01:51
ログファイル: /Users/takahashimika/Dropbox/web_kabu_ai/python/twitter_auto_post/debug_logs/mobile_twitter_debug_20250906_150151.log
============================================================

[15:01:51] [0.00s] [INFO] モバイルプロファイルディレクトリ: /Users/takahashimika/Dropbox/web_kabu_ai/twitter_mobile_profile
[15:01:51] [0.00s] [INFO] 📱 モバイルブラウザ起動開始
[15:01:53] [1.13s] [INFO] ✅ Playwright インスタンス作成完了
[15:01:53] [1.13s] [INFO] ✅ 既存モバイルプロファイル発見: /Users/takahashimika/Dropbox/web_kabu_ai/twitter_mobile_profile
[15:01:53] [1.13s] [INFO] モバイル引数設定完了: 26個
[15:01:53] [1.13s] [INFO] モバイルコンテキスト作成中...
[15:01:56] [4.55s] [INFO] ✅ モバイルコンテキスト作成完了
[15:01:56] [4.55s] [INFO] 既存モバイルページを使用
[15:01:56] [4.58s] [INFO] ✅ モバイル偽装スクリプト適用完了
[15:01:56] [4.58s] [INFO] 📱 モバイルブラウザ起動成功
[15:01:56] [4.58s] [INFO] 📱 モバイル版Twitterに移動開始
[15:01:56] [4.58s] [INFO] アクセス先: https://mobile.twitter.com
[15:01:58] [6.76s] [INFO] ✅ ページ移動完了
[15:01:58] [6.76s] [INFO] モバイル風待機: 1.18秒
[15:01:59] [8.00s] [INFO] 現在のURL: https://x.com/
[15:01:59] [8.00s] [INFO] ページタイトル: X
[15:01:59] [8.00s] [INFO] モバイルログイン状態チェック - URL: https://x.com/home
[15:02:00] [8.31s] [INFO] ✅ モバイルログイン要素発見: nav[role="navigation"]
[15:02:00] [8.36s] [INFO] ✅ モバイルログイン要素発見: [data-testid="primaryColumn"]
[15:02:00] [8.42s] [INFO] ✅ モバイルログイン要素発見: [aria-label*="ホーム"], [aria-label*="Home"]
[15:02:00] [8.42s] [INFO] ✅ モバイルログイン確認 (3個の要素)
[15:02:00] [8.42s] [INFO] 📱 モバイルツイート投稿開始 (テスト: False)
[15:02:00] [8.42s] [INFO] 投稿処理開始時のURL: https://x.com/home
[15:02:00] [8.48s] [INFO] ページ上のボタン要素数: 8
[15:02:00] [8.53s] [INFO] ボタン1: text='', aria-label='プロフィールメニュー meiteko', testid='DashButton_ProfileIcon_Link', href=''
[15:02:00] [8.57s] [INFO] ボタン2: text='', aria-label='前', testid='', href=''
[15:02:00] [8.60s] [INFO] ボタン3: text='', aria-label='次へ', testid='', href=''
[15:02:00] [8.63s] [INFO] ボタン4: text='', aria-label='前', testid='', href=''
[15:02:00] [8.66s] [INFO] ボタン5: text='', aria-label='次へ', testid='', href=''
[15:02:00] [8.69s] [INFO] ボタン6: text='新しいポストを表示', aria-label='新しいポストがあります。新しいポストに移動するには、ピリオド', testid='', href=''
[15:02:00] [8.72s] [INFO] ボタン7: text='', aria-label='ホームタイムラインに移動', testid='', href=''
[15:02:00] [8.75s] [INFO] ボタン8: text='', aria-label='トレンドに移動', testid='', href=''
[15:02:00] [8.76s] [INFO] モバイル投稿ボタン発見: [data-testid="FloatingActionButtons_Tweet_Button"]
[15:02:00] [8.76s] [INFO] モバイル風待機: 2.30秒
[15:02:03] [11.49s] [INFO] タップ成功
[15:02:03] [11.49s] [INFO] モバイル風待機: 2.62秒
[15:02:06] [14.12s] [INFO] モバイルテキストエリア発見: [data-testid="tweetTextarea_0"]
[15:02:06] [14.12s] [INFO] 📝 [SIMPLE_FLOW] 画像先・テキスト後の単純フロー
[15:02:06] [14.12s] [INFO] 📷 [SIMPLE_FLOW] 画像アップロード開始: 1枚
[15:02:06] [14.12s] [INFO] 画像1/1をアップロード中: /Users/takahashimika/Dropbox/web_kabu_ai/temp/base64_images/mobile_chart_713e065b-4286-4ccd-9df2-bef083121e11.png
[15:02:06] [14.15s] [INFO] 📝 [TEXT_CHECK] プログラマティック画像アップロード前_1: テキスト長=0, 内容=''
[15:02:06] [14.15s] [INFO] 📷 ファイルダイアログ回避モードで画像アップロード開始
[15:02:06] [14.15s] [INFO] ✅ 画像ファイル読み込み完了: 1157680 bytes
[15:02:06] [14.16s] [INFO] 🚀 プログラマティック画像アップロード実行: mobile_chart_713e065b-4286-4ccd-9df2-bef083121e11.png
[15:02:06] [14.30s] [INFO] ✅ プログラマティック画像アップロード成功: プログラマティック画像設定完了（ダイアログ回避）
[15:02:06] [14.30s] [INFO]   - Twitterターゲット発見: True
[15:02:06] [14.30s] [INFO]   - ファイル数: 0
[15:02:06] [14.30s] [INFO] モバイル風待機: 2.29秒
[15:02:08] [16.61s] [INFO] 📝 [TEXT_CHECK] プログラマティック画像アップロード後_1: テキスト長=0, 内容=''
[15:02:08] [16.65s] [INFO] ✅ 画像プレビュー確認: .r-1p0dtai img
[15:02:08] [16.65s] [INFO] ✅ 画像が正常にプログラマティックアップロードされました
[15:02:08] [16.65s] [INFO] 📷 プログラマティック画像アップロード処理完了: 1枚処理
[15:02:08] [16.65s] [INFO] モバイル風待機: 1.41秒
[15:02:10] [18.06s] [INFO] 📝 [SIMPLE_FLOW] テキスト入力（1回のみ）
[15:02:10] [18.06s] [INFO] 📝 [SIMPLE_TYPE] シンプルテキスト入力開始: 703文字
[15:02:10] [18.07s] [INFO] モバイル風待機: 0.44秒
[15:02:10] [18.52s] [INFO] ✅ [SIMPLE_TYPE] テキスト設定完了: 703文字
[15:02:10] [18.52s] [INFO] 🎯 [SIMPLE_FLOW] テキストエリアにフォーカス維持
[15:02:10] [18.54s] [INFO] モバイル風待機: 0.52秒
[15:02:11] [19.06s] [INFO] ✅ モバイルテキスト入力完了: 【ＦＲＯＮＴＥＯ(2158)】-2.99%

空売り圧力で900円割れ試す調整

★今日の流れと解説...
[15:02:11] [19.06s] [INFO] 🚀 [強化版] 実投稿モード: 確実な投稿ボタン探索開始
[15:02:11] [19.06s] [INFO] 🎯 [強化版] 投稿ボタン探索 試行 1/3
[15:02:11] [19.09s] [INFO] 📍 [強化版] ボタン発見: [data-testid="tweetButton"]
[15:02:11] [19.09s] [INFO]    可視: True, 有効: True, 接続: True
[15:02:11] [19.09s] [INFO]    テキスト: 'ポストする'
[15:02:11] [19.09s] [INFO] ✅ [強化版] 有効な投稿ボタン確認: [data-testid="tweetButton"]
[15:02:11] [19.09s] [INFO] 🎯 [SIMPLE_FLOW] 投稿ボタンクリック試行 1: [data-testid="tweetButton"]
[15:02:11] [19.09s] [INFO] ⏳ 投稿ボタンクリック前に10秒待機中...
[15:02:21] [29.09s] [INFO] ✅ 10秒待機完了
[15:02:21] [29.09s] [INFO] 🎯 [SIMPLE_FLOW] フォーカス維持したままJSクリック
[15:02:21] [29.10s] [INFO] ✅ [SIMPLE_FLOW] JSクリック成功（フォーカス維持）
[15:02:21] [29.10s] [INFO] 🎉 [強化版] [ポストボタン確実クリック済み] 投稿処理成功
[15:02:21] [29.10s] [INFO] モバイル風待機: 4.34秒
[15:02:25] [33.44s] [INFO] 🔍 [POST-VALIDATION] 投稿完了後の最終確認開始
[15:02:25] [33.44s] [INFO] 📍 [POST-VALIDATION] 投稿後URL: https://x.com/home
[15:02:25] [33.44s] [INFO] ✅ [POST-VALIDATION] ホーム画面への遷移確認
[15:02:25] [33.46s] [INFO] 📢 [POST-VALIDATION] 成功インジケーター発見: おすすめ
フォロー中
[15:02:25] [33.46s] [INFO] ============================================================
[15:02:25] [33.46s] [INFO] 📊 [FINAL-SUMMARY] 投稿処理完了サマリー
[15:02:25] [33.46s] [INFO] ============================================================
[15:02:25] [33.46s] [INFO] 📝 投稿メッセージ長: 703文字
[15:02:25] [33.46s] [INFO] 📝 投稿メッセージ内容: 【ＦＲＯＮＴＥＯ(2158)】-2.99%

空売り圧力で900円割れ試す調整

★今日の流れと解説  
前日大幅高の反動で利益確定が進み、一時900円を割り込む場面が見られた。出来高は増加し、短期的な需給調整局面となった。膵臓がん治療の研究成果など長期的期待は変わらず、投資家は冷静な判断が必要。

  

■今日のニュース内容  
⑴ AI創薬技術の進展と塩野義製薬との共同開発による認知症判定A...
[15:02:25] [33.46s] [INFO] 📷 画像アップロード: あり
[15:02:25] [33.46s] [INFO] 🌐 最終URL: https://x.com/home
[15:02:25] [33.46s] [INFO] ⏰ 投稿完了時刻: 2025-09-06 15:02:25
[15:02:25] [33.46s] [INFO] ============================================================
[15:02:25] [33.47s] [INFO] ✅ === モバイル版投稿完了成功！ ===
[15:02:25] [33.47s] [INFO] 🧹 モバイルブラウザ クリーンアップ開始
[15:02:25] [33.98s] [INFO] ✅ モバイルコンテキストクローズ完了
[15:02:25] [34.00s] [INFO] ✅ Playwrightストップ完了

=== モバイルTwitterデバッグログ終了 ===
終了時刻: 2025-09-06 15:02:25
総実行時間: 34.00秒
============================================================
[15:02:25] [34.00s] [INFO] 📋 詳細デバッグログ保存完了: /Users/takahashimika/Dropbox/web_kabu_ai/python/twitter_auto_post/debug_logs/mobile_twitter_debug_20250906_150151.log
