=== モバイルTwitterデバッグログ開始 ===
開始時刻: 2025-08-17 19:09:03
ログファイル: /Users/takahashimika/Dropbox/web_kabu_ai/python/twitter_auto_post/debug_logs/mobile_twitter_debug_20250817_190903.log
============================================================

[19:09:03] [0.00s] [INFO] モバイルプロファイルディレクトリ: /Users/takahashimika/Dropbox/web_kabu_ai/twitter_mobile_profile
[19:09:03] [0.00s] [INFO] 📱 モバイルブラウザ起動開始
[19:09:04] [1.18s] [INFO] ✅ Playwright インスタンス作成完了
[19:09:04] [1.18s] [INFO] ✅ 既存モバイルプロファイル発見: /Users/takahashimika/Dropbox/web_kabu_ai/twitter_mobile_profile
[19:09:04] [1.18s] [INFO] モバイル引数設定完了: 26個
[19:09:04] [1.18s] [INFO] モバイルコンテキスト作成中...
[19:09:08] [4.63s] [INFO] ✅ モバイルコンテキスト作成完了
[19:09:08] [4.63s] [INFO] 既存モバイルページを使用
[19:09:08] [4.66s] [INFO] ✅ モバイル偽装スクリプト適用完了
[19:09:08] [4.66s] [INFO] 📱 モバイルブラウザ起動成功
[19:09:08] [4.66s] [INFO] 📱 モバイル版Twitterに移動開始
[19:09:08] [4.66s] [INFO] アクセス先: https://mobile.twitter.com
[19:09:10] [6.72s] [INFO] ✅ ページ移動完了
[19:09:10] [6.72s] [INFO] モバイル風待機: 2.49秒
[19:09:13] [9.34s] [INFO] 現在のURL: https://x.com/
[19:09:13] [9.35s] [INFO] ページタイトル: ホーム / X
[19:09:13] [9.35s] [INFO] モバイルログイン状態チェック - URL: https://x.com/home
[19:09:13] [10.04s] [INFO] ✅ モバイルログイン要素発見: nav[role="navigation"]
[19:09:13] [10.16s] [INFO] ✅ モバイルログイン要素発見: [data-testid="primaryColumn"]
[19:09:13] [10.23s] [INFO] ✅ モバイルログイン要素発見: [aria-label*="ホーム"], [aria-label*="Home"]
[19:09:13] [10.23s] [INFO] ✅ モバイルログイン確認 (3個の要素)
[19:09:13] [10.23s] [INFO] 📱 モバイルツイート投稿開始 (テスト: True)
[19:09:13] [10.23s] [INFO] 投稿処理開始時のURL: https://x.com/home
[19:09:14] [10.39s] [INFO] ページ上のボタン要素数: 59
[19:09:14] [10.42s] [INFO] ボタン1: text='', aria-label='プロフィールメニュー めいめい＠株わかりやすくまとめ・解説', testid='DashButton_ProfileIcon_Link', href=''
[19:09:14] [10.46s] [INFO] ボタン2: text='', aria-label='前', testid='', href=''
[19:09:14] [10.50s] [INFO] ボタン3: text='', aria-label='次へ', testid='', href=''
[19:09:14] [10.53s] [INFO] ボタン4: text='', aria-label='前', testid='', href=''
[19:09:14] [10.57s] [INFO] ボタン5: text='', aria-label='次へ', testid='', href=''
[19:09:14] [10.70s] [INFO] ボタン6: text='新しいポストを表示', aria-label='新しいポストがあります。新しいポストに移動するには、ピリオド', testid='', href=''
[19:09:14] [10.75s] [INFO] ボタン7: text='', aria-label='ホームタイムラインに移動', testid='', href=''
[19:09:14] [10.80s] [INFO] ボタン8: text='', aria-label='トレンドに移動', testid='', href=''
[19:09:14] [10.84s] [INFO] ボタン9: text='', aria-label='もっと見る', testid='caret', href=''
[19:09:14] [10.89s] [INFO] ボタン10: text='再読み込み', aria-label='', testid='', href=''
[19:09:14] [10.91s] [INFO] モバイル投稿ボタン発見: [data-testid="FloatingActionButtons_Tweet_Button"]
[19:09:14] [10.91s] [INFO] モバイル風待機: 2.38秒
[19:09:17] [13.55s] [INFO] タップ成功
[19:09:17] [13.55s] [INFO] モバイル風待機: 2.59秒
[19:09:19] [16.16s] [INFO] モバイルテキストエリア発見: [data-testid="tweetTextarea_0"]
[19:09:19] [16.16s] [INFO] 📝 テキスト入力開始前の状態チェック
[19:09:19] [16.20s] [INFO] 📝 [TEXT_CHECK] テキスト入力開始前: テキスト長=0, 内容=''
[19:09:19] [16.20s] [INFO] 🎯 [DEBUG] mobile_type開始: clear_first=False, text='【レーザーテック(6920)】8.31% 大幅上昇、インテル支援と需給改善で反発強まる

今週の株価...'
[19:09:19] [16.21s] [INFO] モバイル風待機: 0.39秒
[19:09:20] [16.61s] [INFO] 📝 JavaScript直接入力開始: '【レーザーテック(6920)】8.31% 大幅上昇、インテル支援と需給改善で反発強まる

今週の株価...'
[19:09:20] [16.63s] [INFO] 🔧 [DEBUG] モバイルJS設定結果 - before: '', after: '【レーザーテック(6920)】8.31% 大幅上昇、インテル支援と需給改善で反発強まる

今週の株価...'
[19:09:20] [16.63s] [INFO] ✅ JavaScript直接入力完了: '【レーザーテック(6920)】8.31% 大幅上昇、インテル支援と需給改善で反発強まる

今週の株価...'
[19:09:20] [16.63s] [INFO] モバイル風待機: 0.76秒
[19:09:21] [17.40s] [INFO] 🎯 [DEBUG] モバイル最終結果: '【レーザーテック(6920)】8.31% 大幅上昇、インテル支援と需給改善で反発強まる

今週の株価...'
[19:09:21] [17.40s] [INFO] 📝 テキスト入力完了後の状態チェック
[19:09:21] [17.41s] [INFO] 📝 [TEXT_CHECK] テキスト入力完了後: テキスト長=915, 内容='【レーザーテック(6920)】8.31% 大幅上昇、インテル支援と需給改善で反発強まる

今週の株価...'
[19:09:21] [17.41s] [INFO] ✅ モバイルテキスト入力完了: 【レーザーテック(6920)】8.31% 大幅上昇、インテル支援と需給改善で反発強まる

今週の株価...
[19:09:21] [17.41s] [INFO] 📷 画像アップロード開始: 1枚
[19:09:21] [17.42s] [INFO] 📝 [TEXT_CHECK] 画像アップロード前: テキスト長=915, 内容='【レーザーテック(6920)】8.31% 大幅上昇、インテル支援と需給改善で反発強まる

今週の株価...'
[19:09:21] [17.42s] [INFO] 画像1/1をアップロード中: /Users/takahashimika/Dropbox/web_kabu_ai/temp/base64_images/mobile_chart_c4c6d997-3752-4420-88ce-beecfe107ed6.png
[19:09:21] [17.43s] [INFO] 📝 [TEXT_CHECK] プログラマティック画像アップロード前_1: テキスト長=915, 内容='【レーザーテック(6920)】8.31% 大幅上昇、インテル支援と需給改善で反発強まる

今週の株価...'
[19:09:21] [17.43s] [INFO] 📷 ファイルダイアログ回避モードで画像アップロード開始
[19:09:21] [17.44s] [INFO] ✅ 画像ファイル読み込み完了: 1507680 bytes
[19:09:21] [17.44s] [INFO] 🚀 プログラマティック画像アップロード実行: mobile_chart_c4c6d997-3752-4420-88ce-beecfe107ed6.png
[19:09:21] [17.64s] [INFO] ✅ プログラマティック画像アップロード成功: プログラマティック画像設定完了（ダイアログ回避）
[19:09:21] [17.64s] [INFO]   - Twitterターゲット発見: True
[19:09:21] [17.64s] [INFO]   - ファイル数: 0
[19:09:21] [17.64s] [INFO] モバイル風待機: 2.66秒
[19:09:24] [20.33s] [INFO] 📝 [TEXT_CHECK] プログラマティック画像アップロード後_1: テキスト長=0, 内容=''
[19:09:24] [20.33s] [WARNING] ⚠️ プログラマティック画像アップロードでテキストが削除されました。復元します
[19:09:24] [20.34s] [INFO] 🎯 [DEBUG] mobile_type開始: clear_first=False, text='【レーザーテック(6920)】8.31% 大幅上昇、インテル支援と需給改善で反発強まる

今週の株価...'
[19:09:24] [20.35s] [INFO] モバイル風待機: 0.22秒
[19:09:24] [20.57s] [INFO] 📝 JavaScript直接入力開始: '【レーザーテック(6920)】8.31% 大幅上昇、インテル支援と需給改善で反発強まる

今週の株価...'
[19:09:24] [20.58s] [INFO] 🔧 [DEBUG] モバイルJS設定結果 - before: '', after: '【レーザーテック(6920)】8.31% 大幅上昇、インテル支援と需給改善で反発強まる

今週の株価...'
[19:09:24] [20.58s] [INFO] ✅ JavaScript直接入力完了: '【レーザーテック(6920)】8.31% 大幅上昇、インテル支援と需給改善で反発強まる

今週の株価...'
[19:09:24] [20.58s] [INFO] モバイル風待機: 0.49秒
[19:09:24] [21.08s] [INFO] 🎯 [DEBUG] モバイル最終結果: '【レーザーテック(6920)】8.31% 大幅上昇、インテル支援と需給改善で反発強まる

今週の株価...'
[19:09:24] [21.08s] [INFO] ✅ テキスト復元完了
[19:09:24] [21.11s] [INFO] ✅ 画像プレビュー確認: .r-1p0dtai img
[19:09:24] [21.11s] [INFO] ✅ 画像が正常にプログラマティックアップロードされました
[19:09:24] [21.11s] [INFO] 📷 プログラマティック画像アップロード処理完了: 1枚処理
[19:09:24] [21.12s] [INFO] 📝 [TEXT_CHECK] 画像アップロード後: テキスト長=915, 内容='【レーザーテック(6920)】8.31% 大幅上昇、インテル支援と需給改善で反発強まる

今週の株価...'
[19:09:24] [21.12s] [INFO] 🚫 実投稿モード: 投稿直前で停止（投稿処理はコメントアウト中）
[19:09:24] [21.12s] [INFO] ✅ モバイルテキスト入力完了
[19:09:24] [21.12s] [INFO] 🧹 モバイルブラウザ クリーンアップ開始
[19:09:25] [21.70s] [INFO] ✅ モバイルコンテキストクローズ完了
[19:09:25] [21.73s] [INFO] ✅ Playwrightストップ完了

=== モバイルTwitterデバッグログ終了 ===
終了時刻: 2025-08-17 19:09:25
総実行時間: 21.73秒
============================================================
[19:09:25] [21.73s] [INFO] 📋 詳細デバッグログ保存完了: /Users/takahashimika/Dropbox/web_kabu_ai/python/twitter_auto_post/debug_logs/mobile_twitter_debug_20250817_190903.log
