=== モバイルTwitterデバッグログ開始 ===
開始時刻: 2025-09-07 22:33:53
ログファイル: /Users/youmeiyuu/Desktop/kabu_ai/python/twitter_auto_post/debug_logs/mobile_twitter_debug_20250907_223353.log
============================================================

[22:33:53] [0.00s] [INFO] モバイルプロファイルディレクトリ: /Users/youmeiyuu/Desktop/kabu_ai/twitter_mobile_profile
[22:33:53] [0.00s] [INFO] 📱 モバイルブラウザ起動開始
[22:33:53] [0.36s] [INFO] ✅ Playwright インスタンス作成完了
[22:33:53] [0.36s] [INFO] ✅ 既存モバイルプロファイル発見: /Users/youmeiyuu/Desktop/kabu_ai/twitter_mobile_profile
[22:33:53] [0.36s] [INFO] モバイル引数設定完了: 26個
[22:33:53] [0.36s] [INFO] モバイルコンテキスト作成中...
[22:33:55] [2.11s] [INFO] ✅ モバイルコンテキスト作成完了
[22:33:55] [2.11s] [INFO] 既存モバイルページを使用
[22:33:55] [2.13s] [INFO] ✅ モバイル偽装スクリプト適用完了
[22:33:55] [2.13s] [INFO] 📱 モバイルブラウザ起動成功
[22:33:55] [2.13s] [INFO] 📱 モバイル版Twitterに移動開始
[22:33:55] [2.13s] [INFO] アクセス先: https://mobile.twitter.com
[22:33:56] [3.18s] [INFO] ✅ ページ移動完了
[22:33:56] [3.18s] [INFO] モバイル風待機: 1.86秒
[22:33:58] [5.04s] [INFO] 現在のURL: https://x.com/
[22:33:58] [5.04s] [INFO] ページタイトル: ホーム / X
[22:33:58] [5.04s] [INFO] モバイルログイン状態チェック - URL: https://x.com/home
[22:33:58] [5.06s] [INFO] ✅ モバイルログイン要素発見: nav[role="navigation"]
[22:33:58] [5.07s] [INFO] ✅ モバイルログイン要素発見: [data-testid="primaryColumn"]
[22:33:58] [5.07s] [INFO] ✅ モバイルログイン要素発見: [aria-label*="ホーム"], [aria-label*="Home"]
[22:33:58] [5.07s] [INFO] ✅ モバイルログイン確認 (3個の要素)
[22:33:58] [5.07s] [INFO] 📱 モバイルツイート投稿開始 (テスト: False)
[22:33:58] [5.07s] [INFO] 投稿処理開始時のURL: https://x.com/home
[22:33:58] [5.09s] [INFO] ページ上のボタン要素数: 27
[22:33:58] [5.10s] [INFO] ボタン1: text='', aria-label='プロフィールメニュー めいめい＠株わかりやすくまとめ・解説', testid='DashButton_ProfileIcon_Link', href=''
[22:33:58] [5.10s] [INFO] ボタン2: text='', aria-label='前', testid='', href=''
[22:33:58] [5.11s] [INFO] ボタン3: text='', aria-label='次へ', testid='', href=''
[22:33:58] [5.11s] [INFO] ボタン4: text='', aria-label='前', testid='', href=''
[22:33:58] [5.12s] [INFO] ボタン5: text='', aria-label='次へ', testid='', href=''
[22:33:58] [5.13s] [INFO] ボタン6: text='新しいポストを表示', aria-label='新しいポストがあります。新しいポストに移動するには、ピリオド', testid='', href=''
[22:33:58] [5.13s] [INFO] ボタン7: text='', aria-label='ホームタイムラインに移動', testid='', href=''
[22:33:58] [5.14s] [INFO] ボタン8: text='', aria-label='トレンドに移動', testid='', href=''
[22:33:58] [5.14s] [INFO] ボタン9: text='', aria-label='もっと見る', testid='caret', href=''
[22:33:58] [5.15s] [INFO] ボタン10: text='545', aria-label='545 件の返信。返信する', testid='reply', href=''
[22:33:58] [5.15s] [INFO] モバイル投稿ボタン発見: [data-testid="FloatingActionButtons_Tweet_Button"]
[22:33:58] [5.15s] [INFO] モバイル風待機: 2.31秒
[22:34:01] [7.56s] [INFO] タップ成功
[22:34:01] [7.56s] [INFO] モバイル風待機: 2.75秒
[22:34:03] [10.33s] [INFO] モバイルテキストエリア発見: [data-testid="tweetTextarea_0"]
[22:34:03] [10.33s] [INFO] 📝 [SIMPLE_FLOW] 画像先・テキスト後の単純フロー
[22:34:03] [10.33s] [INFO] 📷 [SIMPLE_FLOW] 画像アップロード開始: 1枚
[22:34:03] [10.33s] [INFO] 画像1/1をアップロード中: /Users/youmeiyuu/Desktop/kabu_ai/temp/base64_images/mobile_chart_2b760748-4d48-4e4a-91d9-06a3cc749555.png
[22:34:03] [10.35s] [INFO] 📝 [TEXT_CHECK] プログラマティック画像アップロード前_1: テキスト長=0, 内容=''
[22:34:03] [10.35s] [INFO] 📷 ファイルダイアログ回避モードで画像アップロード開始
[22:34:03] [10.35s] [INFO] ✅ 画像ファイル読み込み完了: 1445252 bytes
[22:34:03] [10.35s] [INFO] 🚀 プログラマティック画像アップロード実行: mobile_chart_2b760748-4d48-4e4a-91d9-06a3cc749555.png
[22:34:04] [10.42s] [INFO] ✅ プログラマティック画像アップロード成功: プログラマティック画像設定完了（ダイアログ回避）
[22:34:04] [10.42s] [INFO]   - Twitterターゲット発見: True
[22:34:04] [10.42s] [INFO]   - ファイル数: 0
[22:34:04] [10.42s] [INFO] モバイル風待機: 2.92秒
[22:34:07] [13.41s] [INFO] 📝 [TEXT_CHECK] プログラマティック画像アップロード後_1: テキスト長=0, 内容=''
[22:34:07] [13.43s] [INFO] ✅ 画像プレビュー確認: .r-1p0dtai img
[22:34:07] [13.43s] [INFO] ✅ 画像が正常にプログラマティックアップロードされました
[22:34:07] [13.43s] [INFO] 📷 プログラマティック画像アップロード処理完了: 1枚処理
[22:34:07] [13.43s] [INFO] モバイル風待機: 1.26秒
[22:34:08] [14.70s] [INFO] 📝 [SIMPLE_FLOW] テキスト入力（1回のみ）
[22:34:08] [14.70s] [INFO] ⚡ [ULTRA_TYPE] 高速1文字1文字タイピング開始: 540文字
[22:34:08] [14.71s] [INFO] モバイル風待機: 0.20秒
[22:34:16] [22.71s] [INFO] ⚡ [ULTRA_TYPE] 高速タイピング完了: 7.793秒 (69.3文字/秒)
[22:34:16] [22.72s] [ERROR] ❌ [ULTRA_TYPE] 高速タイピング例外エラー: ElementHandle.focus: Element is not attached to the DOM
[22:34:16] [22.72s] [INFO] 🎯 [SIMPLE_FLOW] テキストエリアにフォーカス維持
[22:34:16] [22.72s] [ERROR] モバイルツイート投稿エラー: ElementHandle.focus: Element is not attached to the DOM
[22:34:16] [22.72s] [INFO] 🧹 モバイルブラウザ クリーンアップ開始
[22:34:16] [22.96s] [INFO] ✅ モバイルコンテキストクローズ完了
[22:34:16] [22.97s] [INFO] ✅ Playwrightストップ完了

=== モバイルTwitterデバッグログ終了 ===
終了時刻: 2025-09-07 22:34:16
総実行時間: 22.97秒
============================================================
[22:34:16] [22.97s] [INFO] 📋 詳細デバッグログ保存完了: /Users/youmeiyuu/Desktop/kabu_ai/python/twitter_auto_post/debug_logs/mobile_twitter_debug_20250907_223353.log
