=== モバイルTwitterデバッグログ開始 ===
開始時刻: 2025-08-23 22:44:55
ログファイル: /Users/takahashimika/Dropbox/web_kabu_ai/python/twitter_auto_post/debug_logs/mobile_twitter_debug_20250823_224455.log
============================================================

[22:44:55] [0.00s] [INFO] モバイルプロファイルディレクトリ: /Users/takahashimika/Dropbox/web_kabu_ai/twitter_mobile_profile
[22:44:55] [0.00s] [INFO] 📱 モバイルブラウザ起動開始
[22:44:56] [1.17s] [INFO] ✅ Playwright インスタンス作成完了
[22:44:56] [1.17s] [INFO] ✅ 既存モバイルプロファイル発見: /Users/takahashimika/Dropbox/web_kabu_ai/twitter_mobile_profile
[22:44:56] [1.17s] [INFO] モバイル引数設定完了: 26個
[22:44:56] [1.17s] [INFO] モバイルコンテキスト作成中...
[22:45:00] [5.68s] [INFO] ✅ モバイルコンテキスト作成完了
[22:45:00] [5.68s] [INFO] 既存モバイルページを使用
[22:45:00] [5.71s] [INFO] ✅ モバイル偽装スクリプト適用完了
[22:45:00] [5.71s] [INFO] 📱 モバイルブラウザ起動成功
[22:45:00] [5.71s] [INFO] 📱 モバイル版Twitterに移動開始
[22:45:00] [5.71s] [INFO] アクセス先: https://mobile.twitter.com
[22:45:04] [9.83s] [INFO] ✅ ページ移動完了
[22:45:04] [9.83s] [INFO] モバイル風待機: 1.82秒
[22:45:07] [12.54s] [INFO] 現在のURL: https://x.com/
[22:45:07] [12.54s] [INFO] ページタイトル: ホーム / X
[22:45:07] [12.54s] [INFO] モバイルログイン状態チェック - URL: https://x.com/home
[22:45:09] [14.42s] [INFO] ✅ モバイルログイン要素発見: nav[role="navigation"]
[22:45:10] [15.85s] [INFO] ✅ モバイルログイン要素発見: [data-testid="primaryColumn"]
[22:45:11] [15.98s] [INFO] ✅ モバイルログイン要素発見: [aria-label*="ホーム"], [aria-label*="Home"]
[22:45:11] [15.98s] [INFO] ✅ モバイルログイン確認 (3個の要素)
[22:45:11] [15.98s] [INFO] 📱 モバイルツイート投稿開始 (テスト: False)
[22:45:11] [15.98s] [INFO] 投稿処理開始時のURL: https://x.com/home
[22:45:11] [16.04s] [INFO] ページ上のボタン要素数: 33
[22:45:11] [16.58s] [INFO] ボタン1: text='', aria-label='プロフィールメニュー meiteko', testid='DashButton_ProfileIcon_Link', href=''
[22:45:11] [16.61s] [INFO] ボタン2: text='', aria-label='前', testid='', href=''
[22:45:11] [16.65s] [INFO] ボタン3: text='', aria-label='次へ', testid='', href=''
[22:45:11] [16.69s] [INFO] ボタン4: text='', aria-label='前', testid='', href=''
[22:45:11] [16.72s] [INFO] ボタン5: text='+884·ジャクソンホールと相場・9月の', aria-label='スペース、まりーさん@ USA🇺🇸YOLO❗️(You On', testid='', href=''
[22:45:11] [16.75s] [INFO] ボタン6: text='+161·【作家向け】企画書の作り方の話', aria-label='スペース、一智和智　【便利屋斎藤さん、異世界に行く】アニメ化', testid='', href=''
[22:45:11] [16.78s] [INFO] ボタン7: text='+24·ゆる歌枠&トーク', aria-label='スペース、宇城 一｜UKI Hajimeさんがリスニング中、', testid='', href=''
[22:45:11] [16.81s] [INFO] ボタン8: text='+8·土曜の夜にはバクシンを(相互さん話', aria-label='スペース、よこじさんがリスニング中、裾野こがらさんがホスト、', testid='', href=''
[22:45:11] [16.85s] [INFO] ボタン9: text='+3·今日も明日も描く（専業・兼業絵描き', aria-label='スペース、wa@C106日曜東7ホール B12abさんが発言', testid='', href=''
[22:45:11] [16.88s] [INFO] ボタン10: text='+1·24時までお絵描きしたい・強制終了', aria-label='スペース、🌸 和原ヨウ -You Aihara- 🌸さんがリ', testid='', href=''
[22:45:11] [16.90s] [INFO] モバイル投稿ボタン発見: [data-testid="FloatingActionButtons_Tweet_Button"]
[22:45:11] [16.90s] [INFO] モバイル風待機: 0.86秒
[22:45:16] [20.96s] [INFO] タップ成功
[22:45:16] [20.96s] [INFO] モバイル風待機: 2.48秒
[22:45:18] [23.45s] [INFO] モバイルテキストエリア発見: [data-testid="tweetTextarea_0"]
[22:45:18] [23.45s] [INFO] 📝 [SIMPLE_FLOW] 画像先・テキスト後の単純フロー
[22:45:18] [23.45s] [INFO] 📝 [SIMPLE_FLOW] テキスト入力（1回のみ）
[22:45:18] [23.46s] [INFO] 📝 [SIMPLE_TYPE] シンプルテキスト入力開始: 602文字
[22:45:18] [23.46s] [INFO] モバイル風待機: 0.40秒
[22:45:18] [23.88s] [INFO] ✅ [SIMPLE_TYPE] テキスト設定完了: 602文字
[22:45:18] [23.88s] [INFO] 🎯 [SIMPLE_FLOW] テキストエリアにフォーカス維持
[22:45:18] [23.91s] [INFO] モバイル風待機: 0.64秒
[22:45:19] [24.55s] [INFO] ✅ モバイルテキスト入力完了: 【ヘリオス(4593)】5.14%上昇 特許査定と現物買い支えで反発

★今日の流れと解説★  
ヘ...
[22:45:19] [24.56s] [INFO] 🚀 [強化版] 実投稿モード: 確実な投稿ボタン探索開始
[22:45:19] [24.56s] [INFO] 🎯 [強化版] 投稿ボタン探索 試行 1/3
[22:45:19] [24.60s] [INFO] 📍 [強化版] ボタン発見: [data-testid="tweetButton"]
[22:45:19] [24.60s] [INFO]    可視: True, 有効: False, 接続: True
[22:45:19] [24.60s] [INFO]    テキスト: 'ポストする'
[22:45:19] [24.64s] [INFO] 📍 [強化版] ボタン発見: button[data-testid="tweetButton"]
[22:45:19] [24.64s] [INFO]    可視: True, 有効: False, 接続: True
[22:45:19] [24.64s] [INFO]    テキスト: 'ポストする'
[22:45:19] [24.69s] [INFO] 📍 [強化版] ボタン発見: [role="button"][data-testid="tweetButton"]
[22:45:19] [24.69s] [INFO]    可視: True, 有効: False, 接続: True
[22:45:19] [24.69s] [INFO]    テキスト: 'ポストする'
[22:45:19] [24.76s] [INFO] 📍 [強化版] ボタン発見: button:has-text("ポスト")
[22:45:19] [24.76s] [INFO]    可視: True, 有効: False, 接続: True
[22:45:19] [24.76s] [INFO]    テキスト: 'ポストする'
[22:45:19] [24.83s] [INFO] 📍 [強化版] ボタン発見: [aria-label*="ポスト"]
[22:45:19] [24.83s] [INFO]    可視: True, 有効: True, 接続: True
[22:45:19] [24.83s] [INFO]    テキスト: ''
[22:45:19] [24.83s] [INFO] ✅ [強化版] 有効な投稿ボタン確認: [aria-label*="ポスト"]
[22:45:19] [24.83s] [INFO] 🎯 [SIMPLE_FLOW] 投稿ボタンクリック試行 1: [aria-label*="ポスト"]
[22:45:19] [24.83s] [INFO] 🎯 [SIMPLE_FLOW] フォーカス維持したままJSクリック
[22:45:19] [24.88s] [INFO] ✅ [SIMPLE_FLOW] JSクリック成功（フォーカス維持）
[22:45:19] [24.88s] [INFO] 🎉 [強化版] [ポストボタン確実クリック済み] 投稿処理成功
[22:45:19] [24.88s] [INFO] モバイル風待機: 3.46秒
[22:45:23] [28.34s] [INFO] 🔍 [POST-VALIDATION] 投稿完了後の最終確認開始
[22:45:23] [28.34s] [INFO] 📍 [POST-VALIDATION] 投稿後URL: https://x.com/compose/post
[22:45:23] [28.35s] [INFO] ✅ [POST-VALIDATION] ホーム画面への遷移確認
[22:45:23] [28.42s] [INFO] 📢 [POST-VALIDATION] 成功インジケーター発見: 
[22:45:23] [28.42s] [INFO] ============================================================
[22:45:23] [28.42s] [INFO] 📊 [FINAL-SUMMARY] 投稿処理完了サマリー
[22:45:23] [28.42s] [INFO] ============================================================
[22:45:23] [28.42s] [INFO] 📝 投稿メッセージ長: 602文字
[22:45:23] [28.42s] [INFO] 📝 投稿メッセージ内容: 【ヘリオス(4593)】5.14%上昇 特許査定と現物買い支えで反発

★今日の流れと解説★  
ヘリオス株は5.14%上昇し、前日までの下落から反転。低免疫原性iPS細胞「ヘリオスUDC」の特許査定通知を好感。信用買いから現物買いへのシフトも株価を支えた。投資家は中長期の事業展望に期待を寄せている。



■今日のニュース内容  
⑴日本特許庁が「ヘリオスUDC」の特許査定を通知し、技術優位性が...
[22:45:23] [28.42s] [INFO] 📷 画像アップロード: なし
[22:45:23] [28.42s] [INFO] 🌐 最終URL: https://x.com/compose/post
[22:45:23] [28.42s] [INFO] ⏰ 投稿完了時刻: 2025-08-23 22:45:23
[22:45:23] [28.42s] [INFO] ============================================================
[22:45:23] [28.42s] [INFO] ✅ === モバイル版投稿完了成功！ ===
[22:45:23] [28.43s] [INFO] 🧹 モバイルブラウザ クリーンアップ開始
[22:45:24] [29.54s] [INFO] ✅ モバイルコンテキストクローズ完了
[22:45:24] [29.58s] [INFO] ✅ Playwrightストップ完了

=== モバイルTwitterデバッグログ終了 ===
終了時刻: 2025-08-23 22:45:24
総実行時間: 29.58秒
============================================================
[22:45:24] [29.58s] [INFO] 📋 詳細デバッグログ保存完了: /Users/takahashimika/Dropbox/web_kabu_ai/python/twitter_auto_post/debug_logs/mobile_twitter_debug_20250823_224455.log
