=== モバイルTwitterデバッグログ開始 ===
開始時刻: 2025-09-07 21:24:58
ログファイル: /Users/takahashimika/Dropbox/web_kabu_ai/python/twitter_auto_post/debug_logs/mobile_twitter_debug_20250907_212458.log
============================================================

[21:24:58] [0.00s] [INFO] モバイルプロファイルディレクトリ: /Users/takahashimika/Dropbox/web_kabu_ai/twitter_mobile_profile
[21:24:58] [0.00s] [INFO] 📱 モバイルブラウザ起動開始
[21:24:59] [0.69s] [INFO] ✅ Playwright インスタンス作成完了
[21:24:59] [0.69s] [INFO] ✅ 既存モバイルプロファイル発見: /Users/takahashimika/Dropbox/web_kabu_ai/twitter_mobile_profile
[21:24:59] [0.69s] [INFO] モバイル引数設定完了: 26個
[21:24:59] [0.69s] [INFO] モバイルコンテキスト作成中...
[21:25:01] [3.03s] [INFO] ✅ モバイルコンテキスト作成完了
[21:25:01] [3.03s] [INFO] 既存モバイルページを使用
[21:25:01] [3.05s] [INFO] ✅ モバイル偽装スクリプト適用完了
[21:25:01] [3.05s] [INFO] 📱 モバイルブラウザ起動成功
[21:25:01] [3.05s] [INFO] 📱 モバイル版Twitterに移動開始
[21:25:01] [3.05s] [INFO] アクセス先: https://mobile.twitter.com
[21:25:04] [5.76s] [INFO] ✅ ページ移動完了
[21:25:04] [5.77s] [INFO] モバイル風待機: 0.84秒
[21:25:05] [6.62s] [INFO] 現在のURL: https://x.com/
[21:25:05] [6.62s] [INFO] ページタイトル: X
[21:25:05] [6.62s] [INFO] モバイルログイン状態チェック - URL: https://x.com/home
[21:25:05] [6.92s] [INFO] ✅ モバイルログイン要素発見: nav[role="navigation"]
[21:25:05] [6.93s] [INFO] 📱 モバイル版手動ログイン待機開始（タイムアウト: 200秒）
[21:25:05] [6.93s] [INFO] モバイルログイン状態チェック - URL: https://x.com/home
[21:25:05] [7.05s] [INFO] ✅ モバイルログイン要素発見: nav[role="navigation"]
[21:25:05] [7.12s] [INFO] ✅ モバイルログイン要素発見: [data-testid="primaryColumn"]
[21:25:05] [7.20s] [INFO] ✅ モバイルログイン要素発見: [aria-label*="ホーム"], [aria-label*="Home"]
[21:25:05] [7.20s] [INFO] ✅ モバイルログイン確認 (3個の要素)
[21:25:05] [7.20s] [INFO] ✅ === モバイル版ログイン完了確認 === (0.3秒)
[21:25:05] [7.20s] [INFO] 📱 モバイルツイート投稿開始 (テスト: False)
[21:25:05] [7.20s] [INFO] 投稿処理開始時のURL: https://x.com/home
[21:25:05] [7.25s] [INFO] ページ上のボタン要素数: 8
[21:25:05] [7.28s] [INFO] ボタン1: text='', aria-label='プロフィールメニュー meiteko', testid='DashButton_ProfileIcon_Link', href=''
[21:25:05] [7.31s] [INFO] ボタン2: text='', aria-label='前', testid='', href=''
[21:25:05] [7.51s] [INFO] ボタン3: text='', aria-label='次へ', testid='', href=''
[21:25:05] [7.53s] [INFO] ボタン4: text='', aria-label='前', testid='', href=''
[21:25:05] [7.56s] [INFO] ボタン5: text='', aria-label='次へ', testid='', href=''
[21:25:05] [7.58s] [INFO] ボタン6: text='新しいポストを表示', aria-label='新しいポストがあります。新しいポストに移動するには、ピリオド', testid='', href=''
[21:25:06] [7.62s] [INFO] ボタン7: text='', aria-label='ホームタイムラインに移動', testid='', href=''
[21:25:07] [8.90s] [INFO] ボタン8: text='', aria-label='トレンドに移動', testid='', href=''
[21:25:07] [8.94s] [INFO] モバイル投稿ボタン発見: [data-testid="FloatingActionButtons_Tweet_Button"]
[21:25:07] [8.94s] [INFO] モバイル風待機: 1.27秒
[21:25:08] [10.37s] [INFO] タップ成功
[21:25:08] [10.37s] [INFO] モバイル風待機: 2.81秒
[21:25:11] [13.19s] [INFO] モバイルテキストエリア発見: [data-testid="tweetTextarea_0"]
[21:25:11] [13.19s] [INFO] 📝 [SIMPLE_FLOW] 画像先・テキスト後の単純フロー
[21:25:11] [13.19s] [INFO] 📷 [SIMPLE_FLOW] 画像アップロード開始: 1枚
[21:25:11] [13.19s] [INFO] 画像1/1をアップロード中: /Users/takahashimika/Dropbox/web_kabu_ai/temp/base64_images/mobile_chart_11002fcc-d180-443f-b086-daadf976ac68.png
[21:25:11] [13.21s] [INFO] 📝 [TEXT_CHECK] プログラマティック画像アップロード前_1: テキスト長=0, 内容=''
[21:25:11] [13.21s] [INFO] 📷 ファイルダイアログ回避モードで画像アップロード開始
[21:25:11] [13.22s] [INFO] ✅ 画像ファイル読み込み完了: 1513948 bytes
[21:25:11] [13.22s] [INFO] 🚀 プログラマティック画像アップロード実行: mobile_chart_11002fcc-d180-443f-b086-daadf976ac68.png
[21:25:11] [13.42s] [INFO] ✅ プログラマティック画像アップロード成功: プログラマティック画像設定完了（ダイアログ回避）
[21:25:11] [13.42s] [INFO]   - Twitterターゲット発見: True
[21:25:11] [13.42s] [INFO]   - ファイル数: 0
[21:25:11] [13.42s] [INFO] モバイル風待機: 2.04秒
[21:25:13] [15.51s] [INFO] 📝 [TEXT_CHECK] プログラマティック画像アップロード後_1: テキスト長=0, 内容=''
[21:25:13] [15.57s] [INFO] ✅ 画像プレビュー確認: .r-1p0dtai img
[21:25:13] [15.57s] [INFO] ✅ 画像が正常にプログラマティックアップロードされました
[21:25:13] [15.57s] [INFO] 📷 プログラマティック画像アップロード処理完了: 1枚処理
[21:25:13] [15.57s] [INFO] モバイル風待機: 1.45秒
[21:25:15] [17.02s] [INFO] 📝 [SIMPLE_FLOW] テキスト入力（1回のみ）
[21:25:15] [17.02s] [INFO] ⚡ [ULTRA_TYPE] 高速1文字1文字タイピング開始: 975文字
[21:25:15] [17.03s] [INFO] モバイル風待機: 0.22秒
[21:25:17] [18.74s] [INFO] ⚠️ [ULTRA_TYPE] element.type失敗、代替手段を実行: ElementHandle.type: Target page, context or browser has been closed
Call log:
  - elementHandle.type("【北浜キャピタルパートナーズ(2134)】週間変動幅7.5円、週間騰落率-3.2% 米国株安と進捗報告遅延が重荷

★今週の総括
北浜キャピタルパートナーズの株価は68.5円から76円の範囲で推移し、週間では3.2%の下落を記録した。主因は米国株市場の軟調な動きと台湾及びマレーシアの大型データセンター案件の具体的な進捗報告遅延が影響し、投資家の不透明感が増加したためである。

役員報酬引き上げの発表があったものの、明確な業績改善材料が不足し、セクター全体の弱含みも重なって売り圧力が強まった。長期的には液浸冷却サーバー技術の進展や海外案件の商業化期待が燻るが、短期的な材料不足が続いている。投資家は今後のIR発表と決算内容に注目している。

■今週の重要材料
⑴ 役員報酬引き上げ発表による経営陣強化への期待
⑵ 台湾・マレーシア大型データセンター案件の進捗報告遅延
⑶ 米国株安に伴うグローバル市場のリスクオフムード拡大

来週の上昇要因
北浜キャピタルパートナーズの決算発表と大型プロジェクト進捗報告期待

来週の上昇要因:
⬆️ 2025年9月10日：北浜キャピタルパートナーズ決算発表  
⬆️ 2025年9月12日：台湾・マレーシアデータセンター案件進捗報告予定  
⬆️ セクター関連の新規政策支援や技術発表の可能性

来週の下落リスク
投資家心理悪化と競合動向、グローバル市場不安定化

来週の下落リスク:
⬇️ 決算内容が市場期待を下回るリスク  
⬇️ 台湾・マレーシア案件の契約進捗遅延や契約未達報告  
⬇️ 米国株市場の追加下落による連鎖的影響

来週の注目指標:
・2025年9月10日：北浜キャピタルパートナーズ決算発表  
・2025年9月12日：台湾・マレーシア大型データセンター案件進捗報告（予定）  

【中長期投資視点】  
北浜キャピタルパートナーズは液浸冷却サーバーの技術開発や海外大型プロジェクトに成長期待がある一方、現状は具体的な業績進捗開示が遅れており、株価は材料待ちの調整局面にある。中長期的には2026年3月期の黒字転換予想や大手企業との提携進展がカギとなるため、来週の決算と進捗報告は投資判断の重要な指標となる。投資家は情報開示の充実と契約具体化を見極めつつ、慎重なポジション管理を推奨する。")

[21:25:17] [18.75s] [INFO] ⚠️ [ULTRA_TYPE] keyboard.type失敗、手動ループを実行: ElementHandle.click: Target page, context or browser has been closed
[21:25:17] [18.77s] [ERROR] ❌ [ULTRA_TYPE] 高速タイピング例外エラー: ElementHandle.evaluate: Target page, context or browser has been closed
[21:25:17] [18.77s] [INFO] 🎯 [SIMPLE_FLOW] テキストエリアにフォーカス維持
[21:25:17] [18.78s] [ERROR] モバイルツイート投稿エラー: ElementHandle.focus: Target page, context or browser has been closed
[21:25:17] [18.78s] [INFO] 🧹 モバイルブラウザ クリーンアップ開始
[21:25:18] [19.70s] [INFO] ✅ モバイルコンテキストクローズ完了
[21:25:18] [19.72s] [INFO] ✅ Playwrightストップ完了

=== モバイルTwitterデバッグログ終了 ===
終了時刻: 2025-09-07 21:25:18
総実行時間: 19.72秒
============================================================
[21:25:18] [19.72s] [INFO] 📋 詳細デバッグログ保存完了: /Users/takahashimika/Dropbox/web_kabu_ai/python/twitter_auto_post/debug_logs/mobile_twitter_debug_20250907_212458.log
