=== モバイルTwitterデバッグログ開始 ===
開始時刻: 2025-09-06 15:28:40
ログファイル: /Users/takahashimika/Dropbox/web_kabu_ai/python/twitter_auto_post/debug_logs/mobile_twitter_debug_20250906_152840.log
============================================================

[15:28:40] [0.00s] [INFO] モバイルプロファイルディレクトリ: /Users/takahashimika/Dropbox/web_kabu_ai/twitter_mobile_profile
[15:28:40] [0.00s] [INFO] 📱 モバイルブラウザ起動開始
[15:28:41] [1.02s] [INFO] ✅ Playwright インスタンス作成完了
[15:28:41] [1.02s] [INFO] ✅ 既存モバイルプロファイル発見: /Users/takahashimika/Dropbox/web_kabu_ai/twitter_mobile_profile
[15:28:41] [1.02s] [INFO] モバイル引数設定完了: 26個
[15:28:41] [1.02s] [INFO] モバイルコンテキスト作成中...
[15:28:43] [3.35s] [INFO] ✅ モバイルコンテキスト作成完了
[15:28:43] [3.35s] [INFO] 既存モバイルページを使用
[15:28:43] [3.37s] [INFO] ✅ モバイル偽装スクリプト適用完了
[15:28:43] [3.37s] [INFO] 📱 モバイルブラウザ起動成功
[15:28:43] [3.37s] [INFO] 📱 モバイル版Twitterに移動開始
[15:28:43] [3.37s] [INFO] アクセス先: https://mobile.twitter.com
[15:28:45] [5.45s] [INFO] ✅ ページ移動完了
[15:28:45] [5.45s] [INFO] モバイル風待機: 2.03秒
[15:28:47] [7.49s] [INFO] 現在のURL: https://x.com/
[15:28:47] [7.49s] [INFO] ページタイトル: ホーム / X
[15:28:47] [7.49s] [INFO] モバイルログイン状態チェック - URL: https://x.com/home
[15:28:47] [7.54s] [INFO] ✅ モバイルログイン要素発見: nav[role="navigation"]
[15:28:47] [7.77s] [INFO] ✅ モバイルログイン要素発見: [data-testid="primaryColumn"]
[15:28:47] [7.78s] [INFO] ✅ モバイルログイン要素発見: [aria-label*="ホーム"], [aria-label*="Home"]
[15:28:47] [7.79s] [INFO] ✅ モバイルログイン確認 (3個の要素)
[15:28:47] [7.79s] [INFO] 🔢 [TEST_MODE] 文字数制限: 649文字 → 50文字
[15:28:47] [7.79s] [INFO] 📝 [TEST_MODE] 制限後テキスト: 【データセクション(3905)】1.02%上昇、AIデータセンター稼働で収益計上開始へ期待感

★今
[15:28:47] [7.79s] [INFO] 📱 モバイルツイート投稿開始 (テスト: False)
[15:28:47] [7.79s] [INFO] 投稿処理開始時のURL: https://x.com/home
[15:28:47] [7.82s] [INFO] ページ上のボタン要素数: 11
[15:28:48] [8.61s] [INFO] ボタン1: text='', aria-label='プロフィールメニュー meiteko', testid='DashButton_ProfileIcon_Link', href=''
[15:28:49] [9.25s] [INFO] ボタン2: text='', aria-label='前', testid='', href=''
[15:28:49] [9.32s] [INFO] ボタン3: text='', aria-label='次へ', testid='', href=''
[15:28:49] [9.35s] [INFO] ボタン4: text='', aria-label='前', testid='', href=''
[15:28:49] [9.38s] [INFO] ボタン5: text='+6.1万·【8周年】アズレンEXPO ', aria-label='ライブ放送、アズールレーン公式さんがホストしています、アズー', testid='', href=''
[15:28:49] [9.40s] [INFO] ボタン6: text='+4·作業適当', aria-label='スペース、ぽーちん(シャドウバン注意)さんがリスニング中、す', testid='', href=''
[15:28:49] [9.43s] [INFO] ボタン7: text='·同人AVやコスプレ雑談スピーカー誰でも', aria-label='スペース、ねこめし@東京メカクシ娘さんがホストしています、ね', testid='', href=''
[15:28:49] [9.45s] [INFO] ボタン8: text='', aria-label='次へ', testid='', href=''
[15:28:49] [9.48s] [INFO] ボタン9: text='新しいポストを表示', aria-label='新しいポストがあります。新しいポストに移動するには、ピリオド', testid='', href=''
[15:28:49] [9.50s] [INFO] ボタン10: text='', aria-label='ホームタイムラインに移動', testid='', href=''
[15:28:49] [9.51s] [INFO] モバイル投稿ボタン発見: [data-testid="FloatingActionButtons_Tweet_Button"]
[15:28:49] [9.51s] [INFO] モバイル風待機: 2.36秒
[15:28:52] [12.16s] [INFO] タップ成功
[15:28:52] [12.16s] [INFO] モバイル風待機: 2.91秒
[15:28:55] [15.09s] [INFO] モバイルテキストエリア発見: [data-testid="tweetTextarea_0"]
[15:28:55] [15.09s] [INFO] 📝 [SIMPLE_FLOW] 画像先・テキスト後の単純フロー
[15:28:55] [15.09s] [INFO] 📝 [SIMPLE_FLOW] テキスト入力（1回のみ）
[15:28:55] [15.09s] [INFO] 📝 [PROTECTED_TYPE] フォーカス外れ対応テキスト入力開始: 50文字
[15:28:55] [15.09s] [INFO] モバイル風待機: 0.30秒
[15:28:55] [15.41s] [INFO] ✅ [PROTECTED_TYPE] テキスト保護設定完了: 50文字
[15:28:55] [15.41s] [INFO]   - 保護機能: True
[15:28:55] [15.41s] [INFO]   - 監視数: 1
[15:28:55] [15.41s] [INFO] 🎯 [SIMPLE_FLOW] テキストエリアにフォーカス維持
[15:28:55] [15.42s] [INFO] モバイル風待機: 0.77秒
[15:28:56] [16.20s] [INFO] ✅ モバイルテキスト入力完了: 【データセクション(3905)】1.02%上昇、AIデータセンター稼働で収益計上開始へ期待感

★今
[15:28:56] [16.20s] [INFO] 🚀 [強化版] 実投稿モード: 確実な投稿ボタン探索開始
[15:28:56] [16.20s] [INFO] 🎯 [強化版] 投稿ボタン探索 試行 1/3
[15:28:56] [16.23s] [INFO] 📍 [強化版] ボタン発見: [data-testid="tweetButton"]
[15:28:56] [16.23s] [INFO]    可視: True, 有効: False, 接続: True
[15:28:56] [16.23s] [INFO]    テキスト: 'ポストする'
[15:28:56] [16.26s] [INFO] 📍 [強化版] ボタン発見: button[data-testid="tweetButton"]
[15:28:56] [16.26s] [INFO]    可視: True, 有効: False, 接続: True
[15:28:56] [16.26s] [INFO]    テキスト: 'ポストする'
[15:28:56] [16.29s] [INFO] 📍 [強化版] ボタン発見: [role="button"][data-testid="tweetButton"]
[15:28:56] [16.29s] [INFO]    可視: True, 有効: False, 接続: True
[15:28:56] [16.29s] [INFO]    テキスト: 'ポストする'
[15:28:56] [16.33s] [INFO] 📍 [強化版] ボタン発見: button:has-text("ポスト")
[15:28:56] [16.33s] [INFO]    可視: True, 有効: False, 接続: True
[15:28:56] [16.33s] [INFO]    テキスト: 'ポストする'
[15:28:56] [16.36s] [INFO] 📍 [強化版] ボタン発見: [aria-label*="ポスト"]
[15:28:56] [16.36s] [INFO]    可視: True, 有効: True, 接続: True
[15:28:56] [16.36s] [INFO]    テキスト: ''
[15:28:56] [16.37s] [INFO] ✅ [強化版] 有効な投稿ボタン確認: [aria-label*="ポスト"]
[15:28:56] [16.37s] [INFO] 🎯 [SIMPLE_FLOW] 投稿ボタンクリック試行 1: [aria-label*="ポスト"]
[15:28:56] [16.37s] [INFO] 🎯 [SIMPLE_FLOW] フォーカス維持したままJSクリック
[15:28:56] [16.40s] [INFO] ✅ [SIMPLE_FLOW] JSクリック成功（フォーカス維持）
[15:28:56] [16.40s] [INFO] 🎉 [強化版] [ポストボタン確実クリック済み] 投稿処理成功
[15:28:56] [16.40s] [INFO] モバイル風待機: 3.28秒
[15:28:59] [19.68s] [INFO] 🔍 [POST-VALIDATION] 投稿完了後の最終確認開始
[15:28:59] [19.69s] [INFO] 📍 [POST-VALIDATION] 投稿後URL: https://x.com/compose/post
[15:28:59] [19.69s] [INFO] ✅ [POST-VALIDATION] ホーム画面への遷移確認
[15:28:59] [19.70s] [INFO] 📢 [POST-VALIDATION] 成功インジケーター発見: 
[15:28:59] [19.70s] [INFO] ============================================================
[15:28:59] [19.70s] [INFO] 📊 [FINAL-SUMMARY] 投稿処理完了サマリー
[15:28:59] [19.70s] [INFO] ============================================================
[15:28:59] [19.70s] [INFO] 📝 投稿メッセージ長: 50文字
[15:28:59] [19.70s] [INFO] 📝 投稿メッセージ内容: 【データセクション(3905)】1.02%上昇、AIデータセンター稼働で収益計上開始へ期待感

★今
[15:28:59] [19.70s] [INFO] 📷 画像アップロード: なし
[15:28:59] [19.70s] [INFO] 🌐 最終URL: https://x.com/compose/post
[15:28:59] [19.70s] [INFO] ⏰ 投稿完了時刻: 2025-09-06 15:28:59
[15:28:59] [19.70s] [INFO] ============================================================
[15:28:59] [19.70s] [INFO] ✅ === モバイル版投稿完了成功！ ===
[15:28:59] [19.70s] [INFO] 🧹 モバイルブラウザ クリーンアップ開始
[15:29:00] [20.26s] [INFO] ✅ モバイルコンテキストクローズ完了
[15:29:00] [20.27s] [INFO] ✅ Playwrightストップ完了

=== モバイルTwitterデバッグログ終了 ===
終了時刻: 2025-09-06 15:29:00
総実行時間: 20.27秒
============================================================
[15:29:00] [20.27s] [INFO] 📋 詳細デバッグログ保存完了: /Users/takahashimika/Dropbox/web_kabu_ai/python/twitter_auto_post/debug_logs/mobile_twitter_debug_20250906_152840.log
