=== モバイルTwitterデバッグログ開始 ===
開始時刻: 2025-08-17 19:22:56
ログファイル: /Users/takahashimika/Dropbox/web_kabu_ai/python/twitter_auto_post/debug_logs/mobile_twitter_debug_20250817_192256.log
============================================================

[19:22:56] [0.00s] [INFO] モバイルプロファイルディレクトリ: /Users/takahashimika/Dropbox/web_kabu_ai/twitter_mobile_profile
[19:22:56] [0.00s] [INFO] 📱 モバイルブラウザ起動開始
[19:22:57] [0.78s] [INFO] ✅ Playwright インスタンス作成完了
[19:22:57] [0.78s] [INFO] ✅ 既存モバイルプロファイル発見: /Users/takahashimika/Dropbox/web_kabu_ai/twitter_mobile_profile
[19:22:57] [0.78s] [INFO] モバイル引数設定完了: 26個
[19:22:57] [0.78s] [INFO] モバイルコンテキスト作成中...
[19:22:59] [3.36s] [INFO] ✅ モバイルコンテキスト作成完了
[19:22:59] [3.37s] [INFO] 既存モバイルページを使用
[19:22:59] [3.39s] [INFO] ✅ モバイル偽装スクリプト適用完了
[19:22:59] [3.39s] [INFO] 📱 モバイルブラウザ起動成功
[19:22:59] [3.39s] [INFO] 📱 モバイル版Twitterに移動開始
[19:22:59] [3.39s] [INFO] アクセス先: https://mobile.twitter.com
[19:23:01] [5.22s] [INFO] ✅ ページ移動完了
[19:23:01] [5.22s] [INFO] モバイル風待機: 2.07秒
[19:23:03] [7.30s] [INFO] 現在のURL: https://x.com/
[19:23:03] [7.30s] [INFO] ページタイトル: ホーム / X
[19:23:03] [7.30s] [INFO] モバイルログイン状態チェック - URL: https://x.com/home
[19:23:03] [7.36s] [INFO] ✅ モバイルログイン要素発見: nav[role="navigation"]
[19:23:03] [7.37s] [INFO] ✅ モバイルログイン要素発見: [data-testid="primaryColumn"]
[19:23:03] [7.38s] [INFO] ✅ モバイルログイン要素発見: [aria-label*="ホーム"], [aria-label*="Home"]
[19:23:03] [7.38s] [INFO] ✅ モバイルログイン確認 (3個の要素)
[19:23:03] [7.38s] [INFO] 📱 モバイルツイート投稿開始 (テスト: True)
[19:23:03] [7.38s] [INFO] 投稿処理開始時のURL: https://x.com/home
[19:23:03] [7.40s] [INFO] ページ上のボタン要素数: 8
[19:23:03] [7.49s] [INFO] ボタン1: text='', aria-label='プロフィールメニュー めいめい＠株わかりやすくまとめ・解説', testid='DashButton_ProfileIcon_Link', href=''
[19:23:04] [7.56s] [INFO] ボタン2: text='', aria-label='前', testid='', href=''
[19:23:04] [7.58s] [INFO] ボタン3: text='', aria-label='次へ', testid='', href=''
[19:23:04] [7.61s] [INFO] ボタン4: text='', aria-label='前', testid='', href=''
[19:23:04] [7.63s] [INFO] ボタン5: text='', aria-label='次へ', testid='', href=''
[19:23:05] [8.53s] [INFO] ボタン6: text='新しいポストを表示', aria-label='新しいポストがあります。新しいポストに移動するには、ピリオド', testid='', href=''
[19:23:05] [9.06s] [INFO] ボタン7: text='', aria-label='ホームタイムラインに移動', testid='', href=''
[19:23:05] [9.14s] [INFO] ボタン8: text='', aria-label='トレンドに移動', testid='', href=''
[19:23:05] [9.15s] [INFO] モバイル投稿ボタン発見: [data-testid="FloatingActionButtons_Tweet_Button"]
[19:23:05] [9.16s] [INFO] モバイル風待機: 1.04秒
[19:23:06] [10.36s] [INFO] タップ成功
[19:23:06] [10.36s] [INFO] モバイル風待機: 2.26秒
[19:23:09] [12.65s] [INFO] モバイルテキストエリア発見: [data-testid="tweetTextarea_0"]
[19:23:09] [12.65s] [INFO] 📝 テキスト入力開始前の状態チェック
[19:23:09] [12.69s] [INFO] 📝 [TEXT_CHECK] テキスト入力開始前: テキスト長=0, 内容=''
[19:23:09] [12.69s] [INFO] 🎯 [DEBUG] mobile_type開始: clear_first=False, text='【レーザーテック(6920)】8.31% 大幅上昇、インテル支援と需給改善で反発強まる

今週の株価...'
[19:23:09] [12.70s] [INFO] モバイル風待機: 0.26秒
[19:23:09] [12.97s] [INFO] 📝 JavaScript直接入力開始: '【レーザーテック(6920)】8.31% 大幅上昇、インテル支援と需給改善で反発強まる

今週の株価...'
[19:23:09] [12.99s] [INFO] 🔧 [DEBUG] モバイルJS設定結果 - before: '', after: '【レーザーテック(6920)】8.31% 大幅上昇、インテル支援と需給改善で反発強まる

今週の株価...'
[19:23:09] [12.99s] [INFO] ✅ JavaScript直接入力完了: '【レーザーテック(6920)】8.31% 大幅上昇、インテル支援と需給改善で反発強まる

今週の株価...'
[19:23:09] [12.99s] [INFO] モバイル風待機: 0.73秒
[19:23:10] [13.72s] [INFO] 🎯 [DEBUG] モバイル最終結果: '【レーザーテック(6920)】8.31% 大幅上昇、インテル支援と需給改善で反発強まる

今週の株価...'
[19:23:10] [13.72s] [INFO] 📝 テキスト入力完了後の状態チェック
[19:23:10] [13.73s] [INFO] 📝 [TEXT_CHECK] テキスト入力完了後: テキスト長=915, 内容='【レーザーテック(6920)】8.31% 大幅上昇、インテル支援と需給改善で反発強まる

今週の株価...'
[19:23:10] [13.73s] [INFO] ✅ モバイルテキスト入力完了: 【レーザーテック(6920)】8.31% 大幅上昇、インテル支援と需給改善で反発強まる

今週の株価...
[19:23:10] [13.73s] [INFO] 🚫 実投稿モード: 投稿直前で停止（投稿処理はコメントアウト中）
[19:23:10] [13.73s] [INFO] ✅ モバイルテキスト入力完了
[19:23:10] [13.73s] [INFO] 🧹 モバイルブラウザ クリーンアップ開始
[19:23:10] [14.42s] [INFO] ✅ モバイルコンテキストクローズ完了
[19:23:10] [14.46s] [INFO] ✅ Playwrightストップ完了

=== モバイルTwitterデバッグログ終了 ===
終了時刻: 2025-08-17 19:23:10
総実行時間: 14.46秒
============================================================
[19:23:10] [14.46s] [INFO] 📋 詳細デバッグログ保存完了: /Users/takahashimika/Dropbox/web_kabu_ai/python/twitter_auto_post/debug_logs/mobile_twitter_debug_20250817_192256.log
