=== モバイルTwitterデバッグログ開始 ===
開始時刻: 2025-08-17 20:48:22
ログファイル: /Users/takahashimika/Dropbox/web_kabu_ai/python/twitter_auto_post/debug_logs/mobile_twitter_debug_20250817_204822.log
============================================================

[20:48:22] [0.00s] [INFO] モバイルプロファイルディレクトリ: /Users/takahashimika/Dropbox/web_kabu_ai/twitter_mobile_profile
[20:48:22] [0.00s] [INFO] 📱 モバイルブラウザ起動開始
[20:48:23] [0.70s] [INFO] ✅ Playwright インスタンス作成完了
[20:48:23] [0.70s] [INFO] ✅ 既存モバイルプロファイル発見: /Users/takahashimika/Dropbox/web_kabu_ai/twitter_mobile_profile
[20:48:23] [0.70s] [INFO] モバイル引数設定完了: 26個
[20:48:23] [0.70s] [INFO] モバイルコンテキスト作成中...
[20:48:25] [2.95s] [INFO] ✅ モバイルコンテキスト作成完了
[20:48:25] [2.95s] [INFO] 既存モバイルページを使用
[20:48:25] [2.98s] [INFO] ✅ モバイル偽装スクリプト適用完了
[20:48:25] [2.98s] [INFO] 📱 モバイルブラウザ起動成功
[20:48:25] [2.98s] [INFO] 📱 モバイル版Twitterに移動開始
[20:48:25] [2.98s] [INFO] アクセス先: https://mobile.twitter.com
[20:48:27] [4.80s] [INFO] ✅ ページ移動完了
[20:48:27] [4.80s] [INFO] モバイル風待機: 2.44秒
[20:48:29] [7.38s] [INFO] 現在のURL: https://x.com/
[20:48:29] [7.38s] [INFO] ページタイトル: ホーム / X
[20:48:29] [7.38s] [INFO] モバイルログイン状態チェック - URL: https://x.com/home
[20:48:30] [7.93s] [INFO] ✅ モバイルログイン要素発見: nav[role="navigation"]
[20:48:30] [8.02s] [INFO] ✅ モバイルログイン要素発見: [data-testid="primaryColumn"]
[20:48:30] [8.04s] [INFO] ✅ モバイルログイン要素発見: [aria-label*="ホーム"], [aria-label*="Home"]
[20:48:30] [8.04s] [INFO] ✅ モバイルログイン確認 (3個の要素)
[20:48:30] [8.04s] [INFO] 📱 モバイルツイート投稿開始 (テスト: True)
[20:48:30] [8.04s] [INFO] 投稿処理開始時のURL: https://x.com/home
[20:48:30] [8.11s] [INFO] ページ上のボタン要素数: 49
[20:48:30] [8.14s] [INFO] ボタン1: text='', aria-label='プロフィールメニュー めいめい＠株わかりやすくまとめ・解説', testid='DashButton_ProfileIcon_Link', href=''
[20:48:30] [8.17s] [INFO] ボタン2: text='', aria-label='前', testid='', href=''
[20:48:30] [8.20s] [INFO] ボタン3: text='', aria-label='次へ', testid='', href=''
[20:48:30] [8.22s] [INFO] ボタン4: text='', aria-label='前', testid='', href=''
[20:48:30] [8.24s] [INFO] ボタン5: text='', aria-label='次へ', testid='', href=''
[20:48:30] [8.26s] [INFO] ボタン6: text='新しいポストを表示', aria-label='新しいポストがあります。新しいポストに移動するには、ピリオド', testid='', href=''
[20:48:30] [8.29s] [INFO] ボタン7: text='', aria-label='ホームタイムラインに移動', testid='', href=''
[20:48:30] [8.31s] [INFO] ボタン8: text='', aria-label='トレンドに移動', testid='', href=''
[20:48:30] [8.33s] [INFO] ボタン9: text='', aria-label='もっと見る', testid='caret', href=''
[20:48:30] [8.35s] [INFO] ボタン10: text='再読み込み', aria-label='', testid='', href=''
[20:48:30] [8.36s] [INFO] モバイル投稿ボタン発見: [data-testid="FloatingActionButtons_Tweet_Button"]
[20:48:30] [8.36s] [INFO] モバイル風待機: 1.73秒
[20:48:32] [10.21s] [INFO] タップ成功
[20:48:32] [10.21s] [INFO] モバイル風待機: 2.06秒
[20:48:34] [12.29s] [INFO] モバイルテキストエリア発見: [data-testid="tweetTextarea_0"]
[20:48:34] [12.29s] [INFO] 📷 画像アップロード開始: 1枚
[20:48:34] [12.32s] [INFO] 📝 [TEXT_CHECK] 画像アップロード前: テキスト長=0, 内容=''
[20:48:34] [12.32s] [INFO] 画像1/1をアップロード中: /Users/takahashimika/Dropbox/web_kabu_ai/temp/base64_images/mobile_chart_61323fe1-af1b-45e0-872b-c9687ace3cd6.png
[20:48:34] [12.34s] [INFO] 📝 [TEXT_CHECK] プログラマティック画像アップロード前_1: テキスト長=0, 内容=''
[20:48:34] [12.34s] [INFO] 📷 ファイルダイアログ回避モードで画像アップロード開始
[20:48:34] [12.35s] [INFO] ✅ 画像ファイル読み込み完了: 1478984 bytes
[20:48:34] [12.35s] [INFO] 🚀 プログラマティック画像アップロード実行: mobile_chart_61323fe1-af1b-45e0-872b-c9687ace3cd6.png
[20:48:34] [12.53s] [INFO] ✅ プログラマティック画像アップロード成功: プログラマティック画像設定完了（ダイアログ回避）
[20:48:34] [12.53s] [INFO]   - Twitterターゲット発見: True
[20:48:34] [12.53s] [INFO]   - ファイル数: 0
[20:48:34] [12.53s] [INFO] モバイル風待機: 2.36秒
[20:48:37] [14.92s] [INFO] 📝 [TEXT_CHECK] プログラマティック画像アップロード後_1: テキスト長=0, 内容=''
[20:48:37] [14.94s] [INFO] ✅ 画像プレビュー確認: .r-1p0dtai img
[20:48:37] [14.94s] [INFO] ✅ 画像が正常にプログラマティックアップロードされました
[20:48:37] [14.94s] [INFO] 📷 プログラマティック画像アップロード処理完了: 1枚処理
[20:48:37] [14.97s] [INFO] 📝 [TEXT_CHECK] 画像アップロード後: テキスト長=0, 内容=''
[20:48:37] [14.97s] [INFO] 📝 テキスト入力開始前の状態チェック
[20:48:37] [15.00s] [INFO] 📝 [TEXT_CHECK] テキスト入力開始前: テキスト長=0, 内容=''
[20:48:37] [15.00s] [INFO] 🎯 [DEBUG] mobile_type開始: clear_first=False, text='【ピクセルカンパニーズ(2743)】10.00% 今週は決算好感とデータセンター開業期待で急騰

今...'
[20:48:37] [15.00s] [INFO] モバイル風待機: 0.49秒
[20:48:37] [15.50s] [INFO] 📝 JavaScript直接入力開始: '【ピクセルカンパニーズ(2743)】10.00% 今週は決算好感とデータセンター開業期待で急騰

今...'
[20:48:37] [15.52s] [INFO] 🔧 [DEBUG] モバイルJS設定結果 - before: '', after: '【ピクセルカンパニーズ(2743)】10.00% 今週は決算好感とデータセンター開業期待で急騰

今...'
[20:48:37] [15.52s] [INFO] ✅ JavaScript直接入力完了: '【ピクセルカンパニーズ(2743)】10.00% 今週は決算好感とデータセンター開業期待で急騰

今...'
[20:48:37] [15.52s] [INFO] モバイル風待機: 0.71秒
[20:48:38] [16.24s] [INFO] 🎯 [DEBUG] モバイル最終結果: '【ピクセルカンパニーズ(2743)】10.00% 今週は決算好感とデータセンター開業期待で急騰

今...'
[20:48:38] [16.24s] [INFO] 📝 テキスト入力完了後の状態チェック
[20:48:38] [16.24s] [INFO] 📝 [TEXT_CHECK] テキスト入力完了後: テキスト長=700, 内容='【ピクセルカンパニーズ(2743)】10.00% 今週は決算好感とデータセンター開業期待で急騰

今...'
[20:48:38] [16.24s] [INFO] ✅ モバイルテキスト入力完了: 【ピクセルカンパニーズ(2743)】10.00% 今週は決算好感とデータセンター開業期待で急騰

今...
[20:48:38] [16.25s] [INFO] 🚫 実投稿モード: 投稿直前で停止（投稿処理はコメントアウト中）
[20:48:38] [16.25s] [INFO] ✅ モバイルテキスト入力完了
[20:48:38] [16.25s] [INFO] 🧹 モバイルブラウザ クリーンアップ開始
[20:48:39] [16.80s] [INFO] ✅ モバイルコンテキストクローズ完了
[20:48:39] [16.82s] [INFO] ✅ Playwrightストップ完了

=== モバイルTwitterデバッグログ終了 ===
終了時刻: 2025-08-17 20:48:39
総実行時間: 16.82秒
============================================================
[20:48:39] [16.82s] [INFO] 📋 詳細デバッグログ保存完了: /Users/takahashimika/Dropbox/web_kabu_ai/python/twitter_auto_post/debug_logs/mobile_twitter_debug_20250817_204822.log
