=== モバイルTwitterデバッグログ開始 ===
開始時刻: 2025-08-17 17:05:50
ログファイル: /Users/takahashimika/Dropbox/web_kabu_ai/python/twitter_auto_post/debug_logs/mobile_twitter_debug_20250817_170550.log
============================================================

[17:05:50] [0.00s] [INFO] モバイルプロファイルディレクトリ: /Users/takahashimika/Dropbox/web_kabu_ai/twitter_mobile_profile
[17:05:50] [0.00s] [INFO] 📱 モバイルブラウザ起動開始
[17:05:51] [0.65s] [INFO] ✅ Playwright インスタンス作成完了
[17:05:51] [0.65s] [INFO] ✅ 既存モバイルプロファイル発見: /Users/takahashimika/Dropbox/web_kabu_ai/twitter_mobile_profile
[17:05:51] [0.65s] [INFO] モバイル引数設定完了: 26個
[17:05:51] [0.65s] [INFO] モバイルコンテキスト作成中...
[17:05:53] [2.80s] [INFO] ✅ モバイルコンテキスト作成完了
[17:05:53] [2.80s] [INFO] 既存モバイルページを使用
[17:05:53] [2.83s] [INFO] ✅ モバイル偽装スクリプト適用完了
[17:05:53] [2.83s] [INFO] 📱 モバイルブラウザ起動成功
[17:05:53] [2.83s] [INFO] 📱 モバイル版Twitterに移動開始
[17:05:53] [2.83s] [INFO] アクセス先: https://mobile.twitter.com
[17:05:55] [4.64s] [INFO] ✅ ページ移動完了
[17:05:55] [4.64s] [INFO] モバイル風待機: 1.28秒
[17:05:56] [5.95s] [INFO] 現在のURL: https://x.com/
[17:05:56] [5.95s] [INFO] ページタイトル: ホーム / X
[17:05:56] [5.96s] [INFO] モバイルログイン状態チェック - URL: https://x.com/home
[17:05:56] [6.08s] [INFO] ✅ モバイルログイン要素発見: nav[role="navigation"]
[17:05:56] [6.10s] [INFO] ✅ モバイルログイン要素発見: [data-testid="primaryColumn"]
[17:05:56] [6.11s] [INFO] ✅ モバイルログイン要素発見: [aria-label*="ホーム"], [aria-label*="Home"]
[17:05:56] [6.11s] [INFO] ✅ モバイルログイン確認 (3個の要素)
[17:05:56] [6.12s] [INFO] 📱 モバイルツイート投稿開始 (テスト: True)
[17:05:56] [6.12s] [INFO] 投稿処理開始時のURL: https://x.com/home
[17:05:56] [6.14s] [INFO] ページ上のボタン要素数: 8
[17:05:56] [6.16s] [INFO] ボタン1: text='', aria-label='プロフィールメニュー めいめい＠株わかりやすくまとめ・解説', testid='DashButton_ProfileIcon_Link', href=''
[17:05:56] [6.19s] [INFO] ボタン2: text='', aria-label='前', testid='', href=''
[17:05:56] [6.23s] [INFO] ボタン3: text='', aria-label='次へ', testid='', href=''
[17:05:56] [6.25s] [INFO] ボタン4: text='', aria-label='前', testid='', href=''
[17:05:56] [6.27s] [INFO] ボタン5: text='', aria-label='次へ', testid='', href=''
[17:05:57] [6.29s] [INFO] ボタン6: text='新しいポストを表示', aria-label='新しいポストがあります。新しいポストに移動するには、ピリオド', testid='', href=''
[17:05:57] [6.32s] [INFO] ボタン7: text='', aria-label='ホームタイムラインに移動', testid='', href=''
[17:05:57] [6.34s] [INFO] ボタン8: text='', aria-label='トレンドに移動', testid='', href=''
[17:05:57] [6.36s] [INFO] モバイル投稿ボタン発見: [data-testid="FloatingActionButtons_Tweet_Button"]
[17:05:57] [6.36s] [INFO] モバイル風待機: 1.88秒
[17:05:59] [8.69s] [INFO] タップ成功
[17:05:59] [8.69s] [INFO] モバイル風待機: 2.30秒
[17:06:01] [11.01s] [INFO] モバイルテキストエリア発見: [data-testid="tweetTextarea_0"]
[17:06:01] [11.01s] [INFO] 📝 テキスト入力開始前の状態チェック
[17:06:01] [11.04s] [INFO] 📝 [TEXT_CHECK] テキスト入力開始前: テキスト長=0, 内容=''
[17:06:01] [11.04s] [INFO] 🎯 [DEBUG] mobile_type開始: clear_first=False, text='テキスト保護テスト：画像も文字も保持されるはず！'
[17:06:01] [11.05s] [INFO] モバイル風待機: 0.39秒
[17:06:02] [11.44s] [INFO] 📝 JavaScript直接入力開始: 'テキスト保護テスト：画像も文字も保持されるはず！'
[17:06:02] [11.45s] [INFO] 🔧 [DEBUG] モバイルJS設定結果 - before: '', after: 'テキスト保護テスト：画像も文字も保持されるはず！'
[17:06:02] [11.46s] [INFO] ✅ JavaScript直接入力完了: 'テキスト保護テスト：画像も文字も保持されるはず！'
[17:06:02] [11.46s] [INFO] モバイル風待機: 0.61秒
[17:06:02] [12.07s] [INFO] 🎯 [DEBUG] モバイル最終結果: 'テキスト保護テスト：画像も文字も保持されるはず！'
[17:06:02] [12.07s] [INFO] 📝 テキスト入力完了後の状態チェック
[17:06:02] [12.08s] [INFO] 📝 [TEXT_CHECK] テキスト入力完了後: テキスト長=24, 内容='テキスト保護テスト：画像も文字も保持されるはず！'
[17:06:02] [12.08s] [INFO] ✅ モバイルテキスト入力完了: テキスト保護テスト：画像も文字も保持されるはず！
[17:06:02] [12.08s] [INFO] 📷 画像アップロード開始: 1枚
[17:06:02] [12.09s] [INFO] 📝 [TEXT_CHECK] 画像アップロード前: テキスト長=24, 内容='テキスト保護テスト：画像も文字も保持されるはず！'
[17:06:02] [12.09s] [INFO] 画像1/1をアップロード中: /Users/takahashimika/Dropbox/web_kabu_ai/python/twitter_auto_post/test_image.jpg
[17:06:02] [12.10s] [INFO] 📝 [TEXT_CHECK] プログラマティック画像アップロード前_1: テキスト長=24, 内容='テキスト保護テスト：画像も文字も保持されるはず！'
[17:06:02] [12.10s] [INFO] 📷 ファイルダイアログ回避モードで画像アップロード開始
[17:06:02] [12.10s] [INFO] ✅ 画像ファイル読み込み完了: 388 bytes
[17:06:02] [12.10s] [INFO] 🚀 プログラマティック画像アップロード実行: test_image.jpg
[17:06:02] [12.11s] [INFO] ✅ プログラマティック画像アップロード成功: プログラマティック画像設定完了（テキスト保護強化版）
[17:06:02] [12.11s] [INFO]   - Twitterターゲット発見: True
[17:06:02] [12.11s] [INFO]   - ファイル数: 0
[17:06:02] [12.11s] [INFO]   - JavaScript内テキスト復元: True
[17:06:02] [12.11s] [INFO] モバイル風待機: 2.44秒
[17:06:05] [14.58s] [INFO] 📝 [TEXT_CHECK] プログラマティック画像アップロード後_1: テキスト長=0, 内容=''
[17:06:05] [14.58s] [WARNING] ⚠️ プログラマティック画像アップロードでテキストが削除されました。強化復元を実行
[17:06:05] [14.58s] [INFO]   - 復元対象テキスト: 'テキスト保護テスト：画像も文字も保持されるはず！'
[17:06:05] [14.58s] [INFO] 📝 テキスト復元試行 1/3
[17:06:05] [14.59s] [INFO]   - セレクタ '[data-testid="tweetTextarea_0"]' で復元試行
[17:06:05] [14.59s] [INFO] 🎯 [DEBUG] mobile_type開始: clear_first=False, text='テキスト保護テスト：画像も文字も保持されるはず！'
[17:06:05] [14.59s] [INFO] モバイル風待機: 0.35秒
[17:06:05] [14.95s] [INFO] 📝 JavaScript直接入力開始: 'テキスト保護テスト：画像も文字も保持されるはず！'
[17:06:05] [14.96s] [INFO] 🔧 [DEBUG] モバイルJS設定結果 - before: '', after: 'テキスト保護テスト：画像も文字も保持されるはず！'
[17:06:05] [14.96s] [INFO] ✅ JavaScript直接入力完了: 'テキスト保護テスト：画像も文字も保持されるはず！'
[17:06:05] [14.96s] [INFO] モバイル風待機: 0.35秒
[17:06:06] [15.32s] [INFO] 🎯 [DEBUG] モバイル最終結果: 'テキスト保護テスト：画像も文字も保持されるはず！'
[17:06:06] [15.32s] [INFO] モバイル風待機: 0.89秒
[17:06:06] [16.22s] [INFO] 📝 [TEXT_CHECK] 復元確認_1: テキスト長=24, 内容='テキスト保護テスト：画像も文字も保持されるはず！'
[17:06:06] [16.22s] [INFO] ✅ テキスト復元成功 (試行1, セレクタ: [data-testid="tweetTextarea_0"])
[17:06:06] [16.25s] [INFO] ✅ 画像プレビュー確認: .r-1p0dtai img
[17:06:06] [16.25s] [INFO] ✅ 画像が正常にプログラマティックアップロードされました
[17:06:06] [16.25s] [INFO] 📷 プログラマティック画像アップロード処理完了: 1枚処理
[17:06:06] [16.26s] [INFO] 📝 [TEXT_CHECK] 画像アップロード後: テキスト長=24, 内容='テキスト保護テスト：画像も文字も保持されるはず！'
[17:06:06] [16.26s] [INFO] 🚫 実投稿モード: 投稿直前で停止（投稿処理はコメントアウト中）
[17:06:06] [16.26s] [INFO] ✅ モバイルテキスト入力完了
[17:06:06] [16.26s] [INFO] 🧹 モバイルブラウザ クリーンアップ開始
[17:06:07] [16.87s] [INFO] ✅ モバイルコンテキストクローズ完了
[17:06:07] [16.89s] [INFO] ✅ Playwrightストップ完了

=== モバイルTwitterデバッグログ終了 ===
終了時刻: 2025-08-17 17:06:07
総実行時間: 16.89秒
============================================================
[17:06:07] [16.89s] [INFO] 📋 詳細デバッグログ保存完了: /Users/takahashimika/Dropbox/web_kabu_ai/python/twitter_auto_post/debug_logs/mobile_twitter_debug_20250817_170550.log
