=== モバイルTwitterデバッグログ開始 ===
開始時刻: 2025-08-17 23:13:38
ログファイル: /Users/takahashimika/Dropbox/web_kabu_ai/python/twitter_auto_post/debug_logs/mobile_twitter_debug_20250817_231338.log
============================================================

[23:13:38] [0.00s] [INFO] モバイルプロファイルディレクトリ: /Users/takahashimika/Dropbox/web_kabu_ai/twitter_mobile_profile
[23:13:38] [0.00s] [INFO] 📱 モバイルブラウザ起動開始
[23:13:39] [0.70s] [INFO] ✅ Playwright インスタンス作成完了
[23:13:39] [0.70s] [INFO] ✅ 既存モバイルプロファイル発見: /Users/takahashimika/Dropbox/web_kabu_ai/twitter_mobile_profile
[23:13:39] [0.70s] [INFO] モバイル引数設定完了: 26個
[23:13:39] [0.70s] [INFO] モバイルコンテキスト作成中...
[23:13:42] [3.32s] [INFO] ✅ モバイルコンテキスト作成完了
[23:13:42] [3.32s] [INFO] 既存モバイルページを使用
[23:13:42] [3.37s] [INFO] ✅ モバイル偽装スクリプト適用完了
[23:13:42] [3.37s] [INFO] 📱 モバイルブラウザ起動成功
[23:13:42] [3.37s] [INFO] 📱 モバイル版Twitterに移動開始
[23:13:42] [3.37s] [INFO] アクセス先: https://mobile.twitter.com
[23:13:44] [5.55s] [INFO] ✅ ページ移動完了
[23:13:44] [5.55s] [INFO] モバイル風待機: 1.56秒
[23:13:45] [7.17s] [INFO] 現在のURL: https://x.com/
[23:13:45] [7.17s] [INFO] ページタイトル: ホーム / X
[23:13:45] [7.17s] [INFO] モバイルログイン状態チェック - URL: https://x.com/home
[23:13:46] [7.29s] [INFO] ✅ モバイルログイン要素発見: nav[role="navigation"]
[23:13:46] [7.32s] [INFO] ✅ モバイルログイン要素発見: [data-testid="primaryColumn"]
[23:13:46] [7.34s] [INFO] ✅ モバイルログイン要素発見: [aria-label*="ホーム"], [aria-label*="Home"]
[23:13:46] [7.34s] [INFO] ✅ モバイルログイン確認 (3個の要素)
[23:13:46] [7.34s] [INFO] 📱 モバイルツイート投稿開始 (テスト: True)
[23:13:46] [7.34s] [INFO] 投稿処理開始時のURL: https://x.com/home
[23:13:46] [7.36s] [INFO] ページ上のボタン要素数: 8
[23:13:46] [7.40s] [INFO] ボタン1: text='', aria-label='プロフィールメニュー めいめい＠株わかりやすくまとめ・解説', testid='DashButton_ProfileIcon_Link', href=''
[23:13:46] [7.43s] [INFO] ボタン2: text='', aria-label='前', testid='', href=''
[23:13:46] [7.48s] [INFO] ボタン3: text='', aria-label='次へ', testid='', href=''
[23:13:46] [7.50s] [INFO] ボタン4: text='', aria-label='前', testid='', href=''
[23:13:46] [7.54s] [INFO] ボタン5: text='', aria-label='次へ', testid='', href=''
[23:13:46] [7.57s] [INFO] ボタン6: text='新しいポストを表示', aria-label='新しいポストがあります。新しいポストに移動するには、ピリオド', testid='', href=''
[23:13:46] [7.60s] [INFO] ボタン7: text='', aria-label='ホームタイムラインに移動', testid='', href=''
[23:13:46] [7.62s] [INFO] ボタン8: text='', aria-label='トレンドに移動', testid='', href=''
[23:13:46] [7.63s] [INFO] モバイル投稿ボタン発見: [data-testid="FloatingActionButtons_Tweet_Button"]
[23:13:46] [7.63s] [INFO] モバイル風待機: 2.26秒
[23:13:48] [10.02s] [INFO] タップ成功
[23:13:48] [10.02s] [INFO] モバイル風待機: 2.42秒
[23:13:51] [12.47s] [INFO] モバイルテキストエリア発見: [data-testid="tweetTextarea_0"]
[23:13:51] [12.47s] [INFO] 📷 画像アップロード開始: 1枚
[23:13:51] [12.51s] [INFO] 📝 [TEXT_CHECK] 画像アップロード前: テキスト長=0, 内容=''
[23:13:51] [12.51s] [INFO] 画像1/1をアップロード中: /Users/takahashimika/Dropbox/web_kabu_ai/temp/base64_images/mobile_chart_bb1fdf39-bdec-4937-b855-669f0449e7e4.png
[23:13:51] [12.56s] [INFO] 📝 [TEXT_CHECK] プログラマティック画像アップロード前_1: テキスト長=0, 内容=''
[23:13:51] [12.56s] [INFO] 📷 ファイルダイアログ回避モードで画像アップロード開始
[23:13:51] [12.57s] [INFO] ✅ 画像ファイル読み込み完了: 1556984 bytes
[23:13:51] [12.58s] [INFO] 🚀 プログラマティック画像アップロード実行: mobile_chart_bb1fdf39-bdec-4937-b855-669f0449e7e4.png
[23:13:51] [12.85s] [INFO] ✅ プログラマティック画像アップロード成功: プログラマティック画像設定完了（ダイアログ回避）
[23:13:51] [12.85s] [INFO]   - Twitterターゲット発見: True
[23:13:51] [12.86s] [INFO]   - ファイル数: 0
[23:13:51] [12.86s] [INFO] モバイル風待機: 2.32秒
[23:13:54] [15.22s] [INFO] 📝 [TEXT_CHECK] プログラマティック画像アップロード後_1: テキスト長=0, 内容=''
[23:13:54] [15.24s] [INFO] ✅ 画像プレビュー確認: .r-1p0dtai img
[23:13:54] [15.24s] [INFO] ✅ 画像が正常にプログラマティックアップロードされました
[23:13:54] [15.24s] [INFO] 📷 プログラマティック画像アップロード処理完了: 1枚処理
[23:13:54] [15.27s] [INFO] 📝 [TEXT_CHECK] 画像アップロード後: テキスト長=0, 内容=''
[23:13:54] [15.27s] [INFO] 📝 テキスト入力開始前の状態チェック
[23:13:54] [15.31s] [INFO] 📝 [TEXT_CHECK] テキスト入力開始前: テキスト長=0, 内容=''
[23:13:54] [15.31s] [INFO] 🎯 [DEBUG] mobile_type開始: clear_first=False, text='【楽天グループ(4755)】2.74%上昇　通信事業改善と米株安反動で需給好転

今週の株価変動幅：...'
[23:13:54] [15.32s] [INFO] モバイル風待機: 0.40秒
[23:13:54] [15.73s] [INFO] 📝 JavaScript直接入力開始: '【楽天グループ(4755)】2.74%上昇　通信事業改善と米株安反動で需給好転

今週の株価変動幅：...'
[23:13:54] [15.74s] [INFO] 🔧 [DEBUG] モバイルJS設定結果 - before: '', after: '【楽天グループ(4755)】2.74%上昇　通信事業改善と米株安反動で需給好転

今週の株価変動幅：...'
[23:13:54] [15.74s] [INFO] ✅ JavaScript直接入力完了: '【楽天グループ(4755)】2.74%上昇　通信事業改善と米株安反動で需給好転

今週の株価変動幅：...'
[23:13:54] [15.74s] [INFO] モバイル風待機: 0.39秒
[23:13:54] [16.15s] [INFO] 🎯 [DEBUG] モバイル最終結果: ''
[23:13:54] [16.15s] [INFO] 📝 テキスト入力完了後の状態チェック
[23:13:54] [16.17s] [INFO] 📝 [TEXT_CHECK] テキスト入力完了後: テキスト長=0, 内容=''
[23:13:54] [16.17s] [INFO] ✅ モバイルテキスト入力完了: 【楽天グループ(4755)】2.74%上昇　通信事業改善と米株安反動で需給好転

今週の株価変動幅：...
[23:13:54] [16.17s] [INFO] 🚫 実投稿モード: 投稿直前で停止（投稿処理はコメントアウト中）
[23:13:54] [16.17s] [INFO] ✅ モバイルテキスト入力完了
[23:13:54] [16.17s] [INFO] 🧹 モバイルブラウザ クリーンアップ開始
[23:13:55] [16.64s] [INFO] ✅ モバイルコンテキストクローズ完了
[23:13:55] [16.66s] [INFO] ✅ Playwrightストップ完了

=== モバイルTwitterデバッグログ終了 ===
終了時刻: 2025-08-17 23:13:55
総実行時間: 16.66秒
============================================================
[23:13:55] [16.66s] [INFO] 📋 詳細デバッグログ保存完了: /Users/takahashimika/Dropbox/web_kabu_ai/python/twitter_auto_post/debug_logs/mobile_twitter_debug_20250817_231338.log
