=== モバイルTwitterデバッグログ開始 ===
開始時刻: 2025-08-17 17:12:43
ログファイル: /Users/takahashimika/Dropbox/web_kabu_ai/python/twitter_auto_post/debug_logs/mobile_twitter_debug_20250817_171243.log
============================================================

[17:12:43] [0.00s] [INFO] モバイルプロファイルディレクトリ: /Users/takahashimika/Dropbox/web_kabu_ai/twitter_mobile_profile
[17:12:43] [0.00s] [INFO] 📱 モバイルブラウザ起動開始
[17:12:44] [1.02s] [INFO] ✅ Playwright インスタンス作成完了
[17:12:44] [1.02s] [INFO] ✅ 既存モバイルプロファイル発見: /Users/takahashimika/Dropbox/web_kabu_ai/twitter_mobile_profile
[17:12:44] [1.02s] [INFO] モバイル引数設定完了: 26個
[17:12:44] [1.02s] [INFO] モバイルコンテキスト作成中...
[17:12:47] [3.72s] [INFO] ✅ モバイルコンテキスト作成完了
[17:12:47] [3.72s] [INFO] 既存モバイルページを使用
[17:12:47] [3.75s] [INFO] ✅ モバイル偽装スクリプト適用完了
[17:12:47] [3.75s] [INFO] 📱 モバイルブラウザ起動成功
[17:12:47] [3.75s] [INFO] 📱 モバイル版Twitterに移動開始
[17:12:47] [3.75s] [INFO] アクセス先: https://mobile.twitter.com
[17:12:48] [5.48s] [INFO] ✅ ページ移動完了
[17:12:48] [5.48s] [INFO] モバイル風待機: 0.93秒
[17:12:49] [6.53s] [INFO] 現在のURL: https://x.com/
[17:12:49] [6.53s] [INFO] ページタイトル: X
[17:12:49] [6.53s] [INFO] モバイルログイン状態チェック - URL: https://x.com/home
[17:12:50] [6.73s] [INFO] ✅ モバイルログイン要素発見: nav[role="navigation"]
[17:12:50] [6.73s] [INFO] 📱 モバイル版手動ログイン待機開始（タイムアウト: 200秒）
[17:12:50] [6.73s] [INFO] モバイルログイン状態チェック - URL: https://x.com/home
[17:12:50] [6.84s] [INFO] ✅ モバイルログイン要素発見: nav[role="navigation"]
[17:12:50] [6.87s] [INFO] ✅ モバイルログイン要素発見: [data-testid="primaryColumn"]
[17:12:50] [6.92s] [INFO] ✅ モバイルログイン要素発見: [aria-label*="ホーム"], [aria-label*="Home"]
[17:12:50] [6.92s] [INFO] ✅ モバイルログイン確認 (3個の要素)
[17:12:50] [6.92s] [INFO] ✅ === モバイル版ログイン完了確認 === (0.2秒)
[17:12:50] [6.92s] [INFO] 📱 モバイルツイート投稿開始 (テスト: False)
[17:12:50] [6.92s] [INFO] 投稿処理開始時のURL: https://x.com/home
[17:12:50] [6.94s] [INFO] ページ上のボタン要素数: 8
[17:12:50] [6.96s] [INFO] ボタン1: text='', aria-label='プロフィールメニュー めいめい＠株わかりやすくまとめ・解説', testid='DashButton_ProfileIcon_Link', href=''
[17:12:50] [6.99s] [INFO] ボタン2: text='', aria-label='前', testid='', href=''
[17:12:50] [7.02s] [INFO] ボタン3: text='', aria-label='次へ', testid='', href=''
[17:12:50] [7.04s] [INFO] ボタン4: text='', aria-label='前', testid='', href=''
[17:12:50] [7.07s] [INFO] ボタン5: text='', aria-label='次へ', testid='', href=''
[17:12:50] [7.09s] [INFO] ボタン6: text='新しいポストを表示', aria-label='新しいポストがあります。新しいポストに移動するには、ピリオド', testid='', href=''
[17:12:50] [7.12s] [INFO] ボタン7: text='', aria-label='ホームタイムラインに移動', testid='', href=''
[17:12:50] [7.15s] [INFO] ボタン8: text='', aria-label='トレンドに移動', testid='', href=''
[17:12:50] [7.21s] [INFO] モバイル投稿ボタン発見: [data-testid="FloatingActionButtons_Tweet_Button"]
[17:12:50] [7.21s] [INFO] モバイル風待機: 1.67秒
[17:12:52] [9.49s] [INFO] タップ成功
[17:12:52] [9.49s] [INFO] モバイル風待機: 2.60秒
[17:12:55] [12.11s] [INFO] モバイルテキストエリア発見: [data-testid="tweetTextarea_0"]
[17:12:55] [12.11s] [INFO] 📝 テキスト入力開始前の状態チェック
[17:12:55] [12.14s] [INFO] 📝 [TEXT_CHECK] テキスト入力開始前: テキスト長=0, 内容=''
[17:12:55] [12.14s] [INFO] 🎯 [DEBUG] mobile_type開始: clear_first=False, text='【ソフトバンクグループ(9984)】6.41%上昇、AI投資と決算好調で市場牽引

今週の株価変動幅...'
[17:12:55] [12.15s] [INFO] モバイル風待機: 0.39秒
[17:12:55] [12.53s] [INFO] 📝 JavaScript直接入力開始: '【ソフトバンクグループ(9984)】6.41%上昇、AI投資と決算好調で市場牽引

今週の株価変動幅...'
[17:12:55] [12.56s] [INFO] 🔧 [DEBUG] モバイルJS設定結果 - before: '', after: '【ソフトバンクグループ(9984)】6.41%上昇、AI投資と決算好調で市場牽引

今週の株価変動幅...'
[17:12:55] [12.56s] [INFO] ✅ JavaScript直接入力完了: '【ソフトバンクグループ(9984)】6.41%上昇、AI投資と決算好調で市場牽引

今週の株価変動幅...'
[17:12:55] [12.56s] [INFO] モバイル風待機: 0.72秒
[17:12:56] [13.29s] [INFO] 🎯 [DEBUG] モバイル最終結果: '【ソフトバンクグループ(9984)】6.41%上昇、AI投資と決算好調で市場牽引

今週の株価変動幅...'
[17:12:56] [13.29s] [INFO] 📝 テキスト入力完了後の状態チェック
[17:12:56] [13.30s] [INFO] 📝 [TEXT_CHECK] テキスト入力完了後: テキスト長=999, 内容='【ソフトバンクグループ(9984)】6.41%上昇、AI投資と決算好調で市場牽引

今週の株価変動幅...'
[17:12:56] [13.30s] [INFO] ✅ モバイルテキスト入力完了: 【ソフトバンクグループ(9984)】6.41%上昇、AI投資と決算好調で市場牽引

今週の株価変動幅...
[17:12:56] [13.30s] [INFO] 🚀 実投稿モード: 投稿ボタンを探します
[17:12:56] [13.34s] [ERROR] ❌ 投稿ボタンが見つかりません
[17:12:56] [13.34s] [INFO] 🧹 モバイルブラウザ クリーンアップ開始
[17:12:57] [13.93s] [INFO] ✅ モバイルコンテキストクローズ完了
[17:12:57] [13.95s] [INFO] ✅ Playwrightストップ完了

=== モバイルTwitterデバッグログ終了 ===
終了時刻: 2025-08-17 17:12:57
総実行時間: 13.95秒
============================================================
[17:12:57] [13.95s] [INFO] 📋 詳細デバッグログ保存完了: /Users/takahashimika/Dropbox/web_kabu_ai/python/twitter_auto_post/debug_logs/mobile_twitter_debug_20250817_171243.log
