=== モバイルTwitterデバッグログ開始 ===
開始時刻: 2025-08-18 08:52:07
ログファイル: /Users/takahashimika/Dropbox/web_kabu_ai/python/twitter_auto_post/debug_logs/mobile_twitter_debug_20250818_085207.log
============================================================

[08:52:07] [0.00s] [INFO] モバイルプロファイルディレクトリ: /Users/takahashimika/Dropbox/web_kabu_ai/twitter_mobile_profile
[08:52:07] [0.00s] [INFO] 📱 モバイルブラウザ起動開始
[08:52:08] [1.00s] [INFO] ✅ Playwright インスタンス作成完了
[08:52:08] [1.00s] [INFO] ✅ 既存モバイルプロファイル発見: /Users/takahashimika/Dropbox/web_kabu_ai/twitter_mobile_profile
[08:52:08] [1.00s] [INFO] モバイル引数設定完了: 26個
[08:52:08] [1.00s] [INFO] モバイルコンテキスト作成中...
[08:52:10] [3.66s] [INFO] ✅ モバイルコンテキスト作成完了
[08:52:10] [3.67s] [INFO] 既存モバイルページを使用
[08:52:10] [3.69s] [INFO] ✅ モバイル偽装スクリプト適用完了
[08:52:10] [3.70s] [INFO] 📱 モバイルブラウザ起動成功
[08:52:10] [3.70s] [INFO] 📱 モバイル版Twitterに移動開始
[08:52:10] [3.70s] [INFO] アクセス先: https://mobile.twitter.com
[08:52:12] [5.51s] [INFO] ✅ ページ移動完了
[08:52:12] [5.51s] [INFO] モバイル風待機: 1.64秒
[08:52:14] [7.17s] [INFO] 現在のURL: https://x.com/
[08:52:14] [7.17s] [INFO] ページタイトル: ホーム / X
[08:52:14] [7.17s] [INFO] モバイルログイン状態チェック - URL: https://x.com/home
[08:52:14] [7.23s] [INFO] ✅ モバイルログイン要素発見: nav[role="navigation"]
[08:52:14] [7.25s] [INFO] ✅ モバイルログイン要素発見: [data-testid="primaryColumn"]
[08:52:14] [7.32s] [INFO] ✅ モバイルログイン要素発見: [aria-label*="ホーム"], [aria-label*="Home"]
[08:52:14] [7.32s] [INFO] ✅ モバイルログイン確認 (3個の要素)
[08:52:14] [7.33s] [INFO] 📱 モバイルツイート投稿開始 (テスト: False)
[08:52:14] [7.33s] [INFO] 投稿処理開始時のURL: https://x.com/home
[08:52:14] [7.40s] [INFO] ページ上のボタン要素数: 8
[08:52:14] [7.43s] [INFO] ボタン1: text='', aria-label='プロフィールメニュー めいめい＠株わかりやすくまとめ・解説', testid='DashButton_ProfileIcon_Link', href=''
[08:52:14] [7.45s] [INFO] ボタン2: text='', aria-label='前', testid='', href=''
[08:52:14] [7.48s] [INFO] ボタン3: text='', aria-label='次へ', testid='', href=''
[08:52:15] [7.97s] [INFO] ボタン4: text='', aria-label='前', testid='', href=''
[08:52:15] [8.51s] [INFO] ボタン5: text='', aria-label='次へ', testid='', href=''
[08:52:15] [8.55s] [INFO] ボタン6: text='新しいポストを表示', aria-label='新しいポストがあります。新しいポストに移動するには、ピリオド', testid='', href=''
[08:52:15] [8.58s] [INFO] ボタン7: text='', aria-label='ホームタイムラインに移動', testid='', href=''
[08:52:15] [8.61s] [INFO] ボタン8: text='', aria-label='トレンドに移動', testid='', href=''
[08:52:15] [8.68s] [INFO] モバイル投稿ボタン発見: [data-testid="FloatingActionButtons_Tweet_Button"]
[08:52:15] [8.68s] [INFO] モバイル風待機: 0.86秒
[08:52:16] [9.78s] [INFO] タップ成功
[08:52:16] [9.78s] [INFO] モバイル風待機: 2.89秒
[08:52:19] [12.68s] [INFO] モバイルテキストエリア発見: [data-testid="tweetTextarea_0"]
[08:52:19] [12.68s] [INFO] 📝 [SIMPLE_FLOW] 画像先・テキスト後の単純フロー
[08:52:19] [12.68s] [INFO] 📷 [SIMPLE_FLOW] 画像アップロード開始: 1枚
[08:52:19] [12.68s] [INFO] 画像1/1をアップロード中: /Users/takahashimika/Dropbox/web_kabu_ai/temp/base64_images/mobile_chart_a8aa92ce-ec82-4c52-99f4-3ae3a386d672.png
[08:52:19] [12.71s] [INFO] 📝 [TEXT_CHECK] プログラマティック画像アップロード前_1: テキスト長=0, 内容=''
[08:52:19] [12.71s] [INFO] 📷 ファイルダイアログ回避モードで画像アップロード開始
[08:52:19] [12.72s] [INFO] ✅ 画像ファイル読み込み完了: 1556984 bytes
[08:52:19] [12.72s] [INFO] 🚀 プログラマティック画像アップロード実行: mobile_chart_a8aa92ce-ec82-4c52-99f4-3ae3a386d672.png
[08:52:20] [12.92s] [INFO] ✅ プログラマティック画像アップロード成功: プログラマティック画像設定完了（ダイアログ回避）
[08:52:20] [12.92s] [INFO]   - Twitterターゲット発見: True
[08:52:20] [12.92s] [INFO]   - ファイル数: 0
[08:52:20] [12.92s] [INFO] モバイル風待機: 2.55秒
[08:52:22] [15.49s] [INFO] 📝 [TEXT_CHECK] プログラマティック画像アップロード後_1: テキスト長=0, 内容=''
[08:52:22] [15.51s] [INFO] ✅ 画像プレビュー確認: .r-1p0dtai img
[08:52:22] [15.51s] [INFO] ✅ 画像が正常にプログラマティックアップロードされました
[08:52:22] [15.51s] [INFO] 📷 プログラマティック画像アップロード処理完了: 1枚処理
[08:52:22] [15.51s] [INFO] モバイル風待機: 1.31秒
[08:52:23] [16.82s] [INFO] 📝 [SIMPLE_FLOW] テキスト入力（1回のみ）
[08:52:23] [16.82s] [INFO] 📝 [SIMPLE_TYPE] シンプルテキスト入力開始: 901文字
[08:52:23] [16.83s] [INFO] モバイル風待機: 0.31秒
[08:52:24] [17.15s] [INFO] ✅ [SIMPLE_TYPE] テキスト設定完了: 901文字
[08:52:24] [17.15s] [INFO] 🎯 [SIMPLE_FLOW] テキストエリアにフォーカス維持
[08:52:24] [17.17s] [INFO] モバイル風待機: 0.63秒
[08:52:24] [17.81s] [INFO] ✅ モバイルテキスト入力完了: 【楽天グループ(4755)】2.74%　米国株安の中通信改善期待で堅調推移

株価変動幅：860円～...
[08:52:24] [17.81s] [INFO] 🚀 [強化版] 実投稿モード: 確実な投稿ボタン探索開始
[08:52:24] [17.81s] [INFO] 🎯 [強化版] 投稿ボタン探索 試行 1/3
[08:52:25] [17.89s] [INFO] 📍 [強化版] ボタン発見: [data-testid="tweetButton"]
[08:52:25] [17.90s] [INFO]    可視: True, 有効: False, 接続: True
[08:52:25] [17.90s] [INFO]    テキスト: 'ポストする'
[08:52:25] [17.93s] [INFO] 📍 [強化版] ボタン発見: button[data-testid="tweetButton"]
[08:52:25] [17.94s] [INFO]    可視: True, 有効: False, 接続: True
[08:52:25] [17.94s] [INFO]    テキスト: 'ポストする'
[08:52:25] [17.97s] [INFO] 📍 [強化版] ボタン発見: [role="button"][data-testid="tweetButton"]
[08:52:25] [17.98s] [INFO]    可視: True, 有効: False, 接続: True
[08:52:25] [17.98s] [INFO]    テキスト: 'ポストする'
[08:52:25] [18.02s] [INFO] 📍 [強化版] ボタン発見: button:has-text("ポスト")
[08:52:25] [18.02s] [INFO]    可視: True, 有効: False, 接続: True
[08:52:25] [18.02s] [INFO]    テキスト: 'ポストする'
[08:52:25] [18.06s] [INFO] 📍 [強化版] ボタン発見: [aria-label*="ポスト"]
[08:52:25] [18.06s] [INFO]    可視: True, 有効: False, 接続: True
[08:52:25] [18.06s] [INFO]    テキスト: ''
[08:52:25] [18.10s] [INFO] ❌ [強化版] 試行 1: 投稿ボタンが見つかりません
[08:52:25] [18.10s] [INFO] ⏳ [強化版] 次の試行まで待機...
[08:52:25] [18.10s] [INFO] モバイル風待機: 1.99秒
[08:52:27] [20.09s] [INFO] 🎯 [強化版] 投稿ボタン探索 試行 2/3
[08:52:27] [20.18s] [INFO] 📍 [強化版] ボタン発見: button:has-text("ポスト")
[08:52:27] [20.18s] [INFO]    可視: True, 有効: True, 接続: True
[08:52:27] [20.18s] [INFO]    テキスト: '新しいポストを表示'
[08:52:27] [20.18s] [INFO] ✅ [強化版] 有効な投稿ボタン確認: button:has-text("ポスト")
[08:52:27] [20.18s] [INFO] 🎯 [SIMPLE_FLOW] 投稿ボタンクリック試行 2: button:has-text("ポスト")
[08:52:27] [20.18s] [INFO] 🎯 [SIMPLE_FLOW] フォーカス維持したままJSクリック
[08:52:27] [20.21s] [INFO] ✅ [SIMPLE_FLOW] JSクリック成功（フォーカス維持）
[08:52:27] [20.21s] [INFO] 🎉 [強化版] [ポストボタン確実クリック済み] 投稿処理成功
[08:52:27] [20.21s] [INFO] モバイル風待機: 3.85秒
[08:52:31] [24.07s] [INFO] 🔍 [POST-VALIDATION] 投稿完了後の最終確認開始
[08:52:31] [24.07s] [INFO] 📍 [POST-VALIDATION] 投稿後URL: https://x.com/home
[08:52:31] [24.07s] [INFO] ✅ [POST-VALIDATION] ホーム画面への遷移確認
[08:52:31] [24.08s] [INFO] 📢 [POST-VALIDATION] 成功インジケーター発見: ポストが送信されました。編集できる時間は1時間以内です。
表示
[08:52:31] [24.08s] [INFO] ============================================================
[08:52:31] [24.08s] [INFO] 📊 [FINAL-SUMMARY] 投稿処理完了サマリー
[08:52:31] [24.08s] [INFO] ============================================================
[08:52:31] [24.08s] [INFO] 📝 投稿メッセージ長: 901文字
[08:52:31] [24.08s] [INFO] 📝 投稿メッセージ内容: 【楽天グループ(4755)】2.74%　米国株安の中通信改善期待で堅調推移

株価変動幅：860円～887円（約3.08%）  
週間騰落率：+2.74%

★今週の総括  
楽天グループ株は米国株市場の下落にもかかわらず、通信事業の解約率改善や業績回復期待を背景に堅調な推移を示した。

第2四半期決算で営業赤字縮小が確認され、楽天モバイルの黒字化への期待感が投資家心理を支えた。業績改善に加え、衛...
[08:52:31] [24.08s] [INFO] 📷 画像アップロード: あり
[08:52:31] [24.08s] [INFO] 🌐 最終URL: https://x.com/home
[08:52:31] [24.08s] [INFO] ⏰ 投稿完了時刻: 2025-08-18 08:52:31
[08:52:31] [24.08s] [INFO] ============================================================
[08:52:31] [24.08s] [INFO] ✅ === モバイル版投稿完了成功！ ===
[08:52:31] [24.08s] [INFO] 🧹 モバイルブラウザ クリーンアップ開始
[08:52:31] [24.74s] [INFO] ✅ モバイルコンテキストクローズ完了
[08:52:31] [24.77s] [INFO] ✅ Playwrightストップ完了

=== モバイルTwitterデバッグログ終了 ===
終了時刻: 2025-08-18 08:52:31
総実行時間: 24.77秒
============================================================
[08:52:31] [24.77s] [INFO] 📋 詳細デバッグログ保存完了: /Users/takahashimika/Dropbox/web_kabu_ai/python/twitter_auto_post/debug_logs/mobile_twitter_debug_20250818_085207.log
