=== モバイルTwitterデバッグログ開始 ===
開始時刻: 2025-08-23 23:01:53
ログファイル: /Users/takahashimika/Dropbox/web_kabu_ai/python/twitter_auto_post/debug_logs/mobile_twitter_debug_20250823_230153.log
============================================================

[23:01:53] [0.00s] [INFO] モバイルプロファイルディレクトリ: /Users/takahashimika/Dropbox/web_kabu_ai/twitter_mobile_profile
[23:01:53] [0.00s] [INFO] 📱 モバイルブラウザ起動開始
[23:01:54] [1.17s] [INFO] ✅ Playwright インスタンス作成完了
[23:01:54] [1.17s] [INFO] ✅ 既存モバイルプロファイル発見: /Users/takahashimika/Dropbox/web_kabu_ai/twitter_mobile_profile
[23:01:54] [1.17s] [INFO] モバイル引数設定完了: 26個
[23:01:54] [1.17s] [INFO] モバイルコンテキスト作成中...
[23:01:58] [4.78s] [INFO] ✅ モバイルコンテキスト作成完了
[23:01:58] [4.78s] [INFO] 既存モバイルページを使用
[23:01:58] [4.80s] [INFO] ✅ モバイル偽装スクリプト適用完了
[23:01:58] [4.80s] [INFO] 📱 モバイルブラウザ起動成功
[23:01:58] [4.81s] [INFO] 📱 モバイル版Twitterに移動開始
[23:01:58] [4.81s] [INFO] アクセス先: https://mobile.twitter.com
[23:02:22] [29.23s] [INFO] ✅ ページ移動完了
[23:02:22] [29.23s] [INFO] モバイル風待機: 1.82秒
[23:02:24] [31.06s] [INFO] 現在のURL: https://mobile.twitter.com/
[23:02:24] [31.06s] [INFO] ページタイトル: Worker exceeded resource limits | mobile.twitter.com | Cloudflare
[23:02:24] [31.07s] [INFO] モバイルログイン状態チェック - URL: https://mobile.twitter.com/
[23:02:24] [31.12s] [INFO] 📱 モバイル版手動ログイン待機開始（タイムアウト: 200秒）
[23:02:24] [31.12s] [INFO] モバイルログイン状態チェック - URL: https://mobile.twitter.com/
[23:02:24] [31.12s] [INFO] ⏳ モバイル版ログイン待機中... 残り時間: 200.0秒
[23:02:27] [34.13s] [INFO] モバイルログイン状態チェック - URL: https://mobile.twitter.com/
[23:02:27] [34.14s] [INFO] ⏳ モバイル版ログイン待機中... 残り時間: 197.0秒
[23:02:30] [37.14s] [INFO] モバイルログイン状態チェック - URL: https://mobile.twitter.com/
[23:02:30] [37.15s] [INFO] ⏳ モバイル版ログイン待機中... 残り時間: 194.0秒
[23:02:33] [40.15s] [INFO] モバイルログイン状態チェック - URL: https://mobile.twitter.com/
[23:02:33] [40.16s] [INFO] ⏳ モバイル版ログイン待機中... 残り時間: 191.0秒
[23:02:36] [43.16s] [INFO] モバイルログイン状態チェック - URL: https://mobile.twitter.com/
[23:02:36] [43.17s] [INFO] ⏳ モバイル版ログイン待機中... 残り時間: 188.0秒
[23:02:39] [46.17s] [INFO] モバイルログイン状態チェック - URL: https://mobile.twitter.com/
[23:02:39] [46.18s] [INFO] ⏳ モバイル版ログイン待機中... 残り時間: 184.9秒
[23:02:42] [49.18s] [INFO] モバイルログイン状態チェック - URL: https://mobile.twitter.com/
[23:02:42] [49.18s] [INFO] ⏳ モバイル版ログイン待機中... 残り時間: 181.9秒
[23:02:45] [52.18s] [INFO] モバイルログイン状態チェック - URL: https://mobile.twitter.com/
[23:02:45] [52.19s] [INFO] ⏳ モバイル版ログイン待機中... 残り時間: 178.9秒
[23:02:48] [55.19s] [INFO] モバイルログイン状態チェック - URL: https://mobile.twitter.com/
[23:02:48] [55.19s] [INFO] ⏳ モバイル版ログイン待機中... 残り時間: 175.9秒
[23:02:51] [58.20s] [INFO] モバイルログイン状態チェック - URL: https://mobile.twitter.com/
[23:02:51] [58.20s] [INFO] ⏳ モバイル版ログイン待機中... 残り時間: 172.9秒
[23:02:54] [61.20s] [INFO] モバイルログイン状態チェック - URL: https://mobile.twitter.com/
[23:02:54] [61.21s] [INFO] ⏳ モバイル版ログイン待機中... 残り時間: 169.9秒
[23:02:57] [64.21s] [INFO] モバイルログイン状態チェック - URL: https://mobile.twitter.com/
[23:02:57] [64.21s] [INFO] ⏳ モバイル版ログイン待機中... 残り時間: 166.9秒
[23:03:00] [67.22s] [INFO] モバイルログイン状態チェック - URL: https://mobile.twitter.com/
[23:03:00] [67.23s] [INFO] ⏳ モバイル版ログイン待機中... 残り時間: 163.9秒
[23:03:03] [70.23s] [INFO] モバイルログイン状態チェック - URL: https://mobile.twitter.com/
[23:03:03] [70.23s] [INFO] ⏳ モバイル版ログイン待機中... 残り時間: 160.9秒
[23:03:06] [73.23s] [INFO] モバイルログイン状態チェック - URL: https://mobile.twitter.com/
[23:03:06] [73.24s] [INFO] ⏳ モバイル版ログイン待機中... 残り時間: 157.9秒
[23:03:09] [76.24s] [INFO] モバイルログイン状態チェック - URL: https://mobile.twitter.com/
[23:03:09] [76.25s] [INFO] ⏳ モバイル版ログイン待機中... 残り時間: 154.9秒
[23:03:12] [79.25s] [INFO] モバイルログイン状態チェック - URL: https://mobile.twitter.com/
[23:03:13] [79.25s] [INFO] ⏳ モバイル版ログイン待機中... 残り時間: 151.9秒
[23:03:16] [82.26s] [INFO] モバイルログイン状態チェック - URL: https://mobile.twitter.com/
[23:03:16] [82.26s] [INFO] ⏳ モバイル版ログイン待機中... 残り時間: 148.9秒
[23:03:19] [85.26s] [INFO] モバイルログイン状態チェック - URL: https://mobile.twitter.com/
[23:03:19] [85.26s] [INFO] ⏳ モバイル版ログイン待機中... 残り時間: 145.9秒
[23:03:22] [88.27s] [INFO] モバイルログイン状態チェック - URL: https://mobile.twitter.com/
[23:03:22] [88.27s] [INFO] ⏳ モバイル版ログイン待機中... 残り時間: 142.8秒
[23:03:25] [91.28s] [INFO] モバイルログイン状態チェック - URL: https://mobile.twitter.com/
[23:03:25] [91.28s] [INFO] ⏳ モバイル版ログイン待機中... 残り時間: 139.8秒
[23:03:28] [94.28s] [INFO] モバイルログイン状態チェック - URL: https://mobile.twitter.com/
[23:03:28] [94.28s] [INFO] ⏳ モバイル版ログイン待機中... 残り時間: 136.8秒
[23:03:31] [97.29s] [INFO] モバイルログイン状態チェック - URL: https://mobile.twitter.com/
[23:03:31] [97.29s] [INFO] ⏳ モバイル版ログイン待機中... 残り時間: 133.8秒
[23:03:34] [100.29s] [INFO] モバイルログイン状態チェック - URL: https://mobile.twitter.com/
[23:03:34] [100.29s] [INFO] ⏳ モバイル版ログイン待機中... 残り時間: 130.8秒
[23:03:37] [103.29s] [INFO] モバイルログイン状態チェック - URL: https://mobile.twitter.com/
[23:03:37] [103.30s] [INFO] ⏳ モバイル版ログイン待機中... 残り時間: 127.8秒
[23:03:40] [106.30s] [INFO] モバイルログイン状態チェック - URL: https://mobile.twitter.com/
[23:03:40] [106.30s] [INFO] ⏳ モバイル版ログイン待機中... 残り時間: 124.8秒
[23:03:43] [109.30s] [INFO] モバイルログイン状態チェック - URL: https://mobile.twitter.com/
[23:03:43] [109.31s] [INFO] ⏳ モバイル版ログイン待機中... 残り時間: 121.8秒
[23:03:46] [112.31s] [INFO] モバイルログイン状態チェック - URL: https://mobile.twitter.com/
[23:03:46] [112.31s] [INFO] ⏳ モバイル版ログイン待機中... 残り時間: 118.8秒
[23:03:49] [115.32s] [INFO] モバイルログイン状態チェック - URL: https://mobile.twitter.com/
[23:03:49] [115.32s] [INFO] ⏳ モバイル版ログイン待機中... 残り時間: 115.8秒
[23:03:52] [118.32s] [INFO] モバイルログイン状態チェック - URL: https://mobile.twitter.com/
[23:03:52] [118.32s] [INFO] ⏳ モバイル版ログイン待機中... 残り時間: 112.8秒
[23:03:55] [121.33s] [INFO] モバイルログイン状態チェック - URL: https://mobile.twitter.com/
[23:03:55] [121.33s] [INFO] ⏳ モバイル版ログイン待機中... 残り時間: 109.8秒
[23:03:58] [124.33s] [INFO] モバイルログイン状態チェック - URL: https://mobile.twitter.com/
[23:03:58] [124.33s] [INFO] ⏳ モバイル版ログイン待機中... 残り時間: 106.8秒
[23:04:01] [127.34s] [INFO] モバイルログイン状態チェック - URL: https://mobile.twitter.com/
[23:04:01] [127.34s] [INFO] ⏳ モバイル版ログイン待機中... 残り時間: 103.8秒
[23:04:04] [130.34s] [INFO] モバイルログイン状態チェック - URL: https://mobile.twitter.com/
[23:04:04] [130.35s] [INFO] ⏳ モバイル版ログイン待機中... 残り時間: 100.8秒
[23:04:07] [133.35s] [INFO] モバイルログイン状態チェック - URL: https://mobile.twitter.com/
[23:04:07] [133.37s] [INFO] ⏳ モバイル版ログイン待機中... 残り時間: 97.8秒
[23:04:10] [136.37s] [INFO] モバイルログイン状態チェック - URL: https://mobile.twitter.com/
[23:04:10] [136.38s] [INFO] ⏳ モバイル版ログイン待機中... 残り時間: 94.7秒
[23:04:13] [139.38s] [INFO] モバイルログイン状態チェック - URL: https://mobile.twitter.com/
[23:04:13] [139.38s] [INFO] ⏳ モバイル版ログイン待機中... 残り時間: 91.7秒
[23:04:16] [142.39s] [INFO] モバイルログイン状態チェック - URL: https://mobile.twitter.com/
[23:04:16] [142.39s] [INFO] ⏳ モバイル版ログイン待機中... 残り時間: 88.7秒
[23:04:19] [145.39s] [INFO] モバイルログイン状態チェック - URL: https://mobile.twitter.com/
[23:04:19] [145.40s] [INFO] ⏳ モバイル版ログイン待機中... 残り時間: 85.7秒
[23:04:22] [148.40s] [INFO] モバイルログイン状態チェック - URL: https://mobile.twitter.com/
[23:04:22] [148.41s] [INFO] ⏳ モバイル版ログイン待機中... 残り時間: 82.7秒
[23:04:25] [151.41s] [INFO] モバイルログイン状態チェック - URL: https://mobile.twitter.com/
[23:04:25] [151.41s] [INFO] ⏳ モバイル版ログイン待機中... 残り時間: 79.7秒
[23:04:28] [154.42s] [INFO] モバイルログイン状態チェック - URL: https://mobile.twitter.com/
[23:04:28] [154.42s] [INFO] ⏳ モバイル版ログイン待機中... 残り時間: 76.7秒
[23:04:31] [157.42s] [INFO] モバイルログイン状態チェック - URL: https://mobile.twitter.com/
[23:04:31] [157.43s] [INFO] ⏳ モバイル版ログイン待機中... 残り時間: 73.7秒
[23:04:34] [160.43s] [INFO] モバイルログイン状態チェック - URL: https://mobile.twitter.com/
[23:04:34] [160.43s] [INFO] ⏳ モバイル版ログイン待機中... 残り時間: 70.7秒
[23:04:37] [163.44s] [INFO] モバイルログイン状態チェック - URL: https://mobile.twitter.com/
[23:04:37] [163.44s] [INFO] ⏳ モバイル版ログイン待機中... 残り時間: 67.7秒
[23:04:40] [166.45s] [INFO] モバイルログイン状態チェック - URL: https://mobile.twitter.com/
[23:04:40] [166.51s] [INFO] ⏳ モバイル版ログイン待機中... 残り時間: 64.6秒
[23:04:43] [169.51s] [INFO] モバイルログイン状態チェック - URL: https://mobile.twitter.com/
[23:04:43] [169.52s] [INFO] ⏳ モバイル版ログイン待機中... 残り時間: 61.6秒
[23:04:46] [172.52s] [INFO] モバイルログイン状態チェック - URL: https://mobile.twitter.com/
[23:04:46] [172.52s] [INFO] ⏳ モバイル版ログイン待機中... 残り時間: 58.6秒
[23:04:49] [175.53s] [INFO] モバイルログイン状態チェック - URL: https://mobile.twitter.com/
[23:04:49] [175.53s] [INFO] ⏳ モバイル版ログイン待機中... 残り時間: 55.6秒
[23:04:52] [178.54s] [INFO] モバイルログイン状態チェック - URL: https://mobile.twitter.com/
[23:04:52] [178.54s] [INFO] ⏳ モバイル版ログイン待機中... 残り時間: 52.6秒
[23:04:55] [181.54s] [INFO] モバイルログイン状態チェック - URL: https://mobile.twitter.com/
[23:04:55] [181.55s] [INFO] ⏳ モバイル版ログイン待機中... 残り時間: 49.6秒
[23:04:58] [184.55s] [INFO] モバイルログイン状態チェック - URL: https://mobile.twitter.com/
[23:04:58] [184.55s] [INFO] ⏳ モバイル版ログイン待機中... 残り時間: 46.6秒
[23:05:01] [187.56s] [INFO] モバイルログイン状態チェック - URL: https://mobile.twitter.com/
[23:05:01] [187.56s] [INFO] ⏳ モバイル版ログイン待機中... 残り時間: 43.6秒
[23:05:04] [190.56s] [INFO] モバイルログイン状態チェック - URL: https://mobile.twitter.com/
[23:05:04] [190.57s] [INFO] ⏳ モバイル版ログイン待機中... 残り時間: 40.6秒
[23:05:07] [193.57s] [INFO] モバイルログイン状態チェック - URL: https://mobile.twitter.com/
[23:05:07] [193.57s] [INFO] ⏳ モバイル版ログイン待機中... 残り時間: 37.5秒
[23:05:10] [196.58s] [INFO] モバイルログイン状態チェック - URL: https://mobile.twitter.com/
[23:05:10] [196.58s] [INFO] ⏳ モバイル版ログイン待機中... 残り時間: 34.5秒
[23:05:13] [199.58s] [INFO] モバイルログイン状態チェック - URL: https://mobile.twitter.com/
[23:05:13] [199.59s] [INFO] ⏳ モバイル版ログイン待機中... 残り時間: 31.5秒
[23:05:16] [202.59s] [INFO] モバイルログイン状態チェック - URL: https://mobile.twitter.com/
[23:05:16] [202.60s] [INFO] ⏳ モバイル版ログイン待機中... 残り時間: 28.5秒
[23:05:19] [205.60s] [INFO] モバイルログイン状態チェック - URL: https://mobile.twitter.com/
[23:05:19] [205.60s] [INFO] ⏳ モバイル版ログイン待機中... 残り時間: 25.5秒
[23:05:22] [208.61s] [INFO] モバイルログイン状態チェック - URL: https://mobile.twitter.com/
[23:05:22] [208.61s] [INFO] ⏳ モバイル版ログイン待機中... 残り時間: 22.5秒
[23:05:25] [211.61s] [INFO] モバイルログイン状態チェック - URL: https://mobile.twitter.com/
[23:05:25] [211.62s] [INFO] ⏳ モバイル版ログイン待機中... 残り時間: 19.5秒
[23:05:28] [214.62s] [INFO] モバイルログイン状態チェック - URL: https://mobile.twitter.com/
[23:05:28] [214.62s] [INFO] ⏳ モバイル版ログイン待機中... 残り時間: 16.5秒
[23:05:31] [217.63s] [INFO] モバイルログイン状態チェック - URL: https://mobile.twitter.com/
[23:05:31] [217.63s] [INFO] ⏳ モバイル版ログイン待機中... 残り時間: 13.5秒
[23:05:34] [220.63s] [INFO] モバイルログイン状態チェック - URL: https://mobile.twitter.com/
[23:05:34] [220.63s] [INFO] ⏳ モバイル版ログイン待機中... 残り時間: 10.5秒
[23:05:37] [223.64s] [INFO] モバイルログイン状態チェック - URL: https://mobile.twitter.com/
[23:05:37] [223.64s] [INFO] ⏳ モバイル版ログイン待機中... 残り時間: 7.5秒
[23:05:40] [226.64s] [INFO] モバイルログイン状態チェック - URL: https://mobile.twitter.com/
[23:05:40] [226.65s] [INFO] ⏳ モバイル版ログイン待機中... 残り時間: 4.5秒
[23:05:43] [229.65s] [INFO] モバイルログイン状態チェック - URL: https://mobile.twitter.com/
[23:05:43] [229.65s] [INFO] ⏳ モバイル版ログイン待機中... 残り時間: 1.5秒
[23:05:46] [232.65s] [ERROR] ❌ モバイル版ログインタイムアウト (200秒)
[23:05:46] [232.65s] [INFO] 🧹 モバイルブラウザ クリーンアップ開始
[23:05:46] [233.12s] [INFO] ✅ モバイルコンテキストクローズ完了
[23:05:46] [233.14s] [INFO] ✅ Playwrightストップ完了

=== モバイルTwitterデバッグログ終了 ===
終了時刻: 2025-08-23 23:05:46
総実行時間: 233.14秒
============================================================
[23:05:46] [233.14s] [INFO] 📋 詳細デバッグログ保存完了: /Users/takahashimika/Dropbox/web_kabu_ai/python/twitter_auto_post/debug_logs/mobile_twitter_debug_20250823_230153.log
