=== モバイルTwitterデバッグログ開始 ===
開始時刻: 2025-08-17 16:51:48
ログファイル: /Users/takahashimika/Dropbox/web_kabu_ai/python/twitter_auto_post/debug_logs/mobile_twitter_debug_20250817_165148.log
============================================================

[16:51:48] [0.00s] [INFO] モバイルプロファイルディレクトリ: /Users/takahashimika/Dropbox/web_kabu_ai/twitter_mobile_profile
[16:51:48] [0.00s] [INFO] 📱 モバイルブラウザ起動開始
[16:51:48] [0.63s] [INFO] ✅ Playwright インスタンス作成完了
[16:51:48] [0.63s] [INFO] ✅ 既存モバイルプロファイル発見: /Users/takahashimika/Dropbox/web_kabu_ai/twitter_mobile_profile
[16:51:48] [0.63s] [INFO] モバイル引数設定完了: 26個
[16:51:48] [0.63s] [INFO] モバイルコンテキスト作成中...
[16:51:55] [7.43s] [INFO] ✅ モバイルコンテキスト作成完了
[16:51:55] [7.43s] [INFO] 既存モバイルページを使用
[16:51:56] [7.81s] [INFO] ✅ モバイル偽装スクリプト適用完了
[16:51:56] [7.82s] [INFO] 📱 モバイルブラウザ起動成功
[16:51:56] [7.82s] [INFO] 📱 モバイル版Twitterに移動開始
[16:51:56] [7.82s] [INFO] アクセス先: https://mobile.twitter.com
[16:51:57] [9.24s] [INFO] ✅ ページ移動完了
[16:51:57] [9.25s] [INFO] モバイル風待機: 1.60秒
[16:51:59] [11.45s] [INFO] 現在のURL: https://x.com/
[16:51:59] [11.45s] [INFO] ページタイトル: 
[16:51:59] [11.45s] [INFO] モバイルログイン状態チェック - URL: https://x.com/
[16:52:00] [12.06s] [INFO] 📱 モバイル版手動ログイン待機開始（タイムアウト: 200秒）
[16:52:00] [12.06s] [INFO] モバイルログイン状態チェック - URL: https://x.com/
[16:52:00] [12.08s] [INFO] ⏳ モバイル版ログイン待機中... 残り時間: 200.0秒
[16:52:03] [15.08s] [INFO] モバイルログイン状態チェック - URL: https://x.com/
[16:52:03] [15.16s] [INFO] ✅ モバイルログイン要素発見: nav[role="navigation"]
[16:52:03] [15.19s] [INFO] ✅ モバイルログイン要素発見: [data-testid="primaryColumn"]
[16:52:03] [15.20s] [INFO] ✅ モバイルログイン要素発見: [aria-label*="ホーム"], [aria-label*="Home"]
[16:52:03] [15.20s] [INFO] ✅ モバイルログイン確認 (3個の要素)
[16:52:03] [15.20s] [INFO] ✅ === モバイル版ログイン完了確認 === (3.1秒)
[16:52:03] [15.20s] [INFO] 📱 モバイルツイート投稿開始 (テスト: True)
[16:52:03] [15.20s] [INFO] 投稿処理開始時のURL: https://x.com/home
[16:52:03] [15.23s] [INFO] ページ上のボタン要素数: 26
[16:52:03] [15.27s] [INFO] ボタン1: text='', aria-label='プロフィールメニュー めいめい＠株わかりやすくまとめ・解説', testid='DashButton_ProfileIcon_Link', href=''
[16:52:03] [15.32s] [INFO] ボタン2: text='', aria-label='前', testid='', href=''
[16:52:03] [15.34s] [INFO] ボタン3: text='', aria-label='次へ', testid='', href=''
[16:52:03] [15.36s] [INFO] ボタン4: text='', aria-label='前', testid='', href=''
[16:52:03] [15.39s] [INFO] ボタン5: text='', aria-label='次へ', testid='', href=''
[16:52:03] [15.41s] [INFO] ボタン6: text='新しいポストを表示', aria-label='新しいポストがあります。新しいポストに移動するには、ピリオド', testid='', href=''
[16:52:03] [15.43s] [INFO] ボタン7: text='', aria-label='ホームタイムラインに移動', testid='', href=''
[16:52:03] [15.46s] [INFO] ボタン8: text='', aria-label='トレンドに移動', testid='', href=''
[16:52:03] [15.48s] [INFO] ボタン9: text='', aria-label='もっと見る', testid='caret', href=''
[16:52:03] [15.50s] [INFO] ボタン10: text='', aria-label='', testid='', href=''
[16:52:03] [15.52s] [INFO] モバイル投稿ボタン発見: [data-testid="FloatingActionButtons_Tweet_Button"]
[16:52:03] [15.52s] [INFO] モバイル風待機: 0.97秒
[16:52:06] [18.16s] [INFO] タップ成功
[16:52:06] [18.16s] [INFO] モバイル風待機: 2.80秒
[16:52:09] [20.98s] [INFO] モバイルテキストエリア発見: [data-testid="tweetTextarea_0"]
[16:52:09] [20.98s] [INFO] 📝 テキスト入力開始前の状態チェック
[16:52:09] [21.01s] [INFO] 📝 [TEXT_CHECK] テキスト入力開始前: テキスト長=0, 内容=''
[16:52:09] [21.01s] [INFO] 🎯 [DEBUG] mobile_type開始: clear_first=False, text='テスト投稿メッセージ'
[16:52:09] [21.02s] [INFO] モバイル風待機: 0.40秒
[16:52:09] [21.42s] [INFO] 📝 JavaScript直接入力開始: 'テスト投稿メッセージ'
[16:52:09] [21.43s] [INFO] 🔧 [DEBUG] モバイルJS設定結果 - before: '', after: 'テスト投稿メッセージ'
[16:52:09] [21.43s] [INFO] ✅ JavaScript直接入力完了: 'テスト投稿メッセージ'
[16:52:09] [21.43s] [INFO] モバイル風待機: 0.44秒
[16:52:10] [21.89s] [INFO] 🎯 [DEBUG] モバイル最終結果: 'テスト投稿メッセージ'
[16:52:10] [21.89s] [INFO] 📝 テキスト入力完了後の状態チェック
[16:52:10] [21.90s] [INFO] 📝 [TEXT_CHECK] テキスト入力完了後: テキスト長=10, 内容='テスト投稿メッセージ'
[16:52:10] [21.90s] [INFO] ✅ モバイルテキスト入力完了: テスト投稿メッセージ
[16:52:10] [21.90s] [INFO] 🚫 実投稿モード: 投稿直前で停止（投稿処理はコメントアウト中）
[16:52:10] [21.90s] [INFO] ✅ モバイルテキスト入力完了
[16:52:10] [21.90s] [INFO] 🧹 モバイルブラウザ クリーンアップ開始
[16:52:10] [22.56s] [INFO] ✅ モバイルコンテキストクローズ完了
[16:52:10] [22.57s] [INFO] ✅ Playwrightストップ完了

=== モバイルTwitterデバッグログ終了 ===
終了時刻: 2025-08-17 16:52:10
総実行時間: 22.57秒
============================================================
[16:52:10] [22.57s] [INFO] 📋 詳細デバッグログ保存完了: /Users/takahashimika/Dropbox/web_kabu_ai/python/twitter_auto_post/debug_logs/mobile_twitter_debug_20250817_165148.log
