=== モバイルTwitterデバッグログ開始 ===
開始時刻: 2025-08-21 10:11:23
ログファイル: /Users/takahashimika/Dropbox/web_kabu_ai/python/twitter_auto_post/debug_logs/mobile_twitter_debug_20250821_101123.log
============================================================

[10:11:23] [0.00s] [INFO] モバイルプロファイルディレクトリ: /Users/takahashimika/Dropbox/web_kabu_ai/twitter_mobile_profile
[10:11:23] [0.00s] [INFO] 📱 モバイルブラウザ起動開始
[10:11:24] [1.32s] [INFO] ✅ Playwright インスタンス作成完了
[10:11:24] [1.32s] [INFO] ✅ 既存モバイルプロファイル発見: /Users/takahashimika/Dropbox/web_kabu_ai/twitter_mobile_profile
[10:11:24] [1.32s] [INFO] モバイル引数設定完了: 26個
[10:11:24] [1.32s] [INFO] モバイルコンテキスト作成中...
[10:11:29] [5.58s] [INFO] ✅ モバイルコンテキスト作成完了
[10:11:29] [5.58s] [INFO] 既存モバイルページを使用
[10:11:29] [5.77s] [INFO] ✅ モバイル偽装スクリプト適用完了
[10:11:29] [5.77s] [INFO] 📱 モバイルブラウザ起動成功
[10:11:29] [5.77s] [INFO] 📱 モバイル版Twitterに移動開始
[10:11:29] [5.77s] [INFO] アクセス先: https://mobile.twitter.com
[10:11:33] [9.89s] [INFO] ✅ ページ移動完了
[10:11:33] [9.94s] [INFO] モバイル風待機: 1.51秒
[10:11:35] [11.93s] [INFO] 現在のURL: https://x.com/
[10:11:35] [11.93s] [INFO] ページタイトル: 「いま」を見つけよう / X
[10:11:35] [11.94s] [INFO] モバイルログイン状態チェック - URL: https://x.com/
[10:11:35] [12.35s] [INFO] ✅ モバイルログイン要素発見: nav[role="navigation"]
[10:11:35] [12.36s] [INFO] 📱 モバイル版手動ログイン待機開始（タイムアウト: 200秒）
[10:11:35] [12.36s] [INFO] モバイルログイン状態チェック - URL: https://x.com/
[10:11:35] [12.37s] [INFO] ✅ モバイルログイン要素発見: nav[role="navigation"]
[10:11:35] [12.39s] [INFO] ⏳ モバイル版ログイン待機中... 残り時間: 200.0秒
[10:11:38] [15.39s] [INFO] モバイルログイン状態チェック - URL: https://x.com/
[10:11:38] [15.40s] [INFO] ✅ モバイルログイン要素発見: nav[role="navigation"]
[10:11:38] [15.41s] [INFO] ⏳ モバイル版ログイン待機中... 残り時間: 197.0秒
[10:11:41] [18.41s] [INFO] モバイルログイン状態チェック - URL: https://x.com/
[10:11:42] [18.43s] [INFO] ✅ モバイルログイン要素発見: nav[role="navigation"]
[10:11:42] [18.43s] [INFO] ⏳ モバイル版ログイン待機中... 残り時間: 193.9秒
[10:11:45] [21.44s] [INFO] モバイルログイン状態チェック - URL: https://x.com/
[10:11:45] [21.45s] [INFO] ✅ モバイルログイン要素発見: nav[role="navigation"]
[10:11:45] [21.46s] [INFO] ⏳ モバイル版ログイン待機中... 残り時間: 190.9秒
[10:11:48] [24.46s] [INFO] モバイルログイン状態チェック - URL: https://x.com/
[10:11:48] [24.47s] [INFO] ⏳ モバイル版ログイン待機中... 残り時間: 187.9秒
[10:11:51] [27.47s] [INFO] モバイルログイン状態チェック - URL: https://x.com/i/flow/login
[10:11:51] [27.48s] [INFO] ⏳ モバイル版ログイン待機中... 残り時間: 184.9秒
[10:11:54] [30.48s] [INFO] モバイルログイン状態チェック - URL: https://x.com/i/flow/login
[10:11:54] [30.49s] [INFO] ⏳ モバイル版ログイン待機中... 残り時間: 181.9秒
[10:11:57] [33.49s] [INFO] モバイルログイン状態チェック - URL: https://x.com/i/flow/login
[10:11:57] [33.50s] [INFO] ⏳ モバイル版ログイン待機中... 残り時間: 178.9秒
[10:12:00] [36.50s] [INFO] モバイルログイン状態チェック - URL: https://x.com/i/flow/login
[10:12:00] [36.55s] [INFO] ⏳ モバイル版ログイン待機中... 残り時間: 175.8秒
[10:12:03] [39.56s] [INFO] モバイルログイン状態チェック - URL: https://x.com/
[10:12:03] [39.59s] [INFO] ✅ モバイルログイン要素発見: nav[role="navigation"]
[10:12:03] [39.61s] [INFO] ✅ モバイルログイン要素発見: [data-testid="primaryColumn"]
[10:12:03] [39.64s] [INFO] ✅ モバイルログイン要素発見: [aria-label*="ホーム"], [aria-label*="Home"]
[10:12:03] [39.64s] [INFO] ✅ モバイルログイン確認 (3個の要素)
[10:12:03] [39.64s] [INFO] ✅ === モバイル版ログイン完了確認 === (27.3秒)
[10:12:03] [39.64s] [INFO] 📱 モバイルツイート投稿開始 (テスト: False)
[10:12:03] [39.64s] [INFO] 投稿処理開始時のURL: https://x.com/home
[10:12:03] [39.67s] [INFO] ページ上のボタン要素数: 8
[10:12:03] [39.70s] [INFO] ボタン1: text='', aria-label='プロフィールメニュー meiteko', testid='DashButton_ProfileIcon_Link', href=''
[10:12:03] [39.73s] [INFO] ボタン2: text='', aria-label='前', testid='', href=''
[10:12:03] [39.86s] [INFO] ボタン3: text='', aria-label='次へ', testid='', href=''
[10:12:03] [39.88s] [INFO] ボタン4: text='', aria-label='前', testid='', href=''
[10:12:03] [39.92s] [INFO] ボタン5: text='', aria-label='次へ', testid='', href=''
[10:12:03] [39.95s] [INFO] ボタン6: text='新しいポストを表示', aria-label='新しいポストがあります。新しいポストに移動するには、ピリオド', testid='', href=''
[10:12:03] [40.03s] [INFO] ボタン7: text='', aria-label='ホームタイムラインに移動', testid='', href=''
[10:12:03] [40.20s] [INFO] ボタン8: text='', aria-label='トレンドに移動', testid='', href=''
[10:12:03] [40.22s] [INFO] モバイル投稿ボタン発見: [data-testid="FloatingActionButtons_Tweet_Button"]
[10:12:03] [40.22s] [INFO] モバイル風待機: 2.42秒
[10:12:06] [42.85s] [INFO] タップ成功
[10:12:06] [42.85s] [INFO] モバイル風待機: 2.09秒
[10:12:08] [44.96s] [INFO] モバイルテキストエリア発見: [data-testid="tweetTextarea_0"]
[10:12:08] [44.96s] [INFO] 📝 [SIMPLE_FLOW] 画像先・テキスト後の単純フロー
[10:12:08] [44.96s] [INFO] 📷 [SIMPLE_FLOW] 画像アップロード開始: 1枚
[10:12:08] [44.96s] [INFO] 画像1/1をアップロード中: /Users/takahashimika/Dropbox/web_kabu_ai/temp/base64_images/mobile_chart_b56476a9-574d-455b-8daf-4f69f764883d.png
[10:12:08] [45.00s] [INFO] 📝 [TEXT_CHECK] プログラマティック画像アップロード前_1: テキスト長=0, 内容=''
[10:12:08] [45.00s] [INFO] 📷 ファイルダイアログ回避モードで画像アップロード開始
[10:12:08] [45.01s] [INFO] ✅ 画像ファイル読み込み完了: 1484032 bytes
[10:12:08] [45.01s] [INFO] 🚀 プログラマティック画像アップロード実行: mobile_chart_b56476a9-574d-455b-8daf-4f69f764883d.png
[10:12:08] [45.21s] [INFO] ✅ プログラマティック画像アップロード成功: プログラマティック画像設定完了（ダイアログ回避）
[10:12:08] [45.21s] [INFO]   - Twitterターゲット発見: True
[10:12:08] [45.21s] [INFO]   - ファイル数: 0
[10:12:08] [45.21s] [INFO] モバイル風待機: 2.91秒
[10:12:11] [48.21s] [INFO] 📝 [TEXT_CHECK] プログラマティック画像アップロード後_1: テキスト長=0, 内容=''
[10:12:11] [48.25s] [INFO] ✅ 画像プレビュー確認: .r-1p0dtai img
[10:12:11] [48.25s] [INFO] ✅ 画像が正常にプログラマティックアップロードされました
[10:12:11] [48.25s] [INFO] 📷 プログラマティック画像アップロード処理完了: 1枚処理
[10:12:11] [48.25s] [INFO] モバイル風待機: 1.00秒
[10:12:12] [49.26s] [INFO] 📝 [SIMPLE_FLOW] テキスト入力（1回のみ）
[10:12:12] [49.26s] [INFO] 📝 [SIMPLE_TYPE] シンプルテキスト入力開始: 827文字
[10:12:12] [49.26s] [INFO] モバイル風待機: 0.35秒
[10:12:13] [49.62s] [INFO] ✅ [SIMPLE_TYPE] テキスト設定完了: 827文字
[10:12:13] [49.63s] [INFO] 🎯 [SIMPLE_FLOW] テキストエリアにフォーカス維持
[10:12:13] [49.66s] [INFO] モバイル風待機: 0.76秒
[10:12:14] [50.43s] [INFO] ✅ モバイルテキスト入力完了: 【ジーエヌアイグループ(2160)】-5.88%　増資懸念と競合承認で売り圧力強まる

★増資懸念と...
[10:12:14] [50.43s] [INFO] 🚀 [強化版] 実投稿モード: 確実な投稿ボタン探索開始
[10:12:14] [50.43s] [INFO] 🎯 [強化版] 投稿ボタン探索 試行 1/3
[10:12:14] [50.47s] [INFO] 📍 [強化版] ボタン発見: [data-testid="tweetButton"]
[10:12:14] [50.47s] [INFO]    可視: True, 有効: True, 接続: True
[10:12:14] [50.47s] [INFO]    テキスト: 'ポストする'
[10:12:14] [50.47s] [INFO] ✅ [強化版] 有効な投稿ボタン確認: [data-testid="tweetButton"]
[10:12:14] [50.47s] [INFO] 🎯 [SIMPLE_FLOW] 投稿ボタンクリック試行 1: [data-testid="tweetButton"]
[10:12:14] [50.47s] [INFO] 🎯 [SIMPLE_FLOW] フォーカス維持したままJSクリック
[10:12:14] [50.52s] [INFO] ✅ [SIMPLE_FLOW] JSクリック成功（フォーカス維持）
[10:12:14] [50.52s] [INFO] 🎉 [強化版] [ポストボタン確実クリック済み] 投稿処理成功
[10:12:14] [50.52s] [INFO] モバイル風待機: 4.18秒
[10:12:18] [54.71s] [INFO] 🔍 [POST-VALIDATION] 投稿完了後の最終確認開始
[10:12:18] [54.71s] [INFO] 📍 [POST-VALIDATION] 投稿後URL: https://x.com/compose/post
[10:12:18] [54.71s] [INFO] ✅ [POST-VALIDATION] ホーム画面への遷移確認
[10:12:18] [54.73s] [INFO] 📢 [POST-VALIDATION] 成功インジケーター発見: ポストを送信しました。
表示
[10:12:18] [54.73s] [INFO] ============================================================
[10:12:18] [54.73s] [INFO] 📊 [FINAL-SUMMARY] 投稿処理完了サマリー
[10:12:18] [54.73s] [INFO] ============================================================
[10:12:18] [54.73s] [INFO] 📝 投稿メッセージ長: 827文字
[10:12:18] [54.73s] [INFO] 📝 投稿メッセージ内容: 【ジーエヌアイグループ(2160)】-5.88%　増資懸念と競合承認で売り圧力強まる

★増資懸念と競合薬承認で株価調整続く  
ジーエヌアイグループ株は本日5.88%下落。増資実施による株式希薄化懸念が根強く、投資家心理を冷やしている。さらに、競合するノボノルディスクの肥満症治療薬が米FDAから迅速承認されたことが市場で懸念材料となった。

新薬候補F351の承認申請は第3四半期予定ながら、承認...
[10:12:18] [54.73s] [INFO] 📷 画像アップロード: あり
[10:12:18] [54.73s] [INFO] 🌐 最終URL: https://x.com/compose/post
[10:12:18] [54.73s] [INFO] ⏰ 投稿完了時刻: 2025-08-21 10:12:18
[10:12:18] [54.74s] [INFO] ============================================================
[10:12:18] [54.74s] [INFO] ✅ === モバイル版投稿完了成功！ ===
[10:12:18] [54.74s] [INFO] 🧹 モバイルブラウザ クリーンアップ開始
[10:12:19] [55.48s] [INFO] ✅ モバイルコンテキストクローズ完了
[10:12:19] [55.52s] [INFO] ✅ Playwrightストップ完了

=== モバイルTwitterデバッグログ終了 ===
終了時刻: 2025-08-21 10:12:19
総実行時間: 55.52秒
============================================================
[10:12:19] [55.52s] [INFO] 📋 詳細デバッグログ保存完了: /Users/takahashimika/Dropbox/web_kabu_ai/python/twitter_auto_post/debug_logs/mobile_twitter_debug_20250821_101123.log
