=== モバイルTwitterデバッグログ開始 ===
開始時刻: 2025-08-17 23:04:40
ログファイル: /Users/takahashimika/Dropbox/web_kabu_ai/python/twitter_auto_post/debug_logs/mobile_twitter_debug_20250817_230440.log
============================================================

[23:04:40] [0.00s] [INFO] モバイルプロファイルディレクトリ: /Users/takahashimika/Dropbox/web_kabu_ai/twitter_mobile_profile
[23:04:40] [0.00s] [INFO] 📱 モバイルブラウザ起動開始
[23:04:41] [1.20s] [INFO] ✅ Playwright インスタンス作成完了
[23:04:41] [1.20s] [INFO] ✅ 既存モバイルプロファイル発見: /Users/takahashimika/Dropbox/web_kabu_ai/twitter_mobile_profile
[23:04:41] [1.20s] [INFO] モバイル引数設定完了: 26個
[23:04:41] [1.20s] [INFO] モバイルコンテキスト作成中...
[23:04:45] [4.84s] [INFO] ✅ モバイルコンテキスト作成完了
[23:04:45] [4.84s] [INFO] 既存モバイルページを使用
[23:04:45] [4.88s] [INFO] ✅ モバイル偽装スクリプト適用完了
[23:04:45] [4.88s] [INFO] 📱 モバイルブラウザ起動成功
[23:04:45] [4.88s] [INFO] 📱 モバイル版Twitterに移動開始
[23:04:45] [4.88s] [INFO] アクセス先: https://mobile.twitter.com
[23:04:48] [7.63s] [INFO] ✅ ページ移動完了
[23:04:48] [7.63s] [INFO] モバイル風待機: 2.32秒
[23:04:50] [9.98s] [INFO] 現在のURL: https://x.com/
[23:04:50] [9.98s] [INFO] ページタイトル: ホーム / X
[23:04:50] [9.98s] [INFO] モバイルログイン状態チェック - URL: https://x.com/home
[23:04:50] [10.04s] [INFO] ✅ モバイルログイン要素発見: nav[role="navigation"]
[23:04:50] [10.06s] [INFO] ✅ モバイルログイン要素発見: [data-testid="primaryColumn"]
[23:04:50] [10.08s] [INFO] ✅ モバイルログイン要素発見: [aria-label*="ホーム"], [aria-label*="Home"]
[23:04:50] [10.08s] [INFO] ✅ モバイルログイン確認 (3個の要素)
[23:04:50] [10.08s] [INFO] 📱 モバイルツイート投稿開始 (テスト: True)
[23:04:50] [10.08s] [INFO] 投稿処理開始時のURL: https://x.com/home
[23:04:50] [10.17s] [INFO] ページ上のボタン要素数: 8
[23:04:50] [10.26s] [INFO] ボタン1: text='', aria-label='プロフィールメニュー めいめい＠株わかりやすくまとめ・解説', testid='DashButton_ProfileIcon_Link', href=''
[23:04:50] [10.30s] [INFO] ボタン2: text='', aria-label='前', testid='', href=''
[23:04:51] [10.91s] [INFO] ボタン3: text='', aria-label='次へ', testid='', href=''
[23:04:52] [11.75s] [INFO] ボタン4: text='', aria-label='前', testid='', href=''
[23:04:53] [13.48s] [INFO] ボタン5: text='', aria-label='次へ', testid='', href=''
[23:04:54] [13.82s] [INFO] ボタン6: text='新しいポストを表示', aria-label='新しいポストがあります。新しいポストに移動するには、ピリオド', testid='', href=''
[23:04:54] [13.86s] [INFO] ボタン7: text='', aria-label='ホームタイムラインに移動', testid='', href=''
[23:04:54] [13.91s] [INFO] ボタン8: text='', aria-label='トレンドに移動', testid='', href=''
[23:04:54] [13.92s] [INFO] モバイル投稿ボタン発見: [data-testid="FloatingActionButtons_Tweet_Button"]
[23:04:54] [13.93s] [INFO] モバイル風待機: 2.43秒
[23:04:56] [16.59s] [INFO] タップ成功
[23:04:56] [16.59s] [INFO] モバイル風待機: 2.05秒
[23:04:59] [18.65s] [INFO] モバイルテキストエリア発見: [data-testid="tweetTextarea_0"]
[23:04:59] [18.65s] [INFO] 📷 画像アップロード開始: 1枚
[23:04:59] [18.68s] [INFO] 📝 [TEXT_CHECK] 画像アップロード前: テキスト長=0, 内容=''
[23:04:59] [18.68s] [INFO] 画像1/1をアップロード中: /Users/takahashimika/Dropbox/web_kabu_ai/temp/base64_images/mobile_chart_e82a60d2-0970-443b-ac92-093e86fc63b7.png
[23:04:59] [18.70s] [INFO] 📝 [TEXT_CHECK] プログラマティック画像アップロード前_1: テキスト長=0, 内容=''
[23:04:59] [18.70s] [INFO] 📷 ファイルダイアログ回避モードで画像アップロード開始
[23:04:59] [18.71s] [INFO] ✅ 画像ファイル読み込み完了: 1323656 bytes
[23:04:59] [18.71s] [INFO] 🚀 プログラマティック画像アップロード実行: mobile_chart_e82a60d2-0970-443b-ac92-093e86fc63b7.png
[23:04:59] [18.88s] [INFO] ✅ プログラマティック画像アップロード成功: プログラマティック画像設定完了（ダイアログ回避）
[23:04:59] [18.88s] [INFO]   - Twitterターゲット発見: True
[23:04:59] [18.88s] [INFO]   - ファイル数: 0
[23:04:59] [18.88s] [INFO] モバイル風待機: 2.66秒
[23:05:01] [21.58s] [INFO] 📝 [TEXT_CHECK] プログラマティック画像アップロード後_1: テキスト長=0, 内容=''
[23:05:01] [21.60s] [INFO] ✅ 画像プレビュー確認: .r-1p0dtai img
[23:05:02] [21.60s] [INFO] ✅ 画像が正常にプログラマティックアップロードされました
[23:05:02] [21.60s] [INFO] 📷 プログラマティック画像アップロード処理完了: 1枚処理
[23:05:02] [21.63s] [INFO] 📝 [TEXT_CHECK] 画像アップロード後: テキスト長=0, 内容=''
[23:05:02] [21.63s] [INFO] 📝 テキスト入力開始前の状態チェック
[23:05:02] [21.66s] [INFO] 📝 [TEXT_CHECK] テキスト入力開始前: テキスト長=0, 内容=''
[23:05:02] [21.66s] [INFO] 🎯 [DEBUG] mobile_type開始: clear_first=False, text='【サンリオ(8136)】2.04%　週間変動幅：+160円（約2.04%上昇）、週間騰落率：+2.0...'
[23:05:02] [21.66s] [INFO] モバイル風待機: 0.26秒
[23:05:02] [21.93s] [INFO] 📝 JavaScript直接入力開始: '【サンリオ(8136)】2.04%　週間変動幅：+160円（約2.04%上昇）、週間騰落率：+2.0...'
[23:05:02] [21.95s] [INFO] 🔧 [DEBUG] モバイルJS設定結果 - before: '', after: '【サンリオ(8136)】2.04%　週間変動幅：+160円（約2.04%上昇）、週間騰落率：+2.0...'
[23:05:02] [21.95s] [INFO] ✅ JavaScript直接入力完了: '【サンリオ(8136)】2.04%　週間変動幅：+160円（約2.04%上昇）、週間騰落率：+2.0...'
[23:05:02] [21.95s] [INFO] モバイル風待機: 0.32秒
[23:05:02] [22.27s] [INFO] 🎯 [DEBUG] モバイル最終結果: '【サンリオ(8136)】2.04%　週間変動幅：+160円（約2.04%上昇）、週間騰落率：+2.0...'
[23:05:02] [22.27s] [INFO] 📝 テキスト入力完了後の状態チェック
[23:05:02] [22.28s] [INFO] 📝 [TEXT_CHECK] テキスト入力完了後: テキスト長=754, 内容='【サンリオ(8136)】2.04%　週間変動幅：+160円（約2.04%上昇）、週間騰落率：+2.0...'
[23:05:02] [22.28s] [INFO] ✅ モバイルテキスト入力完了: 【サンリオ(8136)】2.04%　週間変動幅：+160円（約2.04%上昇）、週間騰落率：+2.0...
[23:05:02] [22.28s] [INFO] 🚫 実投稿モード: 投稿直前で停止（投稿処理はコメントアウト中）
[23:05:02] [22.28s] [INFO] ✅ モバイルテキスト入力完了
[23:05:02] [22.28s] [INFO] 🧹 モバイルブラウザ クリーンアップ開始
[23:05:03] [22.95s] [INFO] ✅ モバイルコンテキストクローズ完了
[23:05:03] [22.97s] [INFO] ✅ Playwrightストップ完了

=== モバイルTwitterデバッグログ終了 ===
終了時刻: 2025-08-17 23:05:03
総実行時間: 22.97秒
============================================================
[23:05:03] [22.97s] [INFO] 📋 詳細デバッグログ保存完了: /Users/takahashimika/Dropbox/web_kabu_ai/python/twitter_auto_post/debug_logs/mobile_twitter_debug_20250817_230440.log
