=== モバイルTwitterデバッグログ開始 ===
開始時刻: 2025-09-06 11:56:59
ログファイル: /Users/takahashimika/Dropbox/web_kabu_ai/python/twitter_auto_post/debug_logs/mobile_twitter_debug_20250906_115659.log
============================================================

[11:56:59] [0.00s] [INFO] モバイルプロファイルディレクトリ: /Users/takahashimika/Dropbox/web_kabu_ai/twitter_mobile_profile
[11:56:59] [0.00s] [INFO] 📱 モバイルブラウザ起動開始
[11:57:02] [2.70s] [INFO] ✅ Playwright インスタンス作成完了
[11:57:02] [2.70s] [INFO] ✅ 既存モバイルプロファイル発見: /Users/takahashimika/Dropbox/web_kabu_ai/twitter_mobile_profile
[11:57:02] [2.70s] [INFO] モバイル引数設定完了: 26個
[11:57:02] [2.70s] [INFO] モバイルコンテキスト作成中...
[11:57:08] [9.23s] [INFO] ✅ モバイルコンテキスト作成完了
[11:57:08] [9.23s] [INFO] 既存モバイルページを使用
[11:57:08] [9.25s] [INFO] ✅ モバイル偽装スクリプト適用完了
[11:57:08] [9.25s] [INFO] 📱 モバイルブラウザ起動成功
[11:57:08] [9.25s] [INFO] 📱 モバイル版Twitterに移動開始
[11:57:08] [9.25s] [INFO] アクセス先: https://mobile.twitter.com
[11:57:11] [12.22s] [INFO] ✅ ページ移動完了
[11:57:11] [12.22s] [INFO] モバイル風待機: 2.43秒
[11:57:14] [14.68s] [INFO] 現在のURL: https://x.com/
[11:57:14] [14.68s] [INFO] ページタイトル: ホーム / X
[11:57:14] [14.68s] [INFO] モバイルログイン状態チェック - URL: https://x.com/home
[11:57:14] [14.92s] [INFO] ✅ モバイルログイン要素発見: nav[role="navigation"]
[11:57:14] [14.93s] [INFO] ✅ モバイルログイン要素発見: [data-testid="primaryColumn"]
[11:57:14] [14.95s] [INFO] ✅ モバイルログイン要素発見: [aria-label*="ホーム"], [aria-label*="Home"]
[11:57:14] [14.95s] [INFO] ✅ モバイルログイン確認 (3個の要素)
[11:57:14] [14.95s] [INFO] 📱 モバイルツイート投稿開始 (テスト: False)
[11:57:14] [14.95s] [INFO] 投稿処理開始時のURL: https://x.com/home
[11:57:14] [14.97s] [INFO] ページ上のボタン要素数: 9
[11:57:14] [15.02s] [INFO] ボタン1: text='', aria-label='プロフィールメニュー meiteko', testid='DashButton_ProfileIcon_Link', href=''
[11:57:16] [16.62s] [INFO] ボタン2: text='', aria-label='前', testid='', href=''
[11:57:16] [16.71s] [INFO] ボタン3: text='', aria-label='次へ', testid='', href=''
[11:57:16] [16.76s] [INFO] ボタン4: text='', aria-label='前', testid='', href=''
[11:57:16] [16.80s] [INFO] ボタン5: text='+1.4万·【8周年】アズレンEXPO ', aria-label='ライブ放送、アズールレーン公式さんがホストしています、アズー', testid='', href=''
[11:57:16] [16.84s] [INFO] ボタン6: text='', aria-label='次へ', testid='', href=''
[11:57:16] [16.88s] [INFO] ボタン7: text='新しいポストを表示', aria-label='新しいポストがあります。新しいポストに移動するには、ピリオド', testid='', href=''
[11:57:16] [16.91s] [INFO] ボタン8: text='', aria-label='ホームタイムラインに移動', testid='', href=''
[11:57:16] [16.94s] [INFO] ボタン9: text='', aria-label='トレンドに移動', testid='', href=''
[11:57:16] [16.96s] [INFO] モバイル投稿ボタン発見: [data-testid="FloatingActionButtons_Tweet_Button"]
[11:57:16] [16.96s] [INFO] モバイル風待機: 0.97秒
[11:57:17] [18.25s] [INFO] タップ成功
[11:57:17] [18.26s] [INFO] モバイル風待機: 2.55秒
[11:57:20] [20.81s] [INFO] モバイルテキストエリア発見: [data-testid="tweetTextarea_0"]
[11:57:20] [20.81s] [INFO] 📝 [SIMPLE_FLOW] 画像先・テキスト後の単純フロー
[11:57:20] [20.81s] [INFO] 📷 [SIMPLE_FLOW] 画像アップロード開始: 1枚
[11:57:20] [20.82s] [INFO] 画像1/1をアップロード中: /Users/takahashimika/Dropbox/web_kabu_ai/temp/base64_images/mobile_chart_4e546d8b-ae49-445e-9be4-3d33099be4cb.png
[11:57:20] [20.84s] [INFO] 📝 [TEXT_CHECK] プログラマティック画像アップロード前_1: テキスト長=0, 内容=''
[11:57:20] [20.84s] [INFO] 📷 ファイルダイアログ回避モードで画像アップロード開始
[11:57:20] [20.85s] [INFO] ✅ 画像ファイル読み込み完了: 1478832 bytes
[11:57:20] [20.85s] [INFO] 🚀 プログラマティック画像アップロード実行: mobile_chart_4e546d8b-ae49-445e-9be4-3d33099be4cb.png
[11:57:20] [21.02s] [INFO] ✅ プログラマティック画像アップロード成功: プログラマティック画像設定完了（ダイアログ回避）
[11:57:20] [21.02s] [INFO]   - Twitterターゲット発見: True
[11:57:20] [21.02s] [INFO]   - ファイル数: 0
[11:57:20] [21.02s] [INFO] モバイル風待機: 2.87秒
[11:57:23] [23.92s] [INFO] 📝 [TEXT_CHECK] プログラマティック画像アップロード後_1: テキスト長=0, 内容=''
[11:57:23] [23.95s] [INFO] ✅ 画像プレビュー確認: .r-1p0dtai img
[11:57:23] [23.95s] [INFO] ✅ 画像が正常にプログラマティックアップロードされました
[11:57:23] [23.95s] [INFO] 📷 プログラマティック画像アップロード処理完了: 1枚処理
[11:57:23] [23.95s] [INFO] モバイル風待機: 1.43秒
[11:57:25] [25.38s] [INFO] 📝 [SIMPLE_FLOW] テキスト入力（1回のみ）
[11:57:25] [25.38s] [INFO] 📝 [SIMPLE_TYPE] シンプルテキスト入力開始: 623文字
[11:57:25] [25.39s] [INFO] モバイル風待機: 0.49秒
[11:57:25] [25.89s] [INFO] ✅ [SIMPLE_TYPE] テキスト設定完了: 623文字
[11:57:25] [25.89s] [INFO] 🎯 [SIMPLE_FLOW] テキストエリアにフォーカス維持
[11:57:25] [25.91s] [INFO] モバイル風待機: 0.66秒
[11:57:26] [26.57s] [INFO] ✅ モバイルテキスト入力完了: 【東京電力ホールディングス(9501)】-0.99% 再稼働判断遅延で慎重ムード続く

★今日の流れ...
[11:57:26] [26.57s] [INFO] 🚀 [強化版] 実投稿モード: 確実な投稿ボタン探索開始
[11:57:26] [26.57s] [INFO] 🎯 [強化版] 投稿ボタン探索 試行 1/3
[11:57:26] [26.60s] [INFO] 📍 [強化版] ボタン発見: [data-testid="tweetButton"]
[11:57:26] [26.60s] [INFO]    可視: True, 有効: True, 接続: True
[11:57:26] [26.60s] [INFO]    テキスト: 'ポストする'
[11:57:26] [26.60s] [INFO] ✅ [強化版] 有効な投稿ボタン確認: [data-testid="tweetButton"]
[11:57:26] [26.60s] [INFO] 🎯 [SIMPLE_FLOW] 投稿ボタンクリック試行 1: [data-testid="tweetButton"]
[11:57:26] [26.60s] [INFO] 🎯 [SIMPLE_FLOW] フォーカス維持したままJSクリック
[11:57:26] [26.68s] [INFO] ✅ [SIMPLE_FLOW] JSクリック成功（フォーカス維持）
[11:57:26] [26.68s] [INFO] 🎉 [強化版] [ポストボタン確実クリック済み] 投稿処理成功
[11:57:26] [26.68s] [INFO] モバイル風待機: 3.25秒
[11:57:29] [29.93s] [INFO] 🔍 [POST-VALIDATION] 投稿完了後の最終確認開始
[11:57:29] [29.93s] [INFO] 📍 [POST-VALIDATION] 投稿後URL: https://x.com/compose/post
[11:57:29] [29.93s] [INFO] ✅ [POST-VALIDATION] ホーム画面への遷移確認
[11:57:29] [29.95s] [INFO] 📢 [POST-VALIDATION] 成功インジケーター発見: ポストを送信しました。
表示
[11:57:29] [29.96s] [INFO] ============================================================
[11:57:29] [29.96s] [INFO] 📊 [FINAL-SUMMARY] 投稿処理完了サマリー
[11:57:29] [29.96s] [INFO] ============================================================
[11:57:29] [29.96s] [INFO] 📝 投稿メッセージ長: 623文字
[11:57:29] [29.96s] [INFO] 📝 投稿メッセージ内容: 【東京電力ホールディングス(9501)】-0.99% 再稼働判断遅延で慎重ムード続く

★今日の流れと解説  
東京電力株は前日比-0.99%で小幅下落。新潟県知事の再稼働判断が11月以降に先送りされ、短期的な売り圧力が強まった。投資家は慎重姿勢を崩さず、出来高は減少し膠着状態が続く。地元首長の再稼働理解はあるものの、具体的な進展が乏しい点が株価の重荷となっている。



掲示板投資家の意見  
...
[11:57:29] [29.96s] [INFO] 📷 画像アップロード: あり
[11:57:29] [29.96s] [INFO] 🌐 最終URL: https://x.com/compose/post
[11:57:29] [29.96s] [INFO] ⏰ 投稿完了時刻: 2025-09-06 11:57:29
[11:57:29] [29.96s] [INFO] ============================================================
[11:57:29] [29.96s] [INFO] ✅ === モバイル版投稿完了成功！ ===
[11:57:29] [29.96s] [INFO] 🧹 モバイルブラウザ クリーンアップ開始
[11:57:30] [30.56s] [INFO] ✅ モバイルコンテキストクローズ完了
[11:57:30] [30.58s] [INFO] ✅ Playwrightストップ完了

=== モバイルTwitterデバッグログ終了 ===
終了時刻: 2025-09-06 11:57:30
総実行時間: 30.58秒
============================================================
[11:57:30] [30.58s] [INFO] 📋 詳細デバッグログ保存完了: /Users/takahashimika/Dropbox/web_kabu_ai/python/twitter_auto_post/debug_logs/mobile_twitter_debug_20250906_115659.log
