=== モバイルTwitterデバッグログ開始 ===
開始時刻: 2025-09-07 22:05:41
ログファイル: /Users/youmeiyuu/Desktop/kabu_ai/python/twitter_auto_post/debug_logs/mobile_twitter_debug_20250907_220541.log
============================================================

[22:05:41] [0.00s] [INFO] モバイルプロファイルディレクトリ: /Users/youmeiyuu/Desktop/kabu_ai/twitter_mobile_profile
[22:05:41] [0.00s] [INFO] 📱 モバイルブラウザ起動開始
[22:05:41] [0.36s] [INFO] ✅ Playwright インスタンス作成完了
[22:05:41] [0.36s] [INFO] ✅ 既存モバイルプロファイル発見: /Users/youmeiyuu/Desktop/kabu_ai/twitter_mobile_profile
[22:05:41] [0.36s] [INFO] モバイル引数設定完了: 26個
[22:05:41] [0.36s] [INFO] モバイルコンテキスト作成中...
[22:05:42] [1.95s] [INFO] ✅ モバイルコンテキスト作成完了
[22:05:42] [1.95s] [INFO] 既存モバイルページを使用
[22:05:42] [1.97s] [INFO] ✅ モバイル偽装スクリプト適用完了
[22:05:42] [1.97s] [INFO] 📱 モバイルブラウザ起動成功
[22:05:42] [1.97s] [INFO] 📱 モバイル版Twitterに移動開始
[22:05:42] [1.97s] [INFO] アクセス先: https://mobile.twitter.com
[22:05:44] [3.08s] [INFO] ✅ ページ移動完了
[22:05:44] [3.08s] [INFO] モバイル風待機: 2.39秒
[22:05:46] [5.48s] [INFO] 現在のURL: https://x.com/
[22:05:46] [5.49s] [INFO] ページタイトル: ホーム / X
[22:05:46] [5.49s] [INFO] モバイルログイン状態チェック - URL: https://x.com/home
[22:05:46] [5.51s] [INFO] ✅ モバイルログイン要素発見: nav[role="navigation"]
[22:05:46] [5.52s] [INFO] ✅ モバイルログイン要素発見: [data-testid="primaryColumn"]
[22:05:46] [5.52s] [INFO] ✅ モバイルログイン要素発見: [aria-label*="ホーム"], [aria-label*="Home"]
[22:05:46] [5.52s] [INFO] ✅ モバイルログイン確認 (3個の要素)
[22:05:46] [5.52s] [INFO] 📱 モバイルツイート投稿開始 (テスト: False)
[22:05:46] [5.52s] [INFO] 投稿処理開始時のURL: https://x.com/home
[22:05:46] [5.54s] [INFO] ページ上のボタン要素数: 59
[22:05:46] [5.55s] [INFO] ボタン1: text='', aria-label='プロフィールメニュー めいめい＠株わかりやすくまとめ・解説', testid='DashButton_ProfileIcon_Link', href=''
[22:05:46] [5.56s] [INFO] ボタン2: text='', aria-label='前', testid='', href=''
[22:05:46] [5.56s] [INFO] ボタン3: text='', aria-label='次へ', testid='', href=''
[22:05:46] [5.57s] [INFO] ボタン4: text='', aria-label='前', testid='', href=''
[22:05:46] [5.57s] [INFO] ボタン5: text='', aria-label='次へ', testid='', href=''
[22:05:46] [5.58s] [INFO] ボタン6: text='新しいポストを表示', aria-label='新しいポストがあります。新しいポストに移動するには、ピリオド', testid='', href=''
[22:05:46] [5.58s] [INFO] ボタン7: text='', aria-label='ホームタイムラインに移動', testid='', href=''
[22:05:46] [5.59s] [INFO] ボタン8: text='', aria-label='トレンドに移動', testid='', href=''
[22:05:46] [5.59s] [INFO] ボタン9: text='', aria-label='もっと見る', testid='caret', href=''
[22:05:46] [5.60s] [INFO] ボタン10: text='再読み込み', aria-label='', testid='', href=''
[22:05:46] [5.60s] [INFO] モバイル投稿ボタン発見: [data-testid="FloatingActionButtons_Tweet_Button"]
[22:05:46] [5.60s] [INFO] モバイル風待機: 1.75秒
[22:05:48] [7.44s] [INFO] タップ成功
[22:05:48] [7.44s] [INFO] モバイル風待機: 2.68秒
[22:05:51] [10.14s] [INFO] モバイルテキストエリア発見: [data-testid="tweetTextarea_0"]
[22:05:51] [10.14s] [INFO] 📝 [SIMPLE_FLOW] 画像先・テキスト後の単純フロー
[22:05:51] [10.14s] [INFO] 📷 [SIMPLE_FLOW] 画像アップロード開始: 1枚
[22:05:51] [10.14s] [INFO] 画像1/1をアップロード中: /Users/youmeiyuu/Desktop/kabu_ai/temp/base64_images/mobile_chart_b8defe2b-a26d-4d89-946a-ab8d6a332e63.png
[22:05:51] [10.16s] [INFO] 📝 [TEXT_CHECK] プログラマティック画像アップロード前_1: テキスト長=0, 内容=''
[22:05:51] [10.16s] [INFO] 📷 ファイルダイアログ回避モードで画像アップロード開始
[22:05:51] [10.16s] [INFO] ✅ 画像ファイル読み込み完了: 1545772 bytes
[22:05:51] [10.16s] [INFO] 🚀 プログラマティック画像アップロード実行: mobile_chart_b8defe2b-a26d-4d89-946a-ab8d6a332e63.png
[22:05:51] [10.24s] [INFO] ✅ プログラマティック画像アップロード成功: プログラマティック画像設定完了（ダイアログ回避）
[22:05:51] [10.24s] [INFO]   - Twitterターゲット発見: True
[22:05:51] [10.24s] [INFO]   - ファイル数: 0
[22:05:51] [10.24s] [INFO] モバイル風待機: 2.63秒
[22:05:53] [12.90s] [INFO] 📝 [TEXT_CHECK] プログラマティック画像アップロード後_1: テキスト長=0, 内容=''
[22:05:53] [12.92s] [INFO] ✅ 画像プレビュー確認: .r-1p0dtai img
[22:05:53] [12.92s] [INFO] ✅ 画像が正常にプログラマティックアップロードされました
[22:05:53] [12.92s] [INFO] 📷 プログラマティック画像アップロード処理完了: 1枚処理
[22:05:53] [12.92s] [INFO] モバイル風待機: 1.02秒
[22:05:54] [13.94s] [INFO] 📝 [SIMPLE_FLOW] テキスト入力（1回のみ）
[22:05:54] [13.94s] [INFO] ⚡ [ULTRA_TYPE] 高速1文字1文字タイピング開始: 1043文字
[22:05:54] [13.95s] [INFO] モバイル風待機: 0.29秒
[22:06:13] [32.82s] [INFO] ⚡ [ULTRA_TYPE] 高速タイピング完了: 18.568秒 (56.2文字/秒)
[22:06:13] [32.93s] [INFO] ✅ [ULTRA_TYPE] 高速タイピング成功: 1044文字入力完了
[22:06:13] [32.93s] [INFO] 📝 [ULTRA_TYPE] 入力内容: 【ＪＸ金属(5016)】0.41% ロックアップ懸念和らぎ需給安定感強まる

今週の株価変動幅：約1...
[22:06:13] [32.93s] [INFO] 🎯 [SIMPLE_FLOW] テキストエリアにフォーカス維持
[22:06:13] [32.94s] [INFO] モバイル風待機: 0.70秒
[22:06:14] [33.64s] [INFO] ✅ モバイルテキスト入力完了: 【ＪＸ金属(5016)】0.41% ロックアップ懸念和らぎ需給安定感強まる

今週の株価変動幅：約1...
[22:06:14] [33.64s] [INFO] 🚀 [強化版] 実投稿モード: 確実な投稿ボタン探索開始
[22:06:14] [33.64s] [INFO] 🎯 [強化版] 投稿ボタン探索 試行 1/3
[22:06:14] [33.67s] [INFO] 📍 [強化版] ボタン発見: [data-testid="tweetButton"]
[22:06:14] [33.67s] [INFO]    可視: True, 有効: True, 接続: True
[22:06:14] [33.67s] [INFO]    テキスト: 'ポストする'
[22:06:14] [33.67s] [INFO] ✅ [強化版] 有効な投稿ボタン確認: [data-testid="tweetButton"]
[22:06:14] [33.67s] [INFO] 🎯 [SIMPLE_FLOW] 投稿ボタンクリック試行 1: [data-testid="tweetButton"]
[22:06:14] [33.67s] [INFO] 🎯 [SIMPLE_FLOW] フォーカス維持したままJSクリック
[22:06:14] [33.74s] [INFO] ✅ [SIMPLE_FLOW] JSクリック成功（フォーカス維持）
[22:06:14] [33.74s] [INFO] 🎉 [強化版] [ポストボタン確実クリック済み] 投稿処理成功
[22:06:14] [33.74s] [INFO] モバイル風待機: 3.66秒
[22:06:18] [37.40s] [INFO] 🔍 [POST-VALIDATION] 投稿完了後の最終確認開始
[22:06:18] [37.41s] [INFO] 📍 [POST-VALIDATION] 投稿後URL: https://x.com/compose/post
[22:06:18] [37.41s] [INFO] ✅ [POST-VALIDATION] ホーム画面への遷移確認
[22:06:18] [37.42s] [INFO] 📢 [POST-VALIDATION] 成功インジケーター発見: ポストが送信されました。編集できる時間は1時間以内です。
表示
[22:06:18] [37.42s] [INFO] ============================================================
[22:06:18] [37.42s] [INFO] 📊 [FINAL-SUMMARY] 投稿処理完了サマリー
[22:06:18] [37.42s] [INFO] ============================================================
[22:06:18] [37.42s] [INFO] 📝 投稿メッセージ長: 1043文字
[22:06:18] [37.42s] [INFO] 📝 投稿メッセージ内容: 【ＪＸ金属(5016)】0.41% ロックアップ懸念和らぎ需給安定感強まる

今週の株価変動幅：約100円（1,400円～1,500円）
週間騰落率：+0.41%

★今週の総括
ＪＸ金属はロックアップ解除懸念が意識されつつも、ENEOSの持株売却が限定的と判明し需給不安が緩和。

大和証券のレーティング引き上げや新リサイクル物流センター稼働発表が好感され、短期的な値動きは活発化した。米国株の下落...
[22:06:18] [37.42s] [INFO] 📷 画像アップロード: あり
[22:06:18] [37.42s] [INFO] 🌐 最終URL: https://x.com/compose/post
[22:06:18] [37.42s] [INFO] ⏰ 投稿完了時刻: 2025-09-07 22:06:18
[22:06:18] [37.42s] [INFO] ============================================================
[22:06:18] [37.42s] [INFO] ✅ === モバイル版投稿完了成功！ ===
[22:06:18] [37.42s] [INFO] 🧹 モバイルブラウザ クリーンアップ開始
[22:06:19] [38.03s] [INFO] ✅ モバイルコンテキストクローズ完了
[22:06:19] [38.04s] [INFO] ✅ Playwrightストップ完了

=== モバイルTwitterデバッグログ終了 ===
終了時刻: 2025-09-07 22:06:19
総実行時間: 38.04秒
============================================================
[22:06:19] [38.04s] [INFO] 📋 詳細デバッグログ保存完了: /Users/youmeiyuu/Desktop/kabu_ai/python/twitter_auto_post/debug_logs/mobile_twitter_debug_20250907_220541.log
