=== モバイルTwitterデバッグログ開始 ===
開始時刻: 2025-08-17 23:47:35
ログファイル: /Users/takahashimika/Dropbox/web_kabu_ai/python/twitter_auto_post/debug_logs/mobile_twitter_debug_20250817_234735.log
============================================================

[23:47:35] [0.00s] [INFO] モバイルプロファイルディレクトリ: /Users/takahashimika/Dropbox/web_kabu_ai/twitter_mobile_profile
[23:47:35] [0.00s] [INFO] 📱 モバイルブラウザ起動開始
[23:47:37] [1.16s] [INFO] ✅ Playwright インスタンス作成完了
[23:47:37] [1.16s] [INFO] ✅ 既存モバイルプロファイル発見: /Users/takahashimika/Dropbox/web_kabu_ai/twitter_mobile_profile
[23:47:37] [1.16s] [INFO] モバイル引数設定完了: 26個
[23:47:37] [1.16s] [INFO] モバイルコンテキスト作成中...
[23:47:40] [4.09s] [INFO] ✅ モバイルコンテキスト作成完了
[23:47:40] [4.09s] [INFO] 既存モバイルページを使用
[23:47:40] [4.11s] [INFO] ✅ モバイル偽装スクリプト適用完了
[23:47:40] [4.11s] [INFO] 📱 モバイルブラウザ起動成功
[23:47:40] [4.11s] [INFO] 📱 モバイル版Twitterに移動開始
[23:47:40] [4.11s] [INFO] アクセス先: https://mobile.twitter.com
[23:47:42] [6.62s] [INFO] ✅ ページ移動完了
[23:47:42] [6.62s] [INFO] モバイル風待機: 0.82秒
[23:47:43] [7.76s] [INFO] 現在のURL: https://x.com/
[23:47:43] [7.76s] [INFO] ページタイトル: X
[23:47:43] [7.76s] [INFO] モバイルログイン状態チェック - URL: https://x.com/home
[23:47:44] [8.27s] [INFO] ✅ モバイルログイン要素発見: nav[role="navigation"]
[23:47:44] [8.52s] [INFO] ✅ モバイルログイン要素発見: [data-testid="primaryColumn"]
[23:47:44] [8.64s] [INFO] ✅ モバイルログイン要素発見: [aria-label*="ホーム"], [aria-label*="Home"]
[23:47:44] [8.64s] [INFO] ✅ モバイルログイン確認 (3個の要素)
[23:47:44] [8.64s] [INFO] 📱 モバイルツイート投稿開始 (テスト: True)
[23:47:44] [8.64s] [INFO] 投稿処理開始時のURL: https://x.com/home
[23:47:44] [8.68s] [INFO] ページ上のボタン要素数: 8
[23:47:44] [8.73s] [INFO] ボタン1: text='', aria-label='プロフィールメニュー めいめい＠株わかりやすくまとめ・解説', testid='DashButton_ProfileIcon_Link', href=''
[23:47:45] [9.08s] [INFO] ボタン2: text='', aria-label='前', testid='', href=''
[23:47:45] [9.12s] [INFO] ボタン3: text='', aria-label='次へ', testid='', href=''
[23:47:45] [9.15s] [INFO] ボタン4: text='', aria-label='前', testid='', href=''
[23:47:45] [9.58s] [INFO] ボタン5: text='', aria-label='次へ', testid='', href=''
[23:47:45] [9.61s] [INFO] ボタン6: text='新しいポストを表示', aria-label='新しいポストがあります。新しいポストに移動するには、ピリオド', testid='', href=''
[23:47:45] [9.83s] [INFO] ボタン7: text='', aria-label='ホームタイムラインに移動', testid='', href=''
[23:47:45] [9.99s] [INFO] ボタン8: text='', aria-label='トレンドに移動', testid='', href=''
[23:47:45] [10.01s] [INFO] モバイル投稿ボタン発見: [data-testid="FloatingActionButtons_Tweet_Button"]
[23:47:45] [10.01s] [INFO] モバイル風待機: 1.61秒
[23:47:47] [11.79s] [INFO] タップ成功
[23:47:47] [11.79s] [INFO] モバイル風待機: 2.61秒
[23:47:50] [14.41s] [INFO] モバイルテキストエリア発見: [data-testid="tweetTextarea_0"]
[23:47:50] [14.41s] [INFO] 📷 画像アップロード開始: 1枚
[23:47:50] [14.43s] [INFO] 📝 [TEXT_CHECK] 画像アップロード前: テキスト長=0, 内容=''
[23:47:50] [14.43s] [INFO] 画像1/1をアップロード中: /Users/takahashimika/Dropbox/web_kabu_ai/temp/base64_images/mobile_chart_251e5298-ade6-470a-953e-fa25f88ec585.png
[23:47:50] [14.46s] [INFO] 📝 [TEXT_CHECK] プログラマティック画像アップロード前_1: テキスト長=0, 内容=''
[23:47:50] [14.46s] [INFO] 📷 ファイルダイアログ回避モードで画像アップロード開始
[23:47:50] [14.47s] [INFO] ✅ 画像ファイル読み込み完了: 1503096 bytes
[23:47:50] [14.47s] [INFO] 🚀 プログラマティック画像アップロード実行: mobile_chart_251e5298-ade6-470a-953e-fa25f88ec585.png
[23:47:50] [14.67s] [INFO] ✅ プログラマティック画像アップロード成功: プログラマティック画像設定完了（ダイアログ回避）
[23:47:50] [14.67s] [INFO]   - Twitterターゲット発見: True
[23:47:50] [14.67s] [INFO]   - ファイル数: 0
[23:47:50] [14.67s] [INFO] モバイル風待機: 2.92秒
[23:47:53] [17.62s] [INFO] 📝 [TEXT_CHECK] プログラマティック画像アップロード後_1: テキスト長=0, 内容=''
[23:47:53] [17.66s] [INFO] ✅ 画像プレビュー確認: .r-1p0dtai img
[23:47:53] [17.66s] [INFO] ✅ 画像が正常にプログラマティックアップロードされました
[23:47:53] [17.66s] [INFO] 📷 プログラマティック画像アップロード処理完了: 1枚処理
[23:47:53] [17.69s] [INFO] 📝 [TEXT_CHECK] 画像アップロード後: テキスト長=0, 内容=''
[23:47:53] [17.69s] [INFO] 📝 テキスト入力開始前の状態チェック
[23:47:53] [17.71s] [INFO] 📝 [TEXT_CHECK] テキスト入力開始前: テキスト長=0, 内容=''
[23:47:53] [17.71s] [INFO] 🎯 [DEBUG] mobile_type開始: clear_first=False, text='【みずほフィナンシャルグループ(8411)】4.69% 上方修正と利上げ期待で強含み推移

今週の株...'
[23:47:53] [17.73s] [INFO] モバイル風待機: 0.48秒
[23:47:54] [18.21s] [INFO] 📝 JavaScript直接入力開始: '【みずほフィナンシャルグループ(8411)】4.69% 上方修正と利上げ期待で強含み推移

今週の株...'
[23:47:54] [18.23s] [INFO] 🔧 [DEBUG] モバイルJS設定結果 - before: '', after: '【みずほフィナンシャルグループ(8411)】4.69% 上方修正と利上げ期待で強含み推移

今週の株...'
[23:47:54] [18.23s] [INFO] ✅ JavaScript直接入力完了: '【みずほフィナンシャルグループ(8411)】4.69% 上方修正と利上げ期待で強含み推移

今週の株...'
[23:47:54] [18.23s] [INFO] モバイル風待機: 0.51秒
[23:47:54] [18.75s] [INFO] 🎯 [DEBUG] モバイル最終結果: '【みずほフィナンシャルグループ(8411)】4.69% 上方修正と利上げ期待で強含み推移

今週の株...'
[23:47:54] [18.75s] [INFO] 📝 テキスト入力完了後の状態チェック
[23:47:54] [18.76s] [INFO] 📝 [TEXT_CHECK] テキスト入力完了後: テキスト長=915, 内容='【みずほフィナンシャルグループ(8411)】4.69% 上方修正と利上げ期待で強含み推移

今週の株...'
[23:47:54] [18.76s] [INFO] ✅ モバイルテキスト入力完了: 【みずほフィナンシャルグループ(8411)】4.69% 上方修正と利上げ期待で強含み推移

今週の株...
[23:47:54] [18.76s] [INFO] 🚫 実投稿モード: 投稿直前で停止（投稿処理はコメントアウト中）
[23:47:54] [18.76s] [INFO] ✅ モバイルテキスト入力完了
[23:47:54] [18.76s] [INFO] 🧹 モバイルブラウザ クリーンアップ開始
[23:47:55] [19.32s] [INFO] ✅ モバイルコンテキストクローズ完了
[23:47:55] [19.34s] [INFO] ✅ Playwrightストップ完了

=== モバイルTwitterデバッグログ終了 ===
終了時刻: 2025-08-17 23:47:55
総実行時間: 19.34秒
============================================================
[23:47:55] [19.34s] [INFO] 📋 詳細デバッグログ保存完了: /Users/takahashimika/Dropbox/web_kabu_ai/python/twitter_auto_post/debug_logs/mobile_twitter_debug_20250817_234735.log
