=== モバイルTwitterデバッグログ開始 ===
開始時刻: 2025-09-06 15:05:50
ログファイル: /Users/takahashimika/Dropbox/web_kabu_ai/python/twitter_auto_post/debug_logs/mobile_twitter_debug_20250906_150550.log
============================================================

[15:05:50] [0.00s] [INFO] モバイルプロファイルディレクトリ: /Users/takahashimika/Dropbox/web_kabu_ai/twitter_mobile_profile
[15:05:50] [0.00s] [INFO] 📱 モバイルブラウザ起動開始
[15:05:50] [0.81s] [INFO] ✅ Playwright インスタンス作成完了
[15:05:50] [0.81s] [INFO] ✅ 既存モバイルプロファイル発見: /Users/takahashimika/Dropbox/web_kabu_ai/twitter_mobile_profile
[15:05:50] [0.81s] [INFO] モバイル引数設定完了: 26個
[15:05:50] [0.81s] [INFO] モバイルコンテキスト作成中...
[15:05:53] [3.02s] [INFO] ✅ モバイルコンテキスト作成完了
[15:05:53] [3.03s] [INFO] 既存モバイルページを使用
[15:05:53] [3.06s] [INFO] ✅ モバイル偽装スクリプト適用完了
[15:05:53] [3.06s] [INFO] 📱 モバイルブラウザ起動成功
[15:05:53] [3.06s] [INFO] 📱 モバイル版Twitterに移動開始
[15:05:53] [3.06s] [INFO] アクセス先: https://mobile.twitter.com
[15:05:54] [4.84s] [INFO] ✅ ページ移動完了
[15:05:54] [4.84s] [INFO] モバイル風待機: 1.28秒
[15:05:56] [6.14s] [INFO] 現在のURL: https://x.com/
[15:05:56] [6.14s] [INFO] ページタイトル: ホーム / X
[15:05:56] [6.14s] [INFO] モバイルログイン状態チェック - URL: https://x.com/home
[15:05:56] [6.23s] [INFO] ✅ モバイルログイン要素発見: nav[role="navigation"]
[15:05:56] [6.25s] [INFO] ✅ モバイルログイン要素発見: [data-testid="primaryColumn"]
[15:05:56] [6.26s] [INFO] ✅ モバイルログイン要素発見: [aria-label*="ホーム"], [aria-label*="Home"]
[15:05:56] [6.26s] [INFO] ✅ モバイルログイン確認 (3個の要素)
[15:05:56] [6.26s] [INFO] 📱 モバイルツイート投稿開始 (テスト: False)
[15:05:56] [6.26s] [INFO] 投稿処理開始時のURL: https://x.com/home
[15:05:56] [6.28s] [INFO] ページ上のボタン要素数: 8
[15:05:56] [6.31s] [INFO] ボタン1: text='', aria-label='プロフィールメニュー meiteko', testid='DashButton_ProfileIcon_Link', href=''
[15:05:56] [6.34s] [INFO] ボタン2: text='', aria-label='前', testid='', href=''
[15:05:56] [6.37s] [INFO] ボタン3: text='', aria-label='次へ', testid='', href=''
[15:05:56] [6.39s] [INFO] ボタン4: text='', aria-label='前', testid='', href=''
[15:05:56] [6.42s] [INFO] ボタン5: text='', aria-label='次へ', testid='', href=''
[15:05:56] [6.44s] [INFO] ボタン6: text='新しいポストを表示', aria-label='新しいポストがあります。新しいポストに移動するには、ピリオド', testid='', href=''
[15:05:56] [6.46s] [INFO] ボタン7: text='', aria-label='ホームタイムラインに移動', testid='', href=''
[15:05:56] [6.48s] [INFO] ボタン8: text='', aria-label='トレンドに移動', testid='', href=''
[15:05:56] [6.49s] [INFO] モバイル投稿ボタン発見: [data-testid="FloatingActionButtons_Tweet_Button"]
[15:05:56] [6.49s] [INFO] モバイル風待機: 1.78秒
[15:05:58] [8.77s] [INFO] タップ成功
[15:05:58] [8.77s] [INFO] モバイル風待機: 2.37秒
[15:06:01] [11.16s] [INFO] モバイルテキストエリア発見: [data-testid="tweetTextarea_0"]
[15:06:01] [11.16s] [INFO] 📝 [SIMPLE_FLOW] 画像先・テキスト後の単純フロー
[15:06:01] [11.16s] [INFO] 📝 [SIMPLE_FLOW] テキスト入力（1回のみ）
[15:06:01] [11.16s] [INFO] 📝 [SIMPLE_TYPE] シンプルテキスト入力開始: 649文字
[15:06:01] [11.16s] [INFO] モバイル風待機: 0.42秒
[15:06:01] [11.60s] [INFO] ✅ [SIMPLE_TYPE] テキスト設定完了: 649文字
[15:06:01] [11.60s] [INFO] 🎯 [SIMPLE_FLOW] テキストエリアにフォーカス維持
[15:06:01] [11.62s] [INFO] モバイル風待機: 0.68秒
[15:06:02] [12.30s] [INFO] ✅ モバイルテキスト入力完了: 【データセクション(3905)】1.02%上昇、AIデータセンター稼働で収益計上開始へ期待感

★今...
[15:06:02] [12.30s] [INFO] 🚀 [強化版] 実投稿モード: 確実な投稿ボタン探索開始
[15:06:02] [12.30s] [INFO] 🎯 [強化版] 投稿ボタン探索 試行 1/3
[15:06:02] [12.33s] [INFO] 📍 [強化版] ボタン発見: [data-testid="tweetButton"]
[15:06:02] [12.33s] [INFO]    可視: True, 有効: False, 接続: True
[15:06:02] [12.33s] [INFO]    テキスト: 'ポストする'
[15:06:02] [12.36s] [INFO] 📍 [強化版] ボタン発見: button[data-testid="tweetButton"]
[15:06:02] [12.36s] [INFO]    可視: True, 有効: False, 接続: True
[15:06:02] [12.36s] [INFO]    テキスト: 'ポストする'
[15:06:02] [12.39s] [INFO] 📍 [強化版] ボタン発見: [role="button"][data-testid="tweetButton"]
[15:06:02] [12.39s] [INFO]    可視: True, 有効: False, 接続: True
[15:06:02] [12.39s] [INFO]    テキスト: 'ポストする'
[15:06:02] [12.42s] [INFO] 📍 [強化版] ボタン発見: button:has-text("ポスト")
[15:06:02] [12.42s] [INFO]    可視: True, 有効: False, 接続: True
[15:06:02] [12.42s] [INFO]    テキスト: 'ポストする'
[15:06:02] [12.46s] [INFO] 📍 [強化版] ボタン発見: [aria-label*="ポスト"]
[15:06:02] [12.46s] [INFO]    可視: True, 有効: True, 接続: True
[15:06:02] [12.46s] [INFO]    テキスト: ''
[15:06:02] [12.46s] [INFO] ✅ [強化版] 有効な投稿ボタン確認: [aria-label*="ポスト"]
[15:06:02] [12.46s] [INFO] 🎯 [SIMPLE_FLOW] 投稿ボタンクリック試行 1: [aria-label*="ポスト"]
[15:06:02] [12.46s] [INFO] ⏳ 投稿ボタンクリック前に20秒待機中...
[15:06:22] [32.46s] [INFO] ✅ 20秒待機完了
[15:06:22] [32.46s] [INFO] 🎯 [SIMPLE_FLOW] フォーカス維持したままJSクリック
[15:06:22] [32.47s] [INFO] ✅ [SIMPLE_FLOW] JSクリック成功（フォーカス維持）
[15:06:22] [32.47s] [INFO] 🎉 [強化版] [ポストボタン確実クリック済み] 投稿処理成功
[15:06:22] [32.47s] [INFO] モバイル風待機: 3.16秒
[15:06:25] [35.64s] [INFO] 🔍 [POST-VALIDATION] 投稿完了後の最終確認開始
[15:06:25] [35.64s] [INFO] 📍 [POST-VALIDATION] 投稿後URL: https://x.com/compose/post
[15:06:25] [35.64s] [INFO] ✅ [POST-VALIDATION] ホーム画面への遷移確認
[15:06:25] [35.85s] [INFO] 📢 [POST-VALIDATION] 成功インジケーター発見: 長いポストや記事を作成するには、プレミアムプラスにアップグレードしてください。
プレミアムプラスにアップグレード
[15:06:25] [35.85s] [INFO] ============================================================
[15:06:25] [35.85s] [INFO] 📊 [FINAL-SUMMARY] 投稿処理完了サマリー
[15:06:25] [35.85s] [INFO] ============================================================
[15:06:25] [35.85s] [INFO] 📝 投稿メッセージ長: 649文字
[15:06:25] [35.85s] [INFO] 📝 投稿メッセージ内容: 【データセクション(3905)】1.02%上昇、AIデータセンター稼働で収益計上開始へ期待感

★今日の流れと解説  
データセクションは前日比+1.02%と小幅上昇し、AIデータセンター「ソラリア」の稼働に伴うサービス利用料の計上開始が市場に好感された。投資家は大口受注の業績反映を期待しつつ、IR発表遅延への不安も残る中、短期的な需給バランスの改善を見せている。

午後には売り圧の一部緩和も見ら...
[15:06:25] [35.85s] [INFO] 📷 画像アップロード: なし
[15:06:25] [35.85s] [INFO] 🌐 最終URL: https://x.com/compose/post
[15:06:25] [35.85s] [INFO] ⏰ 投稿完了時刻: 2025-09-06 15:06:25
[15:06:25] [35.85s] [INFO] ============================================================
[15:06:25] [35.85s] [INFO] ✅ === モバイル版投稿完了成功！ ===
[15:06:25] [35.85s] [INFO] 🧹 モバイルブラウザ クリーンアップ開始
[15:06:26] [36.38s] [INFO] ✅ モバイルコンテキストクローズ完了
[15:06:26] [36.39s] [INFO] ✅ Playwrightストップ完了

=== モバイルTwitterデバッグログ終了 ===
終了時刻: 2025-09-06 15:06:26
総実行時間: 36.39秒
============================================================
[15:06:26] [36.39s] [INFO] 📋 詳細デバッグログ保存完了: /Users/takahashimika/Dropbox/web_kabu_ai/python/twitter_auto_post/debug_logs/mobile_twitter_debug_20250906_150550.log
