=== モバイルTwitterデバッグログ開始 ===
開始時刻: 2025-08-17 20:47:08
ログファイル: /Users/takahashimika/Dropbox/web_kabu_ai/python/twitter_auto_post/debug_logs/mobile_twitter_debug_20250817_204708.log
============================================================

[20:47:08] [0.00s] [INFO] モバイルプロファイルディレクトリ: /Users/takahashimika/Dropbox/web_kabu_ai/twitter_mobile_profile
[20:47:08] [0.00s] [INFO] 📱 モバイルブラウザ起動開始
[20:47:09] [0.87s] [INFO] ✅ Playwright インスタンス作成完了
[20:47:09] [0.87s] [INFO] ✅ 既存モバイルプロファイル発見: /Users/takahashimika/Dropbox/web_kabu_ai/twitter_mobile_profile
[20:47:09] [0.87s] [INFO] モバイル引数設定完了: 26個
[20:47:09] [0.87s] [INFO] モバイルコンテキスト作成中...
[20:47:11] [3.22s] [INFO] ✅ モバイルコンテキスト作成完了
[20:47:11] [3.22s] [INFO] 既存モバイルページを使用
[20:47:11] [3.23s] [INFO] ✅ モバイル偽装スクリプト適用完了
[20:47:11] [3.23s] [INFO] 📱 モバイルブラウザ起動成功
[20:47:11] [3.23s] [INFO] 📱 モバイル版Twitterに移動開始
[20:47:11] [3.24s] [INFO] アクセス先: https://mobile.twitter.com
[20:47:13] [5.35s] [INFO] ✅ ページ移動完了
[20:47:13] [5.35s] [INFO] モバイル風待機: 1.35秒
[20:47:15] [6.72s] [INFO] 現在のURL: https://x.com/
[20:47:15] [6.72s] [INFO] ページタイトル: ホーム / X
[20:47:15] [6.72s] [INFO] モバイルログイン状態チェック - URL: https://x.com/home
[20:47:15] [6.84s] [INFO] ✅ モバイルログイン要素発見: nav[role="navigation"]
[20:47:15] [6.86s] [INFO] ✅ モバイルログイン要素発見: [data-testid="primaryColumn"]
[20:47:15] [6.88s] [INFO] ✅ モバイルログイン要素発見: [aria-label*="ホーム"], [aria-label*="Home"]
[20:47:15] [6.88s] [INFO] ✅ モバイルログイン確認 (3個の要素)
[20:47:15] [6.88s] [INFO] 📱 モバイルツイート投稿開始 (テスト: True)
[20:47:15] [6.88s] [INFO] 投稿処理開始時のURL: https://x.com/home
[20:47:15] [6.90s] [INFO] ページ上のボタン要素数: 8
[20:47:15] [6.93s] [INFO] ボタン1: text='', aria-label='プロフィールメニュー めいめい＠株わかりやすくまとめ・解説', testid='DashButton_ProfileIcon_Link', href=''
[20:47:15] [6.96s] [INFO] ボタン2: text='', aria-label='前', testid='', href=''
[20:47:15] [6.98s] [INFO] ボタン3: text='', aria-label='次へ', testid='', href=''
[20:47:15] [7.00s] [INFO] ボタン4: text='', aria-label='前', testid='', href=''
[20:47:15] [7.03s] [INFO] ボタン5: text='', aria-label='次へ', testid='', href=''
[20:47:15] [7.05s] [INFO] ボタン6: text='新しいポストを表示', aria-label='新しいポストがあります。新しいポストに移動するには、ピリオド', testid='', href=''
[20:47:15] [7.07s] [INFO] ボタン7: text='', aria-label='ホームタイムラインに移動', testid='', href=''
[20:47:15] [7.10s] [INFO] ボタン8: text='', aria-label='トレンドに移動', testid='', href=''
[20:47:15] [7.11s] [INFO] モバイル投稿ボタン発見: [data-testid="FloatingActionButtons_Tweet_Button"]
[20:47:15] [7.12s] [INFO] モバイル風待機: 1.56秒
[20:47:17] [9.04s] [INFO] タップ成功
[20:47:17] [9.04s] [INFO] モバイル風待機: 2.10秒
[20:47:19] [11.15s] [INFO] モバイルテキストエリア発見: [data-testid="tweetTextarea_0"]
[20:47:19] [11.15s] [INFO] 📝 テキスト入力開始前の状態チェック
[20:47:19] [11.18s] [INFO] 📝 [TEXT_CHECK] テキスト入力開始前: テキスト長=0, 内容=''
[20:47:19] [11.18s] [INFO] 🎯 [DEBUG] mobile_type開始: clear_first=False, text='【日産自動車(7201)】3.28%　今週は中国市場好調と新EV戦略が株価上昇を牽引

今週の株価変...'
[20:47:19] [11.19s] [INFO] モバイル風待機: 0.34秒
[20:47:20] [11.53s] [INFO] 📝 JavaScript直接入力開始: '【日産自動車(7201)】3.28%　今週は中国市場好調と新EV戦略が株価上昇を牽引

今週の株価変...'
[20:47:20] [11.55s] [INFO] 🔧 [DEBUG] モバイルJS設定結果 - before: '', after: '【日産自動車(7201)】3.28%　今週は中国市場好調と新EV戦略が株価上昇を牽引

今週の株価変...'
[20:47:20] [11.55s] [INFO] ✅ JavaScript直接入力完了: '【日産自動車(7201)】3.28%　今週は中国市場好調と新EV戦略が株価上昇を牽引

今週の株価変...'
[20:47:20] [11.55s] [INFO] モバイル風待機: 0.41秒
[20:47:20] [11.97s] [INFO] 🎯 [DEBUG] モバイル最終結果: '【日産自動車(7201)】3.28%　今週は中国市場好調と新EV戦略が株価上昇を牽引

今週の株価変...'
[20:47:20] [11.97s] [INFO] 📝 テキスト入力完了後の状態チェック
[20:47:20] [11.98s] [INFO] 📝 [TEXT_CHECK] テキスト入力完了後: テキスト長=632, 内容='【日産自動車(7201)】3.28%　今週は中国市場好調と新EV戦略が株価上昇を牽引

今週の株価変...'
[20:47:20] [11.98s] [INFO] ✅ モバイルテキスト入力完了: 【日産自動車(7201)】3.28%　今週は中国市場好調と新EV戦略が株価上昇を牽引

今週の株価変...
[20:47:20] [11.98s] [INFO] 🚫 実投稿モード: 投稿直前で停止（投稿処理はコメントアウト中）
[20:47:20] [11.98s] [INFO] ✅ モバイルテキスト入力完了
[20:47:20] [11.98s] [INFO] 🧹 モバイルブラウザ クリーンアップ開始
[20:47:21] [12.62s] [INFO] ✅ モバイルコンテキストクローズ完了
[20:47:21] [12.64s] [INFO] ✅ Playwrightストップ完了

=== モバイルTwitterデバッグログ終了 ===
終了時刻: 2025-08-17 20:47:21
総実行時間: 12.64秒
============================================================
[20:47:21] [12.64s] [INFO] 📋 詳細デバッグログ保存完了: /Users/takahashimika/Dropbox/web_kabu_ai/python/twitter_auto_post/debug_logs/mobile_twitter_debug_20250817_204708.log
