=== モバイルTwitterデバッグログ開始 ===
開始時刻: 2025-08-17 19:55:52
ログファイル: /Users/takahashimika/Dropbox/web_kabu_ai/python/twitter_auto_post/debug_logs/mobile_twitter_debug_20250817_195552.log
============================================================

[19:55:52] [0.00s] [INFO] モバイルプロファイルディレクトリ: /Users/takahashimika/Dropbox/web_kabu_ai/twitter_mobile_profile
[19:55:52] [0.00s] [INFO] 📱 モバイルブラウザ起動開始
[19:55:53] [0.67s] [INFO] ✅ Playwright インスタンス作成完了
[19:55:53] [0.67s] [INFO] ✅ 既存モバイルプロファイル発見: /Users/takahashimika/Dropbox/web_kabu_ai/twitter_mobile_profile
[19:55:53] [0.67s] [INFO] モバイル引数設定完了: 26個
[19:55:53] [0.67s] [INFO] モバイルコンテキスト作成中...
[19:55:55] [3.08s] [INFO] ✅ モバイルコンテキスト作成完了
[19:55:55] [3.08s] [INFO] 既存モバイルページを使用
[19:55:55] [3.10s] [INFO] ✅ モバイル偽装スクリプト適用完了
[19:55:55] [3.10s] [INFO] 📱 モバイルブラウザ起動成功
[19:55:55] [3.10s] [INFO] 📱 モバイル版Twitterに移動開始
[19:55:55] [3.10s] [INFO] アクセス先: https://mobile.twitter.com
[19:55:57] [5.02s] [INFO] ✅ ページ移動完了
[19:55:57] [5.02s] [INFO] モバイル風待機: 1.91秒
[19:55:59] [6.94s] [INFO] 現在のURL: https://x.com/
[19:55:59] [6.94s] [INFO] ページタイトル: ホーム / X
[19:55:59] [6.94s] [INFO] モバイルログイン状態チェック - URL: https://x.com/home
[19:55:59] [7.00s] [INFO] ✅ モバイルログイン要素発見: nav[role="navigation"]
[19:55:59] [7.02s] [INFO] ✅ モバイルログイン要素発見: [data-testid="primaryColumn"]
[19:55:59] [7.04s] [INFO] ✅ モバイルログイン要素発見: [aria-label*="ホーム"], [aria-label*="Home"]
[19:55:59] [7.04s] [INFO] ✅ モバイルログイン確認 (3個の要素)
[19:55:59] [7.04s] [INFO] 📱 モバイルツイート投稿開始 (テスト: False)
[19:55:59] [7.04s] [INFO] 投稿処理開始時のURL: https://x.com/home
[19:55:59] [7.07s] [INFO] ページ上のボタン要素数: 8
[19:55:59] [7.11s] [INFO] ボタン1: text='', aria-label='プロフィールメニュー めいめい＠株わかりやすくまとめ・解説', testid='DashButton_ProfileIcon_Link', href=''
[19:55:59] [7.15s] [INFO] ボタン2: text='', aria-label='前', testid='', href=''
[19:55:59] [7.18s] [INFO] ボタン3: text='', aria-label='次へ', testid='', href=''
[19:55:59] [7.21s] [INFO] ボタン4: text='', aria-label='前', testid='', href=''
[19:55:59] [7.39s] [INFO] ボタン5: text='', aria-label='次へ', testid='', href=''
[19:55:59] [7.42s] [INFO] ボタン6: text='新しいポストを表示', aria-label='新しいポストがあります。新しいポストに移動するには、ピリオド', testid='', href=''
[19:55:59] [7.44s] [INFO] ボタン7: text='', aria-label='ホームタイムラインに移動', testid='', href=''
[19:55:59] [7.46s] [INFO] ボタン8: text='', aria-label='トレンドに移動', testid='', href=''
[19:55:59] [7.48s] [INFO] モバイル投稿ボタン発見: [data-testid="FloatingActionButtons_Tweet_Button"]
[19:55:59] [7.48s] [INFO] モバイル風待機: 1.28秒
[19:56:01] [9.11s] [INFO] タップ成功
[19:56:01] [9.11s] [INFO] モバイル風待機: 2.49秒
[19:56:03] [11.61s] [INFO] モバイルテキストエリア発見: [data-testid="tweetTextarea_0"]
[19:56:03] [11.62s] [INFO] 📷 画像アップロード開始: 1枚
[19:56:03] [11.65s] [INFO] 📝 [TEXT_CHECK] 画像アップロード前: テキスト長=0, 内容=''
[19:56:03] [11.65s] [INFO] 画像1/1をアップロード中: /Users/takahashimika/Dropbox/web_kabu_ai/temp/base64_images/mobile_chart_ac17f39a-f137-4ffd-89d2-930e2dfe2c75.png
[19:56:04] [11.68s] [INFO] 📝 [TEXT_CHECK] プログラマティック画像アップロード前_1: テキスト長=0, 内容=''
[19:56:04] [11.68s] [INFO] 📷 ファイルダイアログ回避モードで画像アップロード開始
[19:56:04] [11.69s] [INFO] ✅ 画像ファイル読み込み完了: 1509560 bytes
[19:56:04] [11.69s] [INFO] 🚀 プログラマティック画像アップロード実行: mobile_chart_ac17f39a-f137-4ffd-89d2-930e2dfe2c75.png
[19:56:04] [11.91s] [INFO] ✅ プログラマティック画像アップロード成功: プログラマティック画像設定完了（ダイアログ回避）
[19:56:04] [11.91s] [INFO]   - Twitterターゲット発見: True
[19:56:04] [11.91s] [INFO]   - ファイル数: 0
[19:56:04] [11.91s] [INFO] モバイル風待機: 2.60秒
[19:56:06] [14.54s] [INFO] 📝 [TEXT_CHECK] プログラマティック画像アップロード後_1: テキスト長=0, 内容=''
[19:56:06] [14.56s] [INFO] ✅ 画像プレビュー確認: .r-1p0dtai img
[19:56:06] [14.56s] [INFO] ✅ 画像が正常にプログラマティックアップロードされました
[19:56:06] [14.56s] [INFO] 📷 プログラマティック画像アップロード処理完了: 1枚処理
[19:56:06] [14.59s] [INFO] 📝 [TEXT_CHECK] 画像アップロード後: テキスト長=0, 内容=''
[19:56:06] [14.59s] [INFO] 📝 テキスト入力開始前の状態チェック
[19:56:06] [14.62s] [INFO] 📝 [TEXT_CHECK] テキスト入力開始前: テキスト長=0, 内容=''
[19:56:06] [14.62s] [INFO] 🎯 [DEBUG] mobile_type開始: clear_first=False, text='【レーザーテック(6920)】8.31% 大幅上昇、インテル支援と需給改善で反発強まる

今週の株価...'
[19:56:06] [14.63s] [INFO] モバイル風待機: 0.25秒
[19:56:07] [14.88s] [INFO] 📝 JavaScript直接入力開始: '【レーザーテック(6920)】8.31% 大幅上昇、インテル支援と需給改善で反発強まる

今週の株価...'
[19:56:07] [14.90s] [INFO] 🔧 [DEBUG] モバイルJS設定結果 - before: '', after: '【レーザーテック(6920)】8.31% 大幅上昇、インテル支援と需給改善で反発強まる

今週の株価...'
[19:56:07] [14.90s] [INFO] ✅ JavaScript直接入力完了: '【レーザーテック(6920)】8.31% 大幅上昇、インテル支援と需給改善で反発強まる

今週の株価...'
[19:56:07] [14.90s] [INFO] モバイル風待機: 0.45秒
[19:56:07] [15.36s] [INFO] 🎯 [DEBUG] モバイル最終結果: ''
[19:56:07] [15.36s] [INFO] 📝 テキスト入力完了後の状態チェック
[19:56:07] [15.39s] [INFO] 📝 [TEXT_CHECK] テキスト入力完了後: テキスト長=0, 内容=''
[19:56:07] [15.39s] [INFO] ✅ モバイルテキスト入力完了: 【レーザーテック(6920)】8.31% 大幅上昇、インテル支援と需給改善で反発強まる

今週の株価...
[19:56:07] [15.39s] [INFO] 🚀 実投稿モード: 投稿ボタンを探します
[19:56:07] [15.42s] [INFO] 投稿ボタン発見: [data-testid="tweetButton"]
[19:56:07] [15.42s] [INFO] 🚀 モバイル実投稿実行中...
[19:56:07] [15.64s] [INFO] タップ成功
[19:56:07] [15.64s] [INFO] モバイル風待機: 4.12秒
[19:56:12] [19.76s] [INFO] ✅ === モバイル版投稿完了成功！ ===
[19:56:12] [19.76s] [INFO] 🧹 モバイルブラウザ クリーンアップ開始
[19:56:12] [20.36s] [INFO] ✅ モバイルコンテキストクローズ完了
[19:56:12] [20.38s] [INFO] ✅ Playwrightストップ完了

=== モバイルTwitterデバッグログ終了 ===
終了時刻: 2025-08-17 19:56:12
総実行時間: 20.38秒
============================================================
[19:56:12] [20.38s] [INFO] 📋 詳細デバッグログ保存完了: /Users/takahashimika/Dropbox/web_kabu_ai/python/twitter_auto_post/debug_logs/mobile_twitter_debug_20250817_195552.log
