=== モバイルTwitterデバッグログ開始 ===
開始時刻: 2025-09-06 13:51:28
ログファイル: /Users/takahashimika/Dropbox/web_kabu_ai/python/twitter_auto_post/debug_logs/mobile_twitter_debug_20250906_135128.log
============================================================

[13:51:28] [0.00s] [INFO] モバイルプロファイルディレクトリ: /Users/takahashimika/Dropbox/web_kabu_ai/twitter_mobile_profile
[13:51:28] [0.00s] [INFO] 📱 モバイルブラウザ起動開始
[13:51:29] [1.11s] [INFO] ✅ Playwright インスタンス作成完了
[13:51:29] [1.11s] [INFO] ✅ 既存モバイルプロファイル発見: /Users/takahashimika/Dropbox/web_kabu_ai/twitter_mobile_profile
[13:51:29] [1.11s] [INFO] モバイル引数設定完了: 26個
[13:51:29] [1.11s] [INFO] モバイルコンテキスト作成中...
[13:51:32] [4.26s] [INFO] ✅ モバイルコンテキスト作成完了
[13:51:32] [4.26s] [INFO] 既存モバイルページを使用
[13:51:32] [4.29s] [INFO] ✅ モバイル偽装スクリプト適用完了
[13:51:32] [4.29s] [INFO] 📱 モバイルブラウザ起動成功
[13:51:32] [4.29s] [INFO] 📱 モバイル版Twitterに移動開始
[13:51:32] [4.29s] [INFO] アクセス先: https://mobile.twitter.com
[13:51:34] [6.12s] [INFO] ✅ ページ移動完了
[13:51:34] [6.12s] [INFO] モバイル風待機: 1.80秒
[13:51:36] [7.94s] [INFO] 現在のURL: https://x.com/
[13:51:36] [7.94s] [INFO] ページタイトル: ホーム / X
[13:51:36] [7.94s] [INFO] モバイルログイン状態チェック - URL: https://x.com/home
[13:51:36] [7.99s] [INFO] ✅ モバイルログイン要素発見: nav[role="navigation"]
[13:51:36] [8.00s] [INFO] ✅ モバイルログイン要素発見: [data-testid="primaryColumn"]
[13:51:36] [8.02s] [INFO] ✅ モバイルログイン要素発見: [aria-label*="ホーム"], [aria-label*="Home"]
[13:51:36] [8.02s] [INFO] ✅ モバイルログイン確認 (3個の要素)
[13:51:36] [8.02s] [INFO] 📱 モバイルツイート投稿開始 (テスト: False)
[13:51:36] [8.02s] [INFO] 投稿処理開始時のURL: https://x.com/home
[13:51:36] [8.03s] [INFO] ページ上のボタン要素数: 9
[13:51:36] [8.06s] [INFO] ボタン1: text='', aria-label='プロフィールメニュー meiteko', testid='DashButton_ProfileIcon_Link', href=''
[13:51:36] [8.10s] [INFO] ボタン2: text='', aria-label='前', testid='', href=''
[13:51:36] [8.12s] [INFO] ボタン3: text='', aria-label='次へ', testid='', href=''
[13:51:36] [8.15s] [INFO] ボタン4: text='', aria-label='前', testid='', href=''
[13:51:36] [8.17s] [INFO] ボタン5: text='+4.6万·【8周年】アズレンEXPO ', aria-label='ライブ放送、アズールレーン公式さんがホストしています、アズー', testid='', href=''
[13:51:36] [8.19s] [INFO] ボタン6: text='', aria-label='次へ', testid='', href=''
[13:51:36] [8.37s] [INFO] ボタン7: text='新しいポストを表示', aria-label='新しいポストがあります。新しいポストに移動するには、ピリオド', testid='', href=''
[13:51:36] [8.39s] [INFO] ボタン8: text='', aria-label='ホームタイムラインに移動', testid='', href=''
[13:51:36] [8.41s] [INFO] ボタン9: text='', aria-label='トレンドに移動', testid='', href=''
[13:51:36] [8.42s] [INFO] モバイル投稿ボタン発見: [data-testid="FloatingActionButtons_Tweet_Button"]
[13:51:36] [8.42s] [INFO] モバイル風待機: 1.87秒
[13:51:39] [10.49s] [INFO] タップ成功
[13:51:39] [10.49s] [INFO] モバイル風待機: 2.43秒
[13:51:41] [12.93s] [INFO] モバイルテキストエリア発見: [data-testid="tweetTextarea_0"]
[13:51:41] [12.94s] [INFO] 📝 [SIMPLE_FLOW] 画像先・テキスト後の単純フロー
[13:51:41] [12.94s] [INFO] 📝 [SIMPLE_FLOW] テキスト入力（1回のみ）
[13:51:41] [12.94s] [INFO] 📝 [SIMPLE_TYPE] シンプルテキスト入力開始: 823文字
[13:51:41] [12.94s] [INFO] モバイル風待機: 0.35秒
[13:51:41] [13.30s] [INFO] ✅ [SIMPLE_TYPE] テキスト設定完了: 823文字
[13:51:41] [13.30s] [INFO] 🎯 [SIMPLE_FLOW] テキストエリアにフォーカス維持
[13:51:41] [13.32s] [INFO] モバイル風待機: 0.54秒
[13:51:42] [13.86s] [INFO] ✅ モバイルテキスト入力完了: 【トヨタ自動車(7203)】1.98%

米国関税15%決定で株価反発も利益圧迫懸念残る  

★今...
[13:51:42] [13.86s] [INFO] 🚀 [強化版] 実投稿モード: 確実な投稿ボタン探索開始
[13:51:42] [13.86s] [INFO] 🎯 [強化版] 投稿ボタン探索 試行 1/3
[13:51:42] [13.89s] [INFO] 📍 [強化版] ボタン発見: [data-testid="tweetButton"]
[13:51:42] [13.89s] [INFO]    可視: True, 有効: False, 接続: True
[13:51:42] [13.89s] [INFO]    テキスト: 'ポストする'
[13:51:42] [13.91s] [INFO] 📍 [強化版] ボタン発見: button[data-testid="tweetButton"]
[13:51:42] [13.91s] [INFO]    可視: True, 有効: False, 接続: True
[13:51:42] [13.91s] [INFO]    テキスト: 'ポストする'
[13:51:42] [13.94s] [INFO] 📍 [強化版] ボタン発見: [role="button"][data-testid="tweetButton"]
[13:51:42] [13.94s] [INFO]    可視: True, 有効: False, 接続: True
[13:51:42] [13.94s] [INFO]    テキスト: 'ポストする'
[13:51:42] [13.97s] [INFO] 📍 [強化版] ボタン発見: button:has-text("ポスト")
[13:51:42] [13.97s] [INFO]    可視: True, 有効: False, 接続: True
[13:51:42] [13.97s] [INFO]    テキスト: 'ポストする'
[13:51:42] [14.00s] [INFO] 📍 [強化版] ボタン発見: [aria-label*="ポスト"]
[13:51:42] [14.00s] [INFO]    可視: True, 有効: True, 接続: True
[13:51:42] [14.00s] [INFO]    テキスト: ''
[13:51:42] [14.00s] [INFO] ✅ [強化版] 有効な投稿ボタン確認: [aria-label*="ポスト"]
[13:51:42] [14.00s] [INFO] 🎯 [SIMPLE_FLOW] 投稿ボタンクリック試行 1: [aria-label*="ポスト"]
[13:51:42] [14.00s] [INFO] ⏳ 投稿ボタンクリック前に10秒待機中...
[13:51:52] [24.01s] [INFO] ✅ 10秒待機完了
[13:51:52] [24.01s] [INFO] 🔒 [TEXT_PROTECT] テキスト保護付き投稿ボタンクリック
[13:51:52] [24.01s] [INFO] ❌ [SIMPLE_FLOW] クリック例外: Page.evaluate() takes from 2 to 3 positional arguments but 4 were given
[13:51:52] [24.01s] [INFO] 🔄 [TEXT_PROTECT] フォールバック: シンプルクリック
[13:51:52] [24.02s] [INFO] 📝 [TEXT_CHECK] フォールバッククリック前: テキスト長=824, 内容='【トヨタ自動車(7203)】1.98%

米国関税15%決定で株価反発も利益圧迫懸念残る   

★...'
[13:51:52] [24.02s] [INFO] モバイル風待機: 1.69秒
[13:51:54] [25.73s] [INFO] 📝 [TEXT_CHECK] フォールバッククリック後: テキスト長=824, 内容='【トヨタ自動車(7203)】1.98%

米国関税15%決定で株価反発も利益圧迫懸念残る   

★...'
[13:51:54] [25.73s] [INFO] ⚠️ [TEXT_PROTECT] フォールバッククリック効果なし
[13:51:54] [25.73s] [INFO] ⏳ [強化版] 次の試行まで待機...
[13:51:54] [25.73s] [INFO] モバイル風待機: 2.16秒
[13:51:56] [27.90s] [INFO] 🎯 [強化版] 投稿ボタン探索 試行 2/3
[13:51:56] [27.92s] [INFO] 📍 [強化版] ボタン発見: [data-testid="tweetButton"]
[13:51:56] [27.92s] [INFO]    可視: True, 有効: False, 接続: True
[13:51:56] [27.93s] [INFO]    テキスト: 'ポストする'
[13:51:56] [27.95s] [INFO] 📍 [強化版] ボタン発見: button[data-testid="tweetButton"]
[13:51:56] [27.95s] [INFO]    可視: True, 有効: False, 接続: True
[13:51:56] [27.95s] [INFO]    テキスト: 'ポストする'
[13:51:56] [27.97s] [INFO] 📍 [強化版] ボタン発見: [role="button"][data-testid="tweetButton"]
[13:51:56] [27.97s] [INFO]    可視: True, 有効: False, 接続: True
[13:51:56] [27.97s] [INFO]    テキスト: 'ポストする'
[13:51:56] [28.01s] [INFO] 📍 [強化版] ボタン発見: button:has-text("ポスト")
[13:51:56] [28.01s] [INFO]    可視: True, 有効: False, 接続: True
[13:51:56] [28.01s] [INFO]    テキスト: 'ポストする'
[13:51:56] [28.04s] [INFO] 📍 [強化版] ボタン発見: [aria-label*="ポスト"]
[13:51:56] [28.04s] [INFO]    可視: True, 有効: True, 接続: True
[13:51:56] [28.04s] [INFO]    テキスト: ''
[13:51:56] [28.04s] [INFO] ✅ [強化版] 有効な投稿ボタン確認: [aria-label*="ポスト"]
[13:51:56] [28.04s] [INFO] 🎯 [SIMPLE_FLOW] 投稿ボタンクリック試行 2: [aria-label*="ポスト"]
[13:51:56] [28.04s] [INFO] ⏳ 投稿ボタンクリック前に10秒待機中...
[13:52:06] [38.04s] [INFO] ✅ 10秒待機完了
[13:52:06] [38.05s] [INFO] 🔒 [TEXT_PROTECT] テキスト保護付き投稿ボタンクリック
[13:52:06] [38.05s] [INFO] ❌ [SIMPLE_FLOW] クリック例外: Page.evaluate() takes from 2 to 3 positional arguments but 4 were given
[13:52:06] [38.05s] [INFO] 🔄 [TEXT_PROTECT] フォールバック: シンプルクリック
[13:52:06] [38.06s] [INFO] 📝 [TEXT_CHECK] フォールバッククリック前: テキスト長=824, 内容='【トヨタ自動車(7203)】1.98%

米国関税15%決定で株価反発も利益圧迫懸念残る   

★...'
[13:52:06] [38.06s] [INFO] モバイル風待機: 1.60秒
[13:52:08] [39.68s] [INFO] 📝 [TEXT_CHECK] フォールバッククリック後: テキスト長=824, 内容='【トヨタ自動車(7203)】1.98%

米国関税15%決定で株価反発も利益圧迫懸念残る   

★...'
[13:52:08] [39.68s] [INFO] ⚠️ [TEXT_PROTECT] フォールバッククリック効果なし
[13:52:08] [39.68s] [INFO] ⏳ [強化版] 次の試行まで待機...
[13:52:08] [39.68s] [INFO] モバイル風待機: 1.62秒
[13:52:09] [41.31s] [INFO] 🎯 [強化版] 投稿ボタン探索 試行 3/3
[13:52:09] [41.33s] [INFO] 📍 [強化版] ボタン発見: [data-testid="tweetButton"]
[13:52:09] [41.34s] [INFO]    可視: True, 有効: False, 接続: True
[13:52:09] [41.34s] [INFO]    テキスト: 'ポストする'
[13:52:09] [41.36s] [INFO] 📍 [強化版] ボタン発見: button[data-testid="tweetButton"]
[13:52:09] [41.36s] [INFO]    可視: True, 有効: False, 接続: True
[13:52:09] [41.36s] [INFO]    テキスト: 'ポストする'
[13:52:09] [41.38s] [INFO] 📍 [強化版] ボタン発見: [role="button"][data-testid="tweetButton"]
[13:52:09] [41.38s] [INFO]    可視: True, 有効: False, 接続: True
[13:52:09] [41.38s] [INFO]    テキスト: 'ポストする'
[13:52:09] [41.42s] [INFO] 📍 [強化版] ボタン発見: button:has-text("ポスト")
[13:52:09] [41.42s] [INFO]    可視: True, 有効: False, 接続: True
[13:52:09] [41.42s] [INFO]    テキスト: 'ポストする'
[13:52:10] [41.46s] [INFO] 📍 [強化版] ボタン発見: [aria-label*="ポスト"]
[13:52:10] [41.46s] [INFO]    可視: True, 有効: True, 接続: True
[13:52:10] [41.46s] [INFO]    テキスト: ''
[13:52:10] [41.46s] [INFO] ✅ [強化版] 有効な投稿ボタン確認: [aria-label*="ポスト"]
[13:52:10] [41.46s] [INFO] 🎯 [SIMPLE_FLOW] 投稿ボタンクリック試行 3: [aria-label*="ポスト"]
[13:52:10] [41.46s] [INFO] ⏳ 投稿ボタンクリック前に10秒待機中...
[13:52:20] [51.46s] [INFO] ✅ 10秒待機完了
[13:52:20] [51.46s] [INFO] 🔒 [TEXT_PROTECT] テキスト保護付き投稿ボタンクリック
[13:52:20] [51.46s] [INFO] ❌ [SIMPLE_FLOW] クリック例外: Page.evaluate() takes from 2 to 3 positional arguments but 4 were given
[13:52:20] [51.46s] [INFO] 🔄 [TEXT_PROTECT] フォールバック: シンプルクリック
[13:52:20] [51.47s] [INFO] 📝 [TEXT_CHECK] フォールバッククリック前: テキスト長=824, 内容='【トヨタ自動車(7203)】1.98%

米国関税15%決定で株価反発も利益圧迫懸念残る   

★...'
[13:52:20] [51.48s] [INFO] モバイル風待機: 1.16秒
[13:52:21] [52.66s] [INFO] 📝 [TEXT_CHECK] フォールバッククリック後: テキスト長=824, 内容='【トヨタ自動車(7203)】1.98%

米国関税15%決定で株価反発も利益圧迫懸念残る   

★...'
[13:52:21] [52.66s] [INFO] ⚠️ [TEXT_PROTECT] フォールバッククリック効果なし
[13:52:21] [52.66s] [INFO] 🔍 [強化版] 投稿ボタン発見失敗 - 詳細調査開始
[13:52:21] [52.70s] [INFO] 🔍 [強化版] ページ内総ボタン数: 13
[13:52:21] [52.74s] [INFO]   ボタン1: text='', aria='戻る', testid='app-bar-back'
[13:52:21] [52.91s] [INFO]   ボタン2: text='下書き', aria='', testid='unsentButton'
[13:52:21] [52.94s] [INFO]   ボタン3: text='ポストする', aria='', testid='tweetButton'
[13:52:21] [52.97s] [INFO]   ボタン4: text='全員が返信できます', aria='全員が返信できます', testid=''
[13:52:21] [53.00s] [INFO]   ボタン5: text='', aria='前', testid=''
[13:52:21] [53.03s] [INFO]   ボタン6: text='', aria='画像や動画を追加', testid=''
[13:52:21] [53.06s] [INFO]   ボタン7: text='', aria='GIF画像を追加', testid='gifSearchButton'
[13:52:21] [53.09s] [INFO]   ボタン8: text='', aria='Grokでポストをブラッシュアップする', testid='grokImgGen'
[13:52:21] [53.12s] [INFO]   ボタン9: text='', aria='投票を追加', testid='createPollButton'
[13:52:21] [53.18s] [INFO]   ボタン10: text='', aria='ポストを予約', testid='scheduleOption'
[13:52:21] [53.18s] [INFO] ❌ [強化版] 全ての試行が失敗しました
[13:52:21] [53.18s] [INFO] 🧹 モバイルブラウザ クリーンアップ開始
[13:52:22] [54.19s] [INFO] ✅ モバイルコンテキストクローズ完了
[13:52:22] [54.21s] [INFO] ✅ Playwrightストップ完了

=== モバイルTwitterデバッグログ終了 ===
終了時刻: 2025-09-06 13:52:22
総実行時間: 54.21秒
============================================================
[13:52:22] [54.21s] [INFO] 📋 詳細デバッグログ保存完了: /Users/takahashimika/Dropbox/web_kabu_ai/python/twitter_auto_post/debug_logs/mobile_twitter_debug_20250906_135128.log
