=== モバイルTwitterデバッグログ開始 ===
開始時刻: 2025-09-06 15:23:23
ログファイル: /Users/takahashimika/Dropbox/web_kabu_ai/python/twitter_auto_post/debug_logs/mobile_twitter_debug_20250906_152323.log
============================================================

[15:23:23] [0.00s] [INFO] モバイルプロファイルディレクトリ: /Users/takahashimika/Dropbox/web_kabu_ai/twitter_mobile_profile
[15:23:23] [0.00s] [INFO] 📱 モバイルブラウザ起動開始
[15:23:24] [0.80s] [INFO] ✅ Playwright インスタンス作成完了
[15:23:24] [0.80s] [INFO] ✅ 既存モバイルプロファイル発見: /Users/takahashimika/Dropbox/web_kabu_ai/twitter_mobile_profile
[15:23:24] [0.80s] [INFO] モバイル引数設定完了: 26個
[15:23:24] [0.80s] [INFO] モバイルコンテキスト作成中...
[15:23:26] [3.15s] [INFO] ✅ モバイルコンテキスト作成完了
[15:23:26] [3.15s] [INFO] 既存モバイルページを使用
[15:23:26] [3.18s] [INFO] ✅ モバイル偽装スクリプト適用完了
[15:23:26] [3.18s] [INFO] 📱 モバイルブラウザ起動成功
[15:23:26] [3.18s] [INFO] 📱 モバイル版Twitterに移動開始
[15:23:26] [3.18s] [INFO] アクセス先: https://mobile.twitter.com
[15:23:28] [5.06s] [INFO] ✅ ページ移動完了
[15:23:28] [5.06s] [INFO] モバイル風待機: 1.95秒
[15:23:30] [7.02s] [INFO] 現在のURL: https://x.com/
[15:23:30] [7.02s] [INFO] ページタイトル: ホーム / X
[15:23:30] [7.03s] [INFO] モバイルログイン状態チェック - URL: https://x.com/home
[15:23:30] [7.14s] [INFO] ✅ モバイルログイン要素発見: nav[role="navigation"]
[15:23:30] [7.16s] [INFO] ✅ モバイルログイン要素発見: [data-testid="primaryColumn"]
[15:23:30] [7.18s] [INFO] ✅ モバイルログイン要素発見: [aria-label*="ホーム"], [aria-label*="Home"]
[15:23:30] [7.18s] [INFO] ✅ モバイルログイン確認 (3個の要素)
[15:23:30] [7.18s] [INFO] 📱 モバイルツイート投稿開始 (テスト: False)
[15:23:30] [7.18s] [INFO] 投稿処理開始時のURL: https://x.com/home
[15:23:30] [7.44s] [INFO] ページ上のボタン要素数: 11
[15:23:31] [8.64s] [INFO] ボタン1: text='', aria-label='プロフィールメニュー meiteko', testid='DashButton_ProfileIcon_Link', href=''
[15:23:32] [8.79s] [INFO] ボタン2: text='', aria-label='前', testid='', href=''
[15:23:32] [8.83s] [INFO] ボタン3: text='', aria-label='次へ', testid='', href=''
[15:23:32] [8.85s] [INFO] ボタン4: text='', aria-label='前', testid='', href=''
[15:23:32] [8.88s] [INFO] ボタン5: text='+6万·【8周年】アズレンEXPO -ア', aria-label='ライブ放送、アズールレーン公式さんがホストしています、アズー', testid='', href=''
[15:23:32] [8.91s] [INFO] ボタン6: text='+3·作業適当', aria-label='スペース、ミルクさんがリスニング中、すめらぎ☕さんがホスト、', testid='', href=''
[15:23:32] [8.94s] [INFO] ボタン7: text='+2·同人AVやコスプレ雑談スピーカー誰', aria-label='スペース、ねこめし@東京メカクシ娘さんがホストしています、ね', testid='', href=''
[15:23:32] [8.96s] [INFO] ボタン8: text='', aria-label='次へ', testid='', href=''
[15:23:32] [8.99s] [INFO] ボタン9: text='新しいポストを表示', aria-label='新しいポストがあります。新しいポストに移動するには、ピリオド', testid='', href=''
[15:23:32] [9.02s] [INFO] ボタン10: text='', aria-label='ホームタイムラインに移動', testid='', href=''
[15:23:32] [9.04s] [INFO] モバイル投稿ボタン発見: [data-testid="FloatingActionButtons_Tweet_Button"]
[15:23:32] [9.04s] [INFO] モバイル風待機: 1.13秒
[15:23:33] [10.34s] [INFO] タップ成功
[15:23:33] [10.34s] [INFO] モバイル風待機: 2.92秒
[15:23:36] [13.27s] [INFO] モバイルテキストエリア発見: [data-testid="tweetTextarea_0"]
[15:23:36] [13.27s] [INFO] 📝 [SIMPLE_FLOW] 画像先・テキスト後の単純フロー
[15:23:36] [13.28s] [INFO] 📷 [SIMPLE_FLOW] 画像アップロード開始: 1枚
[15:23:36] [13.28s] [INFO] 画像1/1をアップロード中: /Users/takahashimika/Dropbox/web_kabu_ai/temp/base64_images/mobile_chart_7894182f-c4a0-40ea-b585-6987bcfbc629.png
[15:23:36] [13.30s] [INFO] 📝 [TEXT_CHECK] プログラマティック画像アップロード前_1: テキスト長=0, 内容=''
[15:23:36] [13.30s] [INFO] 📷 ファイルダイアログ回避モードで画像アップロード開始
[15:23:36] [13.31s] [INFO] ✅ 画像ファイル読み込み完了: 1339992 bytes
[15:23:36] [13.31s] [INFO] 🚀 プログラマティック画像アップロード実行: mobile_chart_7894182f-c4a0-40ea-b585-6987bcfbc629.png
[15:23:36] [13.49s] [INFO] ✅ プログラマティック画像アップロード成功: プログラマティック画像設定完了（ダイアログ回避）
[15:23:36] [13.49s] [INFO]   - Twitterターゲット発見: True
[15:23:36] [13.49s] [INFO]   - ファイル数: 0
[15:23:36] [13.49s] [INFO] モバイル風待機: 2.21秒
[15:23:38] [15.73s] [INFO] 📝 [TEXT_CHECK] プログラマティック画像アップロード後_1: テキスト長=0, 内容=''
[15:23:38] [15.75s] [INFO] ✅ 画像プレビュー確認: .r-1p0dtai img
[15:23:38] [15.75s] [INFO] ✅ 画像が正常にプログラマティックアップロードされました
[15:23:38] [15.75s] [INFO] 📷 プログラマティック画像アップロード処理完了: 1枚処理
[15:23:38] [15.75s] [INFO] モバイル風待機: 1.33秒
[15:23:40] [17.08s] [INFO] 📝 [SIMPLE_FLOW] テキスト入力（1回のみ）
[15:23:40] [17.08s] [INFO] 📝 [PROTECTED_TYPE] フォーカス外れ対応テキスト入力開始: 649文字
[15:23:40] [17.09s] [INFO] モバイル風待機: 0.35秒
[15:23:40] [17.45s] [INFO] ✅ [PROTECTED_TYPE] テキスト保護設定完了: 649文字
[15:23:40] [17.45s] [INFO]   - 保護機能: True
[15:23:40] [17.46s] [INFO]   - 監視数: 1
[15:23:40] [17.46s] [INFO] 🎯 [SIMPLE_FLOW] テキストエリアにフォーカス維持
[15:23:40] [17.46s] [INFO] モバイル風待機: 0.63秒
[15:23:41] [18.09s] [INFO] ✅ モバイルテキスト入力完了: 【データセクション(3905)】1.02%上昇、AIデータセンター稼働で収益計上開始へ期待感

★今...
[15:23:41] [18.09s] [INFO] 🚀 [強化版] 実投稿モード: 確実な投稿ボタン探索開始
[15:23:41] [18.10s] [INFO] 🎯 [強化版] 投稿ボタン探索 試行 1/3
[15:23:41] [18.12s] [INFO] 📍 [強化版] ボタン発見: [data-testid="tweetButton"]
[15:23:41] [18.12s] [INFO]    可視: True, 有効: True, 接続: True
[15:23:41] [18.12s] [INFO]    テキスト: 'ポストする'
[15:23:41] [18.12s] [INFO] ✅ [強化版] 有効な投稿ボタン確認: [data-testid="tweetButton"]
[15:23:41] [18.12s] [INFO] 🎯 [SIMPLE_FLOW] 投稿ボタンクリック試行 1: [data-testid="tweetButton"]
[15:23:41] [18.12s] [INFO] 🎯 [SIMPLE_FLOW] フォーカス維持したままJSクリック
[15:23:41] [18.18s] [INFO] ✅ [SIMPLE_FLOW] JSクリック成功（フォーカス維持）
[15:23:41] [18.18s] [INFO] 🎉 [強化版] [ポストボタン確実クリック済み] 投稿処理成功
[15:23:41] [18.18s] [INFO] モバイル風待機: 4.77秒
[15:23:46] [22.96s] [INFO] 🔍 [POST-VALIDATION] 投稿完了後の最終確認開始
[15:23:46] [22.96s] [INFO] 📍 [POST-VALIDATION] 投稿後URL: https://x.com/compose/post
[15:23:46] [22.96s] [INFO] ✅ [POST-VALIDATION] ホーム画面への遷移確認
[15:23:46] [22.97s] [INFO] 📢 [POST-VALIDATION] 成功インジケーター発見: ポストを送信しました。
表示
[15:23:46] [22.97s] [INFO] ============================================================
[15:23:46] [22.97s] [INFO] 📊 [FINAL-SUMMARY] 投稿処理完了サマリー
[15:23:46] [22.97s] [INFO] ============================================================
[15:23:46] [22.97s] [INFO] 📝 投稿メッセージ長: 649文字
[15:23:46] [22.97s] [INFO] 📝 投稿メッセージ内容: 【データセクション(3905)】1.02%上昇、AIデータセンター稼働で収益計上開始へ期待感

★今日の流れと解説  
データセクションは前日比+1.02%と小幅上昇し、AIデータセンター「ソラリア」の稼働に伴うサービス利用料の計上開始が市場に好感された。投資家は大口受注の業績反映を期待しつつ、IR発表遅延への不安も残る中、短期的な需給バランスの改善を見せている。

午後には売り圧の一部緩和も見ら...
[15:23:46] [22.97s] [INFO] 📷 画像アップロード: あり
[15:23:46] [22.97s] [INFO] 🌐 最終URL: https://x.com/compose/post
[15:23:46] [22.97s] [INFO] ⏰ 投稿完了時刻: 2025-09-06 15:23:46
[15:23:46] [22.97s] [INFO] ============================================================
[15:23:46] [22.97s] [INFO] ✅ === モバイル版投稿完了成功！ ===
[15:23:46] [22.97s] [INFO] 🧹 モバイルブラウザ クリーンアップ開始
[15:23:46] [23.43s] [INFO] ✅ モバイルコンテキストクローズ完了
[15:23:46] [23.44s] [INFO] ✅ Playwrightストップ完了

=== モバイルTwitterデバッグログ終了 ===
終了時刻: 2025-09-06 15:23:46
総実行時間: 23.44秒
============================================================
[15:23:46] [23.44s] [INFO] 📋 詳細デバッグログ保存完了: /Users/takahashimika/Dropbox/web_kabu_ai/python/twitter_auto_post/debug_logs/mobile_twitter_debug_20250906_152323.log
