=== モバイルTwitterデバッグログ開始 ===
開始時刻: 2025-08-23 22:45:51
ログファイル: /Users/takahashimika/Dropbox/web_kabu_ai/python/twitter_auto_post/debug_logs/mobile_twitter_debug_20250823_224551.log
============================================================

[22:45:51] [0.00s] [INFO] モバイルプロファイルディレクトリ: /Users/takahashimika/Dropbox/web_kabu_ai/twitter_mobile_profile
[22:45:51] [0.00s] [INFO] 📱 モバイルブラウザ起動開始
[22:45:52] [0.89s] [INFO] ✅ Playwright インスタンス作成完了
[22:45:52] [0.89s] [INFO] ✅ 既存モバイルプロファイル発見: /Users/takahashimika/Dropbox/web_kabu_ai/twitter_mobile_profile
[22:45:52] [0.89s] [INFO] モバイル引数設定完了: 26個
[22:45:52] [0.89s] [INFO] モバイルコンテキスト作成中...
[22:45:55] [3.87s] [INFO] ✅ モバイルコンテキスト作成完了
[22:45:55] [3.87s] [INFO] 既存モバイルページを使用
[22:45:55] [3.89s] [INFO] ✅ モバイル偽装スクリプト適用完了
[22:45:55] [3.89s] [INFO] 📱 モバイルブラウザ起動成功
[22:45:55] [3.89s] [INFO] 📱 モバイル版Twitterに移動開始
[22:45:55] [3.89s] [INFO] アクセス先: https://mobile.twitter.com
[22:45:57] [5.69s] [INFO] ✅ ページ移動完了
[22:45:57] [5.69s] [INFO] モバイル風待機: 2.17秒
[22:46:00] [8.16s] [INFO] 現在のURL: https://x.com/
[22:46:00] [8.16s] [INFO] ページタイトル: ホーム / X
[22:46:00] [8.16s] [INFO] モバイルログイン状態チェック - URL: https://x.com/home
[22:46:01] [9.18s] [INFO] ✅ モバイルログイン要素発見: nav[role="navigation"]
[22:46:01] [9.47s] [INFO] ✅ モバイルログイン要素発見: [data-testid="primaryColumn"]
[22:46:01] [9.59s] [INFO] ✅ モバイルログイン要素発見: [aria-label*="ホーム"], [aria-label*="Home"]
[22:46:01] [9.59s] [INFO] ✅ モバイルログイン確認 (3個の要素)
[22:46:01] [9.59s] [INFO] 📱 モバイルツイート投稿開始 (テスト: False)
[22:46:01] [9.59s] [INFO] 投稿処理開始時のURL: https://x.com/home
[22:46:01] [9.70s] [INFO] ページ上のボタン要素数: 53
[22:46:01] [9.74s] [INFO] ボタン1: text='', aria-label='プロフィールメニュー meiteko', testid='DashButton_ProfileIcon_Link', href=''
[22:46:01] [9.77s] [INFO] ボタン2: text='', aria-label='前', testid='', href=''
[22:46:01] [9.79s] [INFO] ボタン3: text='', aria-label='次へ', testid='', href=''
[22:46:01] [9.82s] [INFO] ボタン4: text='', aria-label='前', testid='', href=''
[22:46:01] [9.84s] [INFO] ボタン5: text='+883·ジャクソンホールと相場・9月の', aria-label='スペース、まりーさん@ USA🇺🇸YOLO❗️(You On', testid='', href=''
[22:46:01] [9.88s] [INFO] ボタン6: text='+163·【作家向け】企画書の作り方の話', aria-label='スペース、一智和智　【便利屋斎藤さん、異世界に行く】アニメ化', testid='', href=''
[22:46:01] [9.90s] [INFO] ボタン7: text='+26·ゆる歌枠&トーク', aria-label='スペース、宇城 一｜UKI Hajimeさんがリスニング中、', testid='', href=''
[22:46:01] [9.92s] [INFO] ボタン8: text='+8·土曜の夜にはバクシンを(相互さん話', aria-label='スペース、よこじさんがリスニング中、裾野こがらさんがホスト、', testid='', href=''
[22:46:01] [9.93s] [INFO] ボタン9: text='+3·24時までお絵描きしたい・強制終了', aria-label='スペース、24時までお絵描きしたい・強制終了したらごめんなさ', testid='', href=''
[22:46:01] [9.96s] [INFO] ボタン10: text='+3·今日も明日も描く（専業・兼業絵描き', aria-label='スペース、wa@C106日曜東7ホール B12abさんが発言', testid='', href=''
[22:46:01] [9.97s] [INFO] モバイル投稿ボタン発見: [data-testid="FloatingActionButtons_Tweet_Button"]
[22:46:01] [9.97s] [INFO] モバイル風待機: 2.44秒
[22:46:04] [12.59s] [INFO] タップ成功
[22:46:04] [12.59s] [INFO] モバイル風待機: 2.52秒
[22:46:07] [15.12s] [INFO] モバイルテキストエリア発見: [data-testid="tweetTextarea_0"]
[22:46:07] [15.13s] [INFO] 📝 [SIMPLE_FLOW] 画像先・テキスト後の単純フロー
[22:46:07] [15.13s] [INFO] 📷 [SIMPLE_FLOW] 画像アップロード開始: 1枚
[22:46:07] [15.13s] [INFO] 画像1/1をアップロード中: /Users/takahashimika/Dropbox/web_kabu_ai/temp/base64_images/mobile_chart_ec67ad30-2d9f-40df-b4a2-6d9e310e14ed.png
[22:46:07] [15.15s] [INFO] 📝 [TEXT_CHECK] プログラマティック画像アップロード前_1: テキスト長=0, 内容=''
[22:46:07] [15.15s] [INFO] 📷 ファイルダイアログ回避モードで画像アップロード開始
[22:46:07] [15.16s] [INFO] ✅ 画像ファイル読み込み完了: 1483016 bytes
[22:46:07] [15.16s] [INFO] 🚀 プログラマティック画像アップロード実行: mobile_chart_ec67ad30-2d9f-40df-b4a2-6d9e310e14ed.png
[22:46:07] [15.34s] [INFO] ✅ プログラマティック画像アップロード成功: プログラマティック画像設定完了（ダイアログ回避）
[22:46:07] [15.34s] [INFO]   - Twitterターゲット発見: True
[22:46:07] [15.34s] [INFO]   - ファイル数: 0
[22:46:07] [15.34s] [INFO] モバイル風待機: 2.71秒
[22:46:09] [18.08s] [INFO] 📝 [TEXT_CHECK] プログラマティック画像アップロード後_1: テキスト長=0, 内容=''
[22:46:10] [18.10s] [INFO] ✅ 画像プレビュー確認: .r-1p0dtai img
[22:46:10] [18.10s] [INFO] ✅ 画像が正常にプログラマティックアップロードされました
[22:46:10] [18.10s] [INFO] 📷 プログラマティック画像アップロード処理完了: 1枚処理
[22:46:10] [18.10s] [INFO] モバイル風待機: 1.44秒
[22:46:11] [19.54s] [INFO] 📝 [SIMPLE_FLOW] テキスト入力（1回のみ）
[22:46:11] [19.54s] [INFO] 📝 [SIMPLE_TYPE] シンプルテキスト入力開始: 689文字
[22:46:11] [19.55s] [INFO] モバイル風待機: 0.34秒
[22:46:11] [19.90s] [INFO] ✅ [SIMPLE_TYPE] テキスト設定完了: 689文字
[22:46:11] [19.90s] [INFO] 🎯 [SIMPLE_FLOW] テキストエリアにフォーカス維持
[22:46:11] [19.91s] [INFO] モバイル風待機: 0.71秒
[22:46:12] [20.62s] [INFO] ✅ モバイルテキスト入力完了: 【コンヴァノ(6574)】-3.30% 米国市場上場計画で利益確定売り膨らむ

★今日の流れと解説 ...
[22:46:12] [20.62s] [INFO] 🚀 [強化版] 実投稿モード: 確実な投稿ボタン探索開始
[22:46:12] [20.62s] [INFO] 🎯 [強化版] 投稿ボタン探索 試行 1/3
[22:46:12] [20.65s] [INFO] 📍 [強化版] ボタン発見: [data-testid="tweetButton"]
[22:46:12] [20.65s] [INFO]    可視: True, 有効: True, 接続: True
[22:46:12] [20.65s] [INFO]    テキスト: 'ポストする'
[22:46:12] [20.65s] [INFO] ✅ [強化版] 有効な投稿ボタン確認: [data-testid="tweetButton"]
[22:46:12] [20.65s] [INFO] 🎯 [SIMPLE_FLOW] 投稿ボタンクリック試行 1: [data-testid="tweetButton"]
[22:46:12] [20.65s] [INFO] 🎯 [SIMPLE_FLOW] フォーカス維持したままJSクリック
[22:46:12] [20.71s] [INFO] ✅ [SIMPLE_FLOW] JSクリック成功（フォーカス維持）
[22:46:12] [20.71s] [INFO] 🎉 [強化版] [ポストボタン確実クリック済み] 投稿処理成功
[22:46:12] [20.71s] [INFO] モバイル風待機: 4.77秒
[22:46:17] [25.49s] [INFO] 🔍 [POST-VALIDATION] 投稿完了後の最終確認開始
[22:46:17] [25.49s] [INFO] 📍 [POST-VALIDATION] 投稿後URL: https://x.com/compose/post
[22:46:17] [25.49s] [INFO] ✅ [POST-VALIDATION] ホーム画面への遷移確認
[22:46:17] [25.51s] [INFO] 📢 [POST-VALIDATION] 成功インジケーター発見: ポストを送信しました。
表示
[22:46:17] [25.51s] [INFO] ============================================================
[22:46:17] [25.51s] [INFO] 📊 [FINAL-SUMMARY] 投稿処理完了サマリー
[22:46:17] [25.51s] [INFO] ============================================================
[22:46:17] [25.51s] [INFO] 📝 投稿メッセージ長: 689文字
[22:46:17] [25.51s] [INFO] 📝 投稿メッセージ内容: 【コンヴァノ(6574)】-3.30% 米国市場上場計画で利益確定売り膨らむ

★今日の流れと解説  
コンヴァノ株は米国OTCQX市場上場計画の発表直後に急騰した反動で3.30%下落し、利益確定売りが優勢となった。出来高は増加し市場の注目度は高いままだが、短期的な調整局面に入った。今後は株式分割実施や上場準備の進展が株価の鍵となる。

  

■今日のニュース内容  
⑴ 米国OTCQX市場への...
[22:46:17] [25.51s] [INFO] 📷 画像アップロード: あり
[22:46:17] [25.51s] [INFO] 🌐 最終URL: https://x.com/compose/post
[22:46:17] [25.51s] [INFO] ⏰ 投稿完了時刻: 2025-08-23 22:46:17
[22:46:17] [25.51s] [INFO] ============================================================
[22:46:17] [25.51s] [INFO] ✅ === モバイル版投稿完了成功！ ===
[22:46:17] [25.51s] [INFO] 🧹 モバイルブラウザ クリーンアップ開始
[22:46:18] [26.14s] [INFO] ✅ モバイルコンテキストクローズ完了
[22:46:18] [26.15s] [INFO] ✅ Playwrightストップ完了

=== モバイルTwitterデバッグログ終了 ===
終了時刻: 2025-08-23 22:46:18
総実行時間: 26.15秒
============================================================
[22:46:18] [26.15s] [INFO] 📋 詳細デバッグログ保存完了: /Users/takahashimika/Dropbox/web_kabu_ai/python/twitter_auto_post/debug_logs/mobile_twitter_debug_20250823_224551.log
