=== モバイルTwitterデバッグログ開始 ===
開始時刻: 2025-08-17 16:59:02
ログファイル: /Users/takahashimika/Dropbox/web_kabu_ai/python/twitter_auto_post/debug_logs/mobile_twitter_debug_20250817_165902.log
============================================================

[16:59:02] [0.00s] [INFO] モバイルプロファイルディレクトリ: /Users/takahashimika/Dropbox/web_kabu_ai/twitter_mobile_profile
[16:59:02] [0.00s] [INFO] 📱 モバイルブラウザ起動開始
[16:59:03] [0.75s] [INFO] ✅ Playwright インスタンス作成完了
[16:59:03] [0.75s] [INFO] ✅ 既存モバイルプロファイル発見: /Users/takahashimika/Dropbox/web_kabu_ai/twitter_mobile_profile
[16:59:03] [0.75s] [INFO] モバイル引数設定完了: 26個
[16:59:03] [0.75s] [INFO] モバイルコンテキスト作成中...
[16:59:05] [2.92s] [INFO] ✅ モバイルコンテキスト作成完了
[16:59:05] [2.92s] [INFO] 既存モバイルページを使用
[16:59:05] [2.94s] [INFO] ✅ モバイル偽装スクリプト適用完了
[16:59:05] [2.94s] [INFO] 📱 モバイルブラウザ起動成功
[16:59:05] [2.94s] [INFO] 📱 モバイル版Twitterに移動開始
[16:59:05] [2.94s] [INFO] アクセス先: https://mobile.twitter.com
[16:59:07] [4.67s] [INFO] ✅ ページ移動完了
[16:59:07] [4.67s] [INFO] モバイル風待機: 2.43秒
[16:59:09] [7.11s] [INFO] 現在のURL: https://x.com/
[16:59:09] [7.11s] [INFO] ページタイトル: ホーム / X
[16:59:09] [7.11s] [INFO] モバイルログイン状態チェック - URL: https://x.com/home
[16:59:10] [7.49s] [INFO] ✅ モバイルログイン要素発見: nav[role="navigation"]
[16:59:10] [7.73s] [INFO] ✅ モバイルログイン要素発見: [data-testid="primaryColumn"]
[16:59:10] [7.75s] [INFO] ✅ モバイルログイン要素発見: [aria-label*="ホーム"], [aria-label*="Home"]
[16:59:10] [7.75s] [INFO] ✅ モバイルログイン確認 (3個の要素)
[16:59:10] [7.75s] [INFO] 📱 モバイルツイート投稿開始 (テスト: True)
[16:59:10] [7.75s] [INFO] 投稿処理開始時のURL: https://x.com/home
[16:59:10] [7.80s] [INFO] ページ上のボタン要素数: 30
[16:59:10] [7.82s] [INFO] ボタン1: text='', aria-label='プロフィールメニュー めいめい＠株わかりやすくまとめ・解説', testid='DashButton_ProfileIcon_Link', href=''
[16:59:10] [7.85s] [INFO] ボタン2: text='', aria-label='前', testid='', href=''
[16:59:10] [7.87s] [INFO] ボタン3: text='', aria-label='次へ', testid='', href=''
[16:59:10] [7.89s] [INFO] ボタン4: text='', aria-label='前', testid='', href=''
[16:59:10] [7.91s] [INFO] ボタン5: text='', aria-label='次へ', testid='', href=''
[16:59:10] [7.93s] [INFO] ボタン6: text='新しいポストを表示', aria-label='新しいポストがあります。新しいポストに移動するには、ピリオド', testid='', href=''
[16:59:10] [7.96s] [INFO] ボタン7: text='', aria-label='ホームタイムラインに移動', testid='', href=''
[16:59:10] [8.00s] [INFO] ボタン8: text='', aria-label='トレンドに移動', testid='', href=''
[16:59:10] [8.06s] [INFO] ボタン9: text='', aria-label='もっと見る', testid='caret', href=''
[16:59:11] [8.62s] [INFO] ボタン10: text='', aria-label='動画を再生. 長さ:   11 秒', testid='', href=''
[16:59:11] [8.64s] [INFO] モバイル投稿ボタン発見: [data-testid="FloatingActionButtons_Tweet_Button"]
[16:59:11] [8.64s] [INFO] モバイル風待機: 1.11秒
[16:59:12] [9.91s] [INFO] タップ成功
[16:59:12] [9.91s] [INFO] モバイル風待機: 2.37秒
[16:59:15] [12.29s] [INFO] モバイルテキストエリア発見: [data-testid="tweetTextarea_0"]
[16:59:15] [12.29s] [INFO] 📝 テキスト入力開始前の状態チェック
[16:59:15] [12.32s] [INFO] 📝 [TEXT_CHECK] テキスト入力開始前: テキスト長=0, 内容=''
[16:59:15] [12.32s] [INFO] 🎯 [DEBUG] mobile_type開始: clear_first=False, text='【フルッタフルッタ(2586)】-17.49% 決算好調も利益確定売りとワラント懸念で調整継続

今...'
[16:59:15] [12.33s] [INFO] モバイル風待機: 0.35秒
[16:59:15] [12.68s] [INFO] 📝 JavaScript直接入力開始: '【フルッタフルッタ(2586)】-17.49% 決算好調も利益確定売りとワラント懸念で調整継続

今...'
[16:59:15] [12.70s] [INFO] 🔧 [DEBUG] モバイルJS設定結果 - before: '', after: '【フルッタフルッタ(2586)】-17.49% 決算好調も利益確定売りとワラント懸念で調整継続

今...'
[16:59:15] [12.70s] [INFO] ✅ JavaScript直接入力完了: '【フルッタフルッタ(2586)】-17.49% 決算好調も利益確定売りとワラント懸念で調整継続

今...'
[16:59:15] [12.70s] [INFO] モバイル風待機: 0.37秒
[16:59:15] [13.08s] [INFO] 🎯 [DEBUG] モバイル最終結果: '【フルッタフルッタ(2586)】-17.49% 決算好調も利益確定売りとワラント懸念で調整継続

今...'
[16:59:15] [13.08s] [INFO] 📝 テキスト入力完了後の状態チェック
[16:59:15] [13.09s] [INFO] 📝 [TEXT_CHECK] テキスト入力完了後: テキスト長=903, 内容='【フルッタフルッタ(2586)】-17.49% 決算好調も利益確定売りとワラント懸念で調整継続

今...'
[16:59:15] [13.09s] [INFO] ✅ モバイルテキスト入力完了: 【フルッタフルッタ(2586)】-17.49% 決算好調も利益確定売りとワラント懸念で調整継続

今...
[16:59:15] [13.09s] [INFO] 📷 画像アップロード開始: 1枚
[16:59:15] [13.10s] [INFO] 📝 [TEXT_CHECK] 画像アップロード前: テキスト長=903, 内容='【フルッタフルッタ(2586)】-17.49% 決算好調も利益確定売りとワラント懸念で調整継続

今...'
[16:59:15] [13.10s] [INFO] 画像1/1をアップロード中: /Users/takahashimika/Dropbox/web_kabu_ai/temp/base64_images/mobile_chart_f2e721db-4f63-48e9-ba83-68c50f39524f.png
[16:59:15] [13.11s] [INFO] 📝 [TEXT_CHECK] プログラマティック画像アップロード前_1: テキスト長=903, 内容='【フルッタフルッタ(2586)】-17.49% 決算好調も利益確定売りとワラント懸念で調整継続

今...'
[16:59:15] [13.11s] [INFO] 📷 ファイルダイアログ回避モードで画像アップロード開始
[16:59:15] [13.11s] [INFO] ✅ 画像ファイル読み込み完了: 1384636 bytes
[16:59:15] [13.11s] [INFO] 🚀 プログラマティック画像アップロード実行: mobile_chart_f2e721db-4f63-48e9-ba83-68c50f39524f.png
[16:59:16] [13.29s] [INFO] ✅ プログラマティック画像アップロード成功: プログラマティック画像設定完了（ダイアログ回避）
[16:59:16] [13.29s] [INFO]   - Twitterターゲット発見: True
[16:59:16] [13.29s] [INFO]   - ファイル数: 0
[16:59:16] [13.29s] [INFO] モバイル風待機: 2.32秒
[16:59:18] [15.64s] [INFO] 📝 [TEXT_CHECK] プログラマティック画像アップロード後_1: テキスト長=0, 内容=''
[16:59:18] [15.64s] [WARNING] ⚠️ プログラマティック画像アップロードでテキストが削除されました。復元します
[16:59:18] [15.65s] [INFO] 🎯 [DEBUG] mobile_type開始: clear_first=False, text='【フルッタフルッタ(2586)】-17.49% 決算好調も利益確定売りとワラント懸念で調整継続

今...'
[16:59:18] [15.66s] [INFO] モバイル風待機: 0.49秒
[16:59:19] [16.15s] [INFO] 📝 JavaScript直接入力開始: '【フルッタフルッタ(2586)】-17.49% 決算好調も利益確定売りとワラント懸念で調整継続

今...'
[16:59:19] [16.16s] [INFO] 🔧 [DEBUG] モバイルJS設定結果 - before: '', after: '【フルッタフルッタ(2586)】-17.49% 決算好調も利益確定売りとワラント懸念で調整継続

今...'
[16:59:19] [16.16s] [INFO] ✅ JavaScript直接入力完了: '【フルッタフルッタ(2586)】-17.49% 決算好調も利益確定売りとワラント懸念で調整継続

今...'
[16:59:19] [16.16s] [INFO] モバイル風待機: 0.43秒
[16:59:19] [16.60s] [INFO] 🎯 [DEBUG] モバイル最終結果: ''
[16:59:19] [16.60s] [INFO] ✅ テキスト復元完了
[16:59:19] [16.62s] [INFO] ✅ 画像プレビュー確認: .r-1p0dtai img
[16:59:19] [16.62s] [INFO] ✅ 画像が正常にプログラマティックアップロードされました
[16:59:19] [16.62s] [INFO] 📷 プログラマティック画像アップロード処理完了: 1枚処理
[16:59:19] [16.65s] [INFO] 📝 [TEXT_CHECK] 画像アップロード後: テキスト長=0, 内容=''
[16:59:19] [16.65s] [INFO] 🚫 実投稿モード: 投稿直前で停止（投稿処理はコメントアウト中）
[16:59:19] [16.65s] [INFO] ✅ モバイルテキスト入力完了
[16:59:19] [16.65s] [INFO] 🧹 モバイルブラウザ クリーンアップ開始
[16:59:20] [17.29s] [INFO] ✅ モバイルコンテキストクローズ完了
[16:59:20] [17.30s] [INFO] ✅ Playwrightストップ完了

=== モバイルTwitterデバッグログ終了 ===
終了時刻: 2025-08-17 16:59:20
総実行時間: 17.30秒
============================================================
[16:59:20] [17.30s] [INFO] 📋 詳細デバッグログ保存完了: /Users/takahashimika/Dropbox/web_kabu_ai/python/twitter_auto_post/debug_logs/mobile_twitter_debug_20250817_165902.log
