=== モバイルTwitterデバッグログ開始 ===
開始時刻: 2025-09-06 15:17:00
ログファイル: /Users/takahashimika/Dropbox/web_kabu_ai/python/twitter_auto_post/debug_logs/mobile_twitter_debug_20250906_151700.log
============================================================

[15:17:00] [0.00s] [INFO] モバイルプロファイルディレクトリ: /Users/takahashimika/Dropbox/web_kabu_ai/twitter_mobile_profile
[15:17:00] [0.00s] [INFO] 📱 モバイルブラウザ起動開始
[15:17:00] [0.58s] [INFO] ✅ Playwright インスタンス作成完了
[15:17:00] [0.58s] [INFO] ✅ 既存モバイルプロファイル発見: /Users/takahashimika/Dropbox/web_kabu_ai/twitter_mobile_profile
[15:17:00] [0.58s] [INFO] モバイル引数設定完了: 26個
[15:17:00] [0.58s] [INFO] モバイルコンテキスト作成中...
[15:17:02] [2.57s] [INFO] ✅ モバイルコンテキスト作成完了
[15:17:02] [2.57s] [INFO] 既存モバイルページを使用
[15:17:02] [2.62s] [INFO] ✅ モバイル偽装スクリプト適用完了
[15:17:02] [2.62s] [INFO] 📱 モバイルブラウザ起動成功
[15:17:02] [2.62s] [INFO] 📱 モバイル版Twitterに移動開始
[15:17:02] [2.62s] [INFO] アクセス先: https://mobile.twitter.com
[15:17:04] [4.18s] [INFO] ✅ ページ移動完了
[15:17:04] [4.18s] [INFO] モバイル風待機: 1.69秒
[15:17:06] [5.89s] [INFO] 現在のURL: https://x.com/
[15:17:06] [5.89s] [INFO] ページタイトル: ホーム / X
[15:17:06] [5.89s] [INFO] モバイルログイン状態チェック - URL: https://x.com/home
[15:17:06] [5.94s] [INFO] ✅ モバイルログイン要素発見: nav[role="navigation"]
[15:17:06] [5.95s] [INFO] ✅ モバイルログイン要素発見: [data-testid="primaryColumn"]
[15:17:06] [5.97s] [INFO] ✅ モバイルログイン要素発見: [aria-label*="ホーム"], [aria-label*="Home"]
[15:17:06] [5.97s] [INFO] ✅ モバイルログイン確認 (3個の要素)
[15:17:06] [5.97s] [INFO] 📱 モバイルツイート投稿開始 (テスト: False)
[15:17:06] [5.97s] [INFO] 投稿処理開始時のURL: https://x.com/home
[15:17:06] [5.98s] [INFO] ページ上のボタン要素数: 8
[15:17:06] [6.41s] [INFO] ボタン1: text='', aria-label='プロフィールメニュー meiteko', testid='DashButton_ProfileIcon_Link', href=''
[15:17:07] [6.98s] [INFO] ボタン2: text='', aria-label='前', testid='', href=''
[15:17:07] [7.04s] [INFO] ボタン3: text='', aria-label='次へ', testid='', href=''
[15:17:07] [7.07s] [INFO] ボタン4: text='', aria-label='前', testid='', href=''
[15:17:07] [7.10s] [INFO] ボタン5: text='', aria-label='次へ', testid='', href=''
[15:17:07] [7.12s] [INFO] ボタン6: text='新しいポストを表示', aria-label='新しいポストがあります。新しいポストに移動するには、ピリオド', testid='', href=''
[15:17:07] [7.15s] [INFO] ボタン7: text='', aria-label='ホームタイムラインに移動', testid='', href=''
[15:17:07] [7.18s] [INFO] ボタン8: text='', aria-label='トレンドに移動', testid='', href=''
[15:17:07] [7.19s] [INFO] モバイル投稿ボタン発見: [data-testid="FloatingActionButtons_Tweet_Button"]
[15:17:07] [7.19s] [INFO] モバイル風待機: 1.83秒
[15:17:09] [9.18s] [INFO] タップ成功
[15:17:09] [9.19s] [INFO] モバイル風待機: 2.66秒
[15:17:12] [11.87s] [INFO] モバイルテキストエリア発見: [data-testid="tweetTextarea_0"]
[15:17:12] [11.87s] [INFO] 📝 [SIMPLE_FLOW] 画像先・テキスト後の単純フロー
[15:17:12] [11.87s] [INFO] 📷 [SIMPLE_FLOW] 画像アップロード開始: 1枚
[15:17:12] [11.87s] [INFO] 画像1/1をアップロード中: /Users/takahashimika/Dropbox/web_kabu_ai/temp/base64_images/mobile_chart_9d392550-0194-44bc-8333-3e1fa83f3194.png
[15:17:12] [11.90s] [INFO] 📝 [TEXT_CHECK] プログラマティック画像アップロード前_1: テキスト長=0, 内容=''
[15:17:12] [11.90s] [INFO] 📷 ファイルダイアログ回避モードで画像アップロード開始
[15:17:12] [11.91s] [INFO] ✅ 画像ファイル読み込み完了: 1392376 bytes
[15:17:12] [11.91s] [INFO] 🚀 プログラマティック画像アップロード実行: mobile_chart_9d392550-0194-44bc-8333-3e1fa83f3194.png
[15:17:12] [12.07s] [INFO] ✅ プログラマティック画像アップロード成功: プログラマティック画像設定完了（ダイアログ回避）
[15:17:12] [12.07s] [INFO]   - Twitterターゲット発見: True
[15:17:12] [12.07s] [INFO]   - ファイル数: 0
[15:17:12] [12.07s] [INFO] モバイル風待機: 2.81秒
[15:17:15] [14.91s] [INFO] 📝 [TEXT_CHECK] プログラマティック画像アップロード後_1: テキスト長=0, 内容=''
[15:17:15] [14.93s] [INFO] ✅ 画像プレビュー確認: .r-1p0dtai img
[15:17:15] [14.93s] [INFO] ✅ 画像が正常にプログラマティックアップロードされました
[15:17:15] [14.93s] [INFO] 📷 プログラマティック画像アップロード処理完了: 1枚処理
[15:17:15] [14.93s] [INFO] モバイル風待機: 1.36秒
[15:17:16] [16.30s] [INFO] 📝 [SIMPLE_FLOW] テキスト入力（1回のみ）
[15:17:16] [16.30s] [INFO] 📝 [SIMPLE_TYPE] シンプルテキスト入力開始: 812文字
[15:17:16] [16.30s] [INFO] モバイル風待機: 0.38秒
[15:17:17] [16.69s] [INFO] ✅ [SIMPLE_TYPE] テキスト設定完了: 812文字
[15:17:17] [16.69s] [INFO] 🎯 [SIMPLE_FLOW] テキストエリアにフォーカス維持
[15:17:17] [16.71s] [INFO] モバイル風待機: 0.52秒
[15:17:17] [17.23s] [INFO] ✅ モバイルテキスト入力完了: 【ＪＸ金属(5016)】0.41%下落、利確売りと需給調整で一時の押し目形成

★今日の流れと解説 ...
[15:17:17] [17.23s] [INFO] 🚀 [強化版] 実投稿モード: 確実な投稿ボタン探索開始
[15:17:17] [17.23s] [INFO] 🎯 [強化版] 投稿ボタン探索 試行 1/3
[15:17:17] [17.26s] [INFO] 📍 [強化版] ボタン発見: [data-testid="tweetButton"]
[15:17:17] [17.26s] [INFO]    可視: True, 有効: True, 接続: True
[15:17:17] [17.26s] [INFO]    テキスト: 'ポストする'
[15:17:17] [17.26s] [INFO] ✅ [強化版] 有効な投稿ボタン確認: [data-testid="tweetButton"]
[15:17:17] [17.26s] [INFO] 🎯 [SIMPLE_FLOW] 投稿ボタンクリック試行 1: [data-testid="tweetButton"]
[15:17:17] [17.26s] [INFO] ⏳ 投稿ボタンクリック前に20秒待機中...
[15:17:37] [37.26s] [INFO] ✅ 20秒待機完了
[15:17:37] [37.26s] [INFO] 🎯 [SIMPLE_FLOW] フォーカス維持したままJSクリック
[15:17:37] [37.27s] [INFO] ❌ [SIMPLE_FLOW] クリック例外: Page.evaluate: Target page, context or browser has been closed
[15:17:37] [37.27s] [INFO] 🔄 [SIMPLE_FLOW] フォールバック: 通常のJSクリック
[15:17:37] [37.27s] [INFO] ❌ [SIMPLE_FLOW] フォールバッククリックエラー: ElementHandle.evaluate: Target page, context or browser has been closed
[15:17:37] [37.27s] [INFO] ⏳ [強化版] 次の試行まで待機...
[15:17:37] [37.27s] [INFO] モバイル風待機: 1.55秒
[15:17:39] [38.82s] [INFO] 🎯 [強化版] 投稿ボタン探索 試行 2/3
[15:17:39] [38.82s] [INFO] ⚠️ [強化版] セレクター [data-testid="tweetButtonInline"] 検証エラー: Page.query_selector: Target page, context or browser has been closed
[15:17:39] [38.83s] [INFO] ⚠️ [強化版] セレクター [data-testid="tweetButton"] 検証エラー: Page.query_selector: Target page, context or browser has been closed
[15:17:39] [38.83s] [INFO] ⚠️ [強化版] セレクター button[data-testid="tweetButtonInline"] 検証エラー: Page.query_selector: Target page, context or browser has been closed
[15:17:39] [38.83s] [INFO] ⚠️ [強化版] セレクター button[data-testid="tweetButton"] 検証エラー: Page.query_selector: Target page, context or browser has been closed
[15:17:39] [38.83s] [INFO] ⚠️ [強化版] セレクター [role="button"][data-testid="tweetButtonInline"] 検証エラー: Page.query_selector: Target page, context or browser has been closed
[15:17:39] [38.83s] [INFO] ⚠️ [強化版] セレクター [role="button"][data-testid="tweetButton"] 検証エラー: Page.query_selector: Target page, context or browser has been closed
[15:17:39] [38.84s] [INFO] ⚠️ [強化版] セレクター button:has-text("ツイートする") 検証エラー: Page.query_selector: Target page, context or browser has been closed
[15:17:39] [38.84s] [INFO] ⚠️ [強化版] セレクター button:has-text("Tweet") 検証エラー: Page.query_selector: Target page, context or browser has been closed
[15:17:39] [38.84s] [INFO] ⚠️ [強化版] セレクター button:has-text("Post") 検証エラー: Page.query_selector: Target page, context or browser has been closed
[15:17:39] [38.84s] [INFO] ⚠️ [強化版] セレクター button:has-text("ポスト") 検証エラー: Page.query_selector: Target page, context or browser has been closed
[15:17:39] [38.84s] [INFO] ⚠️ [強化版] セレクター [aria-label*="ツイート"] 検証エラー: Page.query_selector: Target page, context or browser has been closed
[15:17:39] [38.84s] [INFO] ⚠️ [強化版] セレクター [aria-label*="Tweet"] 検証エラー: Page.query_selector: Target page, context or browser has been closed
[15:17:39] [38.85s] [INFO] ⚠️ [強化版] セレクター [aria-label*="Post"] 検証エラー: Page.query_selector: Target page, context or browser has been closed
[15:17:39] [38.85s] [INFO] ⚠️ [強化版] セレクター [aria-label*="ポスト"] 検証エラー: Page.query_selector: Target page, context or browser has been closed
[15:17:39] [38.85s] [INFO] ⚠️ [強化版] セレクター [role="button"][aria-label*="ツイート"] 検証エラー: Page.query_selector: Target page, context or browser has been closed
[15:17:39] [38.85s] [INFO] ⚠️ [強化版] セレクター [role="button"][aria-label*="Tweet"] 検証エラー: Page.query_selector: Target page, context or browser has been closed
[15:17:39] [38.85s] [INFO] ⚠️ [強化版] セレクター [role="button"][aria-label*="Post"] 検証エラー: Page.query_selector: Target page, context or browser has been closed
[15:17:39] [38.85s] [INFO] ⚠️ [強化版] セレクター [role="button"][aria-label*="ポスト"] 検証エラー: Page.query_selector: Target page, context or browser has been closed
[15:17:39] [38.86s] [INFO] ⚠️ [強化版] セレクター button[type="submit"] 検証エラー: Page.query_selector: Target page, context or browser has been closed
[15:17:39] [38.86s] [INFO] ⚠️ [強化版] セレクター button[class*="tweet"] 検証エラー: Page.query_selector: Target page, context or browser has been closed
[15:17:39] [38.86s] [INFO] ⚠️ [強化版] セレクター button[class*="post"] 検証エラー: Page.query_selector: Target page, context or browser has been closed
[15:17:39] [38.86s] [INFO] ⚠️ [強化版] セレクター .css-18t94o4.css-1dbjc4n.r-l5o3uw button 検証エラー: Page.query_selector: Target page, context or browser has been closed
[15:17:39] [38.86s] [INFO] ⚠️ [強化版] セレクター .css-175oi2r.r-sdzlij button 検証エラー: Page.query_selector: Target page, context or browser has been closed
[15:17:39] [38.87s] [INFO] ⚠️ [強化版] セレクター *[data-testid="tweetButtonInline"]:not([disabled]) 検証エラー: Page.query_selector: Target page, context or browser has been closed
[15:17:39] [38.87s] [INFO] ⚠️ [強化版] セレクター *[data-testid="tweetButton"]:not([disabled]) 検証エラー: Page.query_selector: Target page, context or browser has been closed
[15:17:39] [38.87s] [INFO] ❌ [強化版] 試行 2: 投稿ボタンが見つかりません
[15:17:39] [38.87s] [INFO] ⏳ [強化版] 次の試行まで待機...
[15:17:39] [38.87s] [INFO] モバイル風待機: 1.80秒
[15:17:41] [40.67s] [INFO] 🎯 [強化版] 投稿ボタン探索 試行 3/3
[15:17:41] [40.67s] [INFO] ⚠️ [強化版] セレクター [data-testid="tweetButtonInline"] 検証エラー: Page.query_selector: Target page, context or browser has been closed
[15:17:41] [40.68s] [INFO] ⚠️ [強化版] セレクター [data-testid="tweetButton"] 検証エラー: Page.query_selector: Target page, context or browser has been closed
[15:17:41] [40.68s] [INFO] ⚠️ [強化版] セレクター button[data-testid="tweetButtonInline"] 検証エラー: Page.query_selector: Target page, context or browser has been closed
[15:17:41] [40.68s] [INFO] ⚠️ [強化版] セレクター button[data-testid="tweetButton"] 検証エラー: Page.query_selector: Target page, context or browser has been closed
[15:17:41] [40.68s] [INFO] ⚠️ [強化版] セレクター [role="button"][data-testid="tweetButtonInline"] 検証エラー: Page.query_selector: Target page, context or browser has been closed
[15:17:41] [40.68s] [INFO] ⚠️ [強化版] セレクター [role="button"][data-testid="tweetButton"] 検証エラー: Page.query_selector: Target page, context or browser has been closed
[15:17:41] [40.68s] [INFO] ⚠️ [強化版] セレクター button:has-text("ツイートする") 検証エラー: Page.query_selector: Target page, context or browser has been closed
[15:17:41] [40.69s] [INFO] ⚠️ [強化版] セレクター button:has-text("Tweet") 検証エラー: Page.query_selector: Target page, context or browser has been closed
[15:17:41] [40.69s] [INFO] ⚠️ [強化版] セレクター button:has-text("Post") 検証エラー: Page.query_selector: Target page, context or browser has been closed
[15:17:41] [40.69s] [INFO] ⚠️ [強化版] セレクター button:has-text("ポスト") 検証エラー: Page.query_selector: Target page, context or browser has been closed
[15:17:41] [40.69s] [INFO] ⚠️ [強化版] セレクター [aria-label*="ツイート"] 検証エラー: Page.query_selector: Target page, context or browser has been closed
[15:17:41] [40.69s] [INFO] ⚠️ [強化版] セレクター [aria-label*="Tweet"] 検証エラー: Page.query_selector: Target page, context or browser has been closed
[15:17:41] [40.69s] [INFO] ⚠️ [強化版] セレクター [aria-label*="Post"] 検証エラー: Page.query_selector: Target page, context or browser has been closed
[15:17:41] [40.70s] [INFO] ⚠️ [強化版] セレクター [aria-label*="ポスト"] 検証エラー: Page.query_selector: Target page, context or browser has been closed
[15:17:41] [40.70s] [INFO] ⚠️ [強化版] セレクター [role="button"][aria-label*="ツイート"] 検証エラー: Page.query_selector: Target page, context or browser has been closed
[15:17:41] [40.70s] [INFO] ⚠️ [強化版] セレクター [role="button"][aria-label*="Tweet"] 検証エラー: Page.query_selector: Target page, context or browser has been closed
[15:17:41] [40.70s] [INFO] ⚠️ [強化版] セレクター [role="button"][aria-label*="Post"] 検証エラー: Page.query_selector: Target page, context or browser has been closed
[15:17:41] [40.70s] [INFO] ⚠️ [強化版] セレクター [role="button"][aria-label*="ポスト"] 検証エラー: Page.query_selector: Target page, context or browser has been closed
[15:17:41] [40.71s] [INFO] ⚠️ [強化版] セレクター button[type="submit"] 検証エラー: Page.query_selector: Target page, context or browser has been closed
[15:17:41] [40.71s] [INFO] ⚠️ [強化版] セレクター button[class*="tweet"] 検証エラー: Page.query_selector: Target page, context or browser has been closed
[15:17:41] [40.71s] [INFO] ⚠️ [強化版] セレクター button[class*="post"] 検証エラー: Page.query_selector: Target page, context or browser has been closed
[15:17:41] [40.71s] [INFO] ⚠️ [強化版] セレクター .css-18t94o4.css-1dbjc4n.r-l5o3uw button 検証エラー: Page.query_selector: Target page, context or browser has been closed
[15:17:41] [40.71s] [INFO] ⚠️ [強化版] セレクター .css-175oi2r.r-sdzlij button 検証エラー: Page.query_selector: Target page, context or browser has been closed
[15:17:41] [40.71s] [INFO] ⚠️ [強化版] セレクター *[data-testid="tweetButtonInline"]:not([disabled]) 検証エラー: Page.query_selector: Target page, context or browser has been closed
[15:17:41] [40.72s] [INFO] ⚠️ [強化版] セレクター *[data-testid="tweetButton"]:not([disabled]) 検証エラー: Page.query_selector: Target page, context or browser has been closed
[15:17:41] [40.72s] [INFO] ❌ [強化版] 試行 3: 投稿ボタンが見つかりません
[15:17:41] [40.72s] [INFO] 🔍 [強化版] 投稿ボタン発見失敗 - 詳細調査開始
[15:17:41] [40.72s] [INFO] 🔍 [強化版] 詳細調査エラー: Page.query_selector_all: Target page, context or browser has been closed
[15:17:41] [40.72s] [INFO] ❌ [強化版] 全ての試行が失敗しました
[15:17:41] [40.72s] [INFO] 🧹 モバイルブラウザ クリーンアップ開始
[15:17:41] [41.26s] [INFO] ✅ モバイルコンテキストクローズ完了
[15:17:41] [41.27s] [INFO] ✅ Playwrightストップ完了

=== モバイルTwitterデバッグログ終了 ===
終了時刻: 2025-09-06 15:17:41
総実行時間: 41.27秒
============================================================
[15:17:41] [41.27s] [INFO] 📋 詳細デバッグログ保存完了: /Users/takahashimika/Dropbox/web_kabu_ai/python/twitter_auto_post/debug_logs/mobile_twitter_debug_20250906_151700.log
