=== モバイルTwitterデバッグログ開始 ===
開始時刻: 2025-09-07 20:04:36
ログファイル: /Users/youmeiyuu/Desktop/kabu_ai/python/twitter_auto_post/debug_logs/mobile_twitter_debug_20250907_200436.log
============================================================

[20:04:36] [0.00s] [INFO] モバイルプロファイルディレクトリ: /Users/youmeiyuu/Desktop/kabu_ai/twitter_mobile_profile
[20:04:36] [0.00s] [INFO] 📱 モバイルブラウザ起動開始
[20:04:36] [0.38s] [INFO] ✅ Playwright インスタンス作成完了
[20:04:36] [0.38s] [INFO] ✅ 既存モバイルプロファイル発見: /Users/youmeiyuu/Desktop/kabu_ai/twitter_mobile_profile
[20:04:36] [0.38s] [INFO] モバイル引数設定完了: 26個
[20:04:36] [0.38s] [INFO] モバイルコンテキスト作成中...
[20:04:39] [2.87s] [INFO] ✅ モバイルコンテキスト作成完了
[20:04:39] [2.87s] [INFO] 既存モバイルページを使用
[20:04:39] [2.89s] [INFO] ✅ モバイル偽装スクリプト適用完了
[20:04:39] [2.89s] [INFO] 📱 モバイルブラウザ起動成功
[20:04:39] [2.89s] [INFO] 📱 モバイル版Twitterに移動開始
[20:04:39] [2.89s] [INFO] アクセス先: https://mobile.twitter.com
[20:04:41] [4.69s] [INFO] ✅ ページ移動完了
[20:04:41] [4.69s] [INFO] モバイル風待機: 1.59秒
[20:04:42] [6.33s] [INFO] 現在のURL: https://x.com/
[20:04:42] [6.33s] [INFO] ページタイトル: ホーム / X
[20:04:42] [6.33s] [INFO] モバイルログイン状態チェック - URL: https://x.com/home
[20:04:42] [6.39s] [INFO] ✅ モバイルログイン要素発見: nav[role="navigation"]
[20:04:42] [6.39s] [INFO] ✅ モバイルログイン要素発見: [data-testid="primaryColumn"]
[20:04:42] [6.39s] [INFO] ✅ モバイルログイン要素発見: [aria-label*="ホーム"], [aria-label*="Home"]
[20:04:42] [6.39s] [INFO] ✅ モバイルログイン確認 (3個の要素)
[20:04:42] [6.39s] [INFO] 📱 モバイルツイート投稿開始 (テスト: False)
[20:04:42] [6.39s] [INFO] 投稿処理開始時のURL: https://x.com/home
[20:04:42] [6.41s] [INFO] ページ上のボタン要素数: 8
[20:04:42] [6.42s] [INFO] ボタン1: text='', aria-label='プロフィールメニュー めいめい＠株わかりやすくまとめ・解説', testid='DashButton_ProfileIcon_Link', href=''
[20:04:42] [6.43s] [INFO] ボタン2: text='', aria-label='前', testid='', href=''
[20:04:42] [6.43s] [INFO] ボタン3: text='', aria-label='次へ', testid='', href=''
[20:04:42] [6.44s] [INFO] ボタン4: text='', aria-label='前', testid='', href=''
[20:04:43] [6.77s] [INFO] ボタン5: text='', aria-label='次へ', testid='', href=''
[20:04:43] [6.78s] [INFO] ボタン6: text='新しいポストを表示', aria-label='新しいポストがあります。新しいポストに移動するには、ピリオド', testid='', href=''
[20:04:43] [6.83s] [INFO] ボタン7: text='', aria-label='ホームタイムラインに移動', testid='', href=''
[20:04:43] [6.84s] [INFO] ボタン8: text='', aria-label='トレンドに移動', testid='', href=''
[20:04:43] [6.85s] [INFO] モバイル投稿ボタン発見: [data-testid="FloatingActionButtons_Tweet_Button"]
[20:04:43] [6.85s] [INFO] モバイル風待機: 1.21秒
[20:04:44] [8.23s] [INFO] タップ成功
[20:04:44] [8.23s] [INFO] モバイル風待機: 2.39秒
[20:04:46] [10.63s] [INFO] モバイルテキストエリア発見: [data-testid="tweetTextarea_0"]
[20:04:46] [10.63s] [INFO] 📝 [SIMPLE_FLOW] 画像先・テキスト後の単純フロー
[20:04:46] [10.63s] [INFO] 📷 [SIMPLE_FLOW] 画像アップロード開始: 1枚
[20:04:46] [10.63s] [INFO] 画像1/1をアップロード中: /Users/youmeiyuu/Desktop/kabu_ai/temp/base64_images/mobile_chart_13df8fd5-b3b1-4c2e-b216-5d1fc4b3161b.png
[20:04:46] [10.64s] [INFO] 📝 [TEXT_CHECK] プログラマティック画像アップロード前_1: テキスト長=0, 内容=''
[20:04:46] [10.64s] [INFO] 📷 ファイルダイアログ回避モードで画像アップロード開始
[20:04:46] [10.65s] [INFO] ✅ 画像ファイル読み込み完了: 1527976 bytes
[20:04:46] [10.65s] [INFO] 🚀 プログラマティック画像アップロード実行: mobile_chart_13df8fd5-b3b1-4c2e-b216-5d1fc4b3161b.png
[20:04:47] [10.72s] [INFO] ✅ プログラマティック画像アップロード成功: プログラマティック画像設定完了（ダイアログ回避）
[20:04:47] [10.72s] [INFO]   - Twitterターゲット発見: True
[20:04:47] [10.72s] [INFO]   - ファイル数: 0
[20:04:47] [10.72s] [INFO] モバイル風待機: 2.53秒
[20:04:49] [13.28s] [INFO] 📝 [TEXT_CHECK] プログラマティック画像アップロード後_1: テキスト長=0, 内容=''
[20:04:49] [13.30s] [INFO] ✅ 画像プレビュー確認: .r-1p0dtai img
[20:04:49] [13.30s] [INFO] ✅ 画像が正常にプログラマティックアップロードされました
[20:04:49] [13.30s] [INFO] 📷 プログラマティック画像アップロード処理完了: 1枚処理
[20:04:49] [13.30s] [INFO] モバイル風待機: 1.42秒
[20:04:51] [14.72s] [INFO] 📝 [SIMPLE_FLOW] テキスト入力（1回のみ）
[20:04:51] [14.72s] [INFO] ⚡ [ULTRA_TYPE] 高速1文字1文字タイピング開始: 686文字
[20:04:51] [14.73s] [INFO] モバイル風待機: 0.24秒
[20:05:01] [24.71s] [INFO] ⚡ [ULTRA_TYPE] 高速タイピング完了: 9.726秒 (70.5文字/秒)
[20:05:01] [24.82s] [INFO] ✅ [ULTRA_TYPE] 高速タイピング成功: 686文字入力完了
[20:05:01] [24.82s] [INFO] 📝 [ULTRA_TYPE] 入力内容: 【メタプラネット(3350) 】今週大幅下落、希薄化懸念と空売り圧力増大で需給悪化

★今週の総括
...
[20:05:01] [24.82s] [INFO] 🎯 [SIMPLE_FLOW] テキストエリアにフォーカス維持
[20:05:01] [24.82s] [INFO] モバイル風待機: 0.55秒
[20:05:01] [25.37s] [INFO] ✅ モバイルテキスト入力完了: 【メタプラネット(3350) 】今週大幅下落、希薄化懸念と空売り圧力増大で需給悪化

★今週の総括
...
[20:05:01] [25.37s] [INFO] 🚀 [強化版] 実投稿モード: 確実な投稿ボタン探索開始
[20:05:01] [25.37s] [INFO] 🎯 [強化版] 投稿ボタン探索 試行 1/3
[20:05:01] [25.39s] [INFO] 📍 [強化版] ボタン発見: [data-testid="tweetButton"]
[20:05:01] [25.39s] [INFO]    可視: True, 有効: True, 接続: True
[20:05:01] [25.39s] [INFO]    テキスト: 'ポストする'
[20:05:01] [25.39s] [INFO] ✅ [強化版] 有効な投稿ボタン確認: [data-testid="tweetButton"]
[20:05:01] [25.39s] [INFO] 🎯 [SIMPLE_FLOW] 投稿ボタンクリック試行 1: [data-testid="tweetButton"]
[20:05:01] [25.39s] [INFO] 🎯 [SIMPLE_FLOW] フォーカス維持したままJSクリック
[20:05:01] [25.49s] [INFO] ✅ [SIMPLE_FLOW] JSクリック成功（フォーカス維持）
[20:05:01] [25.49s] [INFO] 🎉 [強化版] [ポストボタン確実クリック済み] 投稿処理成功
[20:05:01] [25.49s] [INFO] モバイル風待機: 3.69秒
[20:05:05] [29.19s] [INFO] 🔍 [POST-VALIDATION] 投稿完了後の最終確認開始
[20:05:05] [29.19s] [INFO] 📍 [POST-VALIDATION] 投稿後URL: https://x.com/compose/post
[20:05:05] [29.19s] [INFO] ✅ [POST-VALIDATION] ホーム画面への遷移確認
[20:05:05] [29.20s] [INFO] 📢 [POST-VALIDATION] 成功インジケーター発見: ポストが送信されました。編集できる時間は1時間以内です。
表示
[20:05:05] [29.20s] [INFO] ============================================================
[20:05:05] [29.21s] [INFO] 📊 [FINAL-SUMMARY] 投稿処理完了サマリー
[20:05:05] [29.21s] [INFO] ============================================================
[20:05:05] [29.21s] [INFO] 📝 投稿メッセージ長: 686文字
[20:05:05] [29.21s] [INFO] 📝 投稿メッセージ内容: 【メタプラネット(3350) 】今週大幅下落、希薄化懸念と空売り圧力増大で需給悪化

★今週の総括
メタプラネットの株価は大幅下落。海外での1300億円規模の新株発行計画が市場心理を悪化させ、株式の希薄化懸念が強まった。加えて、機関投資家による空売り残高が発行済株式の14%に達し、短期的な売り圧力が増加。

ビットコイン価格の軟調も連動し、米国株市場の調整局面が追い打ちをかけている。9月1日から開...
[20:05:05] [29.21s] [INFO] 📷 画像アップロード: あり
[20:05:05] [29.21s] [INFO] 🌐 最終URL: https://x.com/compose/post
[20:05:05] [29.21s] [INFO] ⏰ 投稿完了時刻: 2025-09-07 20:05:05
[20:05:05] [29.21s] [INFO] ============================================================
[20:05:05] [29.21s] [INFO] ✅ === モバイル版投稿完了成功！ ===
[20:05:05] [29.21s] [INFO] 🧹 モバイルブラウザ クリーンアップ開始
[20:05:06] [29.97s] [INFO] ✅ モバイルコンテキストクローズ完了
[20:05:06] [29.98s] [INFO] ✅ Playwrightストップ完了

=== モバイルTwitterデバッグログ終了 ===
終了時刻: 2025-09-07 20:05:06
総実行時間: 29.98秒
============================================================
[20:05:06] [29.98s] [INFO] 📋 詳細デバッグログ保存完了: /Users/youmeiyuu/Desktop/kabu_ai/python/twitter_auto_post/debug_logs/mobile_twitter_debug_20250907_200436.log
