=== モバイルTwitterデバッグログ開始 ===
開始時刻: 2025-08-17 16:57:07
ログファイル: /Users/takahashimika/Dropbox/web_kabu_ai/python/twitter_auto_post/debug_logs/mobile_twitter_debug_20250817_165707.log
============================================================

[16:57:07] [0.00s] [INFO] モバイルプロファイルディレクトリ: /Users/takahashimika/Dropbox/web_kabu_ai/twitter_mobile_profile
[16:57:07] [0.00s] [INFO] 📱 モバイルブラウザ起動開始
[16:57:08] [0.64s] [INFO] ✅ Playwright インスタンス作成完了
[16:57:08] [0.64s] [INFO] ✅ 既存モバイルプロファイル発見: /Users/takahashimika/Dropbox/web_kabu_ai/twitter_mobile_profile
[16:57:08] [0.64s] [INFO] モバイル引数設定完了: 26個
[16:57:08] [0.64s] [INFO] モバイルコンテキスト作成中...
[16:57:10] [2.84s] [INFO] ✅ モバイルコンテキスト作成完了
[16:57:10] [2.84s] [INFO] 既存モバイルページを使用
[16:57:10] [2.86s] [INFO] ✅ モバイル偽装スクリプト適用完了
[16:57:10] [2.86s] [INFO] 📱 モバイルブラウザ起動成功
[16:57:10] [2.86s] [INFO] 📱 モバイル版Twitterに移動開始
[16:57:10] [2.86s] [INFO] アクセス先: https://mobile.twitter.com
[16:57:40] [32.87s] [ERROR] モバイルTwitter移動エラー: Page.goto: Timeout 30000ms exceeded.
Call log:
  - navigating to "https://mobile.twitter.com/", waiting until "networkidle"

[16:57:40] [32.87s] [INFO] 🧹 モバイルブラウザ クリーンアップ開始
[16:57:41] [33.47s] [INFO] ✅ モバイルコンテキストクローズ完了
[16:57:41] [33.48s] [INFO] ✅ Playwrightストップ完了

=== モバイルTwitterデバッグログ終了 ===
終了時刻: 2025-08-17 16:57:41
総実行時間: 33.48秒
============================================================
[16:57:41] [33.48s] [INFO] 📋 詳細デバッグログ保存完了: /Users/takahashimika/Dropbox/web_kabu_ai/python/twitter_auto_post/debug_logs/mobile_twitter_debug_20250817_165707.log
