=== モバイルTwitterデバッグログ開始 ===
開始時刻: 2025-08-17 23:27:22
ログファイル: /Users/takahashimika/Dropbox/web_kabu_ai/python/twitter_auto_post/debug_logs/mobile_twitter_debug_20250817_232722.log
============================================================

[23:27:22] [0.00s] [INFO] モバイルプロファイルディレクトリ: /Users/takahashimika/Dropbox/web_kabu_ai/twitter_mobile_profile
[23:27:22] [0.00s] [INFO] 📱 モバイルブラウザ起動開始
[23:27:23] [1.27s] [INFO] ✅ Playwright インスタンス作成完了
[23:27:23] [1.27s] [INFO] ✅ 既存モバイルプロファイル発見: /Users/takahashimika/Dropbox/web_kabu_ai/twitter_mobile_profile
[23:27:23] [1.28s] [INFO] モバイル引数設定完了: 26個
[23:27:23] [1.28s] [INFO] モバイルコンテキスト作成中...
[23:27:27] [4.45s] [INFO] ✅ モバイルコンテキスト作成完了
[23:27:27] [4.45s] [INFO] 既存モバイルページを使用
[23:27:27] [4.50s] [INFO] ✅ モバイル偽装スクリプト適用完了
[23:27:27] [4.50s] [INFO] 📱 モバイルブラウザ起動成功
[23:27:27] [4.50s] [INFO] 📱 モバイル版Twitterに移動開始
[23:27:27] [4.50s] [INFO] アクセス先: https://mobile.twitter.com
[23:27:29] [7.08s] [INFO] ✅ ページ移動完了
[23:27:29] [7.08s] [INFO] モバイル風待機: 0.90秒
[23:27:30] [8.01s] [INFO] 現在のURL: https://x.com/
[23:27:30] [8.01s] [INFO] ページタイトル: X
[23:27:30] [8.01s] [INFO] モバイルログイン状態チェック - URL: https://x.com/home
[23:27:30] [8.27s] [INFO] ✅ モバイルログイン要素発見: nav[role="navigation"]
[23:27:31] [8.37s] [INFO] 📱 モバイル版手動ログイン待機開始（タイムアウト: 200秒）
[23:27:31] [8.37s] [INFO] モバイルログイン状態チェック - URL: https://x.com/home
[23:27:31] [8.45s] [INFO] ✅ モバイルログイン要素発見: nav[role="navigation"]
[23:27:31] [8.60s] [INFO] ✅ モバイルログイン要素発見: [data-testid="primaryColumn"]
[23:27:31] [8.75s] [INFO] ✅ モバイルログイン要素発見: [aria-label*="ホーム"], [aria-label*="Home"]
[23:27:31] [8.75s] [INFO] ✅ モバイルログイン確認 (3個の要素)
[23:27:31] [8.75s] [INFO] ✅ === モバイル版ログイン完了確認 === (0.4秒)
[23:27:31] [8.75s] [INFO] 📱 モバイルツイート投稿開始 (テスト: True)
[23:27:31] [8.75s] [INFO] 投稿処理開始時のURL: https://x.com/home
[23:27:31] [8.82s] [INFO] ページ上のボタン要素数: 8
[23:27:31] [8.86s] [INFO] ボタン1: text='', aria-label='プロフィールメニュー めいめい＠株わかりやすくまとめ・解説', testid='DashButton_ProfileIcon_Link', href=''
[23:27:31] [8.90s] [INFO] ボタン2: text='', aria-label='前', testid='', href=''
[23:27:31] [8.94s] [INFO] ボタン3: text='', aria-label='次へ', testid='', href=''
[23:27:31] [8.99s] [INFO] ボタン4: text='', aria-label='前', testid='', href=''
[23:27:31] [9.01s] [INFO] ボタン5: text='', aria-label='次へ', testid='', href=''
[23:27:31] [9.03s] [INFO] ボタン6: text='新しいポストを表示', aria-label='新しいポストがあります。新しいポストに移動するには、ピリオド', testid='', href=''
[23:27:31] [9.06s] [INFO] ボタン7: text='', aria-label='ホームタイムラインに移動', testid='', href=''
[23:27:31] [9.08s] [INFO] ボタン8: text='', aria-label='トレンドに移動', testid='', href=''
[23:27:31] [9.09s] [INFO] モバイル投稿ボタン発見: [data-testid="FloatingActionButtons_Tweet_Button"]
[23:27:31] [9.09s] [INFO] モバイル風待機: 1.58秒
[23:27:33] [10.91s] [INFO] タップ成功
[23:27:33] [10.91s] [INFO] モバイル風待機: 2.45秒
[23:27:36] [13.37s] [INFO] モバイルテキストエリア発見: [data-testid="tweetTextarea_0"]
[23:27:36] [13.37s] [INFO] 📷 画像アップロード開始: 1枚
[23:27:36] [13.40s] [INFO] 📝 [TEXT_CHECK] 画像アップロード前: テキスト長=0, 内容=''
[23:27:36] [13.40s] [INFO] 画像1/1をアップロード中: /Users/takahashimika/Dropbox/web_kabu_ai/temp/base64_images/mobile_chart_b7005488-492c-4838-a0be-3838c77a67db.png
[23:27:36] [13.43s] [INFO] 📝 [TEXT_CHECK] プログラマティック画像アップロード前_1: テキスト長=0, 内容=''
[23:27:36] [13.43s] [INFO] 📷 ファイルダイアログ回避モードで画像アップロード開始
[23:27:36] [13.44s] [INFO] ✅ 画像ファイル読み込み完了: 1348000 bytes
[23:27:36] [13.44s] [INFO] 🚀 プログラマティック画像アップロード実行: mobile_chart_b7005488-492c-4838-a0be-3838c77a67db.png
[23:27:36] [13.62s] [INFO] ✅ プログラマティック画像アップロード成功: プログラマティック画像設定完了（ダイアログ回避）
[23:27:36] [13.62s] [INFO]   - Twitterターゲット発見: True
[23:27:36] [13.62s] [INFO]   - ファイル数: 0
[23:27:36] [13.62s] [INFO] モバイル風待機: 2.20秒
[23:27:38] [15.87s] [INFO] 📝 [TEXT_CHECK] プログラマティック画像アップロード後_1: テキスト長=0, 内容=''
[23:27:38] [15.89s] [INFO] ✅ 画像プレビュー確認: .r-1p0dtai img
[23:27:38] [15.89s] [INFO] ✅ 画像が正常にプログラマティックアップロードされました
[23:27:38] [15.89s] [INFO] 📷 プログラマティック画像アップロード処理完了: 1枚処理
[23:27:38] [15.94s] [INFO] 📝 [TEXT_CHECK] 画像アップロード後: テキスト長=0, 内容=''
[23:27:38] [15.94s] [INFO] 📝 テキスト入力開始前の状態チェック
[23:27:38] [15.97s] [INFO] 📝 [TEXT_CHECK] テキスト入力開始前: テキスト長=0, 内容=''
[23:27:38] [15.97s] [INFO] 🎯 [DEBUG] mobile_type開始: clear_first=False, text='【オルツ(260A)】-16.67% 決算延期で失望売り加速、上場廃止目前で急落

週間変動幅: -...'
[23:27:38] [15.98s] [INFO] モバイル風待機: 0.41秒
[23:27:39] [16.40s] [INFO] 📝 JavaScript直接入力開始: '【オルツ(260A)】-16.67% 決算延期で失望売り加速、上場廃止目前で急落

週間変動幅: -...'
[23:27:39] [16.42s] [INFO] 🔧 [DEBUG] モバイルJS設定結果 - before: '', after: '【オルツ(260A)】-16.67% 決算延期で失望売り加速、上場廃止目前で急落

週間変動幅: -...'
[23:27:39] [16.42s] [INFO] ✅ JavaScript直接入力完了: '【オルツ(260A)】-16.67% 決算延期で失望売り加速、上場廃止目前で急落

週間変動幅: -...'
[23:27:39] [16.42s] [INFO] モバイル風待機: 0.44秒
[23:27:39] [16.87s] [INFO] 🎯 [DEBUG] モバイル最終結果: ''
[23:27:39] [16.87s] [INFO] 📝 テキスト入力完了後の状態チェック
[23:27:39] [16.90s] [INFO] 📝 [TEXT_CHECK] テキスト入力完了後: テキスト長=0, 内容=''
[23:27:39] [16.90s] [INFO] ✅ モバイルテキスト入力完了: 【オルツ(260A)】-16.67% 決算延期で失望売り加速、上場廃止目前で急落

週間変動幅: -...
[23:27:39] [16.90s] [INFO] 🚫 実投稿モード: 投稿直前で停止（投稿処理はコメントアウト中）
[23:27:39] [16.90s] [INFO] ✅ モバイルテキスト入力完了
[23:27:39] [16.90s] [INFO] 🧹 モバイルブラウザ クリーンアップ開始
[23:27:40] [17.43s] [INFO] ✅ モバイルコンテキストクローズ完了
[23:27:40] [17.45s] [INFO] ✅ Playwrightストップ完了

=== モバイルTwitterデバッグログ終了 ===
終了時刻: 2025-08-17 23:27:40
総実行時間: 17.46秒
============================================================
[23:27:40] [17.46s] [INFO] 📋 詳細デバッグログ保存完了: /Users/takahashimika/Dropbox/web_kabu_ai/python/twitter_auto_post/debug_logs/mobile_twitter_debug_20250817_232722.log
