=== モバイルTwitterデバッグログ開始 ===
開始時刻: 2025-08-17 20:36:21
ログファイル: /Users/takahashimika/Dropbox/web_kabu_ai/python/twitter_auto_post/debug_logs/mobile_twitter_debug_20250817_203621.log
============================================================

[20:36:21] [0.00s] [INFO] モバイルプロファイルディレクトリ: /Users/takahashimika/Dropbox/web_kabu_ai/twitter_mobile_profile
[20:36:21] [0.00s] [INFO] 📱 モバイルブラウザ起動開始
[20:36:22] [1.06s] [INFO] ✅ Playwright インスタンス作成完了
[20:36:22] [1.06s] [INFO] ✅ 既存モバイルプロファイル発見: /Users/takahashimika/Dropbox/web_kabu_ai/twitter_mobile_profile
[20:36:22] [1.06s] [INFO] モバイル引数設定完了: 26個
[20:36:22] [1.06s] [INFO] モバイルコンテキスト作成中...
[20:36:26] [4.54s] [INFO] ✅ モバイルコンテキスト作成完了
[20:36:26] [4.54s] [INFO] 既存モバイルページを使用
[20:36:26] [4.57s] [INFO] ✅ モバイル偽装スクリプト適用完了
[20:36:26] [4.57s] [INFO] 📱 モバイルブラウザ起動成功
[20:36:26] [4.57s] [INFO] 📱 モバイル版Twitterに移動開始
[20:36:26] [4.57s] [INFO] アクセス先: https://mobile.twitter.com
[20:36:28] [6.43s] [INFO] ✅ ページ移動完了
[20:36:28] [6.43s] [INFO] モバイル風待機: 1.67秒
[20:36:29] [8.12s] [INFO] 現在のURL: https://x.com/
[20:36:29] [8.12s] [INFO] ページタイトル: ホーム / X
[20:36:29] [8.12s] [INFO] モバイルログイン状態チェック - URL: https://x.com/home
[20:36:29] [8.18s] [INFO] ✅ モバイルログイン要素発見: nav[role="navigation"]
[20:36:29] [8.19s] [INFO] ✅ モバイルログイン要素発見: [data-testid="primaryColumn"]
[20:36:29] [8.21s] [INFO] ✅ モバイルログイン要素発見: [aria-label*="ホーム"], [aria-label*="Home"]
[20:36:29] [8.21s] [INFO] ✅ モバイルログイン確認 (3個の要素)
[20:36:29] [8.21s] [INFO] 📱 モバイルツイート投稿開始 (テスト: True)
[20:36:29] [8.21s] [INFO] 投稿処理開始時のURL: https://x.com/home
[20:36:30] [8.23s] [INFO] ページ上のボタン要素数: 8
[20:36:30] [8.26s] [INFO] ボタン1: text='', aria-label='プロフィールメニュー めいめい＠株わかりやすくまとめ・解説', testid='DashButton_ProfileIcon_Link', href=''
[20:36:30] [8.28s] [INFO] ボタン2: text='', aria-label='前', testid='', href=''
[20:36:30] [8.31s] [INFO] ボタン3: text='', aria-label='次へ', testid='', href=''
[20:36:30] [8.34s] [INFO] ボタン4: text='', aria-label='前', testid='', href=''
[20:36:30] [8.40s] [INFO] ボタン5: text='', aria-label='次へ', testid='', href=''
[20:36:30] [8.43s] [INFO] ボタン6: text='新しいポストを表示', aria-label='新しいポストがあります。新しいポストに移動するには、ピリオド', testid='', href=''
[20:36:30] [8.46s] [INFO] ボタン7: text='', aria-label='ホームタイムラインに移動', testid='', href=''
[20:36:30] [8.61s] [INFO] ボタン8: text='', aria-label='トレンドに移動', testid='', href=''
[20:36:30] [8.62s] [INFO] モバイル投稿ボタン発見: [data-testid="FloatingActionButtons_Tweet_Button"]
[20:36:30] [8.62s] [INFO] モバイル風待機: 1.77秒
[20:36:32] [10.55s] [INFO] タップ成功
[20:36:32] [10.55s] [INFO] モバイル風待機: 2.96秒
[20:36:35] [13.53s] [INFO] モバイルテキストエリア発見: [data-testid="tweetTextarea_0"]
[20:36:35] [13.53s] [INFO] 📝 テキスト入力開始前の状態チェック
[20:36:35] [13.55s] [INFO] 📝 [TEXT_CHECK] テキスト入力開始前: テキスト長=0, 内容=''
[20:36:35] [13.56s] [INFO] 🎯 [DEBUG] mobile_type開始: clear_first=False, text='【エス・サイエンス(5721)】10.66%　決算通過後の買い戻し活発化、悪材料出尽くし感強まる

...'
[20:36:35] [13.56s] [INFO] モバイル風待機: 0.31秒
[20:36:35] [13.88s] [INFO] 📝 JavaScript直接入力開始: '【エス・サイエンス(5721)】10.66%　決算通過後の買い戻し活発化、悪材料出尽くし感強まる

...'
[20:36:35] [13.90s] [INFO] 🔧 [DEBUG] モバイルJS設定結果 - before: '', after: '【エス・サイエンス(5721)】10.66%　決算通過後の買い戻し活発化、悪材料出尽くし感強まる

...'
[20:36:35] [13.90s] [INFO] ✅ JavaScript直接入力完了: '【エス・サイエンス(5721)】10.66%　決算通過後の買い戻し活発化、悪材料出尽くし感強まる

...'
[20:36:35] [13.90s] [INFO] モバイル風待機: 0.38秒
[20:36:36] [14.29s] [INFO] 🎯 [DEBUG] モバイル最終結果: '【エス・サイエンス(5721)】10.66%　決算通過後の買い戻し活発化、悪材料出尽くし感強まる

...'
[20:36:36] [14.29s] [INFO] 📝 テキスト入力完了後の状態チェック
[20:36:36] [14.30s] [INFO] 📝 [TEXT_CHECK] テキスト入力完了後: テキスト長=882, 内容='【エス・サイエンス(5721)】10.66%　決算通過後の買い戻し活発化、悪材料出尽くし感強まる

...'
[20:36:36] [14.30s] [INFO] ✅ モバイルテキスト入力完了: 【エス・サイエンス(5721)】10.66%　決算通過後の買い戻し活発化、悪材料出尽くし感強まる

...
[20:36:36] [14.30s] [INFO] 🚫 実投稿モード: 投稿直前で停止（投稿処理はコメントアウト中）
[20:36:36] [14.30s] [INFO] ✅ モバイルテキスト入力完了
[20:36:36] [14.30s] [INFO] 🧹 モバイルブラウザ クリーンアップ開始
[20:36:36] [14.85s] [INFO] ✅ モバイルコンテキストクローズ完了
[20:36:36] [14.87s] [INFO] ✅ Playwrightストップ完了

=== モバイルTwitterデバッグログ終了 ===
終了時刻: 2025-08-17 20:36:36
総実行時間: 14.87秒
============================================================
[20:36:36] [14.87s] [INFO] 📋 詳細デバッグログ保存完了: /Users/takahashimika/Dropbox/web_kabu_ai/python/twitter_auto_post/debug_logs/mobile_twitter_debug_20250817_203621.log
