=== モバイルTwitterデバッグログ開始 ===
開始時刻: 2025-08-17 19:03:43
ログファイル: /Users/takahashimika/Dropbox/web_kabu_ai/python/twitter_auto_post/debug_logs/mobile_twitter_debug_20250817_190343.log
============================================================

[19:03:43] [0.00s] [INFO] モバイルプロファイルディレクトリ: /Users/takahashimika/Dropbox/web_kabu_ai/twitter_mobile_profile
[19:03:43] [0.00s] [INFO] 📱 モバイルブラウザ起動開始
[19:03:44] [1.34s] [INFO] ✅ Playwright インスタンス作成完了
[19:03:44] [1.34s] [INFO] ✅ 既存モバイルプロファイル発見: /Users/takahashimika/Dropbox/web_kabu_ai/twitter_mobile_profile
[19:03:44] [1.34s] [INFO] モバイル引数設定完了: 26個
[19:03:44] [1.34s] [INFO] モバイルコンテキスト作成中...
[19:03:47] [4.55s] [INFO] ✅ モバイルコンテキスト作成完了
[19:03:47] [4.55s] [INFO] 既存モバイルページを使用
[19:03:47] [4.58s] [INFO] ✅ モバイル偽装スクリプト適用完了
[19:03:47] [4.58s] [INFO] 📱 モバイルブラウザ起動成功
[19:03:47] [4.58s] [INFO] 📱 モバイル版Twitterに移動開始
[19:03:47] [4.58s] [INFO] アクセス先: https://mobile.twitter.com
[19:03:50] [6.60s] [INFO] ✅ ページ移動完了
[19:03:50] [6.60s] [INFO] モバイル風待機: 2.35秒
[19:03:52] [8.96s] [INFO] 現在のURL: https://x.com/
[19:03:52] [8.96s] [INFO] ページタイトル: ホーム / X
[19:03:52] [8.96s] [INFO] モバイルログイン状態チェック - URL: https://x.com/home
[19:03:52] [9.02s] [INFO] ✅ モバイルログイン要素発見: nav[role="navigation"]
[19:03:52] [9.03s] [INFO] ✅ モバイルログイン要素発見: [data-testid="primaryColumn"]
[19:03:52] [9.17s] [INFO] ✅ モバイルログイン要素発見: [aria-label*="ホーム"], [aria-label*="Home"]
[19:03:52] [9.17s] [INFO] ✅ モバイルログイン確認 (3個の要素)
[19:03:52] [9.17s] [INFO] 📱 モバイルツイート投稿開始 (テスト: True)
[19:03:52] [9.17s] [INFO] 投稿処理開始時のURL: https://x.com/home
[19:03:52] [9.19s] [INFO] ページ上のボタン要素数: 8
[19:03:52] [9.22s] [INFO] ボタン1: text='', aria-label='プロフィールメニュー めいめい＠株わかりやすくまとめ・解説', testid='DashButton_ProfileIcon_Link', href=''
[19:03:52] [9.24s] [INFO] ボタン2: text='', aria-label='前', testid='', href=''
[19:03:53] [9.59s] [INFO] ボタン3: text='', aria-label='次へ', testid='', href=''
[19:03:53] [9.69s] [INFO] ボタン4: text='', aria-label='前', testid='', href=''
[19:03:53] [10.09s] [INFO] ボタン5: text='', aria-label='次へ', testid='', href=''
[19:03:53] [10.30s] [INFO] ボタン6: text='新しいポストを表示', aria-label='新しいポストがあります。新しいポストに移動するには、ピリオド', testid='', href=''
[19:03:53] [10.33s] [INFO] ボタン7: text='', aria-label='ホームタイムラインに移動', testid='', href=''
[19:03:53] [10.35s] [INFO] ボタン8: text='', aria-label='トレンドに移動', testid='', href=''
[19:03:53] [10.42s] [INFO] モバイル投稿ボタン発見: [data-testid="FloatingActionButtons_Tweet_Button"]
[19:03:53] [10.43s] [INFO] モバイル風待機: 2.03秒
[19:03:56] [12.64s] [INFO] タップ成功
[19:03:56] [12.65s] [INFO] モバイル風待機: 2.67秒
[19:03:58] [15.33s] [INFO] モバイルテキストエリア発見: [data-testid="tweetTextarea_0"]
[19:03:58] [15.33s] [INFO] 📝 テキスト入力開始前の状態チェック
[19:03:58] [15.37s] [INFO] 📝 [TEXT_CHECK] テキスト入力開始前: テキスト長=0, 内容=''
[19:03:58] [15.37s] [INFO] 🎯 [DEBUG] mobile_type開始: clear_first=False, text='【レーザーテック(6920)】8.31% 大幅上昇、インテル支援と需給改善で反発強まる

今週の株価...'
[19:03:58] [15.38s] [INFO] モバイル風待機: 0.48秒
[19:03:59] [15.86s] [INFO] 📝 JavaScript直接入力開始: '【レーザーテック(6920)】8.31% 大幅上昇、インテル支援と需給改善で反発強まる

今週の株価...'
[19:03:59] [15.87s] [INFO] 🔧 [DEBUG] モバイルJS設定結果 - before: '', after: '【レーザーテック(6920)】8.31% 大幅上昇、インテル支援と需給改善で反発強まる

今週の株価...'
[19:03:59] [15.87s] [INFO] ✅ JavaScript直接入力完了: '【レーザーテック(6920)】8.31% 大幅上昇、インテル支援と需給改善で反発強まる

今週の株価...'
[19:03:59] [15.88s] [INFO] モバイル風待機: 0.70秒
[19:04:00] [16.58s] [INFO] 🎯 [DEBUG] モバイル最終結果: '【レーザーテック(6920)】8.31% 大幅上昇、インテル支援と需給改善で反発強まる

今週の株価...'
[19:04:00] [16.59s] [INFO] 📝 テキスト入力完了後の状態チェック
[19:04:00] [16.60s] [INFO] 📝 [TEXT_CHECK] テキスト入力完了後: テキスト長=915, 内容='【レーザーテック(6920)】8.31% 大幅上昇、インテル支援と需給改善で反発強まる

今週の株価...'
[19:04:00] [16.60s] [INFO] ✅ モバイルテキスト入力完了: 【レーザーテック(6920)】8.31% 大幅上昇、インテル支援と需給改善で反発強まる

今週の株価...
[19:04:00] [16.60s] [INFO] 📷 画像アップロード開始: 1枚
[19:04:00] [16.61s] [INFO] 📝 [TEXT_CHECK] 画像アップロード前: テキスト長=915, 内容='【レーザーテック(6920)】8.31% 大幅上昇、インテル支援と需給改善で反発強まる

今週の株価...'
[19:04:00] [16.61s] [INFO] 画像1/1をアップロード中: /Users/takahashimika/Dropbox/web_kabu_ai/temp/base64_images/mobile_chart_302da6cd-188c-4bf4-aadc-23c71d55a857.png
[19:04:00] [16.61s] [INFO] 📝 [TEXT_CHECK] プログラマティック画像アップロード前_1: テキスト長=915, 内容='【レーザーテック(6920)】8.31% 大幅上昇、インテル支援と需給改善で反発強まる

今週の株価...'
[19:04:00] [16.61s] [INFO] 📷 ファイルダイアログ回避モードで画像アップロード開始
[19:04:00] [16.62s] [INFO] ✅ 画像ファイル読み込み完了: 1507680 bytes
[19:04:00] [16.62s] [INFO] 🚀 プログラマティック画像アップロード実行: mobile_chart_302da6cd-188c-4bf4-aadc-23c71d55a857.png
[19:04:00] [16.81s] [INFO] ✅ プログラマティック画像アップロード成功: プログラマティック画像設定完了（ダイアログ回避）
[19:04:00] [16.81s] [INFO]   - Twitterターゲット発見: True
[19:04:00] [16.81s] [INFO]   - ファイル数: 0
[19:04:00] [16.81s] [INFO] モバイル風待機: 2.30秒
[19:04:02] [19.15s] [INFO] 📝 [TEXT_CHECK] プログラマティック画像アップロード後_1: テキスト長=0, 内容=''
[19:04:02] [19.15s] [WARNING] ⚠️ プログラマティック画像アップロードでテキストが削除されました。復元します
[19:04:02] [19.16s] [INFO] 🎯 [DEBUG] mobile_type開始: clear_first=False, text='【レーザーテック(6920)】8.31% 大幅上昇、インテル支援と需給改善で反発強まる

今週の株価...'
[19:04:02] [19.17s] [INFO] モバイル風待機: 0.28秒
[19:04:02] [19.45s] [INFO] 📝 JavaScript直接入力開始: '【レーザーテック(6920)】8.31% 大幅上昇、インテル支援と需給改善で反発強まる

今週の株価...'
[19:04:02] [19.47s] [INFO] 🔧 [DEBUG] モバイルJS設定結果 - before: '', after: '【レーザーテック(6920)】8.31% 大幅上昇、インテル支援と需給改善で反発強まる

今週の株価...'
[19:04:02] [19.47s] [INFO] ✅ JavaScript直接入力完了: '【レーザーテック(6920)】8.31% 大幅上昇、インテル支援と需給改善で反発強まる

今週の株価...'
[19:04:02] [19.47s] [INFO] モバイル風待機: 0.50秒
[19:04:03] [19.98s] [INFO] 🎯 [DEBUG] モバイル最終結果: '【レーザーテック(6920)】8.31% 大幅上昇、インテル支援と需給改善で反発強まる

今週の株価...'
[19:04:03] [19.98s] [INFO] ✅ テキスト復元完了
[19:04:03] [20.01s] [INFO] ✅ 画像プレビュー確認: .r-1p0dtai img
[19:04:03] [20.01s] [INFO] ✅ 画像が正常にプログラマティックアップロードされました
[19:04:03] [20.01s] [INFO] 📷 プログラマティック画像アップロード処理完了: 1枚処理
[19:04:03] [20.06s] [INFO] 📝 [TEXT_CHECK] 画像アップロード後: テキスト長=0, 内容=''
[19:04:03] [20.06s] [INFO] 🚫 実投稿モード: 投稿直前で停止（投稿処理はコメントアウト中）
[19:04:03] [20.06s] [INFO] ✅ モバイルテキスト入力完了
[19:04:03] [20.06s] [INFO] 🧹 モバイルブラウザ クリーンアップ開始
[19:04:04] [20.69s] [INFO] ✅ モバイルコンテキストクローズ完了
[19:04:04] [20.76s] [INFO] ✅ Playwrightストップ完了

=== モバイルTwitterデバッグログ終了 ===
終了時刻: 2025-08-17 19:04:04
総実行時間: 20.76秒
============================================================
[19:04:04] [20.76s] [INFO] 📋 詳細デバッグログ保存完了: /Users/takahashimika/Dropbox/web_kabu_ai/python/twitter_auto_post/debug_logs/mobile_twitter_debug_20250817_190343.log
