=== モバイルTwitterデバッグログ開始 ===
開始時刻: 2025-09-06 12:18:03
ログファイル: /Users/takahashimika/Dropbox/web_kabu_ai/python/twitter_auto_post/debug_logs/mobile_twitter_debug_20250906_121803.log
============================================================

[12:18:03] [0.00s] [INFO] モバイルプロファイルディレクトリ: /Users/takahashimika/Dropbox/web_kabu_ai/twitter_mobile_profile
[12:18:03] [0.00s] [INFO] 📱 モバイルブラウザ起動開始
[12:18:05] [1.22s] [INFO] ✅ Playwright インスタンス作成完了
[12:18:05] [1.22s] [INFO] ✅ 既存モバイルプロファイル発見: /Users/takahashimika/Dropbox/web_kabu_ai/twitter_mobile_profile
[12:18:05] [1.22s] [INFO] モバイル引数設定完了: 26個
[12:18:05] [1.22s] [INFO] モバイルコンテキスト作成中...
[12:18:08] [4.25s] [INFO] ✅ モバイルコンテキスト作成完了
[12:18:08] [4.25s] [INFO] 既存モバイルページを使用
[12:18:08] [4.28s] [INFO] ✅ モバイル偽装スクリプト適用完了
[12:18:08] [4.28s] [INFO] 📱 モバイルブラウザ起動成功
[12:18:08] [4.28s] [INFO] 📱 モバイル版Twitterに移動開始
[12:18:08] [4.28s] [INFO] アクセス先: https://mobile.twitter.com
[12:18:10] [6.31s] [INFO] ✅ ページ移動完了
[12:18:10] [6.31s] [INFO] モバイル風待機: 1.64秒
[12:18:11] [7.97s] [INFO] 現在のURL: https://x.com/
[12:18:11] [7.97s] [INFO] ページタイトル: ホーム / X
[12:18:11] [7.97s] [INFO] モバイルログイン状態チェック - URL: https://x.com/home
[12:18:12] [8.06s] [INFO] ✅ モバイルログイン要素発見: nav[role="navigation"]
[12:18:12] [8.09s] [INFO] ✅ モバイルログイン要素発見: [data-testid="primaryColumn"]
[12:18:12] [8.12s] [INFO] ✅ モバイルログイン要素発見: [aria-label*="ホーム"], [aria-label*="Home"]
[12:18:12] [8.12s] [INFO] ✅ モバイルログイン確認 (3個の要素)
[12:18:12] [8.12s] [INFO] 📱 モバイルツイート投稿開始 (テスト: False)
[12:18:12] [8.12s] [INFO] 投稿処理開始時のURL: https://x.com/home
[12:18:12] [8.15s] [INFO] ページ上のボタン要素数: 8
[12:18:12] [8.19s] [INFO] ボタン1: text='', aria-label='プロフィールメニュー meiteko', testid='DashButton_ProfileIcon_Link', href=''
[12:18:12] [8.24s] [INFO] ボタン2: text='', aria-label='前', testid='', href=''
[12:18:12] [8.29s] [INFO] ボタン3: text='', aria-label='次へ', testid='', href=''
[12:18:12] [8.34s] [INFO] ボタン4: text='', aria-label='前', testid='', href=''
[12:18:12] [8.36s] [INFO] ボタン5: text='', aria-label='次へ', testid='', href=''
[12:18:12] [8.38s] [INFO] ボタン6: text='新しいポストを表示', aria-label='新しいポストがあります。新しいポストに移動するには、ピリオド', testid='', href=''
[12:18:12] [8.41s] [INFO] ボタン7: text='', aria-label='ホームタイムラインに移動', testid='', href=''
[12:18:12] [8.43s] [INFO] ボタン8: text='', aria-label='トレンドに移動', testid='', href=''
[12:18:12] [8.50s] [INFO] モバイル投稿ボタン発見: [data-testid="FloatingActionButtons_Tweet_Button"]
[12:18:12] [8.50s] [INFO] モバイル風待機: 2.11秒
[12:18:14] [11.00s] [INFO] タップ成功
[12:18:14] [11.00s] [INFO] モバイル風待機: 2.21秒
[12:18:17] [13.22s] [INFO] モバイルテキストエリア発見: [data-testid="tweetTextarea_0"]
[12:18:17] [13.22s] [INFO] 📝 [SIMPLE_FLOW] 画像先・テキスト後の単純フロー
[12:18:17] [13.23s] [INFO] 📝 [SIMPLE_FLOW] テキスト入力（1回のみ）
[12:18:17] [13.23s] [INFO] 📝 [SIMPLE_TYPE] シンプルテキスト入力開始: 693文字
[12:18:17] [13.23s] [INFO] モバイル風待機: 0.46秒
[12:18:17] [13.70s] [INFO] ✅ [SIMPLE_TYPE] テキスト設定完了: 693文字
[12:18:17] [13.70s] [INFO] 🎯 [SIMPLE_FLOW] テキストエリアにフォーカス維持
[12:18:17] [13.72s] [INFO] モバイル風待機: 0.61秒
[12:18:18] [14.34s] [INFO] ✅ モバイルテキスト入力完了: 【北浜キャピタルパートナーズ(2134)】-6.16%進捗遅延と情報不足で売り圧力増大  


★今...
[12:18:18] [14.34s] [INFO] 🚀 [強化版] 実投稿モード: 確実な投稿ボタン探索開始
[12:18:18] [14.34s] [INFO] 🎯 [強化版] 投稿ボタン探索 試行 1/3
[12:18:18] [14.37s] [INFO] 📍 [強化版] ボタン発見: [data-testid="tweetButton"]
[12:18:18] [14.37s] [INFO]    可視: True, 有効: False, 接続: True
[12:18:18] [14.37s] [INFO]    テキスト: 'ポストする'
[12:18:18] [14.40s] [INFO] 📍 [強化版] ボタン発見: button[data-testid="tweetButton"]
[12:18:18] [14.40s] [INFO]    可視: True, 有効: False, 接続: True
[12:18:18] [14.40s] [INFO]    テキスト: 'ポストする'
[12:18:18] [14.43s] [INFO] 📍 [強化版] ボタン発見: [role="button"][data-testid="tweetButton"]
[12:18:18] [14.43s] [INFO]    可視: True, 有効: False, 接続: True
[12:18:18] [14.43s] [INFO]    テキスト: 'ポストする'
[12:18:18] [14.48s] [INFO] 📍 [強化版] ボタン発見: button:has-text("ポスト")
[12:18:18] [14.48s] [INFO]    可視: True, 有効: False, 接続: True
[12:18:18] [14.48s] [INFO]    テキスト: 'ポストする'
[12:18:18] [14.51s] [INFO] 📍 [強化版] ボタン発見: [aria-label*="ポスト"]
[12:18:18] [14.51s] [INFO]    可視: True, 有効: True, 接続: True
[12:18:18] [14.51s] [INFO]    テキスト: ''
[12:18:18] [14.51s] [INFO] ✅ [強化版] 有効な投稿ボタン確認: [aria-label*="ポスト"]
[12:18:18] [14.51s] [INFO] 🎯 [SIMPLE_FLOW] 投稿ボタンクリック試行 1: [aria-label*="ポスト"]
[12:18:18] [14.51s] [INFO] 🎯 [SIMPLE_FLOW] フォーカス維持したままJSクリック
[12:18:18] [14.55s] [INFO] ✅ [SIMPLE_FLOW] JSクリック成功（フォーカス維持）
[12:18:18] [14.55s] [INFO] 🎉 [強化版] [ポストボタン確実クリック済み] 投稿処理成功
[12:18:18] [14.55s] [INFO] モバイル風待機: 4.86秒
[12:18:23] [19.42s] [INFO] 🔍 [POST-VALIDATION] 投稿完了後の最終確認開始
[12:18:23] [19.42s] [INFO] 📍 [POST-VALIDATION] 投稿後URL: https://x.com/compose/post
[12:18:23] [19.42s] [INFO] ✅ [POST-VALIDATION] ホーム画面への遷移確認
[12:18:23] [19.43s] [INFO] 📢 [POST-VALIDATION] 成功インジケーター発見: 
[12:18:23] [19.43s] [INFO] ============================================================
[12:18:23] [19.43s] [INFO] 📊 [FINAL-SUMMARY] 投稿処理完了サマリー
[12:18:23] [19.43s] [INFO] ============================================================
[12:18:23] [19.43s] [INFO] 📝 投稿メッセージ長: 693文字
[12:18:23] [19.43s] [INFO] 📝 投稿メッセージ内容: 【北浜キャピタルパートナーズ(2134)】-6.16%進捗遅延と情報不足で売り圧力増大  


★今日の流れと解説  
北浜キャピタルパートナーズ株は前日比-6.16%の大幅下落。大型プロジェクトの進捗報告遅延により具体的な業績が不透明なまま、投資家の不安が増幅。市場では材料不足が重しとなり、売買は低調かつ乱高下が目立った。

今後のIR発表が株価回復の鍵を握る。  

■今日のニュース内容  
...
[12:18:23] [19.43s] [INFO] 📷 画像アップロード: なし
[12:18:23] [19.43s] [INFO] 🌐 最終URL: https://x.com/compose/post
[12:18:23] [19.43s] [INFO] ⏰ 投稿完了時刻: 2025-09-06 12:18:23
[12:18:23] [19.43s] [INFO] ============================================================
[12:18:23] [19.43s] [INFO] ✅ === モバイル版投稿完了成功！ ===
[12:18:23] [19.43s] [INFO] 🧹 モバイルブラウザ クリーンアップ開始
[12:18:23] [20.00s] [INFO] ✅ モバイルコンテキストクローズ完了
[12:18:23] [20.03s] [INFO] ✅ Playwrightストップ完了

=== モバイルTwitterデバッグログ終了 ===
終了時刻: 2025-09-06 12:18:23
総実行時間: 20.03秒
============================================================
[12:18:23] [20.03s] [INFO] 📋 詳細デバッグログ保存完了: /Users/takahashimika/Dropbox/web_kabu_ai/python/twitter_auto_post/debug_logs/mobile_twitter_debug_20250906_121803.log
