=== モバイルTwitterデバッグログ開始 ===
開始時刻: 2025-08-17 17:35:46
ログファイル: /Users/takahashimika/Dropbox/web_kabu_ai/python/twitter_auto_post/debug_logs/mobile_twitter_debug_20250817_173546.log
============================================================

[17:35:46] [0.00s] [INFO] モバイルプロファイルディレクトリ: /Users/takahashimika/Dropbox/web_kabu_ai/twitter_mobile_profile
[17:35:46] [0.00s] [INFO] 📱 モバイルブラウザ起動開始
[17:35:47] [1.67s] [INFO] ✅ Playwright インスタンス作成完了
[17:35:47] [1.67s] [INFO] ✅ 既存モバイルプロファイル発見: /Users/takahashimika/Dropbox/web_kabu_ai/twitter_mobile_profile
[17:35:47] [1.67s] [INFO] モバイル引数設定完了: 26個
[17:35:47] [1.67s] [INFO] モバイルコンテキスト作成中...
[17:35:51] [5.05s] [INFO] ✅ モバイルコンテキスト作成完了
[17:35:51] [5.05s] [INFO] 既存モバイルページを使用
[17:35:51] [5.11s] [INFO] ✅ モバイル偽装スクリプト適用完了
[17:35:51] [5.11s] [INFO] 📱 モバイルブラウザ起動成功
[17:35:51] [5.11s] [INFO] 📱 モバイル版Twitterに移動開始
[17:35:51] [5.11s] [INFO] アクセス先: https://mobile.twitter.com
[17:35:53] [6.94s] [INFO] ✅ ページ移動完了
[17:35:53] [6.94s] [INFO] モバイル風待機: 2.35秒
[17:35:55] [9.29s] [INFO] 現在のURL: https://x.com/
[17:35:55] [9.29s] [INFO] ページタイトル: ホーム / X
[17:35:55] [9.29s] [INFO] モバイルログイン状態チェック - URL: https://x.com/home
[17:35:55] [9.35s] [INFO] ✅ モバイルログイン要素発見: nav[role="navigation"]
[17:35:55] [9.36s] [INFO] ✅ モバイルログイン要素発見: [data-testid="primaryColumn"]
[17:35:55] [9.38s] [INFO] ✅ モバイルログイン要素発見: [aria-label*="ホーム"], [aria-label*="Home"]
[17:35:55] [9.38s] [INFO] ✅ モバイルログイン確認 (3個の要素)
[17:35:55] [9.38s] [INFO] 📱 モバイルツイート投稿開始 (テスト: True)
[17:35:55] [9.38s] [INFO] 投稿処理開始時のURL: https://x.com/home
[17:35:55] [9.39s] [INFO] ページ上のボタン要素数: 8
[17:35:55] [9.43s] [INFO] ボタン1: text='', aria-label='プロフィールメニュー めいめい＠株わかりやすくまとめ・解説', testid='DashButton_ProfileIcon_Link', href=''
[17:35:55] [9.57s] [INFO] ボタン2: text='', aria-label='前', testid='', href=''
[17:35:55] [9.59s] [INFO] ボタン3: text='', aria-label='次へ', testid='', href=''
[17:35:55] [9.62s] [INFO] ボタン4: text='', aria-label='前', testid='', href=''
[17:35:55] [9.64s] [INFO] ボタン5: text='', aria-label='次へ', testid='', href=''
[17:35:56] [10.26s] [INFO] ボタン6: text='新しいポストを表示', aria-label='新しいポストがあります。新しいポストに移動するには、ピリオド', testid='', href=''
[17:35:56] [10.49s] [INFO] ボタン7: text='', aria-label='ホームタイムラインに移動', testid='', href=''
[17:35:57] [11.12s] [INFO] ボタン8: text='', aria-label='トレンドに移動', testid='', href=''
[17:35:57] [11.15s] [INFO] モバイル投稿ボタン発見: [data-testid="FloatingActionButtons_Tweet_Button"]
[17:35:57] [11.15s] [INFO] モバイル風待機: 1.45秒
[17:35:58] [12.79s] [INFO] タップ成功
[17:35:58] [12.80s] [INFO] モバイル風待機: 2.28秒
[17:36:01] [15.09s] [INFO] モバイルテキストエリア発見: [data-testid="tweetTextarea_0"]
[17:36:01] [15.09s] [INFO] 📝 テキスト入力開始前の状態チェック
[17:36:01] [15.12s] [INFO] 📝 [TEXT_CHECK] テキスト入力開始前: テキスト長=0, 内容=''
[17:36:01] [15.12s] [INFO] 🎯 [DEBUG] mobile_type開始: clear_first=False, text='【北浜キャピタルパートナーズ(2134)】-4.35% 今週の株価変動幅: 59円～72円、週間騰落...'
[17:36:01] [15.13s] [INFO] モバイル風待機: 0.27秒
[17:36:01] [15.41s] [INFO] 📝 JavaScript直接入力開始: '【北浜キャピタルパートナーズ(2134)】-4.35% 今週の株価変動幅: 59円～72円、週間騰落...'
[17:36:01] [15.42s] [INFO] 🔧 [DEBUG] モバイルJS設定結果 - before: '', after: '【北浜キャピタルパートナーズ(2134)】-4.35% 今週の株価変動幅: 59円～72円、週間騰落...'
[17:36:01] [15.43s] [INFO] ✅ JavaScript直接入力完了: '【北浜キャピタルパートナーズ(2134)】-4.35% 今週の株価変動幅: 59円～72円、週間騰落...'
[17:36:01] [15.43s] [INFO] モバイル風待機: 0.33秒
[17:36:01] [15.76s] [INFO] 🎯 [DEBUG] モバイル最終結果: '【北浜キャピタルパートナーズ(2134)】-4.35% 今週の株価変動幅: 59円～72円、週間騰落...'
[17:36:01] [15.76s] [INFO] 📝 テキスト入力完了後の状態チェック
[17:36:01] [15.77s] [INFO] 📝 [TEXT_CHECK] テキスト入力完了後: テキスト長=623, 内容='【北浜キャピタルパートナーズ(2134)】-4.35% 今週の株価変動幅: 59円～72円、週間騰落...'
[17:36:01] [15.77s] [INFO] ✅ モバイルテキスト入力完了: 【北浜キャピタルパートナーズ(2134)】-4.35% 今週の株価変動幅: 59円～72円、週間騰落...
[17:36:01] [15.77s] [INFO] 🚫 実投稿モード: 投稿直前で停止（投稿処理はコメントアウト中）
[17:36:01] [15.77s] [INFO] ✅ モバイルテキスト入力完了
[17:36:01] [15.77s] [INFO] 🧹 モバイルブラウザ クリーンアップ開始
[17:36:03] [16.89s] [INFO] ✅ モバイルコンテキストクローズ完了
[17:36:03] [16.93s] [INFO] ✅ Playwrightストップ完了

=== モバイルTwitterデバッグログ終了 ===
終了時刻: 2025-08-17 17:36:03
総実行時間: 16.93秒
============================================================
[17:36:03] [16.93s] [INFO] 📋 詳細デバッグログ保存完了: /Users/takahashimika/Dropbox/web_kabu_ai/python/twitter_auto_post/debug_logs/mobile_twitter_debug_20250817_173546.log
