=== モバイルTwitterデバッグログ開始 ===
開始時刻: 2025-08-17 20:14:07
ログファイル: /Users/takahashimika/Dropbox/web_kabu_ai/python/twitter_auto_post/debug_logs/mobile_twitter_debug_20250817_201407.log
============================================================

[20:14:07] [0.00s] [INFO] モバイルプロファイルディレクトリ: /Users/takahashimika/Dropbox/web_kabu_ai/twitter_mobile_profile
[20:14:07] [0.00s] [INFO] 📱 モバイルブラウザ起動開始
[20:14:08] [1.61s] [INFO] ✅ Playwright インスタンス作成完了
[20:14:08] [1.61s] [INFO] ✅ 既存モバイルプロファイル発見: /Users/takahashimika/Dropbox/web_kabu_ai/twitter_mobile_profile
[20:14:08] [1.61s] [INFO] モバイル引数設定完了: 26個
[20:14:08] [1.61s] [INFO] モバイルコンテキスト作成中...
[20:14:11] [4.56s] [INFO] ✅ モバイルコンテキスト作成完了
[20:14:11] [4.56s] [INFO] 既存モバイルページを使用
[20:14:11] [4.59s] [INFO] ✅ モバイル偽装スクリプト適用完了
[20:14:11] [4.59s] [INFO] 📱 モバイルブラウザ起動成功
[20:14:11] [4.59s] [INFO] 📱 モバイル版Twitterに移動開始
[20:14:11] [4.59s] [INFO] アクセス先: https://mobile.twitter.com
[20:14:14] [7.16s] [INFO] ✅ ページ移動完了
[20:14:14] [7.16s] [INFO] モバイル風待機: 1.65秒
[20:14:16] [8.90s] [INFO] 現在のURL: https://x.com/
[20:14:16] [8.90s] [INFO] ページタイトル: ホーム / X
[20:14:16] [8.90s] [INFO] モバイルログイン状態チェック - URL: https://x.com/home
[20:14:16] [9.10s] [INFO] ✅ モバイルログイン要素発見: nav[role="navigation"]
[20:14:16] [9.12s] [INFO] ✅ モバイルログイン要素発見: [data-testid="primaryColumn"]
[20:14:16] [9.13s] [INFO] ✅ モバイルログイン要素発見: [aria-label*="ホーム"], [aria-label*="Home"]
[20:14:16] [9.13s] [INFO] ✅ モバイルログイン確認 (3個の要素)
[20:14:16] [9.13s] [INFO] 📱 モバイルツイート投稿開始 (テスト: True)
[20:14:16] [9.13s] [INFO] 投稿処理開始時のURL: https://x.com/home
[20:14:16] [9.15s] [INFO] ページ上のボタン要素数: 8
[20:14:16] [9.18s] [INFO] ボタン1: text='', aria-label='プロフィールメニュー めいめい＠株わかりやすくまとめ・解説', testid='DashButton_ProfileIcon_Link', href=''
[20:14:16] [9.20s] [INFO] ボタン2: text='', aria-label='前', testid='', href=''
[20:14:16] [9.22s] [INFO] ボタン3: text='', aria-label='次へ', testid='', href=''
[20:14:16] [9.24s] [INFO] ボタン4: text='', aria-label='前', testid='', href=''
[20:14:16] [9.27s] [INFO] ボタン5: text='', aria-label='次へ', testid='', href=''
[20:14:16] [9.30s] [INFO] ボタン6: text='新しいポストを表示', aria-label='新しいポストがあります。新しいポストに移動するには、ピリオド', testid='', href=''
[20:14:16] [9.32s] [INFO] ボタン7: text='', aria-label='ホームタイムラインに移動', testid='', href=''
[20:14:16] [9.34s] [INFO] ボタン8: text='', aria-label='トレンドに移動', testid='', href=''
[20:14:16] [9.35s] [INFO] モバイル投稿ボタン発見: [data-testid="FloatingActionButtons_Tweet_Button"]
[20:14:16] [9.35s] [INFO] モバイル風待機: 2.04秒
[20:14:18] [11.55s] [INFO] タップ成功
[20:14:18] [11.55s] [INFO] モバイル風待機: 2.07秒
[20:14:20] [13.64s] [INFO] モバイルテキストエリア発見: [data-testid="tweetTextarea_0"]
[20:14:20] [13.64s] [INFO] 📷 画像アップロード開始: 1枚
[20:14:20] [13.68s] [INFO] 📝 [TEXT_CHECK] 画像アップロード前: テキスト長=0, 内容=''
[20:14:20] [13.69s] [INFO] 画像1/1をアップロード中: /Users/takahashimika/Dropbox/web_kabu_ai/temp/base64_images/mobile_chart_7d416582-e1a2-4c31-883a-55d157681f08.png
[20:14:20] [13.73s] [INFO] 📝 [TEXT_CHECK] プログラマティック画像アップロード前_1: テキスト長=0, 内容=''
[20:14:20] [13.73s] [INFO] 📷 ファイルダイアログ回避モードで画像アップロード開始
[20:14:20] [13.74s] [INFO] ✅ 画像ファイル読み込み完了: 1509560 bytes
[20:14:20] [13.74s] [INFO] 🚀 プログラマティック画像アップロード実行: mobile_chart_7d416582-e1a2-4c31-883a-55d157681f08.png
[20:14:21] [13.93s] [INFO] ✅ プログラマティック画像アップロード成功: プログラマティック画像設定完了（ダイアログ回避）
[20:14:21] [13.93s] [INFO]   - Twitterターゲット発見: True
[20:14:21] [13.93s] [INFO]   - ファイル数: 0
[20:14:21] [13.93s] [INFO] モバイル風待機: 2.94秒
[20:14:24] [16.90s] [INFO] 📝 [TEXT_CHECK] プログラマティック画像アップロード後_1: テキスト長=0, 内容=''
[20:14:24] [16.93s] [INFO] ✅ 画像プレビュー確認: .r-1p0dtai img
[20:14:24] [16.93s] [INFO] ✅ 画像が正常にプログラマティックアップロードされました
[20:14:24] [16.93s] [INFO] 📷 プログラマティック画像アップロード処理完了: 1枚処理
[20:14:24] [16.96s] [INFO] 📝 [TEXT_CHECK] 画像アップロード後: テキスト長=0, 内容=''
[20:14:24] [16.96s] [INFO] 📝 テキスト入力開始前の状態チェック
[20:14:24] [16.98s] [INFO] 📝 [TEXT_CHECK] テキスト入力開始前: テキスト長=0, 内容=''
[20:14:24] [16.99s] [INFO] 🎯 [DEBUG] mobile_type開始: clear_first=False, text='【レーザーテック(6920)】8.31% 大幅上昇、インテル支援と需給改善で反発強まる

今週の株価...'
[20:14:24] [17.00s] [INFO] モバイル風待機: 0.40秒
[20:14:24] [17.41s] [INFO] 📝 JavaScript直接入力開始: '【レーザーテック(6920)】8.31% 大幅上昇、インテル支援と需給改善で反発強まる

今週の株価...'
[20:14:24] [17.43s] [INFO] 🔧 [DEBUG] モバイルJS設定結果 - before: '', after: '【レーザーテック(6920)】8.31% 大幅上昇、インテル支援と需給改善で反発強まる

今週の株価...'
[20:14:24] [17.43s] [INFO] ✅ JavaScript直接入力完了: '【レーザーテック(6920)】8.31% 大幅上昇、インテル支援と需給改善で反発強まる

今週の株価...'
[20:14:24] [17.43s] [INFO] モバイル風待機: 0.48秒
[20:14:25] [17.92s] [INFO] 🎯 [DEBUG] モバイル最終結果: ''
[20:14:25] [17.92s] [INFO] 📝 テキスト入力完了後の状態チェック
[20:14:25] [17.94s] [INFO] 📝 [TEXT_CHECK] テキスト入力完了後: テキスト長=0, 内容=''
[20:14:25] [17.94s] [INFO] ✅ モバイルテキスト入力完了: 【レーザーテック(6920)】8.31% 大幅上昇、インテル支援と需給改善で反発強まる

今週の株価...
[20:14:25] [17.94s] [INFO] 🚫 実投稿モード: 投稿直前で停止（投稿処理はコメントアウト中）
[20:14:25] [17.95s] [INFO] ✅ モバイルテキスト入力完了
[20:14:25] [17.95s] [INFO] 🧹 モバイルブラウザ クリーンアップ開始
[20:14:25] [18.49s] [INFO] ✅ モバイルコンテキストクローズ完了
[20:14:25] [18.53s] [INFO] ✅ Playwrightストップ完了

=== モバイルTwitterデバッグログ終了 ===
終了時刻: 2025-08-17 20:14:25
総実行時間: 18.53秒
============================================================
[20:14:25] [18.53s] [INFO] 📋 詳細デバッグログ保存完了: /Users/takahashimika/Dropbox/web_kabu_ai/python/twitter_auto_post/debug_logs/mobile_twitter_debug_20250817_201407.log
