=== モバイルTwitterデバッグログ開始 ===
開始時刻: 2025-08-17 22:51:56
ログファイル: /Users/takahashimika/Dropbox/web_kabu_ai/python/twitter_auto_post/debug_logs/mobile_twitter_debug_20250817_225156.log
============================================================

[22:51:56] [0.00s] [INFO] モバイルプロファイルディレクトリ: /Users/takahashimika/Dropbox/web_kabu_ai/twitter_mobile_profile
[22:51:56] [0.00s] [INFO] 📱 モバイルブラウザ起動開始
[22:51:57] [1.15s] [INFO] ✅ Playwright インスタンス作成完了
[22:51:57] [1.15s] [INFO] ✅ 既存モバイルプロファイル発見: /Users/takahashimika/Dropbox/web_kabu_ai/twitter_mobile_profile
[22:51:57] [1.15s] [INFO] モバイル引数設定完了: 26個
[22:51:57] [1.15s] [INFO] モバイルコンテキスト作成中...
[22:52:00] [4.18s] [INFO] ✅ モバイルコンテキスト作成完了
[22:52:00] [4.18s] [INFO] 既存モバイルページを使用
[22:52:00] [4.21s] [INFO] ✅ モバイル偽装スクリプト適用完了
[22:52:00] [4.21s] [INFO] 📱 モバイルブラウザ起動成功
[22:52:00] [4.21s] [INFO] 📱 モバイル版Twitterに移動開始
[22:52:00] [4.21s] [INFO] アクセス先: https://mobile.twitter.com
[22:52:02] [6.46s] [INFO] ✅ ページ移動完了
[22:52:02] [6.46s] [INFO] モバイル風待機: 1.44秒
[22:52:04] [7.96s] [INFO] 現在のURL: https://x.com/
[22:52:04] [7.96s] [INFO] ページタイトル: ホーム / X
[22:52:04] [7.96s] [INFO] モバイルログイン状態チェック - URL: https://x.com/home
[22:52:04] [8.07s] [INFO] ✅ モバイルログイン要素発見: nav[role="navigation"]
[22:52:04] [8.16s] [INFO] ✅ モバイルログイン要素発見: [data-testid="primaryColumn"]
[22:52:04] [8.19s] [INFO] ✅ モバイルログイン要素発見: [aria-label*="ホーム"], [aria-label*="Home"]
[22:52:04] [8.19s] [INFO] ✅ モバイルログイン確認 (3個の要素)
[22:52:04] [8.19s] [INFO] 📱 モバイルツイート投稿開始 (テスト: True)
[22:52:04] [8.19s] [INFO] 投稿処理開始時のURL: https://x.com/home
[22:52:04] [8.22s] [INFO] ページ上のボタン要素数: 8
[22:52:04] [8.25s] [INFO] ボタン1: text='', aria-label='プロフィールメニュー めいめい＠株わかりやすくまとめ・解説', testid='DashButton_ProfileIcon_Link', href=''
[22:52:04] [8.29s] [INFO] ボタン2: text='', aria-label='前', testid='', href=''
[22:52:04] [8.32s] [INFO] ボタン3: text='', aria-label='次へ', testid='', href=''
[22:52:04] [8.36s] [INFO] ボタン4: text='', aria-label='前', testid='', href=''
[22:52:04] [8.39s] [INFO] ボタン5: text='', aria-label='次へ', testid='', href=''
[22:52:04] [8.42s] [INFO] ボタン6: text='新しいポストを表示', aria-label='新しいポストがあります。新しいポストに移動するには、ピリオド', testid='', href=''
[22:52:04] [8.46s] [INFO] ボタン7: text='', aria-label='ホームタイムラインに移動', testid='', href=''
[22:52:04] [8.49s] [INFO] ボタン8: text='', aria-label='トレンドに移動', testid='', href=''
[22:52:04] [8.61s] [INFO] モバイル投稿ボタン発見: [data-testid="FloatingActionButtons_Tweet_Button"]
[22:52:04] [8.61s] [INFO] モバイル風待機: 2.15秒
[22:52:08] [12.19s] [INFO] タップ成功
[22:52:08] [12.19s] [INFO] モバイル風待機: 2.27秒
[22:52:10] [14.47s] [INFO] モバイルテキストエリア発見: [data-testid="tweetTextarea_0"]
[22:52:10] [14.47s] [INFO] 📷 画像アップロード開始: 1枚
[22:52:10] [14.50s] [INFO] 📝 [TEXT_CHECK] 画像アップロード前: テキスト長=0, 内容=''
[22:52:10] [14.50s] [INFO] 画像1/1をアップロード中: /Users/takahashimika/Dropbox/web_kabu_ai/temp/base64_images/mobile_chart_cd76cccf-7df6-4053-afdc-f7630c781448.png
[22:52:10] [14.53s] [INFO] 📝 [TEXT_CHECK] プログラマティック画像アップロード前_1: テキスト長=0, 内容=''
[22:52:10] [14.53s] [INFO] 📷 ファイルダイアログ回避モードで画像アップロード開始
[22:52:10] [14.54s] [INFO] ✅ 画像ファイル読み込み完了: 1476104 bytes
[22:52:10] [14.54s] [INFO] 🚀 プログラマティック画像アップロード実行: mobile_chart_cd76cccf-7df6-4053-afdc-f7630c781448.png
[22:52:10] [14.71s] [INFO] ✅ プログラマティック画像アップロード成功: プログラマティック画像設定完了（ダイアログ回避）
[22:52:10] [14.71s] [INFO]   - Twitterターゲット発見: True
[22:52:10] [14.71s] [INFO]   - ファイル数: 0
[22:52:10] [14.71s] [INFO] モバイル風待機: 2.90秒
[22:52:13] [17.65s] [INFO] 📝 [TEXT_CHECK] プログラマティック画像アップロード後_1: テキスト長=0, 内容=''
[22:52:13] [17.67s] [INFO] ✅ 画像プレビュー確認: .r-1p0dtai img
[22:52:13] [17.67s] [INFO] ✅ 画像が正常にプログラマティックアップロードされました
[22:52:13] [17.67s] [INFO] 📷 プログラマティック画像アップロード処理完了: 1枚処理
[22:52:13] [17.70s] [INFO] 📝 [TEXT_CHECK] 画像アップロード後: テキスト長=0, 内容=''
[22:52:13] [17.70s] [INFO] 📝 テキスト入力開始前の状態チェック
[22:52:13] [17.72s] [INFO] 📝 [TEXT_CHECK] テキスト入力開始前: テキスト長=0, 内容=''
[22:52:13] [17.72s] [INFO] 🎯 [DEBUG] mobile_type開始: clear_first=False, text='【京都きもの友禅ホールディングス(7615)】39.68%　決算黒字転換と需給ひっ迫で急騰、米国株調...'
[22:52:13] [17.73s] [INFO] モバイル風待機: 0.47秒
[22:52:14] [18.20s] [INFO] 📝 JavaScript直接入力開始: '【京都きもの友禅ホールディングス(7615)】39.68%　決算黒字転換と需給ひっ迫で急騰、米国株調...'
[22:52:14] [18.22s] [INFO] 🔧 [DEBUG] モバイルJS設定結果 - before: '', after: '【京都きもの友禅ホールディングス(7615)】39.68%　決算黒字転換と需給ひっ迫で急騰、米国株調...'
[22:52:14] [18.22s] [INFO] ✅ JavaScript直接入力完了: '【京都きもの友禅ホールディングス(7615)】39.68%　決算黒字転換と需給ひっ迫で急騰、米国株調...'
[22:52:14] [18.22s] [INFO] モバイル風待機: 0.43秒
[22:52:14] [18.66s] [INFO] 🎯 [DEBUG] モバイル最終結果: '【京都きもの友禅ホールディングス(7615)】39.68%　決算黒字転換と需給ひっ迫で急騰、米国株調...'
[22:52:14] [18.66s] [INFO] 📝 テキスト入力完了後の状態チェック
[22:52:14] [18.67s] [INFO] 📝 [TEXT_CHECK] テキスト入力完了後: テキスト長=873, 内容='【京都きもの友禅ホールディングス(7615)】39.68%　決算黒字転換と需給ひっ迫で急騰、米国株調...'
[22:52:14] [18.67s] [INFO] ✅ モバイルテキスト入力完了: 【京都きもの友禅ホールディングス(7615)】39.68%　決算黒字転換と需給ひっ迫で急騰、米国株調...
[22:52:14] [18.67s] [INFO] 🚫 実投稿モード: 投稿直前で停止（投稿処理はコメントアウト中）
[22:52:14] [18.67s] [INFO] ✅ モバイルテキスト入力完了
[22:52:14] [18.67s] [INFO] 🧹 モバイルブラウザ クリーンアップ開始
[22:52:15] [19.16s] [INFO] ✅ モバイルコンテキストクローズ完了
[22:52:15] [19.18s] [INFO] ✅ Playwrightストップ完了

=== モバイルTwitterデバッグログ終了 ===
終了時刻: 2025-08-17 22:52:15
総実行時間: 19.18秒
============================================================
[22:52:15] [19.18s] [INFO] 📋 詳細デバッグログ保存完了: /Users/takahashimika/Dropbox/web_kabu_ai/python/twitter_auto_post/debug_logs/mobile_twitter_debug_20250817_225156.log
