=== モバイルTwitterデバッグログ開始 ===
開始時刻: 2025-08-17 17:56:40
ログファイル: /Users/takahashimika/Dropbox/web_kabu_ai/python/twitter_auto_post/debug_logs/mobile_twitter_debug_20250817_175640.log
============================================================

[17:56:40] [0.00s] [INFO] モバイルプロファイルディレクトリ: /Users/takahashimika/Dropbox/web_kabu_ai/twitter_mobile_profile
[17:56:40] [0.00s] [INFO] 📱 モバイルブラウザ起動開始
[17:56:41] [1.02s] [INFO] ✅ Playwright インスタンス作成完了
[17:56:41] [1.02s] [INFO] ✅ 既存モバイルプロファイル発見: /Users/takahashimika/Dropbox/web_kabu_ai/twitter_mobile_profile
[17:56:41] [1.02s] [INFO] モバイル引数設定完了: 26個
[17:56:41] [1.03s] [INFO] モバイルコンテキスト作成中...
[17:56:45] [4.42s] [INFO] ✅ モバイルコンテキスト作成完了
[17:56:45] [4.42s] [INFO] 既存モバイルページを使用
[17:56:45] [4.45s] [INFO] ✅ モバイル偽装スクリプト適用完了
[17:56:45] [4.45s] [INFO] 📱 モバイルブラウザ起動成功
[17:56:45] [4.45s] [INFO] 📱 モバイル版Twitterに移動開始
[17:56:45] [4.45s] [INFO] アクセス先: https://mobile.twitter.com
[17:56:47] [6.38s] [INFO] ✅ ページ移動完了
[17:56:47] [6.38s] [INFO] モバイル風待機: 1.43秒
[17:56:48] [7.83s] [INFO] 現在のURL: https://x.com/
[17:56:48] [7.84s] [INFO] ページタイトル: ホーム / X
[17:56:48] [7.84s] [INFO] モバイルログイン状態チェック - URL: https://x.com/home
[17:56:48] [7.92s] [INFO] ✅ モバイルログイン要素発見: nav[role="navigation"]
[17:56:48] [7.95s] [INFO] ✅ モバイルログイン要素発見: [data-testid="primaryColumn"]
[17:56:48] [7.96s] [INFO] ✅ モバイルログイン要素発見: [aria-label*="ホーム"], [aria-label*="Home"]
[17:56:48] [7.96s] [INFO] ✅ モバイルログイン確認 (3個の要素)
[17:56:48] [7.97s] [INFO] 📱 モバイルツイート投稿開始 (テスト: True)
[17:56:48] [7.97s] [INFO] 投稿処理開始時のURL: https://x.com/home
[17:56:48] [7.98s] [INFO] ページ上のボタン要素数: 8
[17:56:48] [8.02s] [INFO] ボタン1: text='', aria-label='プロフィールメニュー めいめい＠株わかりやすくまとめ・解説', testid='DashButton_ProfileIcon_Link', href=''
[17:56:48] [8.04s] [INFO] ボタン2: text='', aria-label='前', testid='', href=''
[17:56:48] [8.06s] [INFO] ボタン3: text='', aria-label='次へ', testid='', href=''
[17:56:48] [8.09s] [INFO] ボタン4: text='', aria-label='前', testid='', href=''
[17:56:48] [8.11s] [INFO] ボタン5: text='', aria-label='次へ', testid='', href=''
[17:56:48] [8.13s] [INFO] ボタン6: text='新しいポストを表示', aria-label='新しいポストがあります。新しいポストに移動するには、ピリオド', testid='', href=''
[17:56:48] [8.15s] [INFO] ボタン7: text='', aria-label='ホームタイムラインに移動', testid='', href=''
[17:56:48] [8.17s] [INFO] ボタン8: text='', aria-label='トレンドに移動', testid='', href=''
[17:56:48] [8.18s] [INFO] モバイル投稿ボタン発見: [data-testid="FloatingActionButtons_Tweet_Button"]
[17:56:48] [8.18s] [INFO] モバイル風待機: 0.98秒
[17:56:50] [9.84s] [INFO] タップ成功
[17:56:50] [9.84s] [INFO] モバイル風待機: 2.33秒
[17:56:52] [12.18s] [INFO] モバイルテキストエリア発見: [data-testid="tweetTextarea_0"]
[17:56:52] [12.18s] [INFO] 📝 テキスト入力開始前の状態チェック
[17:56:52] [12.22s] [INFO] 📝 [TEXT_CHECK] テキスト入力開始前: テキスト長=0, 内容=''
[17:56:52] [12.22s] [INFO] 🎯 [DEBUG] mobile_type開始: clear_first=False, text='【三菱重工業(7011)】0.88%　週間変動幅: -5.69%～3.79%、週間騰落率: +0.8...'
[17:56:52] [12.22s] [INFO] モバイル風待機: 0.47秒
[17:56:53] [12.70s] [INFO] 📝 JavaScript直接入力開始: '【三菱重工業(7011)】0.88%　週間変動幅: -5.69%～3.79%、週間騰落率: +0.8...'
[17:56:53] [12.73s] [INFO] 🔧 [DEBUG] モバイルJS設定結果 - before: '', after: '【三菱重工業(7011)】0.88%　週間変動幅: -5.69%～3.79%、週間騰落率: +0.8...'
[17:56:53] [12.73s] [INFO] ✅ JavaScript直接入力完了: '【三菱重工業(7011)】0.88%　週間変動幅: -5.69%～3.79%、週間騰落率: +0.8...'
[17:56:53] [12.73s] [INFO] モバイル風待機: 0.55秒
[17:56:54] [13.29s] [INFO] 🎯 [DEBUG] モバイル最終結果: '【三菱重工業(7011)】0.88%　週間変動幅: -5.69%～3.79%、週間騰落率: +0.8...'
[17:56:54] [13.29s] [INFO] 📝 テキスト入力完了後の状態チェック
[17:56:54] [13.30s] [INFO] 📝 [TEXT_CHECK] テキスト入力完了後: テキスト長=964, 内容='【三菱重工業(7011)】0.88%　週間変動幅: -5.69%～3.79%、週間騰落率: +0.8...'
[17:56:54] [13.30s] [INFO] ✅ モバイルテキスト入力完了: 【三菱重工業(7011)】0.88%　週間変動幅: -5.69%～3.79%、週間騰落率: +0.8...
[17:56:54] [13.30s] [INFO] 📷 画像アップロード開始: 1枚
[17:56:54] [13.31s] [INFO] 📝 [TEXT_CHECK] 画像アップロード前: テキスト長=964, 内容='【三菱重工業(7011)】0.88%　週間変動幅: -5.69%～3.79%、週間騰落率: +0.8...'
[17:56:54] [13.31s] [INFO] 画像1/1をアップロード中: /Users/takahashimika/Dropbox/web_kabu_ai/temp/base64_images/mobile_chart_56db2d72-b609-4464-b5b4-29542d5739a6.png
[17:56:54] [13.32s] [INFO] 📝 [TEXT_CHECK] プログラマティック画像アップロード前_1: テキスト長=964, 内容='【三菱重工業(7011)】0.88%　週間変動幅: -5.69%～3.79%、週間騰落率: +0.8...'
[17:56:54] [13.32s] [INFO] 📷 ファイルダイアログ回避モードで画像アップロード開始
[17:56:54] [13.33s] [INFO] ✅ 画像ファイル読み込み完了: 1499168 bytes
[17:56:54] [13.33s] [INFO] 🚀 プログラマティック画像アップロード実行: mobile_chart_56db2d72-b609-4464-b5b4-29542d5739a6.png
[17:56:54] [13.53s] [INFO] ✅ プログラマティック画像アップロード成功: プログラマティック画像設定完了（ダイアログ回避）
[17:56:54] [13.53s] [INFO]   - Twitterターゲット発見: True
[17:56:54] [13.53s] [INFO]   - ファイル数: 0
[17:56:54] [13.53s] [INFO] モバイル風待機: 2.32秒
[17:56:56] [15.88s] [INFO] 📝 [TEXT_CHECK] プログラマティック画像アップロード後_1: テキスト長=0, 内容=''
[17:56:56] [15.88s] [WARNING] ⚠️ プログラマティック画像アップロードでテキストが削除されました。復元します
[17:56:56] [15.89s] [INFO] 🎯 [DEBUG] mobile_type開始: clear_first=False, text='【三菱重工業(7011)】0.88%　週間変動幅: -5.69%～3.79%、週間騰落率: +0.8...'
[17:56:56] [15.91s] [INFO] モバイル風待機: 0.38秒
[17:56:57] [16.29s] [INFO] 📝 JavaScript直接入力開始: '【三菱重工業(7011)】0.88%　週間変動幅: -5.69%～3.79%、週間騰落率: +0.8...'
[17:56:57] [16.32s] [INFO] 🔧 [DEBUG] モバイルJS設定結果 - before: '', after: ''
[17:56:57] [16.33s] [INFO] ✅ JavaScript直接入力完了: '【三菱重工業(7011)】0.88%　週間変動幅: -5.69%～3.79%、週間騰落率: +0.8...'
[17:56:57] [16.33s] [INFO] モバイル風待機: 0.37秒
[17:56:57] [16.70s] [INFO] 🎯 [DEBUG] モバイル最終結果: ''
[17:56:57] [16.70s] [INFO] ✅ テキスト復元完了
[17:56:57] [16.72s] [INFO] ✅ 画像プレビュー確認: .r-1p0dtai img
[17:56:57] [16.72s] [INFO] ✅ 画像が正常にプログラマティックアップロードされました
[17:56:57] [16.73s] [INFO] 📷 プログラマティック画像アップロード処理完了: 1枚処理
[17:56:57] [16.75s] [INFO] 📝 [TEXT_CHECK] 画像アップロード後: テキスト長=0, 内容=''
[17:56:57] [16.75s] [INFO] 🚫 実投稿モード: 投稿直前で停止（投稿処理はコメントアウト中）
[17:56:57] [16.75s] [INFO] ✅ モバイルテキスト入力完了
[17:56:57] [16.75s] [INFO] 🧹 モバイルブラウザ クリーンアップ開始
[17:56:58] [17.43s] [INFO] ✅ モバイルコンテキストクローズ完了
[17:56:58] [17.50s] [INFO] ✅ Playwrightストップ完了

=== モバイルTwitterデバッグログ終了 ===
終了時刻: 2025-08-17 17:56:58
総実行時間: 17.51秒
============================================================
[17:56:58] [17.51s] [INFO] 📋 詳細デバッグログ保存完了: /Users/takahashimika/Dropbox/web_kabu_ai/python/twitter_auto_post/debug_logs/mobile_twitter_debug_20250817_175640.log
