=== モバイルTwitterデバッグログ開始 ===
開始時刻: 2025-09-07 12:10:23
ログファイル: /Users/youmeiyuu/Desktop/kabu_ai/python/twitter_auto_post/debug_logs/mobile_twitter_debug_20250907_121023.log
============================================================

[12:10:23] [0.00s] [INFO] モバイルプロファイルディレクトリ: /Users/youmeiyuu/Desktop/kabu_ai/twitter_mobile_profile
[12:10:23] [0.00s] [INFO] 📱 モバイルブラウザ起動開始
[12:10:24] [0.41s] [INFO] ✅ Playwright インスタンス作成完了
[12:10:24] [0.41s] [INFO] ✅ 既存モバイルプロファイル発見: /Users/youmeiyuu/Desktop/kabu_ai/twitter_mobile_profile
[12:10:24] [0.41s] [INFO] モバイル引数設定完了: 26個
[12:10:24] [0.41s] [INFO] モバイルコンテキスト作成中...
[12:10:25] [2.20s] [INFO] ✅ モバイルコンテキスト作成完了
[12:10:25] [2.20s] [INFO] 既存モバイルページを使用
[12:10:25] [2.22s] [INFO] ✅ モバイル偽装スクリプト適用完了
[12:10:25] [2.22s] [INFO] 📱 モバイルブラウザ起動成功
[12:10:25] [2.22s] [INFO] 📱 モバイル版Twitterに移動開始
[12:10:25] [2.22s] [INFO] アクセス先: https://mobile.twitter.com
[12:10:27] [3.73s] [INFO] ✅ ページ移動完了
[12:10:27] [3.74s] [INFO] モバイル風待機: 1.57秒
[12:10:29] [5.34s] [INFO] 現在のURL: https://x.com/
[12:10:29] [5.34s] [INFO] ページタイトル: ホーム / X
[12:10:29] [5.34s] [INFO] モバイルログイン状態チェック - URL: https://x.com/home
[12:10:29] [5.37s] [INFO] ✅ モバイルログイン要素発見: nav[role="navigation"]
[12:10:29] [5.37s] [INFO] ✅ モバイルログイン要素発見: [data-testid="primaryColumn"]
[12:10:29] [5.38s] [INFO] ✅ モバイルログイン要素発見: [aria-label*="ホーム"], [aria-label*="Home"]
[12:10:29] [5.38s] [INFO] ✅ モバイルログイン確認 (3個の要素)
[12:10:29] [5.38s] [INFO] 📱 モバイルツイート投稿開始 (テスト: False)
[12:10:29] [5.38s] [INFO] 投稿処理開始時のURL: https://x.com/home
[12:10:29] [5.39s] [INFO] ページ上のボタン要素数: 8
[12:10:29] [5.40s] [INFO] ボタン1: text='', aria-label='プロフィールメニュー めいめい＠株わかりやすくまとめ・解説', testid='DashButton_ProfileIcon_Link', href=''
[12:10:29] [5.40s] [INFO] ボタン2: text='', aria-label='前', testid='', href=''
[12:10:29] [5.41s] [INFO] ボタン3: text='', aria-label='次へ', testid='', href=''
[12:10:29] [5.42s] [INFO] ボタン4: text='', aria-label='前', testid='', href=''
[12:10:29] [5.42s] [INFO] ボタン5: text='', aria-label='次へ', testid='', href=''
[12:10:29] [5.43s] [INFO] ボタン6: text='新しいポストを表示', aria-label='新しいポストがあります。新しいポストに移動するには、ピリオド', testid='', href=''
[12:10:29] [5.44s] [INFO] ボタン7: text='', aria-label='ホームタイムラインに移動', testid='', href=''
[12:10:29] [5.44s] [INFO] ボタン8: text='', aria-label='トレンドに移動', testid='', href=''
[12:10:29] [5.45s] [INFO] モバイル投稿ボタン発見: [data-testid="FloatingActionButtons_Tweet_Button"]
[12:10:29] [5.45s] [INFO] モバイル風待機: 2.09秒
[12:10:31] [7.68s] [INFO] タップ成功
[12:10:31] [7.68s] [INFO] モバイル風待機: 2.35秒
[12:10:33] [10.06s] [INFO] モバイルテキストエリア発見: [data-testid="tweetTextarea_0"]
[12:10:33] [10.06s] [INFO] 📝 [SIMPLE_FLOW] 画像先・テキスト後の単純フロー
[12:10:33] [10.06s] [INFO] 📝 [SIMPLE_FLOW] テキスト入力（1回のみ）
[12:10:33] [10.06s] [INFO] ⚡ [ULTRA_TYPE] 高速1文字1文字タイピング開始: 936文字
[12:10:33] [10.07s] [INFO] モバイル風待機: 0.24秒
[12:10:44] [20.97s] [INFO] ⚡ [ULTRA_TYPE] 高速タイピング完了: 10.653秒 (87.9文字/秒)
[12:10:44] [20.98s] [ERROR] ❌ [ULTRA_TYPE] 高速タイピング例外エラー: ElementHandle.focus: Element is not attached to the DOM
[12:10:44] [20.98s] [INFO] 🎯 [SIMPLE_FLOW] テキストエリアにフォーカス維持
[12:10:44] [20.98s] [ERROR] モバイルツイート投稿エラー: ElementHandle.focus: Element is not attached to the DOM
[12:10:44] [20.98s] [INFO] 🧹 モバイルブラウザ クリーンアップ開始
[12:10:45] [21.75s] [INFO] ✅ モバイルコンテキストクローズ完了
[12:10:45] [21.76s] [INFO] ✅ Playwrightストップ完了

=== モバイルTwitterデバッグログ終了 ===
終了時刻: 2025-09-07 12:10:45
総実行時間: 21.76秒
============================================================
[12:10:45] [21.76s] [INFO] 📋 詳細デバッグログ保存完了: /Users/youmeiyuu/Desktop/kabu_ai/python/twitter_auto_post/debug_logs/mobile_twitter_debug_20250907_121023.log
