=== モバイルTwitterデバッグログ開始 ===
開始時刻: 2025-08-17 19:28:58
ログファイル: /Users/takahashimika/Dropbox/web_kabu_ai/python/twitter_auto_post/debug_logs/mobile_twitter_debug_20250817_192858.log
============================================================

[19:28:58] [0.00s] [INFO] モバイルプロファイルディレクトリ: /Users/takahashimika/Dropbox/web_kabu_ai/twitter_mobile_profile
[19:28:58] [0.00s] [INFO] 📱 モバイルブラウザ起動開始
[19:29:00] [1.14s] [INFO] ✅ Playwright インスタンス作成完了
[19:29:00] [1.14s] [INFO] ✅ 既存モバイルプロファイル発見: /Users/takahashimika/Dropbox/web_kabu_ai/twitter_mobile_profile
[19:29:00] [1.14s] [INFO] モバイル引数設定完了: 26個
[19:29:00] [1.14s] [INFO] モバイルコンテキスト作成中...
[19:29:03] [4.33s] [INFO] ✅ モバイルコンテキスト作成完了
[19:29:03] [4.33s] [INFO] 既存モバイルページを使用
[19:29:03] [4.38s] [INFO] ✅ モバイル偽装スクリプト適用完了
[19:29:03] [4.38s] [INFO] 📱 モバイルブラウザ起動成功
[19:29:03] [4.38s] [INFO] 📱 モバイル版Twitterに移動開始
[19:29:03] [4.38s] [INFO] アクセス先: https://mobile.twitter.com
[19:29:05] [6.82s] [INFO] ✅ ページ移動完了
[19:29:05] [6.82s] [INFO] モバイル風待機: 2.18秒
[19:29:07] [9.01s] [INFO] 現在のURL: https://x.com/
[19:29:07] [9.01s] [INFO] ページタイトル: ホーム / X
[19:29:07] [9.01s] [INFO] モバイルログイン状態チェック - URL: https://x.com/home
[19:29:08] [9.18s] [INFO] ✅ モバイルログイン要素発見: nav[role="navigation"]
[19:29:08] [9.20s] [INFO] ✅ モバイルログイン要素発見: [data-testid="primaryColumn"]
[19:29:08] [9.21s] [INFO] ✅ モバイルログイン要素発見: [aria-label*="ホーム"], [aria-label*="Home"]
[19:29:08] [9.22s] [INFO] ✅ モバイルログイン確認 (3個の要素)
[19:29:08] [9.22s] [INFO] 📱 モバイルツイート投稿開始 (テスト: True)
[19:29:08] [9.22s] [INFO] 投稿処理開始時のURL: https://x.com/home
[19:29:08] [9.24s] [INFO] ページ上のボタン要素数: 8
[19:29:08] [9.27s] [INFO] ボタン1: text='', aria-label='プロフィールメニュー めいめい＠株わかりやすくまとめ・解説', testid='DashButton_ProfileIcon_Link', href=''
[19:29:09] [10.06s] [INFO] ボタン2: text='', aria-label='前', testid='', href=''
[19:29:09] [10.67s] [INFO] ボタン3: text='', aria-label='次へ', testid='', href=''
[19:29:09] [10.76s] [INFO] ボタン4: text='', aria-label='前', testid='', href=''
[19:29:09] [10.89s] [INFO] ボタン5: text='', aria-label='次へ', testid='', href=''
[19:29:09] [10.93s] [INFO] ボタン6: text='新しいポストを表示', aria-label='新しいポストがあります。新しいポストに移動するには、ピリオド', testid='', href=''
[19:29:09] [10.96s] [INFO] ボタン7: text='', aria-label='ホームタイムラインに移動', testid='', href=''
[19:29:09] [10.98s] [INFO] ボタン8: text='', aria-label='トレンドに移動', testid='', href=''
[19:29:09] [11.00s] [INFO] モバイル投稿ボタン発見: [data-testid="FloatingActionButtons_Tweet_Button"]
[19:29:09] [11.00s] [INFO] モバイル風待機: 1.59秒
[19:29:11] [12.75s] [INFO] タップ成功
[19:29:11] [12.75s] [INFO] モバイル風待機: 2.35秒
[19:29:14] [15.12s] [INFO] モバイルテキストエリア発見: [data-testid="tweetTextarea_0"]
[19:29:14] [15.12s] [INFO] 📝 テキスト入力開始前の状態チェック
[19:29:14] [15.15s] [INFO] 📝 [TEXT_CHECK] テキスト入力開始前: テキスト長=0, 内容=''
[19:29:14] [15.15s] [INFO] 🎯 [DEBUG] mobile_type開始: clear_first=False, text='【レーザーテック(6920)】8.31% 大幅上昇、インテル支援と需給改善で反発強まる

今週の株価...'
[19:29:14] [15.16s] [INFO] モバイル風待機: 0.47秒
[19:29:14] [15.63s] [INFO] 📝 JavaScript直接入力開始: '【レーザーテック(6920)】8.31% 大幅上昇、インテル支援と需給改善で反発強まる

今週の株価...'
[19:29:14] [15.66s] [INFO] 🔧 [DEBUG] モバイルJS設定結果 - before: '', after: '【レーザーテック(6920)】8.31% 大幅上昇、インテル支援と需給改善で反発強まる

今週の株価...'
[19:29:14] [15.66s] [INFO] ✅ JavaScript直接入力完了: '【レーザーテック(6920)】8.31% 大幅上昇、インテル支援と需給改善で反発強まる

今週の株価...'
[19:29:14] [15.66s] [INFO] モバイル風待機: 0.49秒
[19:29:15] [16.16s] [INFO] 🎯 [DEBUG] モバイル最終結果: '【レーザーテック(6920)】8.31% 大幅上昇、インテル支援と需給改善で反発強まる

今週の株価...'
[19:29:15] [16.16s] [INFO] 📝 テキスト入力完了後の状態チェック
[19:29:15] [16.17s] [INFO] 📝 [TEXT_CHECK] テキスト入力完了後: テキスト長=915, 内容='【レーザーテック(6920)】8.31% 大幅上昇、インテル支援と需給改善で反発強まる

今週の株価...'
[19:29:15] [16.17s] [INFO] ✅ モバイルテキスト入力完了: 【レーザーテック(6920)】8.31% 大幅上昇、インテル支援と需給改善で反発強まる

今週の株価...
[19:29:15] [16.17s] [INFO] 🚫 実投稿モード: 投稿直前で停止（投稿処理はコメントアウト中）
[19:29:15] [16.17s] [INFO] ✅ モバイルテキスト入力完了
[19:29:15] [16.17s] [INFO] 🧹 モバイルブラウザ クリーンアップ開始
[19:29:15] [16.77s] [INFO] ✅ モバイルコンテキストクローズ完了
[19:29:15] [16.79s] [INFO] ✅ Playwrightストップ完了

=== モバイルTwitterデバッグログ終了 ===
終了時刻: 2025-08-17 19:29:15
総実行時間: 16.79秒
============================================================
[19:29:15] [16.79s] [INFO] 📋 詳細デバッグログ保存完了: /Users/takahashimika/Dropbox/web_kabu_ai/python/twitter_auto_post/debug_logs/mobile_twitter_debug_20250817_192858.log
