=== モバイルTwitterデバッグログ開始 ===
開始時刻: 2025-08-17 17:49:43
ログファイル: /Users/takahashimika/Dropbox/web_kabu_ai/python/twitter_auto_post/debug_logs/mobile_twitter_debug_20250817_174943.log
============================================================

[17:49:43] [0.00s] [INFO] モバイルプロファイルディレクトリ: /Users/takahashimika/Dropbox/web_kabu_ai/twitter_mobile_profile
[17:49:43] [0.00s] [INFO] 📱 モバイルブラウザ起動開始
[17:49:44] [1.30s] [INFO] ✅ Playwright インスタンス作成完了
[17:49:44] [1.31s] [INFO] ✅ 既存モバイルプロファイル発見: /Users/takahashimika/Dropbox/web_kabu_ai/twitter_mobile_profile
[17:49:44] [1.31s] [INFO] モバイル引数設定完了: 26個
[17:49:44] [1.31s] [INFO] モバイルコンテキスト作成中...
[17:49:48] [4.94s] [INFO] ✅ モバイルコンテキスト作成完了
[17:49:48] [4.94s] [INFO] 既存モバイルページを使用
[17:49:48] [4.96s] [INFO] ✅ モバイル偽装スクリプト適用完了
[17:49:48] [4.96s] [INFO] 📱 モバイルブラウザ起動成功
[17:49:48] [4.96s] [INFO] 📱 モバイル版Twitterに移動開始
[17:49:48] [4.96s] [INFO] アクセス先: https://mobile.twitter.com
[17:49:50] [7.04s] [INFO] ✅ ページ移動完了
[17:49:50] [7.04s] [INFO] モバイル風待機: 0.86秒
[17:49:51] [8.05s] [INFO] 現在のURL: https://x.com/
[17:49:51] [8.05s] [INFO] ページタイトル: X
[17:49:51] [8.05s] [INFO] モバイルログイン状態チェック - URL: https://x.com/home
[17:49:51] [8.18s] [INFO] ✅ モバイルログイン要素発見: nav[role="navigation"]
[17:49:51] [8.28s] [INFO] 📱 モバイル版手動ログイン待機開始（タイムアウト: 200秒）
[17:49:51] [8.28s] [INFO] モバイルログイン状態チェック - URL: https://x.com/home
[17:49:52] [8.41s] [INFO] ✅ モバイルログイン要素発見: nav[role="navigation"]
[17:49:52] [8.44s] [INFO] ⏳ モバイル版ログイン待機中... 残り時間: 199.8秒
[17:49:55] [11.47s] [INFO] モバイルログイン状態チェック - URL: https://x.com/home
[17:49:55] [11.49s] [INFO] ✅ モバイルログイン要素発見: nav[role="navigation"]
[17:49:55] [11.50s] [INFO] ✅ モバイルログイン要素発見: [data-testid="primaryColumn"]
[17:49:55] [11.52s] [INFO] ✅ モバイルログイン要素発見: [aria-label*="ホーム"], [aria-label*="Home"]
[17:49:55] [11.52s] [INFO] ✅ モバイルログイン確認 (3個の要素)
[17:49:55] [11.52s] [INFO] ✅ === モバイル版ログイン完了確認 === (3.2秒)
[17:49:55] [11.52s] [INFO] 📱 モバイルツイート投稿開始 (テスト: True)
[17:49:55] [11.52s] [INFO] 投稿処理開始時のURL: https://x.com/home
[17:49:55] [11.60s] [INFO] ページ上のボタン要素数: 56
[17:49:55] [11.63s] [INFO] ボタン1: text='', aria-label='プロフィールメニュー めいめい＠株わかりやすくまとめ・解説', testid='DashButton_ProfileIcon_Link', href=''
[17:49:55] [11.65s] [INFO] ボタン2: text='', aria-label='前', testid='', href=''
[17:49:55] [11.68s] [INFO] ボタン3: text='', aria-label='次へ', testid='', href=''
[17:49:55] [11.70s] [INFO] ボタン4: text='', aria-label='前', testid='', href=''
[17:49:55] [11.73s] [INFO] ボタン5: text='', aria-label='次へ', testid='', href=''
[17:49:55] [11.75s] [INFO] ボタン6: text='新しいポストを表示', aria-label='新しいポストがあります。新しいポストに移動するには、ピリオド', testid='', href=''
[17:49:55] [11.78s] [INFO] ボタン7: text='', aria-label='ホームタイムラインに移動', testid='', href=''
[17:49:55] [11.79s] [INFO] ボタン8: text='', aria-label='トレンドに移動', testid='', href=''
[17:49:55] [11.81s] [INFO] ボタン9: text='', aria-label='もっと見る', testid='caret', href=''
[17:49:55] [11.83s] [INFO] ボタン10: text='7,182', aria-label='7182 件の返信。返信する', testid='reply', href=''
[17:49:55] [11.84s] [INFO] モバイル投稿ボタン発見: [data-testid="FloatingActionButtons_Tweet_Button"]
[17:49:55] [11.84s] [INFO] モバイル風待機: 1.86秒
[17:49:57] [13.88s] [INFO] タップ成功
[17:49:57] [13.88s] [INFO] モバイル風待機: 2.27秒
[17:49:59] [16.17s] [INFO] モバイルテキストエリア発見: [data-testid="tweetTextarea_0"]
[17:49:59] [16.17s] [INFO] 📝 テキスト入力開始前の状態チェック
[17:49:59] [16.20s] [INFO] 📝 [TEXT_CHECK] テキスト入力開始前: テキスト長=0, 内容=''
[17:49:59] [16.20s] [INFO] 🎯 [DEBUG] mobile_type開始: clear_first=False, text='テスト投稿メッセージ'
[17:49:59] [16.21s] [INFO] モバイル風待機: 0.32秒
[17:50:00] [16.53s] [INFO] 📝 JavaScript直接入力開始: 'テスト投稿メッセージ'
[17:50:00] [16.55s] [INFO] 🔧 [DEBUG] モバイルJS設定結果 - before: '', after: 'テスト投稿メッセージ'
[17:50:00] [16.55s] [INFO] ✅ JavaScript直接入力完了: 'テスト投稿メッセージ'
[17:50:00] [16.55s] [INFO] モバイル風待機: 0.76秒
[17:50:00] [17.32s] [INFO] 🎯 [DEBUG] モバイル最終結果: 'テスト投稿メッセージ'
[17:50:00] [17.33s] [INFO] 📝 テキスト入力完了後の状態チェック
[17:50:01] [17.35s] [INFO] 📝 [TEXT_CHECK] テキスト入力完了後: テキスト長=10, 内容='テスト投稿メッセージ'
[17:50:01] [17.36s] [INFO] ✅ モバイルテキスト入力完了: テスト投稿メッセージ
[17:50:01] [17.36s] [INFO] 📷 画像アップロード開始: 1枚
[17:50:01] [17.40s] [INFO] 📝 [TEXT_CHECK] 画像アップロード前: テキスト長=10, 内容='テスト投稿メッセージ'
[17:50:01] [17.41s] [INFO] 画像1/1をアップロード中: /Users/takahashimika/Dropbox/web_kabu_ai/temp/base64_images/mobile_chart_103b8970-b416-4f9b-9ad1-51b20d688601.png
[17:50:01] [17.43s] [INFO] 📝 [TEXT_CHECK] プログラマティック画像アップロード前_1: テキスト長=10, 内容='テスト投稿メッセージ'
[17:50:01] [17.43s] [INFO] 📷 ファイルダイアログ回避モードで画像アップロード開始
[17:50:01] [17.43s] [INFO] ✅ 画像ファイル読み込み完了: 108 bytes
[17:50:01] [17.43s] [INFO] 🚀 プログラマティック画像アップロード実行: mobile_chart_103b8970-b416-4f9b-9ad1-51b20d688601.png
[17:50:01] [17.45s] [INFO] ✅ プログラマティック画像アップロード成功: プログラマティック画像設定完了（ダイアログ回避）
[17:50:01] [17.45s] [INFO]   - Twitterターゲット発見: True
[17:50:01] [17.45s] [INFO]   - ファイル数: 0
[17:50:01] [17.45s] [INFO] モバイル風待機: 2.84秒
[17:50:03] [20.32s] [INFO] 📝 [TEXT_CHECK] プログラマティック画像アップロード後_1: テキスト長=0, 内容=''
[17:50:03] [20.32s] [WARNING] ⚠️ プログラマティック画像アップロードでテキストが削除されました。復元します
[17:50:03] [20.33s] [INFO] 🎯 [DEBUG] mobile_type開始: clear_first=False, text='テスト投稿メッセージ'
[17:50:03] [20.34s] [INFO] モバイル風待機: 0.25秒
[17:50:04] [20.59s] [INFO] 📝 JavaScript直接入力開始: 'テスト投稿メッセージ'
[17:50:04] [20.60s] [INFO] 🔧 [DEBUG] モバイルJS設定結果 - before: '', after: 'テスト投稿メッセージ'
[17:50:04] [20.60s] [INFO] ✅ JavaScript直接入力完了: 'テスト投稿メッセージ'
[17:50:04] [20.60s] [INFO] モバイル風待機: 0.51秒
[17:50:04] [21.17s] [INFO] 🎯 [DEBUG] モバイル最終結果: 'テスト投稿メッセージ'
[17:50:04] [21.17s] [INFO] ✅ テキスト復元完了
[17:50:04] [21.19s] [INFO] ✅ 画像プレビュー確認: .r-1p0dtai img
[17:50:04] [21.19s] [INFO] ✅ 画像が正常にプログラマティックアップロードされました
[17:50:04] [21.19s] [INFO] 📷 プログラマティック画像アップロード処理完了: 1枚処理
[17:50:04] [21.20s] [INFO] 📝 [TEXT_CHECK] 画像アップロード後: テキスト長=10, 内容='テスト投稿メッセージ'
[17:50:04] [21.20s] [INFO] 🚫 実投稿モード: 投稿直前で停止（投稿処理はコメントアウト中）
[17:50:04] [21.20s] [INFO] ✅ モバイルテキスト入力完了
[17:50:04] [21.20s] [INFO] 🧹 モバイルブラウザ クリーンアップ開始
[17:50:05] [21.62s] [INFO] ✅ モバイルコンテキストクローズ完了
[17:50:05] [21.71s] [INFO] ✅ Playwrightストップ完了

=== モバイルTwitterデバッグログ終了 ===
終了時刻: 2025-08-17 17:50:05
総実行時間: 21.71秒
============================================================
[17:50:05] [21.71s] [INFO] 📋 詳細デバッグログ保存完了: /Users/takahashimika/Dropbox/web_kabu_ai/python/twitter_auto_post/debug_logs/mobile_twitter_debug_20250817_174943.log
