=== モバイルTwitterデバッグログ開始 ===
開始時刻: 2025-08-21 09:59:03
ログファイル: /Users/takahashimika/Dropbox/web_kabu_ai/python/twitter_auto_post/debug_logs/mobile_twitter_debug_20250821_095903.log
============================================================

[09:59:03] [0.00s] [INFO] モバイルプロファイルディレクトリ: /Users/takahashimika/Dropbox/web_kabu_ai/twitter_mobile_profile
[09:59:03] [0.00s] [INFO] 📱 モバイルブラウザ起動開始
[09:59:06] [2.81s] [INFO] ✅ Playwright インスタンス作成完了
[09:59:06] [2.81s] [INFO] ✅ 既存モバイルプロファイル発見: /Users/takahashimika/Dropbox/web_kabu_ai/twitter_mobile_profile
[09:59:06] [2.81s] [INFO] モバイル引数設定完了: 26個
[09:59:06] [2.81s] [INFO] モバイルコンテキスト作成中...
[09:59:10] [6.63s] [INFO] ✅ モバイルコンテキスト作成完了
[09:59:10] [6.64s] [INFO] 既存モバイルページを使用
[09:59:10] [6.67s] [INFO] ✅ モバイル偽装スクリプト適用完了
[09:59:10] [6.67s] [INFO] 📱 モバイルブラウザ起動成功
[09:59:10] [6.67s] [INFO] 📱 モバイル版Twitterに移動開始
[09:59:10] [6.67s] [INFO] アクセス先: https://mobile.twitter.com
[09:59:14] [10.41s] [INFO] ✅ ページ移動完了
[09:59:14] [10.41s] [INFO] モバイル風待機: 1.11秒
[09:59:15] [12.11s] [INFO] 現在のURL: https://x.com/
[09:59:15] [12.11s] [INFO] ページタイトル: ホーム / X
[09:59:15] [12.11s] [INFO] モバイルログイン状態チェック - URL: https://x.com/home
[09:59:15] [12.27s] [INFO] ✅ モバイルログイン要素発見: nav[role="navigation"]
[09:59:15] [12.34s] [INFO] ✅ モバイルログイン要素発見: [data-testid="primaryColumn"]
[09:59:15] [12.36s] [INFO] ✅ モバイルログイン要素発見: [aria-label*="ホーム"], [aria-label*="Home"]
[09:59:15] [12.36s] [INFO] ✅ モバイルログイン確認 (3個の要素)
[09:59:15] [12.36s] [INFO] 📱 モバイルツイート投稿開始 (テスト: False)
[09:59:15] [12.36s] [INFO] 投稿処理開始時のURL: https://x.com/home
[09:59:15] [12.40s] [INFO] ページ上のボタン要素数: 8
[09:59:16] [12.45s] [INFO] ボタン1: text='', aria-label='プロフィールメニュー めいめい＠株わかりやすくまとめ・解説', testid='DashButton_ProfileIcon_Link', href=''
[09:59:16] [12.49s] [INFO] ボタン2: text='', aria-label='前', testid='', href=''
[09:59:16] [12.53s] [INFO] ボタン3: text='', aria-label='次へ', testid='', href=''
[09:59:16] [12.56s] [INFO] ボタン4: text='', aria-label='前', testid='', href=''
[09:59:16] [12.66s] [INFO] ボタン5: text='', aria-label='次へ', testid='', href=''
[09:59:16] [12.77s] [INFO] ボタン6: text='新しいポストを表示', aria-label='新しいポストがあります。新しいポストに移動するには、ピリオド', testid='', href=''
[09:59:16] [12.81s] [INFO] ボタン7: text='', aria-label='ホームタイムラインに移動', testid='', href=''
[09:59:16] [12.84s] [INFO] ボタン8: text='', aria-label='トレンドに移動', testid='', href=''
[09:59:16] [12.88s] [INFO] モバイル投稿ボタン発見: [data-testid="FloatingActionButtons_Tweet_Button"]
[09:59:16] [12.88s] [INFO] モバイル風待機: 2.12秒
[09:59:18] [15.18s] [INFO] タップ成功
[09:59:18] [15.18s] [INFO] モバイル風待機: 2.62秒
[09:59:21] [17.82s] [INFO] モバイルテキストエリア発見: [data-testid="tweetTextarea_0"]
[09:59:21] [17.82s] [INFO] 📝 [SIMPLE_FLOW] 画像先・テキスト後の単純フロー
[09:59:21] [17.82s] [INFO] 📷 [SIMPLE_FLOW] 画像アップロード開始: 1枚
[09:59:21] [17.82s] [INFO] 画像1/1をアップロード中: /Users/takahashimika/Dropbox/web_kabu_ai/temp/base64_images/mobile_chart_ff2d04fd-9fcc-4de7-9193-db7715e6028f.png
[09:59:21] [17.85s] [INFO] 📝 [TEXT_CHECK] プログラマティック画像アップロード前_1: テキスト長=0, 内容=''
[09:59:21] [17.85s] [INFO] 📷 ファイルダイアログ回避モードで画像アップロード開始
[09:59:21] [17.86s] [INFO] ✅ 画像ファイル読み込み完了: 1596588 bytes
[09:59:21] [17.86s] [INFO] 🚀 プログラマティック画像アップロード実行: mobile_chart_ff2d04fd-9fcc-4de7-9193-db7715e6028f.png
[09:59:21] [18.06s] [INFO] ✅ プログラマティック画像アップロード成功: プログラマティック画像設定完了（ダイアログ回避）
[09:59:21] [18.06s] [INFO]   - Twitterターゲット発見: True
[09:59:21] [18.06s] [INFO]   - ファイル数: 0
[09:59:21] [18.06s] [INFO] モバイル風待機: 2.56秒
[09:59:24] [20.66s] [INFO] 📝 [TEXT_CHECK] プログラマティック画像アップロード後_1: テキスト長=0, 内容=''
[09:59:24] [20.70s] [INFO] ✅ 画像プレビュー確認: .r-1p0dtai img
[09:59:24] [20.70s] [INFO] ✅ 画像が正常にプログラマティックアップロードされました
[09:59:24] [20.70s] [INFO] 📷 プログラマティック画像アップロード処理完了: 1枚処理
[09:59:24] [20.70s] [INFO] モバイル風待機: 1.46秒
[09:59:25] [22.16s] [INFO] 📝 [SIMPLE_FLOW] テキスト入力（1回のみ）
[09:59:25] [22.16s] [INFO] 📝 [SIMPLE_TYPE] シンプルテキスト入力開始: 578文字
[09:59:25] [22.18s] [INFO] モバイル風待機: 0.36秒
[09:59:26] [22.55s] [INFO] ✅ [SIMPLE_TYPE] テキスト設定完了: 578文字
[09:59:26] [22.55s] [INFO] 🎯 [SIMPLE_FLOW] テキストエリアにフォーカス維持
[09:59:26] [22.58s] [INFO] モバイル風待機: 0.71秒
[09:59:26] [23.30s] [INFO] ✅ モバイルテキスト入力完了: 【データセクション(3905)】-7.50% 増資懸念と地合い悪化で売り優勢

本日の株価は前日比-...
[09:59:26] [23.30s] [INFO] 🚀 [強化版] 実投稿モード: 確実な投稿ボタン探索開始
[09:59:26] [23.30s] [INFO] 🎯 [強化版] 投稿ボタン探索 試行 1/3
[09:59:26] [23.33s] [INFO] 📍 [強化版] ボタン発見: [data-testid="tweetButton"]
[09:59:26] [23.33s] [INFO]    可視: True, 有効: True, 接続: True
[09:59:26] [23.33s] [INFO]    テキスト: 'ポストする'
[09:59:26] [23.33s] [INFO] ✅ [強化版] 有効な投稿ボタン確認: [data-testid="tweetButton"]
[09:59:26] [23.33s] [INFO] 🎯 [SIMPLE_FLOW] 投稿ボタンクリック試行 1: [data-testid="tweetButton"]
[09:59:26] [23.33s] [INFO] 🎯 [SIMPLE_FLOW] フォーカス維持したままJSクリック
[09:59:27] [23.45s] [INFO] ✅ [SIMPLE_FLOW] JSクリック成功（フォーカス維持）
[09:59:27] [23.45s] [INFO] 🎉 [強化版] [ポストボタン確実クリック済み] 投稿処理成功
[09:59:27] [23.45s] [INFO] モバイル風待機: 4.32秒
[09:59:31] [27.77s] [INFO] 🔍 [POST-VALIDATION] 投稿完了後の最終確認開始
[09:59:31] [27.77s] [INFO] 📍 [POST-VALIDATION] 投稿後URL: https://x.com/compose/post
[09:59:31] [27.77s] [INFO] ✅ [POST-VALIDATION] ホーム画面への遷移確認
[09:59:31] [27.80s] [INFO] 📢 [POST-VALIDATION] 成功インジケーター発見: ポストが送信されました。編集できる時間は1時間以内です。
表示
[09:59:31] [27.80s] [INFO] ============================================================
[09:59:31] [27.80s] [INFO] 📊 [FINAL-SUMMARY] 投稿処理完了サマリー
[09:59:31] [27.80s] [INFO] ============================================================
[09:59:31] [27.80s] [INFO] 📝 投稿メッセージ長: 578文字
[09:59:31] [27.80s] [INFO] 📝 投稿メッセージ内容: 【データセクション(3905)】-7.50% 増資懸念と地合い悪化で売り優勢

本日の株価は前日比-7.50%と大幅下落。780億円規模の新株予約権発行による株式希薄化懸念が引き続き市場心理を圧迫した。加えて、日経平均の下落や半導体関連銘柄の軟調な地合いも重なり、売りが強まった。来週8月21日の決算説明会を控え、材料待ちの様子見ムードが強まっている。



■ニュース内容
⑴ 780億円規模の新株...
[09:59:31] [27.80s] [INFO] 📷 画像アップロード: あり
[09:59:31] [27.80s] [INFO] 🌐 最終URL: https://x.com/compose/post
[09:59:31] [27.80s] [INFO] ⏰ 投稿完了時刻: 2025-08-21 09:59:31
[09:59:31] [27.80s] [INFO] ============================================================
[09:59:31] [27.80s] [INFO] ✅ === モバイル版投稿完了成功！ ===
[09:59:31] [27.80s] [INFO] 🧹 モバイルブラウザ クリーンアップ開始
[09:59:33] [29.92s] [INFO] ✅ モバイルコンテキストクローズ完了
[09:59:33] [29.93s] [INFO] ✅ Playwrightストップ完了

=== モバイルTwitterデバッグログ終了 ===
終了時刻: 2025-08-21 09:59:33
総実行時間: 29.94秒
============================================================
[09:59:33] [29.94s] [INFO] 📋 詳細デバッグログ保存完了: /Users/takahashimika/Dropbox/web_kabu_ai/python/twitter_auto_post/debug_logs/mobile_twitter_debug_20250821_095903.log
