=== モバイルTwitterデバッグログ開始 ===
開始時刻: 2025-08-17 19:35:07
ログファイル: /Users/takahashimika/Dropbox/web_kabu_ai/python/twitter_auto_post/debug_logs/mobile_twitter_debug_20250817_193507.log
============================================================

[19:35:07] [0.00s] [INFO] モバイルプロファイルディレクトリ: /Users/takahashimika/Dropbox/web_kabu_ai/twitter_mobile_profile
[19:35:07] [0.00s] [INFO] 📱 モバイルブラウザ起動開始
[19:35:09] [1.39s] [INFO] ✅ Playwright インスタンス作成完了
[19:35:09] [1.39s] [INFO] ✅ 既存モバイルプロファイル発見: /Users/takahashimika/Dropbox/web_kabu_ai/twitter_mobile_profile
[19:35:09] [1.39s] [INFO] モバイル引数設定完了: 26個
[19:35:09] [1.39s] [INFO] モバイルコンテキスト作成中...
[19:35:11] [4.04s] [INFO] ✅ モバイルコンテキスト作成完了
[19:35:11] [4.04s] [INFO] 既存モバイルページを使用
[19:35:11] [4.07s] [INFO] ✅ モバイル偽装スクリプト適用完了
[19:35:11] [4.07s] [INFO] 📱 モバイルブラウザ起動成功
[19:35:11] [4.07s] [INFO] 📱 モバイル版Twitterに移動開始
[19:35:11] [4.07s] [INFO] アクセス先: https://mobile.twitter.com
[19:35:14] [6.51s] [INFO] ✅ ページ移動完了
[19:35:14] [6.51s] [INFO] モバイル風待機: 2.04秒
[19:35:16] [8.57s] [INFO] 現在のURL: https://x.com/
[19:35:16] [8.57s] [INFO] ページタイトル: ホーム / X
[19:35:16] [8.57s] [INFO] モバイルログイン状態チェック - URL: https://x.com/home
[19:35:16] [8.64s] [INFO] ✅ モバイルログイン要素発見: nav[role="navigation"]
[19:35:16] [8.66s] [INFO] ✅ モバイルログイン要素発見: [data-testid="primaryColumn"]
[19:35:16] [8.68s] [INFO] ✅ モバイルログイン要素発見: [aria-label*="ホーム"], [aria-label*="Home"]
[19:35:16] [8.68s] [INFO] ✅ モバイルログイン確認 (3個の要素)
[19:35:16] [8.68s] [INFO] 📱 モバイルツイート投稿開始 (テスト: True)
[19:35:16] [8.68s] [INFO] 投稿処理開始時のURL: https://x.com/home
[19:35:16] [8.71s] [INFO] ページ上のボタン要素数: 8
[19:35:16] [8.75s] [INFO] ボタン1: text='', aria-label='プロフィールメニュー めいめい＠株わかりやすくまとめ・解説', testid='DashButton_ProfileIcon_Link', href=''
[19:35:16] [8.79s] [INFO] ボタン2: text='', aria-label='前', testid='', href=''
[19:35:16] [8.83s] [INFO] ボタン3: text='', aria-label='次へ', testid='', href=''
[19:35:16] [8.88s] [INFO] ボタン4: text='', aria-label='前', testid='', href=''
[19:35:16] [8.92s] [INFO] ボタン5: text='', aria-label='次へ', testid='', href=''
[19:35:16] [9.13s] [INFO] ボタン6: text='新しいポストを表示', aria-label='新しいポストがあります。新しいポストに移動するには、ピリオド', testid='', href=''
[19:35:16] [9.15s] [INFO] ボタン7: text='', aria-label='ホームタイムラインに移動', testid='', href=''
[19:35:16] [9.18s] [INFO] ボタン8: text='', aria-label='トレンドに移動', testid='', href=''
[19:35:16] [9.19s] [INFO] モバイル投稿ボタン発見: [data-testid="FloatingActionButtons_Tweet_Button"]
[19:35:16] [9.20s] [INFO] モバイル風待機: 0.95秒
[19:35:18] [10.43s] [INFO] タップ成功
[19:35:18] [10.43s] [INFO] モバイル風待機: 2.72秒
[19:35:20] [13.16s] [INFO] モバイルテキストエリア発見: [data-testid="tweetTextarea_0"]
[19:35:20] [13.16s] [INFO] 📷 画像アップロード開始: 1枚
[19:35:20] [13.19s] [INFO] 📝 [TEXT_CHECK] 画像アップロード前: テキスト長=0, 内容=''
[19:35:20] [13.19s] [INFO] 画像1/1をアップロード中: /Users/takahashimika/Dropbox/web_kabu_ai/temp/base64_images/mobile_chart_6d3dddb2-3f66-4acc-9a21-4a8d741fbd88.png
[19:35:20] [13.22s] [INFO] 📝 [TEXT_CHECK] プログラマティック画像アップロード前_1: テキスト長=0, 内容=''
[19:35:20] [13.22s] [INFO] 📷 ファイルダイアログ回避モードで画像アップロード開始
[19:35:21] [13.23s] [INFO] ✅ 画像ファイル読み込み完了: 1507680 bytes
[19:35:21] [13.23s] [INFO] 🚀 プログラマティック画像アップロード実行: mobile_chart_6d3dddb2-3f66-4acc-9a21-4a8d741fbd88.png
[19:35:21] [13.43s] [INFO] ✅ プログラマティック画像アップロード成功: プログラマティック画像設定完了（ダイアログ回避）
[19:35:21] [13.43s] [INFO]   - Twitterターゲット発見: True
[19:35:21] [13.43s] [INFO]   - ファイル数: 0
[19:35:21] [13.43s] [INFO] モバイル風待機: 2.37秒
[19:35:23] [15.85s] [INFO] 📝 [TEXT_CHECK] プログラマティック画像アップロード後_1: テキスト長=0, 内容=''
[19:35:23] [15.87s] [INFO] ✅ 画像プレビュー確認: .r-1p0dtai img
[19:35:23] [15.87s] [INFO] ✅ 画像が正常にプログラマティックアップロードされました
[19:35:23] [15.87s] [INFO] 📷 プログラマティック画像アップロード処理完了: 1枚処理
[19:35:23] [15.92s] [INFO] 📝 [TEXT_CHECK] 画像アップロード後: テキスト長=0, 内容=''
[19:35:23] [15.92s] [INFO] 📝 テキスト入力開始前の状態チェック
[19:35:23] [15.96s] [INFO] 📝 [TEXT_CHECK] テキスト入力開始前: テキスト長=0, 内容=''
[19:35:23] [15.96s] [INFO] 🎯 [DEBUG] mobile_type開始: clear_first=False, text='【レーザーテック(6920)】8.31% 大幅上昇、インテル支援と需給改善で反発強まる

今週の株価...'
[19:35:23] [15.96s] [INFO] モバイル風待機: 0.36秒
[19:35:24] [16.33s] [INFO] 📝 JavaScript直接入力開始: '【レーザーテック(6920)】8.31% 大幅上昇、インテル支援と需給改善で反発強まる

今週の株価...'
[19:35:24] [16.35s] [INFO] 🔧 [DEBUG] モバイルJS設定結果 - before: '', after: '【レーザーテック(6920)】8.31% 大幅上昇、インテル支援と需給改善で反発強まる

今週の株価...'
[19:35:24] [16.35s] [INFO] ✅ JavaScript直接入力完了: '【レーザーテック(6920)】8.31% 大幅上昇、インテル支援と需給改善で反発強まる

今週の株価...'
[19:35:24] [16.35s] [INFO] モバイル風待機: 0.70秒
[19:35:24] [17.06s] [INFO] 🎯 [DEBUG] モバイル最終結果: ''
[19:35:24] [17.06s] [INFO] 📝 テキスト入力完了後の状態チェック
[19:35:24] [17.09s] [INFO] 📝 [TEXT_CHECK] テキスト入力完了後: テキスト長=0, 内容=''
[19:35:24] [17.09s] [INFO] ✅ モバイルテキスト入力完了: 【レーザーテック(6920)】8.31% 大幅上昇、インテル支援と需給改善で反発強まる

今週の株価...
[19:35:24] [17.09s] [INFO] 🚫 実投稿モード: 投稿直前で停止（投稿処理はコメントアウト中）
[19:35:24] [17.09s] [INFO] ✅ モバイルテキスト入力完了
[19:35:24] [17.09s] [INFO] 🧹 モバイルブラウザ クリーンアップ開始
[19:35:25] [18.12s] [INFO] ✅ モバイルコンテキストクローズ完了
[19:35:25] [18.15s] [INFO] ✅ Playwrightストップ完了

=== モバイルTwitterデバッグログ終了 ===
終了時刻: 2025-08-17 19:35:25
総実行時間: 18.15秒
============================================================
[19:35:25] [18.15s] [INFO] 📋 詳細デバッグログ保存完了: /Users/takahashimika/Dropbox/web_kabu_ai/python/twitter_auto_post/debug_logs/mobile_twitter_debug_20250817_193507.log
