=== モバイルTwitterデバッグログ開始 ===
開始時刻: 2025-08-18 00:31:12
ログファイル: /Users/takahashimika/Dropbox/web_kabu_ai/python/twitter_auto_post/debug_logs/mobile_twitter_debug_20250818_003112.log
============================================================

[00:31:12] [0.00s] [INFO] モバイルプロファイルディレクトリ: /Users/takahashimika/Dropbox/web_kabu_ai/twitter_mobile_profile
[00:31:12] [0.00s] [INFO] 📱 モバイルブラウザ起動開始
[00:31:13] [1.04s] [INFO] ✅ Playwright インスタンス作成完了
[00:31:13] [1.04s] [INFO] ✅ 既存モバイルプロファイル発見: /Users/takahashimika/Dropbox/web_kabu_ai/twitter_mobile_profile
[00:31:13] [1.04s] [INFO] モバイル引数設定完了: 26個
[00:31:13] [1.04s] [INFO] モバイルコンテキスト作成中...
[00:31:16] [3.87s] [INFO] ✅ モバイルコンテキスト作成完了
[00:31:16] [3.87s] [INFO] 既存モバイルページを使用
[00:31:16] [3.90s] [INFO] ✅ モバイル偽装スクリプト適用完了
[00:31:16] [3.90s] [INFO] 📱 モバイルブラウザ起動成功
[00:31:16] [3.90s] [INFO] 📱 モバイル版Twitterに移動開始
[00:31:16] [3.90s] [INFO] アクセス先: https://mobile.twitter.com
[00:31:18] [5.63s] [INFO] ✅ ページ移動完了
[00:31:18] [5.63s] [INFO] モバイル風待機: 1.77秒
[00:31:19] [7.41s] [INFO] 現在のURL: https://x.com/
[00:31:19] [7.41s] [INFO] ページタイトル: ホーム / X
[00:31:19] [7.41s] [INFO] モバイルログイン状態チェック - URL: https://x.com/home
[00:31:20] [7.48s] [INFO] ✅ モバイルログイン要素発見: nav[role="navigation"]
[00:31:20] [7.50s] [INFO] ✅ モバイルログイン要素発見: [data-testid="primaryColumn"]
[00:31:20] [7.52s] [INFO] ✅ モバイルログイン要素発見: [aria-label*="ホーム"], [aria-label*="Home"]
[00:31:20] [7.52s] [INFO] ✅ モバイルログイン確認 (3個の要素)
[00:31:20] [7.52s] [INFO] 📱 モバイルツイート投稿開始 (テスト: False)
[00:31:20] [7.52s] [INFO] 投稿処理開始時のURL: https://x.com/home
[00:31:20] [7.54s] [INFO] ページ上のボタン要素数: 8
[00:31:20] [7.57s] [INFO] ボタン1: text='', aria-label='プロフィールメニュー めいめい＠株わかりやすくまとめ・解説', testid='DashButton_ProfileIcon_Link', href=''
[00:31:20] [7.60s] [INFO] ボタン2: text='', aria-label='前', testid='', href=''
[00:31:20] [7.62s] [INFO] ボタン3: text='', aria-label='次へ', testid='', href=''
[00:31:20] [7.65s] [INFO] ボタン4: text='', aria-label='前', testid='', href=''
[00:31:20] [7.67s] [INFO] ボタン5: text='', aria-label='次へ', testid='', href=''
[00:31:20] [7.83s] [INFO] ボタン6: text='新しいポストを表示', aria-label='新しいポストがあります。新しいポストに移動するには、ピリオド', testid='', href=''
[00:31:20] [7.85s] [INFO] ボタン7: text='', aria-label='ホームタイムラインに移動', testid='', href=''
[00:31:20] [7.88s] [INFO] ボタン8: text='', aria-label='トレンドに移動', testid='', href=''
[00:31:20] [7.89s] [INFO] モバイル投稿ボタン発見: [data-testid="FloatingActionButtons_Tweet_Button"]
[00:31:20] [7.89s] [INFO] モバイル風待機: 2.21秒
[00:31:22] [10.28s] [INFO] タップ成功
[00:31:22] [10.28s] [INFO] モバイル風待機: 2.34秒
[00:31:25] [12.64s] [INFO] モバイルテキストエリア発見: [data-testid="tweetTextarea_0"]
[00:31:25] [12.64s] [INFO] 📷 画像アップロード開始: 1枚
[00:31:25] [12.67s] [INFO] 📝 [TEXT_CHECK] 画像アップロード前: テキスト長=0, 内容=''
[00:31:25] [12.67s] [INFO] 画像1/1をアップロード中: /Users/takahashimika/Dropbox/web_kabu_ai/temp/base64_images/mobile_chart_3ccb552f-7507-45d0-a10f-c49145aceade.png
[00:31:25] [12.70s] [INFO] 📝 [TEXT_CHECK] プログラマティック画像アップロード前_1: テキスト長=0, 内容=''
[00:31:25] [12.70s] [INFO] 📷 ファイルダイアログ回避モードで画像アップロード開始
[00:31:25] [12.71s] [INFO] ✅ 画像ファイル読み込み完了: 1510080 bytes
[00:31:25] [12.71s] [INFO] 🚀 プログラマティック画像アップロード実行: mobile_chart_3ccb552f-7507-45d0-a10f-c49145aceade.png
[00:31:25] [12.89s] [INFO] ✅ プログラマティック画像アップロード成功: プログラマティック画像設定完了（ダイアログ回避）
[00:31:25] [12.89s] [INFO]   - Twitterターゲット発見: True
[00:31:25] [12.89s] [INFO]   - ファイル数: 0
[00:31:25] [12.89s] [INFO] モバイル風待機: 2.49秒
[00:31:27] [15.41s] [INFO] 📝 [TEXT_CHECK] プログラマティック画像アップロード後_1: テキスト長=0, 内容=''
[00:31:28] [15.44s] [INFO] ✅ 画像プレビュー確認: .r-1p0dtai img
[00:31:28] [15.44s] [INFO] ✅ 画像が正常にプログラマティックアップロードされました
[00:31:28] [15.44s] [INFO] 📷 プログラマティック画像アップロード処理完了: 1枚処理
[00:31:28] [15.47s] [INFO] 📝 [TEXT_CHECK] 画像アップロード後: テキスト長=0, 内容=''
[00:31:28] [15.47s] [INFO] 📝 テキスト入力開始前の状態チェック
[00:31:28] [15.51s] [INFO] 📝 [TEXT_CHECK] テキスト入力開始前: テキスト長=0, 内容=''
[00:31:28] [15.51s] [INFO] 🎯 [DEBUG] mobile_type開始: clear_first=False, text='【ジーエヌアイグループ(2160)】3.40% 今週は決算好感で反発、増資懸念と米株安が重荷

今週...'
[00:31:28] [15.52s] [INFO] モバイル風待機: 0.40秒
[00:31:28] [15.92s] [INFO] 📝 JavaScript直接入力開始: '【ジーエヌアイグループ(2160)】3.40% 今週は決算好感で反発、増資懸念と米株安が重荷

今週...'
[00:31:28] [15.94s] [INFO] 🔧 [DEBUG] モバイルJS設定結果 - before: '', after: '【ジーエヌアイグループ(2160)】3.40% 今週は決算好感で反発、増資懸念と米株安が重荷

今週...'
[00:31:28] [15.94s] [INFO] ✅ JavaScript直接入力完了: '【ジーエヌアイグループ(2160)】3.40% 今週は決算好感で反発、増資懸念と米株安が重荷

今週...'
[00:31:28] [15.94s] [INFO] モバイル風待機: 1.51秒
[00:31:30] [17.46s] [INFO] 🎯 [DEBUG] モバイル最終確認1: ''
[00:31:30] [17.46s] [WARNING] ⚠️ テキストが消失、再設定試行1
[00:31:30] [17.47s] [INFO] モバイル風待機: 1.33秒
[00:31:31] [18.81s] [INFO] 🎯 [DEBUG] モバイル最終確認2: ''
[00:31:31] [18.81s] [WARNING] ⚠️ テキストが消失、再設定試行2
[00:31:31] [18.82s] [INFO] モバイル風待機: 1.26秒
[00:31:32] [20.09s] [INFO] 🎯 [DEBUG] モバイル最終確認3: '【ジーエヌアイグループ(2160)】3.40% 今週は決算好感で反発、増資懸念と米株安が重荷

今週...'
[00:31:32] [20.09s] [INFO] ✅ テキスト設定成功確認（試行3）
[00:31:32] [20.09s] [INFO] 📝 テキスト入力完了後の状態チェック
[00:31:32] [20.10s] [INFO] 📝 [TEXT_CHECK] テキスト入力完了後: テキスト長=573, 内容='【ジーエヌアイグループ(2160)】3.40% 今週は決算好感で反発、増資懸念と米株安が重荷

今週...'
[00:31:32] [20.10s] [INFO] ✅ モバイルテキスト入力完了: 【ジーエヌアイグループ(2160)】3.40% 今週は決算好感で反発、増資懸念と米株安が重荷

今週...
[00:31:32] [20.10s] [INFO] 🚀 [強化版] 実投稿モード: 確実な投稿ボタン探索開始
[00:31:32] [20.10s] [INFO] 🎯 [強化版] 投稿ボタン探索 試行 1/3
[00:31:32] [20.13s] [INFO] 📍 [強化版] ボタン発見: [data-testid="tweetButton"]
[00:31:32] [20.13s] [INFO]    可視: True, 有効: True, 接続: True
[00:31:32] [20.13s] [INFO]    テキスト: 'ポストする'
[00:31:32] [20.13s] [INFO] ✅ [強化版] 有効な投稿ボタン確認: [data-testid="tweetButton"]
[00:31:32] [20.13s] [INFO] 🎯 [強化版] 投稿ボタンクリック試行 1: [data-testid="tweetButton"]
[00:31:32] [20.13s] [INFO] 🔄 [強化版] クリック方法試行: mobile_tap
[00:31:32] [20.35s] [INFO] タップ成功
[00:31:32] [20.36s] [INFO] モバイル風待機: 1.14秒
[00:31:34] [21.50s] [INFO] ⚠️ [強化版] mobile_tapクリック効果なし、次の方法を試行
[00:31:34] [21.51s] [INFO] 🔄 [強化版] クリック方法試行: direct_click
[00:31:34] [22.25s] [INFO] ❌ [強化版] direct_clickクリックエラー: ElementHandle.click: Element is not attached to the DOM
Call log:
  - attempting click action
    - waiting for element to be visible, enabled and stable

[00:31:34] [22.25s] [INFO] 🔄 [強化版] クリック方法試行: js_click
[00:31:34] [22.28s] [INFO] モバイル風待機: 1.46秒
[00:31:36] [23.74s] [INFO] ✅ [強化版] js_clickクリック成功確認
[00:31:36] [23.74s] [INFO] 🎉 [強化版] [ポストボタン確実クリック済み] 投稿処理成功
[00:31:36] [23.74s] [INFO] モバイル風待機: 4.38秒
[00:31:40] [28.12s] [INFO] ✅ === モバイル版投稿完了成功！ ===
[00:31:40] [28.12s] [INFO] 🧹 モバイルブラウザ クリーンアップ開始
[00:31:41] [28.75s] [INFO] ✅ モバイルコンテキストクローズ完了
[00:31:41] [28.77s] [INFO] ✅ Playwrightストップ完了

=== モバイルTwitterデバッグログ終了 ===
終了時刻: 2025-08-18 00:31:41
総実行時間: 28.77秒
============================================================
[00:31:41] [28.77s] [INFO] 📋 詳細デバッグログ保存完了: /Users/takahashimika/Dropbox/web_kabu_ai/python/twitter_auto_post/debug_logs/mobile_twitter_debug_20250818_003112.log
