=== モバイルTwitterデバッグログ開始 ===
開始時刻: 2025-08-17 20:26:25
ログファイル: /Users/takahashimika/Dropbox/web_kabu_ai/python/twitter_auto_post/debug_logs/mobile_twitter_debug_20250817_202625.log
============================================================

[20:26:25] [0.00s] [INFO] モバイルプロファイルディレクトリ: /Users/takahashimika/Dropbox/web_kabu_ai/twitter_mobile_profile
[20:26:25] [0.00s] [INFO] 📱 モバイルブラウザ起動開始
[20:26:26] [1.20s] [INFO] ✅ Playwright インスタンス作成完了
[20:26:26] [1.20s] [INFO] ✅ 既存モバイルプロファイル発見: /Users/takahashimika/Dropbox/web_kabu_ai/twitter_mobile_profile
[20:26:26] [1.20s] [INFO] モバイル引数設定完了: 26個
[20:26:26] [1.20s] [INFO] モバイルコンテキスト作成中...
[20:26:29] [4.66s] [INFO] ✅ モバイルコンテキスト作成完了
[20:26:29] [4.66s] [INFO] 既存モバイルページを使用
[20:26:29] [4.69s] [INFO] ✅ モバイル偽装スクリプト適用完了
[20:26:29] [4.69s] [INFO] 📱 モバイルブラウザ起動成功
[20:26:29] [4.69s] [INFO] 📱 モバイル版Twitterに移動開始
[20:26:29] [4.69s] [INFO] アクセス先: https://mobile.twitter.com
[20:26:31] [6.73s] [INFO] ✅ ページ移動完了
[20:26:31] [6.73s] [INFO] モバイル風待機: 1.31秒
[20:26:33] [8.10s] [INFO] 現在のURL: https://x.com/
[20:26:33] [8.10s] [INFO] ページタイトル: ホーム / X
[20:26:33] [8.10s] [INFO] モバイルログイン状態チェック - URL: https://x.com/home
[20:26:33] [8.19s] [INFO] ✅ モバイルログイン要素発見: nav[role="navigation"]
[20:26:33] [8.24s] [INFO] ✅ モバイルログイン要素発見: [data-testid="primaryColumn"]
[20:26:33] [8.26s] [INFO] ✅ モバイルログイン要素発見: [aria-label*="ホーム"], [aria-label*="Home"]
[20:26:33] [8.26s] [INFO] ✅ モバイルログイン確認 (3個の要素)
[20:26:33] [8.26s] [INFO] 📱 モバイルツイート投稿開始 (テスト: True)
[20:26:33] [8.26s] [INFO] 投稿処理開始時のURL: https://x.com/home
[20:26:33] [8.29s] [INFO] ページ上のボタン要素数: 8
[20:26:33] [8.33s] [INFO] ボタン1: text='', aria-label='プロフィールメニュー めいめい＠株わかりやすくまとめ・解説', testid='DashButton_ProfileIcon_Link', href=''
[20:26:33] [8.36s] [INFO] ボタン2: text='', aria-label='前', testid='', href=''
[20:26:33] [8.38s] [INFO] ボタン3: text='', aria-label='次へ', testid='', href=''
[20:26:33] [8.40s] [INFO] ボタン4: text='', aria-label='前', testid='', href=''
[20:26:33] [8.43s] [INFO] ボタン5: text='', aria-label='次へ', testid='', href=''
[20:26:33] [8.46s] [INFO] ボタン6: text='新しいポストを表示', aria-label='新しいポストがあります。新しいポストに移動するには、ピリオド', testid='', href=''
[20:26:33] [8.48s] [INFO] ボタン7: text='', aria-label='ホームタイムラインに移動', testid='', href=''
[20:26:33] [8.50s] [INFO] ボタン8: text='', aria-label='トレンドに移動', testid='', href=''
[20:26:33] [8.52s] [INFO] モバイル投稿ボタン発見: [data-testid="FloatingActionButtons_Tweet_Button"]
[20:26:33] [8.52s] [INFO] モバイル風待機: 1.70秒
[20:26:35] [10.35s] [INFO] タップ成功
[20:26:35] [10.35s] [INFO] モバイル風待機: 2.78秒
[20:26:38] [13.15s] [INFO] モバイルテキストエリア発見: [data-testid="tweetTextarea_0"]
[20:26:38] [13.15s] [INFO] 📷 画像アップロード開始: 1枚
[20:26:38] [13.18s] [INFO] 📝 [TEXT_CHECK] 画像アップロード前: テキスト長=0, 内容=''
[20:26:38] [13.18s] [INFO] 画像1/1をアップロード中: /Users/takahashimika/Dropbox/web_kabu_ai/temp/base64_images/mobile_chart_6eda5602-f86f-4910-abcd-90d99202f8ed.png
[20:26:38] [13.20s] [INFO] 📝 [TEXT_CHECK] プログラマティック画像アップロード前_1: テキスト長=0, 内容=''
[20:26:38] [13.20s] [INFO] 📷 ファイルダイアログ回避モードで画像アップロード開始
[20:26:38] [13.21s] [INFO] ✅ 画像ファイル読み込み完了: 1413828 bytes
[20:26:38] [13.21s] [INFO] 🚀 プログラマティック画像アップロード実行: mobile_chart_6eda5602-f86f-4910-abcd-90d99202f8ed.png
[20:26:38] [13.40s] [INFO] ✅ プログラマティック画像アップロード成功: プログラマティック画像設定完了（ダイアログ回避）
[20:26:38] [13.40s] [INFO]   - Twitterターゲット発見: True
[20:26:38] [13.40s] [INFO]   - ファイル数: 0
[20:26:38] [13.40s] [INFO] モバイル風待機: 2.93秒
[20:26:41] [16.36s] [INFO] 📝 [TEXT_CHECK] プログラマティック画像アップロード後_1: テキスト長=0, 内容=''
[20:26:41] [16.38s] [INFO] ✅ 画像プレビュー確認: .r-1p0dtai img
[20:26:41] [16.38s] [INFO] ✅ 画像が正常にプログラマティックアップロードされました
[20:26:41] [16.38s] [INFO] 📷 プログラマティック画像アップロード処理完了: 1枚処理
[20:26:41] [16.41s] [INFO] 📝 [TEXT_CHECK] 画像アップロード後: テキスト長=0, 内容=''
[20:26:41] [16.41s] [INFO] 📝 テキスト入力開始前の状態チェック
[20:26:41] [16.45s] [INFO] 📝 [TEXT_CHECK] テキスト入力開始前: テキスト長=0, 内容=''
[20:26:41] [16.45s] [INFO] 🎯 [DEBUG] mobile_type開始: clear_first=False, text='【東京電力ホールディングス(9501)】2.22% 今週は原発再稼働期待と需給改善で堅調推移

株価...'
[20:26:41] [16.47s] [INFO] モバイル風待機: 0.40秒
[20:26:41] [16.87s] [INFO] 📝 JavaScript直接入力開始: '【東京電力ホールディングス(9501)】2.22% 今週は原発再稼働期待と需給改善で堅調推移

株価...'
[20:26:41] [16.89s] [INFO] 🔧 [DEBUG] モバイルJS設定結果 - before: '', after: '【東京電力ホールディングス(9501)】2.22% 今週は原発再稼働期待と需給改善で堅調推移

株価...'
[20:26:41] [16.89s] [INFO] ✅ JavaScript直接入力完了: '【東京電力ホールディングス(9501)】2.22% 今週は原発再稼働期待と需給改善で堅調推移

株価...'
[20:26:41] [16.89s] [INFO] モバイル風待機: 0.34秒
[20:26:42] [17.23s] [INFO] 🎯 [DEBUG] モバイル最終結果: '【東京電力ホールディングス(9501)】2.22% 今週は原発再稼働期待と需給改善で堅調推移

株価...'
[20:26:42] [17.23s] [INFO] 📝 テキスト入力完了後の状態チェック
[20:26:42] [17.25s] [INFO] 📝 [TEXT_CHECK] テキスト入力完了後: テキスト長=590, 内容='【東京電力ホールディングス(9501)】2.22% 今週は原発再稼働期待と需給改善で堅調推移

株価...'
[20:26:42] [17.25s] [INFO] ✅ モバイルテキスト入力完了: 【東京電力ホールディングス(9501)】2.22% 今週は原発再稼働期待と需給改善で堅調推移

株価...
[20:26:42] [17.25s] [INFO] 🚫 実投稿モード: 投稿直前で停止（投稿処理はコメントアウト中）
[20:26:42] [17.25s] [INFO] ✅ モバイルテキスト入力完了
[20:26:42] [17.25s] [INFO] 🧹 モバイルブラウザ クリーンアップ開始
[20:26:42] [17.86s] [INFO] ✅ モバイルコンテキストクローズ完了
[20:26:42] [17.90s] [INFO] ✅ Playwrightストップ完了

=== モバイルTwitterデバッグログ終了 ===
終了時刻: 2025-08-17 20:26:42
総実行時間: 17.91秒
============================================================
[20:26:42] [17.91s] [INFO] 📋 詳細デバッグログ保存完了: /Users/takahashimika/Dropbox/web_kabu_ai/python/twitter_auto_post/debug_logs/mobile_twitter_debug_20250817_202625.log
