=== モバイルTwitterデバッグログ開始 ===
開始時刻: 2025-08-17 17:41:35
ログファイル: /Users/takahashimika/Dropbox/web_kabu_ai/python/twitter_auto_post/debug_logs/mobile_twitter_debug_20250817_174135.log
============================================================

[17:41:35] [0.00s] [INFO] モバイルプロファイルディレクトリ: /Users/takahashimika/Dropbox/web_kabu_ai/twitter_mobile_profile
[17:41:35] [0.00s] [INFO] 📱 モバイルブラウザ起動開始
[17:41:36] [1.40s] [INFO] ✅ Playwright インスタンス作成完了
[17:41:36] [1.40s] [INFO] ✅ 既存モバイルプロファイル発見: /Users/takahashimika/Dropbox/web_kabu_ai/twitter_mobile_profile
[17:41:36] [1.40s] [INFO] モバイル引数設定完了: 26個
[17:41:36] [1.40s] [INFO] モバイルコンテキスト作成中...
[17:41:40] [4.76s] [INFO] ✅ モバイルコンテキスト作成完了
[17:41:40] [4.76s] [INFO] 既存モバイルページを使用
[17:41:40] [4.82s] [INFO] ✅ モバイル偽装スクリプト適用完了
[17:41:40] [4.82s] [INFO] 📱 モバイルブラウザ起動成功
[17:41:40] [4.82s] [INFO] 📱 モバイル版Twitterに移動開始
[17:41:40] [4.82s] [INFO] アクセス先: https://mobile.twitter.com
[17:41:42] [6.87s] [INFO] ✅ ページ移動完了
[17:41:42] [6.88s] [INFO] モバイル風待機: 2.48秒
[17:41:44] [9.37s] [INFO] 現在のURL: https://x.com/
[17:41:44] [9.37s] [INFO] ページタイトル: ホーム / X
[17:41:44] [9.37s] [INFO] モバイルログイン状態チェック - URL: https://x.com/home
[17:41:44] [9.43s] [INFO] ✅ モバイルログイン要素発見: nav[role="navigation"]
[17:41:45] [9.44s] [INFO] ✅ モバイルログイン要素発見: [data-testid="primaryColumn"]
[17:41:45] [9.46s] [INFO] ✅ モバイルログイン要素発見: [aria-label*="ホーム"], [aria-label*="Home"]
[17:41:45] [9.46s] [INFO] ✅ モバイルログイン確認 (3個の要素)
[17:41:45] [9.46s] [INFO] 📱 モバイルツイート投稿開始 (テスト: True)
[17:41:45] [9.46s] [INFO] 投稿処理開始時のURL: https://x.com/home
[17:41:45] [9.48s] [INFO] ページ上のボタン要素数: 8
[17:41:45] [9.63s] [INFO] ボタン1: text='', aria-label='プロフィールメニュー めいめい＠株わかりやすくまとめ・解説', testid='DashButton_ProfileIcon_Link', href=''
[17:41:45] [9.65s] [INFO] ボタン2: text='', aria-label='前', testid='', href=''
[17:41:45] [9.68s] [INFO] ボタン3: text='', aria-label='次へ', testid='', href=''
[17:41:45] [9.70s] [INFO] ボタン4: text='', aria-label='前', testid='', href=''
[17:41:45] [9.73s] [INFO] ボタン5: text='', aria-label='次へ', testid='', href=''
[17:41:45] [10.36s] [INFO] ボタン6: text='新しいポストを表示', aria-label='新しいポストがあります。新しいポストに移動するには、ピリオド', testid='', href=''
[17:41:46] [10.80s] [INFO] ボタン7: text='', aria-label='ホームタイムラインに移動', testid='', href=''
[17:41:46] [10.94s] [INFO] ボタン8: text='', aria-label='トレンドに移動', testid='', href=''
[17:41:46] [10.95s] [INFO] モバイル投稿ボタン発見: [data-testid="FloatingActionButtons_Tweet_Button"]
[17:41:46] [10.95s] [INFO] モバイル風待機: 1.70秒
[17:41:48] [12.80s] [INFO] タップ成功
[17:41:48] [12.80s] [INFO] モバイル風待機: 2.80秒
[17:41:51] [15.61s] [INFO] モバイルテキストエリア発見: [data-testid="tweetTextarea_0"]
[17:41:51] [15.61s] [INFO] 📝 テキスト入力開始前の状態チェック
[17:41:51] [15.64s] [INFO] 📝 [TEXT_CHECK] テキスト入力開始前: テキスト長=0, 内容=''
[17:41:51] [15.64s] [INFO] 🎯 [DEBUG] mobile_type開始: clear_first=False, text='【アクセルスペースホールディングス(402A)】19.38%　週間騰落率+19.38%、変動幅150...'
[17:41:51] [15.65s] [INFO] モバイル風待機: 0.38秒
[17:41:51] [16.03s] [INFO] 📝 JavaScript直接入力開始: '【アクセルスペースホールディングス(402A)】19.38%　週間騰落率+19.38%、変動幅150...'
[17:41:51] [16.05s] [INFO] 🔧 [DEBUG] モバイルJS設定結果 - before: '', after: '【アクセルスペースホールディングス(402A)】19.38%　週間騰落率+19.38%、変動幅150...'
[17:41:51] [16.05s] [INFO] ✅ JavaScript直接入力完了: '【アクセルスペースホールディングス(402A)】19.38%　週間騰落率+19.38%、変動幅150...'
[17:41:51] [16.05s] [INFO] モバイル風待機: 0.45秒
[17:41:52] [16.50s] [INFO] 🎯 [DEBUG] モバイル最終結果: '【アクセルスペースホールディングス(402A)】19.38%　週間騰落率+19.38%、変動幅150...'
[17:41:52] [16.50s] [INFO] 📝 テキスト入力完了後の状態チェック
[17:41:52] [16.51s] [INFO] 📝 [TEXT_CHECK] テキスト入力完了後: テキスト長=710, 内容='【アクセルスペースホールディングス(402A)】19.38%　週間騰落率+19.38%、変動幅150...'
[17:41:52] [16.51s] [INFO] ✅ モバイルテキスト入力完了: 【アクセルスペースホールディングス(402A)】19.38%　週間騰落率+19.38%、変動幅150...
[17:41:52] [16.51s] [INFO] 🚫 実投稿モード: 投稿直前で停止（投稿処理はコメントアウト中）
[17:41:52] [16.51s] [INFO] ✅ モバイルテキスト入力完了
[17:41:52] [16.51s] [INFO] 🧹 モバイルブラウザ クリーンアップ開始
[17:41:52] [17.08s] [INFO] ✅ モバイルコンテキストクローズ完了
[17:41:52] [17.10s] [INFO] ✅ Playwrightストップ完了

=== モバイルTwitterデバッグログ終了 ===
終了時刻: 2025-08-17 17:41:52
総実行時間: 17.10秒
============================================================
[17:41:52] [17.10s] [INFO] 📋 詳細デバッグログ保存完了: /Users/takahashimika/Dropbox/web_kabu_ai/python/twitter_auto_post/debug_logs/mobile_twitter_debug_20250817_174135.log
