=== モバイルTwitterデバッグログ開始 ===
開始時刻: 2025-08-17 19:44:06
ログファイル: /Users/takahashimika/Dropbox/web_kabu_ai/python/twitter_auto_post/debug_logs/mobile_twitter_debug_20250817_194406.log
============================================================

[19:44:06] [0.00s] [INFO] モバイルプロファイルディレクトリ: /Users/takahashimika/Dropbox/web_kabu_ai/twitter_mobile_profile
[19:44:06] [0.00s] [INFO] 📱 モバイルブラウザ起動開始
[19:44:07] [1.11s] [INFO] ✅ Playwright インスタンス作成完了
[19:44:07] [1.11s] [INFO] ✅ 既存モバイルプロファイル発見: /Users/takahashimika/Dropbox/web_kabu_ai/twitter_mobile_profile
[19:44:07] [1.11s] [INFO] モバイル引数設定完了: 26個
[19:44:07] [1.11s] [INFO] モバイルコンテキスト作成中...
[19:44:11] [4.74s] [INFO] ✅ モバイルコンテキスト作成完了
[19:44:11] [4.74s] [INFO] 既存モバイルページを使用
[19:44:11] [4.76s] [INFO] ✅ モバイル偽装スクリプト適用完了
[19:44:11] [4.76s] [INFO] 📱 モバイルブラウザ起動成功
[19:44:11] [4.76s] [INFO] 📱 モバイル版Twitterに移動開始
[19:44:11] [4.76s] [INFO] アクセス先: https://mobile.twitter.com
[19:44:13] [6.70s] [INFO] ✅ ページ移動完了
[19:44:13] [6.70s] [INFO] モバイル風待機: 2.34秒
[19:44:15] [9.24s] [INFO] 現在のURL: https://x.com/
[19:44:15] [9.24s] [INFO] ページタイトル: ホーム / X
[19:44:15] [9.24s] [INFO] モバイルログイン状態チェック - URL: https://x.com/home
[19:44:16] [9.95s] [INFO] ✅ モバイルログイン要素発見: nav[role="navigation"]
[19:44:16] [10.07s] [INFO] ✅ モバイルログイン要素発見: [data-testid="primaryColumn"]
[19:44:16] [10.31s] [INFO] ✅ モバイルログイン要素発見: [aria-label*="ホーム"], [aria-label*="Home"]
[19:44:16] [10.31s] [INFO] ✅ モバイルログイン確認 (3個の要素)
[19:44:16] [10.31s] [INFO] 📱 モバイルツイート投稿開始 (テスト: True)
[19:44:16] [10.31s] [INFO] 投稿処理開始時のURL: https://x.com/home
[19:44:16] [10.50s] [INFO] ページ上のボタン要素数: 49
[19:44:16] [10.55s] [INFO] ボタン1: text='', aria-label='プロフィールメニュー めいめい＠株わかりやすくまとめ・解説', testid='DashButton_ProfileIcon_Link', href=''
[19:44:16] [10.58s] [INFO] ボタン2: text='', aria-label='前', testid='', href=''
[19:44:17] [10.62s] [INFO] ボタン3: text='', aria-label='次へ', testid='', href=''
[19:44:17] [10.65s] [INFO] ボタン4: text='', aria-label='前', testid='', href=''
[19:44:17] [10.68s] [INFO] ボタン5: text='', aria-label='次へ', testid='', href=''
[19:44:17] [10.71s] [INFO] ボタン6: text='新しいポストを表示', aria-label='新しいポストがあります。新しいポストに移動するには、ピリオド', testid='', href=''
[19:44:17] [10.74s] [INFO] ボタン7: text='', aria-label='ホームタイムラインに移動', testid='', href=''
[19:44:17] [10.77s] [INFO] ボタン8: text='', aria-label='トレンドに移動', testid='', href=''
[19:44:17] [10.79s] [INFO] ボタン9: text='', aria-label='もっと見る', testid='caret', href=''
[19:44:17] [10.81s] [INFO] ボタン10: text='', aria-label='動画を再生. 長さ:   35 秒', testid='', href=''
[19:44:17] [10.83s] [INFO] モバイル投稿ボタン発見: [data-testid="FloatingActionButtons_Tweet_Button"]
[19:44:17] [10.83s] [INFO] モバイル風待機: 2.10秒
[19:44:19] [13.09s] [INFO] タップ成功
[19:44:19] [13.09s] [INFO] モバイル風待機: 2.21秒
[19:44:21] [15.31s] [INFO] モバイルテキストエリア発見: [data-testid="tweetTextarea_0"]
[19:44:21] [15.31s] [INFO] 📝 テキスト入力開始前の状態チェック
[19:44:21] [15.34s] [INFO] 📝 [TEXT_CHECK] テキスト入力開始前: テキスト長=0, 内容=''
[19:44:21] [15.34s] [INFO] 🎯 [DEBUG] mobile_type開始: clear_first=False, text='【レーザーテック(6920)】8.31% 大幅上昇、インテル支援と需給改善で反発強まる

今週の株価...'
[19:44:21] [15.35s] [INFO] モバイル風待機: 0.42秒
[19:44:22] [15.77s] [INFO] 📝 JavaScript直接入力開始: '【レーザーテック(6920)】8.31% 大幅上昇、インテル支援と需給改善で反発強まる

今週の株価...'
[19:44:22] [15.80s] [INFO] 🔧 [DEBUG] モバイルJS設定結果 - before: '', after: '【レーザーテック(6920)】8.31% 大幅上昇、インテル支援と需給改善で反発強まる

今週の株価...'
[19:44:22] [15.80s] [INFO] ✅ JavaScript直接入力完了: '【レーザーテック(6920)】8.31% 大幅上昇、インテル支援と需給改善で反発強まる

今週の株価...'
[19:44:22] [15.80s] [INFO] モバイル風待機: 0.39秒
[19:44:22] [16.20s] [INFO] 🎯 [DEBUG] モバイル最終結果: '【レーザーテック(6920)】8.31% 大幅上昇、インテル支援と需給改善で反発強まる

今週の株価...'
[19:44:22] [16.20s] [INFO] 📝 テキスト入力完了後の状態チェック
[19:44:22] [16.21s] [INFO] 📝 [TEXT_CHECK] テキスト入力完了後: テキスト長=915, 内容='【レーザーテック(6920)】8.31% 大幅上昇、インテル支援と需給改善で反発強まる

今週の株価...'
[19:44:22] [16.21s] [INFO] ✅ モバイルテキスト入力完了: 【レーザーテック(6920)】8.31% 大幅上昇、インテル支援と需給改善で反発強まる

今週の株価...
[19:44:22] [16.21s] [INFO] 🚫 実投稿モード: 投稿直前で停止（投稿処理はコメントアウト中）
[19:44:22] [16.21s] [INFO] ✅ モバイルテキスト入力完了
[19:44:22] [16.21s] [INFO] 🧹 モバイルブラウザ クリーンアップ開始
[19:44:23] [16.79s] [INFO] ✅ モバイルコンテキストクローズ完了
[19:44:23] [16.81s] [INFO] ✅ Playwrightストップ完了

=== モバイルTwitterデバッグログ終了 ===
終了時刻: 2025-08-17 19:44:23
総実行時間: 16.81秒
============================================================
[19:44:23] [16.81s] [INFO] 📋 詳細デバッグログ保存完了: /Users/takahashimika/Dropbox/web_kabu_ai/python/twitter_auto_post/debug_logs/mobile_twitter_debug_20250817_194406.log
