=== モバイルTwitterデバッグログ開始 ===
開始時刻: 2025-08-17 20:59:27
ログファイル: /Users/takahashimika/Dropbox/web_kabu_ai/python/twitter_auto_post/debug_logs/mobile_twitter_debug_20250817_205927.log
============================================================

[20:59:27] [0.00s] [INFO] モバイルプロファイルディレクトリ: /Users/takahashimika/Dropbox/web_kabu_ai/twitter_mobile_profile
[20:59:27] [0.00s] [INFO] 📱 モバイルブラウザ起動開始
[20:59:28] [1.07s] [INFO] ✅ Playwright インスタンス作成完了
[20:59:28] [1.07s] [INFO] ✅ 既存モバイルプロファイル発見: /Users/takahashimika/Dropbox/web_kabu_ai/twitter_mobile_profile
[20:59:28] [1.07s] [INFO] モバイル引数設定完了: 26個
[20:59:28] [1.07s] [INFO] モバイルコンテキスト作成中...
[20:59:32] [4.79s] [INFO] ✅ モバイルコンテキスト作成完了
[20:59:32] [4.79s] [INFO] 既存モバイルページを使用
[20:59:32] [4.83s] [INFO] ✅ モバイル偽装スクリプト適用完了
[20:59:32] [4.83s] [INFO] 📱 モバイルブラウザ起動成功
[20:59:32] [4.83s] [INFO] 📱 モバイル版Twitterに移動開始
[20:59:32] [4.83s] [INFO] アクセス先: https://mobile.twitter.com
[20:59:34] [6.87s] [INFO] ✅ ページ移動完了
[20:59:34] [6.87s] [INFO] モバイル風待機: 0.90秒
[20:59:35] [7.88s] [INFO] 現在のURL: https://x.com/
[20:59:35] [7.88s] [INFO] ページタイトル: X
[20:59:35] [7.88s] [INFO] モバイルログイン状態チェック - URL: https://x.com/home
[20:59:36] [8.17s] [INFO] ✅ モバイルログイン要素発見: nav[role="navigation"]
[20:59:36] [8.18s] [INFO] 📱 モバイル版手動ログイン待機開始（タイムアウト: 200秒）
[20:59:36] [8.18s] [INFO] モバイルログイン状態チェック - URL: https://x.com/home
[20:59:36] [8.25s] [INFO] ✅ モバイルログイン要素発見: nav[role="navigation"]
[20:59:36] [8.36s] [INFO] ✅ モバイルログイン要素発見: [data-testid="primaryColumn"]
[20:59:36] [8.40s] [INFO] ✅ モバイルログイン要素発見: [aria-label*="ホーム"], [aria-label*="Home"]
[20:59:36] [8.40s] [INFO] ✅ モバイルログイン確認 (3個の要素)
[20:59:36] [8.40s] [INFO] ✅ === モバイル版ログイン完了確認 === (0.2秒)
[20:59:36] [8.40s] [INFO] 📱 モバイルツイート投稿開始 (テスト: True)
[20:59:36] [8.40s] [INFO] 投稿処理開始時のURL: https://x.com/home
[20:59:36] [8.45s] [INFO] ページ上のボタン要素数: 8
[20:59:36] [8.48s] [INFO] ボタン1: text='', aria-label='プロフィールメニュー めいめい＠株わかりやすくまとめ・解説', testid='DashButton_ProfileIcon_Link', href=''
[20:59:36] [8.52s] [INFO] ボタン2: text='', aria-label='前', testid='', href=''
[20:59:36] [8.54s] [INFO] ボタン3: text='', aria-label='次へ', testid='', href=''
[20:59:36] [8.57s] [INFO] ボタン4: text='', aria-label='前', testid='', href=''
[20:59:36] [8.60s] [INFO] ボタン5: text='', aria-label='次へ', testid='', href=''
[20:59:36] [8.62s] [INFO] ボタン6: text='新しいポストを表示', aria-label='新しいポストがあります。新しいポストに移動するには、ピリオド', testid='', href=''
[20:59:36] [8.65s] [INFO] ボタン7: text='', aria-label='ホームタイムラインに移動', testid='', href=''
[20:59:36] [8.67s] [INFO] ボタン8: text='', aria-label='トレンドに移動', testid='', href=''
[20:59:36] [8.68s] [INFO] モバイル投稿ボタン発見: [data-testid="FloatingActionButtons_Tweet_Button"]
[20:59:36] [8.68s] [INFO] モバイル風待機: 1.37秒
[20:59:40] [12.55s] [INFO] タップ成功
[20:59:40] [12.55s] [INFO] モバイル風待機: 2.97秒
[20:59:43] [15.54s] [INFO] モバイルテキストエリア発見: [data-testid="tweetTextarea_0"]
[20:59:43] [15.54s] [INFO] 📷 画像アップロード開始: 1枚
[20:59:43] [15.56s] [INFO] 📝 [TEXT_CHECK] 画像アップロード前: テキスト長=0, 内容=''
[20:59:43] [15.56s] [INFO] 画像1/1をアップロード中: /Users/takahashimika/Dropbox/web_kabu_ai/temp/base64_images/mobile_chart_722ae871-4ac2-43f5-b4f2-449d1ff9fb38.png
[20:59:43] [15.59s] [INFO] 📝 [TEXT_CHECK] プログラマティック画像アップロード前_1: テキスト長=0, 内容=''
[20:59:43] [15.59s] [INFO] 📷 ファイルダイアログ回避モードで画像アップロード開始
[20:59:43] [15.60s] [INFO] ✅ 画像ファイル読み込み完了: 1361808 bytes
[20:59:43] [15.60s] [INFO] 🚀 プログラマティック画像アップロード実行: mobile_chart_722ae871-4ac2-43f5-b4f2-449d1ff9fb38.png
[20:59:43] [15.76s] [INFO] ✅ プログラマティック画像アップロード成功: プログラマティック画像設定完了（ダイアログ回避）
[20:59:43] [15.76s] [INFO]   - Twitterターゲット発見: True
[20:59:43] [15.76s] [INFO]   - ファイル数: 0
[20:59:43] [15.76s] [INFO] モバイル風待機: 2.49秒
[20:59:46] [18.28s] [INFO] 📝 [TEXT_CHECK] プログラマティック画像アップロード後_1: テキスト長=0, 内容=''
[20:59:46] [18.30s] [INFO] ✅ 画像プレビュー確認: .r-1p0dtai img
[20:59:46] [18.30s] [INFO] ✅ 画像が正常にプログラマティックアップロードされました
[20:59:46] [18.30s] [INFO] 📷 プログラマティック画像アップロード処理完了: 1枚処理
[20:59:46] [18.33s] [INFO] 📝 [TEXT_CHECK] 画像アップロード後: テキスト長=0, 内容=''
[20:59:46] [18.33s] [INFO] 📝 テキスト入力開始前の状態チェック
[20:59:46] [18.36s] [INFO] 📝 [TEXT_CHECK] テキスト入力開始前: テキスト長=0, 内容=''
[20:59:46] [18.36s] [INFO] 🎯 [DEBUG] mobile_type開始: clear_first=False, text='【ペルセウスプロテオミクス(4882)】-15.05% 決算失望と導出進展不透明で急落

★今週の総...'
[20:59:46] [18.37s] [INFO] モバイル風待機: 0.41秒
[20:59:46] [18.78s] [INFO] 📝 JavaScript直接入力開始: '【ペルセウスプロテオミクス(4882)】-15.05% 決算失望と導出進展不透明で急落

★今週の総...'
[20:59:46] [18.82s] [INFO] 🔧 [DEBUG] モバイルJS設定結果 - before: '', after: '【ペルセウスプロテオミクス(4882)】-15.05% 決算失望と導出進展不透明で急落

★今週の総...'
[20:59:46] [18.82s] [INFO] ✅ JavaScript直接入力完了: '【ペルセウスプロテオミクス(4882)】-15.05% 決算失望と導出進展不透明で急落

★今週の総...'
[20:59:46] [18.82s] [INFO] モバイル風待機: 0.62秒
[20:59:47] [19.45s] [INFO] 🎯 [DEBUG] モバイル最終結果: '【ペルセウスプロテオミクス(4882)】-15.05% 決算失望と導出進展不透明で急落

★今週の総...'
[20:59:47] [19.45s] [INFO] 📝 テキスト入力完了後の状態チェック
[20:59:47] [19.46s] [INFO] 📝 [TEXT_CHECK] テキスト入力完了後: テキスト長=516, 内容='【ペルセウスプロテオミクス(4882)】-15.05% 決算失望と導出進展不透明で急落

★今週の総...'
[20:59:47] [19.46s] [INFO] ✅ モバイルテキスト入力完了: 【ペルセウスプロテオミクス(4882)】-15.05% 決算失望と導出進展不透明で急落

★今週の総...
[20:59:47] [19.46s] [INFO] 🚫 実投稿モード: 投稿直前で停止（投稿処理はコメントアウト中）
[20:59:47] [19.46s] [INFO] ✅ モバイルテキスト入力完了
[20:59:47] [19.46s] [INFO] 🧹 モバイルブラウザ クリーンアップ開始
[20:59:47] [20.14s] [INFO] ✅ モバイルコンテキストクローズ完了
[20:59:48] [20.16s] [INFO] ✅ Playwrightストップ完了

=== モバイルTwitterデバッグログ終了 ===
終了時刻: 2025-08-17 20:59:48
総実行時間: 20.16秒
============================================================
[20:59:48] [20.16s] [INFO] 📋 詳細デバッグログ保存完了: /Users/takahashimika/Dropbox/web_kabu_ai/python/twitter_auto_post/debug_logs/mobile_twitter_debug_20250817_205927.log
