=== モバイルTwitterデバッグログ開始 ===
開始時刻: 2025-09-06 12:30:57
ログファイル: /Users/takahashimika/Dropbox/web_kabu_ai/python/twitter_auto_post/debug_logs/mobile_twitter_debug_20250906_123057.log
============================================================

[12:30:57] [0.00s] [INFO] モバイルプロファイルディレクトリ: /Users/takahashimika/Dropbox/web_kabu_ai/twitter_mobile_profile
[12:30:57] [0.00s] [INFO] 📱 モバイルブラウザ起動開始
[12:30:57] [0.99s] [INFO] ✅ Playwright インスタンス作成完了
[12:30:57] [0.99s] [INFO] ✅ 既存モバイルプロファイル発見: /Users/takahashimika/Dropbox/web_kabu_ai/twitter_mobile_profile
[12:30:57] [0.99s] [INFO] モバイル引数設定完了: 26個
[12:30:57] [0.99s] [INFO] モバイルコンテキスト作成中...
[12:31:01] [4.08s] [INFO] ✅ モバイルコンテキスト作成完了
[12:31:01] [4.08s] [INFO] 既存モバイルページを使用
[12:31:01] [4.12s] [INFO] ✅ モバイル偽装スクリプト適用完了
[12:31:01] [4.12s] [INFO] 📱 モバイルブラウザ起動成功
[12:31:01] [4.12s] [INFO] 📱 モバイル版Twitterに移動開始
[12:31:01] [4.12s] [INFO] アクセス先: https://mobile.twitter.com
[12:31:03] [6.09s] [INFO] ✅ ページ移動完了
[12:31:03] [6.09s] [INFO] モバイル風待機: 0.89秒
[12:31:04] [7.01s] [INFO] 現在のURL: https://x.com/
[12:31:04] [7.01s] [INFO] ページタイトル: X
[12:31:04] [7.01s] [INFO] モバイルログイン状態チェック - URL: https://x.com/home
[12:31:04] [7.25s] [INFO] ✅ モバイルログイン要素発見: nav[role="navigation"]
[12:31:04] [7.32s] [INFO] ✅ モバイルログイン要素発見: [data-testid="primaryColumn"]
[12:31:04] [7.37s] [INFO] ✅ モバイルログイン要素発見: [aria-label*="ホーム"], [aria-label*="Home"]
[12:31:04] [7.37s] [INFO] ✅ モバイルログイン確認 (3個の要素)
[12:31:04] [7.37s] [INFO] 📱 モバイルツイート投稿開始 (テスト: False)
[12:31:04] [7.37s] [INFO] 投稿処理開始時のURL: https://x.com/home
[12:31:04] [7.42s] [INFO] ページ上のボタン要素数: 7
[12:31:04] [7.45s] [INFO] ボタン1: text='', aria-label='プロフィールメニュー meiteko', testid='DashButton_ProfileIcon_Link', href=''
[12:31:04] [7.48s] [INFO] ボタン2: text='', aria-label='前', testid='', href=''
[12:31:04] [7.51s] [INFO] ボタン3: text='', aria-label='次へ', testid='', href=''
[12:31:04] [7.54s] [INFO] ボタン4: text='', aria-label='前', testid='', href=''
[12:31:04] [7.57s] [INFO] ボタン5: text='', aria-label='次へ', testid='', href=''
[12:31:04] [7.60s] [INFO] ボタン6: text='', aria-label='ホームタイムラインに移動', testid='', href=''
[12:31:04] [7.62s] [INFO] ボタン7: text='', aria-label='トレンドに移動', testid='', href=''
[12:31:04] [7.63s] [INFO] モバイル投稿ボタン発見: [data-testid="FloatingActionButtons_Tweet_Button"]
[12:31:04] [7.64s] [INFO] モバイル風待機: 1.86秒
[12:31:07] [10.10s] [INFO] タップ成功
[12:31:07] [10.10s] [INFO] モバイル風待機: 2.81秒
[12:31:09] [12.92s] [INFO] モバイルテキストエリア発見: [data-testid="tweetTextarea_0"]
[12:31:09] [12.92s] [INFO] 📝 [SIMPLE_FLOW] 画像先・テキスト後の単純フロー
[12:31:09] [12.92s] [INFO] 📷 [SIMPLE_FLOW] 画像アップロード開始: 1枚
[12:31:09] [12.92s] [INFO] 画像1/1をアップロード中: /Users/takahashimika/Dropbox/web_kabu_ai/temp/base64_images/mobile_chart_2b4b423f-1c2c-4a51-a33b-1aa7662b1c8a.png
[12:31:09] [12.95s] [INFO] 📝 [TEXT_CHECK] プログラマティック画像アップロード前_1: テキスト長=0, 内容=''
[12:31:09] [12.95s] [INFO] 📷 ファイルダイアログ回避モードで画像アップロード開始
[12:31:09] [12.95s] [INFO] ✅ 画像ファイル読み込み完了: 1624372 bytes
[12:31:09] [12.96s] [INFO] 🚀 プログラマティック画像アップロード実行: mobile_chart_2b4b423f-1c2c-4a51-a33b-1aa7662b1c8a.png
[12:31:10] [13.14s] [INFO] ✅ プログラマティック画像アップロード成功: プログラマティック画像設定完了（ダイアログ回避）
[12:31:10] [13.14s] [INFO]   - Twitterターゲット発見: True
[12:31:10] [13.14s] [INFO]   - ファイル数: 0
[12:31:10] [13.14s] [INFO] モバイル風待機: 2.33秒
[12:31:12] [15.50s] [INFO] 📝 [TEXT_CHECK] プログラマティック画像アップロード後_1: テキスト長=0, 内容=''
[12:31:12] [15.54s] [INFO] ✅ 画像プレビュー確認: .r-1p0dtai img
[12:31:12] [15.54s] [INFO] ✅ 画像が正常にプログラマティックアップロードされました
[12:31:12] [15.54s] [INFO] 📷 プログラマティック画像アップロード処理完了: 1枚処理
[12:31:12] [15.54s] [INFO] モバイル風待機: 1.24秒
[12:31:13] [16.78s] [INFO] 📝 [SIMPLE_FLOW] テキスト入力（1回のみ）
[12:31:13] [16.78s] [INFO] 📝 [SIMPLE_TYPE] シンプルテキスト入力開始: 649文字
[12:31:13] [16.79s] [INFO] モバイル風待機: 0.42秒
[12:31:14] [17.22s] [INFO] ✅ [SIMPLE_TYPE] テキスト設定完了: 649文字
[12:31:14] [17.22s] [INFO] 🎯 [SIMPLE_FLOW] テキストエリアにフォーカス維持
[12:31:14] [17.23s] [INFO] モバイル風待機: 0.66秒
[12:31:14] [17.90s] [INFO] ✅ モバイルテキスト入力完了: 【データセクション(3905)】1.02%上昇、AIデータセンター稼働で収益計上開始へ期待感

★今...
[12:31:14] [17.90s] [INFO] 🚀 [強化版] 実投稿モード: 確実な投稿ボタン探索開始
[12:31:14] [17.90s] [INFO] 🎯 [強化版] 投稿ボタン探索 試行 1/3
[12:31:14] [17.93s] [INFO] 📍 [強化版] ボタン発見: [data-testid="tweetButton"]
[12:31:14] [17.93s] [INFO]    可視: True, 有効: True, 接続: True
[12:31:14] [17.93s] [INFO]    テキスト: 'ポストする'
[12:31:14] [17.93s] [INFO] ✅ [強化版] 有効な投稿ボタン確認: [data-testid="tweetButton"]
[12:31:14] [17.93s] [INFO] 🎯 [SIMPLE_FLOW] 投稿ボタンクリック試行 1: [data-testid="tweetButton"]
[12:31:14] [17.93s] [INFO] ⏳ 投稿ボタンクリック前に10秒待機中...
[12:31:24] [27.93s] [INFO] ✅ 10秒待機完了
[12:31:24] [27.93s] [INFO] 🎯 [SIMPLE_FLOW] フォーカス維持したままJSクリック
[12:31:24] [27.93s] [INFO] ❌ [SIMPLE_FLOW] クリック例外: Page.evaluate: Target page, context or browser has been closed
[12:31:24] [27.93s] [INFO] 🔄 [SIMPLE_FLOW] フォールバック: 通常のJSクリック
[12:31:24] [27.94s] [INFO] ❌ [SIMPLE_FLOW] フォールバッククリックエラー: ElementHandle.evaluate: Target page, context or browser has been closed
[12:31:24] [27.94s] [INFO] ⏳ [強化版] 次の試行まで待機...
[12:31:24] [27.94s] [INFO] モバイル風待機: 2.32秒
[12:31:27] [30.26s] [INFO] 🎯 [強化版] 投稿ボタン探索 試行 2/3
[12:31:27] [30.26s] [INFO] ⚠️ [強化版] セレクター [data-testid="tweetButtonInline"] 検証エラー: Page.query_selector: Target page, context or browser has been closed
[12:31:27] [30.26s] [INFO] ⚠️ [強化版] セレクター [data-testid="tweetButton"] 検証エラー: Page.query_selector: Target page, context or browser has been closed
[12:31:27] [30.27s] [INFO] ⚠️ [強化版] セレクター button[data-testid="tweetButtonInline"] 検証エラー: Page.query_selector: Target page, context or browser has been closed
[12:31:27] [30.27s] [INFO] ⚠️ [強化版] セレクター button[data-testid="tweetButton"] 検証エラー: Page.query_selector: Target page, context or browser has been closed
[12:31:27] [30.27s] [INFO] ⚠️ [強化版] セレクター [role="button"][data-testid="tweetButtonInline"] 検証エラー: Page.query_selector: Target page, context or browser has been closed
[12:31:27] [30.27s] [INFO] ⚠️ [強化版] セレクター [role="button"][data-testid="tweetButton"] 検証エラー: Page.query_selector: Target page, context or browser has been closed
[12:31:27] [30.27s] [INFO] ⚠️ [強化版] セレクター button:has-text("ツイートする") 検証エラー: Page.query_selector: Target page, context or browser has been closed
[12:31:27] [30.28s] [INFO] ⚠️ [強化版] セレクター button:has-text("Tweet") 検証エラー: Page.query_selector: Target page, context or browser has been closed
[12:31:27] [30.28s] [INFO] ⚠️ [強化版] セレクター button:has-text("Post") 検証エラー: Page.query_selector: Target page, context or browser has been closed
[12:31:27] [30.28s] [INFO] ⚠️ [強化版] セレクター button:has-text("ポスト") 検証エラー: Page.query_selector: Target page, context or browser has been closed
[12:31:27] [30.28s] [INFO] ⚠️ [強化版] セレクター [aria-label*="ツイート"] 検証エラー: Page.query_selector: Target page, context or browser has been closed
[12:31:27] [30.28s] [INFO] ⚠️ [強化版] セレクター [aria-label*="Tweet"] 検証エラー: Page.query_selector: Target page, context or browser has been closed
[12:31:27] [30.28s] [INFO] ⚠️ [強化版] セレクター [aria-label*="Post"] 検証エラー: Page.query_selector: Target page, context or browser has been closed
[12:31:27] [30.29s] [INFO] ⚠️ [強化版] セレクター [aria-label*="ポスト"] 検証エラー: Page.query_selector: Target page, context or browser has been closed
[12:31:27] [30.29s] [INFO] ⚠️ [強化版] セレクター [role="button"][aria-label*="ツイート"] 検証エラー: Page.query_selector: Target page, context or browser has been closed
[12:31:27] [30.29s] [INFO] ⚠️ [強化版] セレクター [role="button"][aria-label*="Tweet"] 検証エラー: Page.query_selector: Target page, context or browser has been closed
[12:31:27] [30.29s] [INFO] ⚠️ [強化版] セレクター [role="button"][aria-label*="Post"] 検証エラー: Page.query_selector: Target page, context or browser has been closed
[12:31:27] [30.29s] [INFO] ⚠️ [強化版] セレクター [role="button"][aria-label*="ポスト"] 検証エラー: Page.query_selector: Target page, context or browser has been closed
[12:31:27] [30.30s] [INFO] ⚠️ [強化版] セレクター button[type="submit"] 検証エラー: Page.query_selector: Target page, context or browser has been closed
[12:31:27] [30.30s] [INFO] ⚠️ [強化版] セレクター button[class*="tweet"] 検証エラー: Page.query_selector: Target page, context or browser has been closed
[12:31:27] [30.30s] [INFO] ⚠️ [強化版] セレクター button[class*="post"] 検証エラー: Page.query_selector: Target page, context or browser has been closed
[12:31:27] [30.30s] [INFO] ⚠️ [強化版] セレクター .css-18t94o4.css-1dbjc4n.r-l5o3uw button 検証エラー: Page.query_selector: Target page, context or browser has been closed
[12:31:27] [30.30s] [INFO] ⚠️ [強化版] セレクター .css-175oi2r.r-sdzlij button 検証エラー: Page.query_selector: Target page, context or browser has been closed
[12:31:27] [30.30s] [INFO] ⚠️ [強化版] セレクター *[data-testid="tweetButtonInline"]:not([disabled]) 検証エラー: Page.query_selector: Target page, context or browser has been closed
[12:31:27] [30.31s] [INFO] ⚠️ [強化版] セレクター *[data-testid="tweetButton"]:not([disabled]) 検証エラー: Page.query_selector: Target page, context or browser has been closed
[12:31:27] [30.31s] [INFO] ❌ [強化版] 試行 2: 投稿ボタンが見つかりません
[12:31:27] [30.31s] [INFO] ⏳ [強化版] 次の試行まで待機...
[12:31:27] [30.31s] [INFO] モバイル風待機: 1.65秒
[12:31:28] [31.95s] [INFO] 🎯 [強化版] 投稿ボタン探索 試行 3/3
[12:31:28] [31.96s] [INFO] ⚠️ [強化版] セレクター [data-testid="tweetButtonInline"] 検証エラー: Page.query_selector: Target page, context or browser has been closed
[12:31:28] [31.96s] [INFO] ⚠️ [強化版] セレクター [data-testid="tweetButton"] 検証エラー: Page.query_selector: Target page, context or browser has been closed
[12:31:28] [31.96s] [INFO] ⚠️ [強化版] セレクター button[data-testid="tweetButtonInline"] 検証エラー: Page.query_selector: Target page, context or browser has been closed
[12:31:28] [31.96s] [INFO] ⚠️ [強化版] セレクター button[data-testid="tweetButton"] 検証エラー: Page.query_selector: Target page, context or browser has been closed
[12:31:28] [31.97s] [INFO] ⚠️ [強化版] セレクター [role="button"][data-testid="tweetButtonInline"] 検証エラー: Page.query_selector: Target page, context or browser has been closed
[12:31:28] [31.97s] [INFO] ⚠️ [強化版] セレクター [role="button"][data-testid="tweetButton"] 検証エラー: Page.query_selector: Target page, context or browser has been closed
[12:31:28] [31.97s] [INFO] ⚠️ [強化版] セレクター button:has-text("ツイートする") 検証エラー: Page.query_selector: Target page, context or browser has been closed
[12:31:28] [31.98s] [INFO] ⚠️ [強化版] セレクター button:has-text("Tweet") 検証エラー: Page.query_selector: Target page, context or browser has been closed
[12:31:28] [31.98s] [INFO] ⚠️ [強化版] セレクター button:has-text("Post") 検証エラー: Page.query_selector: Target page, context or browser has been closed
[12:31:28] [31.98s] [INFO] ⚠️ [強化版] セレクター button:has-text("ポスト") 検証エラー: Page.query_selector: Target page, context or browser has been closed
[12:31:28] [31.98s] [INFO] ⚠️ [強化版] セレクター [aria-label*="ツイート"] 検証エラー: Page.query_selector: Target page, context or browser has been closed
[12:31:28] [31.98s] [INFO] ⚠️ [強化版] セレクター [aria-label*="Tweet"] 検証エラー: Page.query_selector: Target page, context or browser has been closed
[12:31:28] [31.99s] [INFO] ⚠️ [強化版] セレクター [aria-label*="Post"] 検証エラー: Page.query_selector: Target page, context or browser has been closed
[12:31:28] [31.99s] [INFO] ⚠️ [強化版] セレクター [aria-label*="ポスト"] 検証エラー: Page.query_selector: Target page, context or browser has been closed
[12:31:28] [31.99s] [INFO] ⚠️ [強化版] セレクター [role="button"][aria-label*="ツイート"] 検証エラー: Page.query_selector: Target page, context or browser has been closed
[12:31:28] [31.99s] [INFO] ⚠️ [強化版] セレクター [role="button"][aria-label*="Tweet"] 検証エラー: Page.query_selector: Target page, context or browser has been closed
[12:31:29] [31.99s] [INFO] ⚠️ [強化版] セレクター [role="button"][aria-label*="Post"] 検証エラー: Page.query_selector: Target page, context or browser has been closed
[12:31:29] [31.99s] [INFO] ⚠️ [強化版] セレクター [role="button"][aria-label*="ポスト"] 検証エラー: Page.query_selector: Target page, context or browser has been closed
[12:31:29] [32.00s] [INFO] ⚠️ [強化版] セレクター button[type="submit"] 検証エラー: Page.query_selector: Target page, context or browser has been closed
[12:31:29] [32.00s] [INFO] ⚠️ [強化版] セレクター button[class*="tweet"] 検証エラー: Page.query_selector: Target page, context or browser has been closed
[12:31:29] [32.00s] [INFO] ⚠️ [強化版] セレクター button[class*="post"] 検証エラー: Page.query_selector: Target page, context or browser has been closed
[12:31:29] [32.00s] [INFO] ⚠️ [強化版] セレクター .css-18t94o4.css-1dbjc4n.r-l5o3uw button 検証エラー: Page.query_selector: Target page, context or browser has been closed
[12:31:29] [32.00s] [INFO] ⚠️ [強化版] セレクター .css-175oi2r.r-sdzlij button 検証エラー: Page.query_selector: Target page, context or browser has been closed
[12:31:29] [32.01s] [INFO] ⚠️ [強化版] セレクター *[data-testid="tweetButtonInline"]:not([disabled]) 検証エラー: Page.query_selector: Target page, context or browser has been closed
[12:31:29] [32.01s] [INFO] ⚠️ [強化版] セレクター *[data-testid="tweetButton"]:not([disabled]) 検証エラー: Page.query_selector: Target page, context or browser has been closed
[12:31:29] [32.01s] [INFO] ❌ [強化版] 試行 3: 投稿ボタンが見つかりません
[12:31:29] [32.01s] [INFO] 🔍 [強化版] 投稿ボタン発見失敗 - 詳細調査開始
[12:31:29] [32.01s] [INFO] 🔍 [強化版] 詳細調査エラー: Page.query_selector_all: Target page, context or browser has been closed
[12:31:29] [32.01s] [INFO] ❌ [強化版] 全ての試行が失敗しました
[12:31:29] [32.01s] [INFO] 🧹 モバイルブラウザ クリーンアップ開始
[12:31:29] [32.68s] [INFO] ✅ モバイルコンテキストクローズ完了
[12:31:29] [32.70s] [INFO] ✅ Playwrightストップ完了

=== モバイルTwitterデバッグログ終了 ===
終了時刻: 2025-09-06 12:31:29
総実行時間: 32.70秒
============================================================
[12:31:29] [32.70s] [INFO] 📋 詳細デバッグログ保存完了: /Users/takahashimika/Dropbox/web_kabu_ai/python/twitter_auto_post/debug_logs/mobile_twitter_debug_20250906_123057.log
