=== モバイルTwitterデバッグログ開始 ===
開始時刻: 2025-08-18 10:18:32
ログファイル: /Users/takahashimika/Dropbox/web_kabu_ai/python/twitter_auto_post/debug_logs/mobile_twitter_debug_20250818_101832.log
============================================================

[10:18:32] [0.00s] [INFO] モバイルプロファイルディレクトリ: /Users/takahashimika/Dropbox/web_kabu_ai/twitter_mobile_profile
[10:18:32] [0.00s] [INFO] 📱 モバイルブラウザ起動開始
[10:18:34] [1.47s] [INFO] ✅ Playwright インスタンス作成完了
[10:18:34] [1.48s] [INFO] ✅ 既存モバイルプロファイル発見: /Users/takahashimika/Dropbox/web_kabu_ai/twitter_mobile_profile
[10:18:34] [1.48s] [INFO] モバイル引数設定完了: 26個
[10:18:34] [1.48s] [INFO] モバイルコンテキスト作成中...
[10:18:37] [5.11s] [INFO] ✅ モバイルコンテキスト作成完了
[10:18:37] [5.11s] [INFO] 既存モバイルページを使用
[10:18:37] [5.15s] [INFO] ✅ モバイル偽装スクリプト適用完了
[10:18:37] [5.15s] [INFO] 📱 モバイルブラウザ起動成功
[10:18:37] [5.15s] [INFO] 📱 モバイル版Twitterに移動開始
[10:18:37] [5.15s] [INFO] アクセス先: https://mobile.twitter.com
[10:18:40] [7.98s] [INFO] ✅ ページ移動完了
[10:18:40] [7.98s] [INFO] モバイル風待機: 2.25秒
[10:18:42] [10.25s] [INFO] 現在のURL: https://x.com/
[10:18:42] [10.25s] [INFO] ページタイトル: ホーム / X
[10:18:42] [10.25s] [INFO] モバイルログイン状態チェック - URL: https://x.com/home
[10:18:43] [10.31s] [INFO] ✅ モバイルログイン要素発見: nav[role="navigation"]
[10:18:43] [10.32s] [INFO] ✅ モバイルログイン要素発見: [data-testid="primaryColumn"]
[10:18:43] [10.34s] [INFO] ✅ モバイルログイン要素発見: [aria-label*="ホーム"], [aria-label*="Home"]
[10:18:43] [10.34s] [INFO] ✅ モバイルログイン確認 (3個の要素)
[10:18:43] [10.34s] [INFO] 📱 モバイルツイート投稿開始 (テスト: False, 手動モード: True)
[10:18:43] [10.34s] [INFO] 投稿処理開始時のURL: https://x.com/home
[10:18:43] [10.36s] [INFO] ページ上のボタン要素数: 8
[10:18:43] [10.38s] [INFO] ボタン1: text='', aria-label='プロフィールメニュー めいめい＠株わかりやすくまとめ・解説', testid='DashButton_ProfileIcon_Link', href=''
[10:18:43] [10.41s] [INFO] ボタン2: text='', aria-label='前', testid='', href=''
[10:18:43] [10.44s] [INFO] ボタン3: text='', aria-label='次へ', testid='', href=''
[10:18:43] [10.57s] [INFO] ボタン4: text='', aria-label='前', testid='', href=''
[10:18:43] [10.60s] [INFO] ボタン5: text='', aria-label='次へ', testid='', href=''
[10:18:43] [10.62s] [INFO] ボタン6: text='新しいポストを表示', aria-label='新しいポストがあります。新しいポストに移動するには、ピリオド', testid='', href=''
[10:18:43] [10.65s] [INFO] ボタン7: text='', aria-label='ホームタイムラインに移動', testid='', href=''
[10:18:43] [11.09s] [INFO] ボタン8: text='', aria-label='トレンドに移動', testid='', href=''
[10:18:43] [11.14s] [INFO] モバイル投稿ボタン発見: [data-testid="FloatingActionButtons_Tweet_Button"]
[10:18:43] [11.14s] [INFO] モバイル風待機: 1.97秒
[10:18:46] [13.36s] [INFO] タップ成功
[10:18:46] [13.36s] [INFO] モバイル風待機: 2.72秒
[10:18:48] [16.10s] [INFO] モバイルテキストエリア発見: [data-testid="tweetTextarea_0"]
[10:18:48] [16.10s] [INFO] 📝 [SIMPLE_FLOW] 画像先・テキスト後の単純フロー
[10:18:48] [16.10s] [INFO] 📷 [SIMPLE_FLOW] 画像アップロード開始: 1枚
[10:18:48] [16.10s] [INFO] 画像1/1をアップロード中: /Users/takahashimika/Dropbox/web_kabu_ai/temp/base64_images/mobile_chart_0da1e95e-f0c9-43a8-b231-ab2e14baf8b1.png
[10:18:48] [16.13s] [INFO] 📝 [TEXT_CHECK] プログラマティック画像アップロード前_1: テキスト長=0, 内容=''
[10:18:48] [16.13s] [INFO] 📷 ファイルダイアログ回避モードで画像アップロード開始
[10:18:48] [16.14s] [INFO] ✅ 画像ファイル読み込み完了: 1433032 bytes
[10:18:48] [16.14s] [INFO] 🚀 プログラマティック画像アップロード実行: mobile_chart_0da1e95e-f0c9-43a8-b231-ab2e14baf8b1.png
[10:18:49] [16.33s] [INFO] ✅ プログラマティック画像アップロード成功: プログラマティック画像設定完了（ダイアログ回避）
[10:18:49] [16.33s] [INFO]   - Twitterターゲット発見: True
[10:18:49] [16.33s] [INFO]   - ファイル数: 0
[10:18:49] [16.33s] [INFO] モバイル風待機: 2.86秒
[10:18:51] [19.23s] [INFO] 📝 [TEXT_CHECK] プログラマティック画像アップロード後_1: テキスト長=0, 内容=''
[10:18:51] [19.27s] [INFO] ✅ 画像プレビュー確認: .r-1p0dtai img
[10:18:51] [19.27s] [INFO] ✅ 画像が正常にプログラマティックアップロードされました
[10:18:51] [19.27s] [INFO] 📷 プログラマティック画像アップロード処理完了: 1枚処理
[10:18:51] [19.27s] [INFO] モバイル風待機: 1.39秒
[10:18:53] [20.66s] [INFO] 📝 [SIMPLE_FLOW] テキスト入力（1回のみ）
[10:18:53] [20.66s] [INFO] 📝 [SIMPLE_TYPE] シンプルテキスト入力開始: 654文字
[10:18:53] [20.66s] [INFO] 🔧 [SIMPLE_TYPE] 手動モード: True
[10:18:53] [20.67s] [INFO] モバイル風待機: 0.39秒
[10:18:53] [21.07s] [INFO] ✅ [SIMPLE_TYPE] テキスト設定完了: 654文字
[10:18:53] [21.07s] [INFO] 🎯 [SIMPLE_FLOW] テキストエリアにフォーカス維持
[10:18:53] [21.09s] [INFO] モバイル風待機: 0.51秒
[10:18:54] [21.60s] [INFO] ✅ モバイルテキスト入力完了: 【ＫＯＺＯホールディングス(9973)】-3.70% 今週は赤字決算受けた利益確定売りが続く、底値圏...
[10:18:54] [21.60s] [INFO] 🚀 [強化版] 実投稿モード: 確実な投稿ボタン探索開始
[10:18:54] [21.60s] [INFO] 🎯 [強化版] 投稿ボタン探索 試行 1/3
[10:18:54] [21.63s] [INFO] 📍 [強化版] ボタン発見: [data-testid="tweetButton"]
[10:18:54] [21.63s] [INFO]    可視: True, 有効: True, 接続: True
[10:18:54] [21.63s] [INFO]    テキスト: 'ポストする'
[10:18:54] [21.63s] [INFO] ✅ [強化版] 有効な投稿ボタン確認: [data-testid="tweetButton"]
[10:18:54] [21.63s] [INFO] 🎯 [SIMPLE_FLOW] 投稿ボタンクリック試行 1: [data-testid="tweetButton"]
[10:18:54] [21.63s] [INFO] 🎯 [SIMPLE_FLOW] フォーカス維持したままJSクリック
[10:18:54] [21.71s] [INFO] ✅ [SIMPLE_FLOW] JSクリック成功（フォーカス維持）
[10:18:54] [21.71s] [INFO] 🎉 [強化版] [ポストボタン確実クリック済み] 投稿処理成功
[10:18:54] [21.71s] [INFO] モバイル風待機: 4.41秒
[10:18:58] [26.12s] [INFO] 🔍 [POST-VALIDATION] 投稿完了後の最終確認開始
[10:18:58] [26.13s] [INFO] 📍 [POST-VALIDATION] 投稿後URL: https://x.com/compose/post
[10:18:58] [26.13s] [INFO] ✅ [POST-VALIDATION] ホーム画面への遷移確認
[10:18:58] [26.28s] [INFO] 📢 [POST-VALIDATION] 成功インジケーター発見: ポストが送信されました。編集できる時間は1時間以内です。
表示
[10:18:58] [26.28s] [INFO] ============================================================
[10:18:58] [26.28s] [INFO] 📊 [FINAL-SUMMARY] 投稿処理完了サマリー
[10:18:58] [26.28s] [INFO] ============================================================
[10:18:58] [26.28s] [INFO] 📝 投稿メッセージ長: 654文字
[10:18:58] [26.28s] [INFO] 📝 投稿メッセージ内容: 【ＫＯＺＯホールディングス(9973)】-3.70% 今週は赤字決算受けた利益確定売りが続く、底値圏での動意増加

★今週の総括  
今週の株価は25円台で推移し、前週末比で-3.70%の下落を記録。赤字決算の発表を受けて短期的な利益確定売りが優勢となった。出来高増加により売買活発化の兆しも見られ、投資家の関心は依然高い。

財務健全性改善は評価されているものの、黒字転換の具体的ロードマップが示さ...
[10:18:58] [26.28s] [INFO] 📷 画像アップロード: あり
[10:18:58] [26.28s] [INFO] 🌐 最終URL: https://x.com/compose/post
[10:18:58] [26.28s] [INFO] ⏰ 投稿完了時刻: 2025-08-18 10:18:58
[10:18:58] [26.28s] [INFO] ============================================================
[10:18:58] [26.28s] [INFO] ✅ === モバイル版投稿完了成功！ ===
[10:18:58] [26.28s] [INFO] 🧹 モバイルブラウザ クリーンアップ開始
[10:18:59] [27.14s] [INFO] ✅ モバイルコンテキストクローズ完了
[10:18:59] [27.18s] [INFO] ✅ Playwrightストップ完了

=== モバイルTwitterデバッグログ終了 ===
終了時刻: 2025-08-18 10:18:59
総実行時間: 27.19秒
============================================================
[10:18:59] [27.19s] [INFO] 📋 詳細デバッグログ保存完了: /Users/takahashimika/Dropbox/web_kabu_ai/python/twitter_auto_post/debug_logs/mobile_twitter_debug_20250818_101832.log
