=== モバイルTwitterデバッグログ開始 ===
開始時刻: 2025-09-06 11:58:25
ログファイル: /Users/takahashimika/Dropbox/web_kabu_ai/python/twitter_auto_post/debug_logs/mobile_twitter_debug_20250906_115825.log
============================================================

[11:58:25] [0.00s] [INFO] モバイルプロファイルディレクトリ: /Users/takahashimika/Dropbox/web_kabu_ai/twitter_mobile_profile
[11:58:25] [0.00s] [INFO] 📱 モバイルブラウザ起動開始
[11:58:26] [0.84s] [INFO] ✅ Playwright インスタンス作成完了
[11:58:26] [0.84s] [INFO] ✅ 既存モバイルプロファイル発見: /Users/takahashimika/Dropbox/web_kabu_ai/twitter_mobile_profile
[11:58:26] [0.84s] [INFO] モバイル引数設定完了: 26個
[11:58:26] [0.84s] [INFO] モバイルコンテキスト作成中...
[11:58:28] [3.02s] [INFO] ✅ モバイルコンテキスト作成完了
[11:58:28] [3.02s] [INFO] 既存モバイルページを使用
[11:58:28] [3.04s] [INFO] ✅ モバイル偽装スクリプト適用完了
[11:58:28] [3.04s] [INFO] 📱 モバイルブラウザ起動成功
[11:58:28] [3.04s] [INFO] 📱 モバイル版Twitterに移動開始
[11:58:28] [3.05s] [INFO] アクセス先: https://mobile.twitter.com
[11:58:30] [5.02s] [INFO] ✅ ページ移動完了
[11:58:30] [5.03s] [INFO] モバイル風待機: 1.23秒
[11:58:31] [6.32s] [INFO] 現在のURL: https://x.com/
[11:58:31] [6.32s] [INFO] ページタイトル: ホーム / X
[11:58:31] [6.32s] [INFO] モバイルログイン状態チェック - URL: https://x.com/home
[11:58:31] [6.51s] [INFO] ✅ モバイルログイン要素発見: nav[role="navigation"]
[11:58:31] [6.71s] [INFO] ✅ モバイルログイン要素発見: [data-testid="primaryColumn"]
[11:58:32] [6.85s] [INFO] ✅ モバイルログイン要素発見: [aria-label*="ホーム"], [aria-label*="Home"]
[11:58:32] [6.85s] [INFO] ✅ モバイルログイン確認 (3個の要素)
[11:58:32] [6.85s] [INFO] 📱 モバイルツイート投稿開始 (テスト: False)
[11:58:32] [6.85s] [INFO] 投稿処理開始時のURL: https://x.com/home
[11:58:32] [6.87s] [INFO] ページ上のボタン要素数: 8
[11:58:32] [6.90s] [INFO] ボタン1: text='', aria-label='プロフィールメニュー meiteko', testid='DashButton_ProfileIcon_Link', href=''
[11:58:32] [6.94s] [INFO] ボタン2: text='', aria-label='前', testid='', href=''
[11:58:33] [8.08s] [INFO] ボタン3: text='', aria-label='次へ', testid='', href=''
[11:58:33] [8.11s] [INFO] ボタン4: text='', aria-label='前', testid='', href=''
[11:58:33] [8.14s] [INFO] ボタン5: text='', aria-label='次へ', testid='', href=''
[11:58:33] [8.17s] [INFO] ボタン6: text='新しいポストを表示', aria-label='新しいポストがあります。新しいポストに移動するには、ピリオド', testid='', href=''
[11:58:33] [8.20s] [INFO] ボタン7: text='', aria-label='ホームタイムラインに移動', testid='', href=''
[11:58:33] [8.24s] [INFO] ボタン8: text='', aria-label='トレンドに移動', testid='', href=''
[11:58:33] [8.26s] [INFO] モバイル投稿ボタン発見: [data-testid="FloatingActionButtons_Tweet_Button"]
[11:58:33] [8.26s] [INFO] モバイル風待機: 2.26秒
[11:58:35] [10.72s] [INFO] タップ成功
[11:58:35] [10.72s] [INFO] モバイル風待機: 2.50秒
[11:58:38] [13.25s] [INFO] モバイルテキストエリア発見: [data-testid="tweetTextarea_0"]
[11:58:38] [13.25s] [INFO] 📝 [SIMPLE_FLOW] 画像先・テキスト後の単純フロー
[11:58:38] [13.25s] [INFO] 📷 [SIMPLE_FLOW] 画像アップロード開始: 1枚
[11:58:38] [13.25s] [INFO] 画像1/1をアップロード中: /Users/takahashimika/Dropbox/web_kabu_ai/temp/base64_images/mobile_chart_4aee89ad-f06d-438f-a833-56fa1fcf6b53.png
[11:58:38] [13.29s] [INFO] 📝 [TEXT_CHECK] プログラマティック画像アップロード前_1: テキスト長=0, 内容=''
[11:58:38] [13.29s] [INFO] 📷 ファイルダイアログ回避モードで画像アップロード開始
[11:58:38] [13.29s] [INFO] ✅ 画像ファイル読み込み完了: 1496004 bytes
[11:58:38] [13.30s] [INFO] 🚀 プログラマティック画像アップロード実行: mobile_chart_4aee89ad-f06d-438f-a833-56fa1fcf6b53.png
[11:58:38] [13.53s] [INFO] ✅ プログラマティック画像アップロード成功: プログラマティック画像設定完了（ダイアログ回避）
[11:58:38] [13.53s] [INFO]   - Twitterターゲット発見: True
[11:58:38] [13.53s] [INFO]   - ファイル数: 0
[11:58:38] [13.53s] [INFO] モバイル風待機: 2.30秒
[11:58:41] [15.87s] [INFO] 📝 [TEXT_CHECK] プログラマティック画像アップロード後_1: テキスト長=0, 内容=''
[11:58:41] [15.89s] [INFO] ✅ 画像プレビュー確認: .r-1p0dtai img
[11:58:41] [15.89s] [INFO] ✅ 画像が正常にプログラマティックアップロードされました
[11:58:41] [15.89s] [INFO] 📷 プログラマティック画像アップロード処理完了: 1枚処理
[11:58:41] [15.89s] [INFO] モバイル風待機: 1.16秒
[11:58:42] [17.06s] [INFO] 📝 [SIMPLE_FLOW] テキスト入力（1回のみ）
[11:58:42] [17.06s] [INFO] 📝 [SIMPLE_TYPE] シンプルテキスト入力開始: 823文字
[11:58:42] [17.15s] [INFO] モバイル風待機: 0.41秒
[11:58:42] [17.57s] [INFO] ✅ [SIMPLE_TYPE] テキスト設定完了: 823文字
[11:58:42] [17.57s] [INFO] 🎯 [SIMPLE_FLOW] テキストエリアにフォーカス維持
[11:58:42] [17.59s] [INFO] モバイル風待機: 0.66秒
[11:58:43] [18.24s] [INFO] ✅ モバイルテキスト入力完了: 【トヨタ自動車(7203)】1.98%

米国関税15%決定で株価反発も利益圧迫懸念残る  

★今...
[11:58:43] [18.25s] [INFO] 🚀 [強化版] 実投稿モード: 確実な投稿ボタン探索開始
[11:58:43] [18.25s] [INFO] 🎯 [強化版] 投稿ボタン探索 試行 1/3
[11:58:43] [18.31s] [INFO] 📍 [強化版] ボタン発見: [data-testid="tweetButton"]
[11:58:43] [18.32s] [INFO]    可視: True, 有効: False, 接続: True
[11:58:43] [18.32s] [INFO]    テキスト: 'ポストする'
[11:58:43] [18.35s] [INFO] 📍 [強化版] ボタン発見: button[data-testid="tweetButton"]
[11:58:43] [18.35s] [INFO]    可視: True, 有効: False, 接続: True
[11:58:43] [18.35s] [INFO]    テキスト: 'ポストする'
[11:58:43] [18.38s] [INFO] 📍 [強化版] ボタン発見: [role="button"][data-testid="tweetButton"]
[11:58:43] [18.38s] [INFO]    可視: True, 有効: False, 接続: True
[11:58:43] [18.38s] [INFO]    テキスト: 'ポストする'
[11:58:43] [18.42s] [INFO] 📍 [強化版] ボタン発見: button:has-text("ポスト")
[11:58:43] [18.42s] [INFO]    可視: True, 有効: False, 接続: True
[11:58:43] [18.42s] [INFO]    テキスト: 'ポストする'
[11:58:43] [18.46s] [INFO] 📍 [強化版] ボタン発見: [aria-label*="ポスト"]
[11:58:43] [18.46s] [INFO]    可視: True, 有効: False, 接続: True
[11:58:43] [18.46s] [INFO]    テキスト: ''
[11:58:43] [18.51s] [INFO] ❌ [強化版] 試行 1: 投稿ボタンが見つかりません
[11:58:43] [18.51s] [INFO] ⏳ [強化版] 次の試行まで待機...
[11:58:43] [18.51s] [INFO] モバイル風待機: 2.45秒
[11:58:46] [20.96s] [INFO] 🎯 [強化版] 投稿ボタン探索 試行 2/3
[11:58:46] [21.03s] [INFO] 📍 [強化版] ボタン発見: button:has-text("ポスト")
[11:58:46] [21.03s] [INFO]    可視: True, 有効: True, 接続: True
[11:58:46] [21.03s] [INFO]    テキスト: '新しいポストを表示'
[11:58:46] [21.03s] [INFO] ✅ [強化版] 有効な投稿ボタン確認: button:has-text("ポスト")
[11:58:46] [21.03s] [INFO] 🎯 [SIMPLE_FLOW] 投稿ボタンクリック試行 2: button:has-text("ポスト")
[11:58:46] [21.03s] [INFO] 🎯 [SIMPLE_FLOW] フォーカス維持したままJSクリック
[11:58:46] [21.04s] [INFO] ✅ [SIMPLE_FLOW] JSクリック成功（フォーカス維持）
[11:58:46] [21.04s] [INFO] 🎉 [強化版] [ポストボタン確実クリック済み] 投稿処理成功
[11:58:46] [21.04s] [INFO] モバイル風待機: 3.60秒
[11:58:49] [24.65s] [INFO] 🔍 [POST-VALIDATION] 投稿完了後の最終確認開始
[11:58:49] [24.65s] [INFO] 📍 [POST-VALIDATION] 投稿後URL: https://x.com/home
[11:58:49] [24.65s] [INFO] ✅ [POST-VALIDATION] ホーム画面への遷移確認
[11:58:49] [24.66s] [INFO] 📢 [POST-VALIDATION] 成功インジケーター発見: ポストを送信しました。
表示
[11:58:49] [24.66s] [INFO] ============================================================
[11:58:49] [24.66s] [INFO] 📊 [FINAL-SUMMARY] 投稿処理完了サマリー
[11:58:49] [24.66s] [INFO] ============================================================
[11:58:49] [24.66s] [INFO] 📝 投稿メッセージ長: 823文字
[11:58:49] [24.66s] [INFO] 📝 投稿メッセージ内容: 【トヨタ自動車(7203)】1.98%

米国関税15%決定で株価反発も利益圧迫懸念残る  

★今日の流れと解説  
トヨタ株は米国の自動車関税が27.5%から15%に引き下げられる大統領令署名を受け、前日比1.98%上昇した。

関税引き下げは輸出コストの軽減であり好材料だが、依然として15%の関税が利益に影響し短期的な評価は慎重。日中は3000円台回復を目指す動きが見られたが利益確定売りに押...
[11:58:49] [24.66s] [INFO] 📷 画像アップロード: あり
[11:58:49] [24.66s] [INFO] 🌐 最終URL: https://x.com/home
[11:58:49] [24.66s] [INFO] ⏰ 投稿完了時刻: 2025-09-06 11:58:49
[11:58:49] [24.66s] [INFO] ============================================================
[11:58:49] [24.66s] [INFO] ✅ === モバイル版投稿完了成功！ ===
[11:58:49] [24.66s] [INFO] 🧹 モバイルブラウザ クリーンアップ開始
[11:58:50] [25.18s] [INFO] ✅ モバイルコンテキストクローズ完了
[11:58:50] [25.19s] [INFO] ✅ Playwrightストップ完了

=== モバイルTwitterデバッグログ終了 ===
終了時刻: 2025-09-06 11:58:50
総実行時間: 25.19秒
============================================================
[11:58:50] [25.19s] [INFO] 📋 詳細デバッグログ保存完了: /Users/takahashimika/Dropbox/web_kabu_ai/python/twitter_auto_post/debug_logs/mobile_twitter_debug_20250906_115825.log
