=== モバイルTwitterデバッグログ開始 ===
開始時刻: 2025-08-17 23:34:59
ログファイル: /Users/takahashimika/Dropbox/web_kabu_ai/python/twitter_auto_post/debug_logs/mobile_twitter_debug_20250817_233459.log
============================================================

[23:34:59] [0.00s] [INFO] モバイルプロファイルディレクトリ: /Users/takahashimika/Dropbox/web_kabu_ai/twitter_mobile_profile
[23:34:59] [0.00s] [INFO] 📱 モバイルブラウザ起動開始
[23:34:59] [0.76s] [INFO] ✅ Playwright インスタンス作成完了
[23:34:59] [0.76s] [INFO] ✅ 既存モバイルプロファイル発見: /Users/takahashimika/Dropbox/web_kabu_ai/twitter_mobile_profile
[23:34:59] [0.76s] [INFO] モバイル引数設定完了: 26個
[23:34:59] [0.76s] [INFO] モバイルコンテキスト作成中...
[23:35:02] [2.97s] [INFO] ✅ モバイルコンテキスト作成完了
[23:35:02] [2.97s] [INFO] 既存モバイルページを使用
[23:35:02] [2.99s] [INFO] ✅ モバイル偽装スクリプト適用完了
[23:35:02] [2.99s] [INFO] 📱 モバイルブラウザ起動成功
[23:35:02] [2.99s] [INFO] 📱 モバイル版Twitterに移動開始
[23:35:02] [3.00s] [INFO] アクセス先: https://mobile.twitter.com
[23:35:03] [4.85s] [INFO] ✅ ページ移動完了
[23:35:03] [4.85s] [INFO] モバイル風待機: 1.20秒
[23:35:05] [6.09s] [INFO] 現在のURL: https://x.com/
[23:35:05] [6.09s] [INFO] ページタイトル: ホーム / X
[23:35:05] [6.10s] [INFO] モバイルログイン状態チェック - URL: https://x.com/home
[23:35:05] [6.25s] [INFO] ✅ モバイルログイン要素発見: nav[role="navigation"]
[23:35:05] [6.31s] [INFO] ✅ モバイルログイン要素発見: [data-testid="primaryColumn"]
[23:35:05] [6.33s] [INFO] ✅ モバイルログイン要素発見: [aria-label*="ホーム"], [aria-label*="Home"]
[23:35:05] [6.33s] [INFO] ✅ モバイルログイン確認 (3個の要素)
[23:35:05] [6.33s] [INFO] 📱 モバイルツイート投稿開始 (テスト: True)
[23:35:05] [6.33s] [INFO] 投稿処理開始時のURL: https://x.com/home
[23:35:05] [6.35s] [INFO] ページ上のボタン要素数: 8
[23:35:05] [6.38s] [INFO] ボタン1: text='', aria-label='プロフィールメニュー めいめい＠株わかりやすくまとめ・解説', testid='DashButton_ProfileIcon_Link', href=''
[23:35:05] [6.40s] [INFO] ボタン2: text='', aria-label='前', testid='', href=''
[23:35:05] [6.42s] [INFO] ボタン3: text='', aria-label='次へ', testid='', href=''
[23:35:05] [6.44s] [INFO] ボタン4: text='', aria-label='前', testid='', href=''
[23:35:05] [6.46s] [INFO] ボタン5: text='', aria-label='次へ', testid='', href=''
[23:35:05] [6.48s] [INFO] ボタン6: text='新しいポストを表示', aria-label='新しいポストがあります。新しいポストに移動するには、ピリオド', testid='', href=''
[23:35:05] [6.51s] [INFO] ボタン7: text='', aria-label='ホームタイムラインに移動', testid='', href=''
[23:35:05] [6.53s] [INFO] ボタン8: text='', aria-label='トレンドに移動', testid='', href=''
[23:35:05] [6.55s] [INFO] モバイル投稿ボタン発見: [data-testid="FloatingActionButtons_Tweet_Button"]
[23:35:05] [6.55s] [INFO] モバイル風待機: 2.13秒
[23:35:07] [8.80s] [INFO] タップ成功
[23:35:07] [8.80s] [INFO] モバイル風待機: 2.63秒
[23:35:10] [11.45s] [INFO] モバイルテキストエリア発見: [data-testid="tweetTextarea_0"]
[23:35:10] [11.45s] [INFO] 📷 画像アップロード開始: 1枚
[23:35:10] [11.47s] [INFO] 📝 [TEXT_CHECK] 画像アップロード前: テキスト長=0, 内容=''
[23:35:10] [11.47s] [INFO] 画像1/1をアップロード中: /Users/takahashimika/Dropbox/web_kabu_ai/temp/base64_images/mobile_chart_4d2e5f02-bf4d-4ce7-b98a-98215153b3e1.png
[23:35:10] [11.50s] [INFO] 📝 [TEXT_CHECK] プログラマティック画像アップロード前_1: テキスト長=0, 内容=''
[23:35:10] [11.50s] [INFO] 📷 ファイルダイアログ回避モードで画像アップロード開始
[23:35:10] [11.51s] [INFO] ✅ 画像ファイル読み込み完了: 1490708 bytes
[23:35:10] [11.51s] [INFO] 🚀 プログラマティック画像アップロード実行: mobile_chart_4d2e5f02-bf4d-4ce7-b98a-98215153b3e1.png
[23:35:10] [11.70s] [INFO] ✅ プログラマティック画像アップロード成功: プログラマティック画像設定完了（ダイアログ回避）
[23:35:10] [11.70s] [INFO]   - Twitterターゲット発見: True
[23:35:10] [11.70s] [INFO]   - ファイル数: 0
[23:35:10] [11.70s] [INFO] モバイル風待機: 2.01秒
[23:35:12] [13.74s] [INFO] 📝 [TEXT_CHECK] プログラマティック画像アップロード後_1: テキスト長=0, 内容=''
[23:35:12] [13.76s] [INFO] ✅ 画像プレビュー確認: .r-1p0dtai img
[23:35:12] [13.76s] [INFO] ✅ 画像が正常にプログラマティックアップロードされました
[23:35:12] [13.76s] [INFO] 📷 プログラマティック画像アップロード処理完了: 1枚処理
[23:35:12] [13.79s] [INFO] 📝 [TEXT_CHECK] 画像アップロード後: テキスト長=0, 内容=''
[23:35:12] [13.79s] [INFO] 📝 テキスト入力開始前の状態チェック
[23:35:12] [13.81s] [INFO] 📝 [TEXT_CHECK] テキスト入力開始前: テキスト長=0, 内容=''
[23:35:12] [13.81s] [INFO] 🎯 [DEBUG] mobile_type開始: clear_first=False, text='【大黒屋ホールディングス(6993)】-10.34% 今週の株価変動幅: 15.00円（58円→43...'
[23:35:12] [13.82s] [INFO] モバイル風待機: 0.48秒
[23:35:13] [14.30s] [INFO] 📝 JavaScript直接入力開始: '【大黒屋ホールディングス(6993)】-10.34% 今週の株価変動幅: 15.00円（58円→43...'
[23:35:13] [14.32s] [INFO] 🔧 [DEBUG] モバイルJS設定結果 - before: '', after: '【大黒屋ホールディングス(6993)】-10.34% 今週の株価変動幅: 15.00円（58円→43...'
[23:35:13] [14.33s] [INFO] ✅ JavaScript直接入力完了: '【大黒屋ホールディングス(6993)】-10.34% 今週の株価変動幅: 15.00円（58円→43...'
[23:35:13] [14.33s] [INFO] モバイル風待機: 0.45秒
[23:35:13] [14.78s] [INFO] 🎯 [DEBUG] モバイル最終結果: ''
[23:35:13] [14.78s] [INFO] 📝 テキスト入力完了後の状態チェック
[23:35:13] [14.81s] [INFO] 📝 [TEXT_CHECK] テキスト入力完了後: テキスト長=0, 内容=''
[23:35:13] [14.81s] [INFO] ✅ モバイルテキスト入力完了: 【大黒屋ホールディングス(6993)】-10.34% 今週の株価変動幅: 15.00円（58円→43...
[23:35:13] [14.81s] [INFO] 🚫 実投稿モード: 投稿直前で停止（投稿処理はコメントアウト中）
[23:35:13] [14.81s] [INFO] ✅ モバイルテキスト入力完了
[23:35:13] [14.81s] [INFO] 🧹 モバイルブラウザ クリーンアップ開始
[23:35:14] [15.27s] [INFO] ✅ モバイルコンテキストクローズ完了
[23:35:14] [15.29s] [INFO] ✅ Playwrightストップ完了

=== モバイルTwitterデバッグログ終了 ===
終了時刻: 2025-08-17 23:35:14
総実行時間: 15.29秒
============================================================
[23:35:14] [15.29s] [INFO] 📋 詳細デバッグログ保存完了: /Users/takahashimika/Dropbox/web_kabu_ai/python/twitter_auto_post/debug_logs/mobile_twitter_debug_20250817_233459.log
