=== モバイルTwitterデバッグログ開始 ===
開始時刻: 2025-08-17 21:49:42
ログファイル: /Users/takahashimika/Dropbox/web_kabu_ai/python/twitter_auto_post/debug_logs/mobile_twitter_debug_20250817_214942.log
============================================================

[21:49:42] [0.00s] [INFO] モバイルプロファイルディレクトリ: /Users/takahashimika/Dropbox/web_kabu_ai/twitter_mobile_profile
[21:49:42] [0.00s] [INFO] 📱 モバイルブラウザ起動開始
[21:49:43] [1.35s] [INFO] ✅ Playwright インスタンス作成完了
[21:49:43] [1.35s] [INFO] ✅ 既存モバイルプロファイル発見: /Users/takahashimika/Dropbox/web_kabu_ai/twitter_mobile_profile
[21:49:43] [1.35s] [INFO] モバイル引数設定完了: 26個
[21:49:43] [1.35s] [INFO] モバイルコンテキスト作成中...
[21:49:47] [5.11s] [INFO] ✅ モバイルコンテキスト作成完了
[21:49:47] [5.12s] [INFO] 既存モバイルページを使用
[21:49:47] [5.22s] [INFO] ✅ モバイル偽装スクリプト適用完了
[21:49:47] [5.22s] [INFO] 📱 モバイルブラウザ起動成功
[21:49:47] [5.22s] [INFO] 📱 モバイル版Twitterに移動開始
[21:49:47] [5.22s] [INFO] アクセス先: https://mobile.twitter.com
[21:49:49] [7.48s] [INFO] ✅ ページ移動完了
[21:49:49] [7.48s] [INFO] モバイル風待機: 0.89秒
[21:49:50] [8.66s] [INFO] 現在のURL: https://x.com/
[21:49:50] [8.66s] [INFO] ページタイトル: X
[21:49:50] [8.66s] [INFO] モバイルログイン状態チェック - URL: https://x.com/home
[21:49:51] [8.99s] [INFO] ✅ モバイルログイン要素発見: nav[role="navigation"]
[21:49:51] [9.11s] [INFO] ✅ モバイルログイン要素発見: [data-testid="primaryColumn"]
[21:49:51] [9.18s] [INFO] ✅ モバイルログイン要素発見: [aria-label*="ホーム"], [aria-label*="Home"]
[21:49:51] [9.18s] [INFO] ✅ モバイルログイン確認 (3個の要素)
[21:49:51] [9.18s] [INFO] 📱 モバイルツイート投稿開始 (テスト: True)
[21:49:51] [9.18s] [INFO] 投稿処理開始時のURL: https://x.com/home
[21:49:51] [9.27s] [INFO] ページ上のボタン要素数: 8
[21:49:51] [9.31s] [INFO] ボタン1: text='', aria-label='プロフィールメニュー めいめい＠株わかりやすくまとめ・解説', testid='DashButton_ProfileIcon_Link', href=''
[21:49:51] [9.34s] [INFO] ボタン2: text='', aria-label='前', testid='', href=''
[21:49:51] [9.38s] [INFO] ボタン3: text='', aria-label='次へ', testid='', href=''
[21:49:51] [9.40s] [INFO] ボタン4: text='', aria-label='前', testid='', href=''
[21:49:51] [9.43s] [INFO] ボタン5: text='', aria-label='次へ', testid='', href=''
[21:49:51] [9.46s] [INFO] ボタン6: text='新しいポストを表示', aria-label='新しいポストがあります。新しいポストに移動するには、ピリオド', testid='', href=''
[21:49:51] [9.51s] [INFO] ボタン7: text='', aria-label='ホームタイムラインに移動', testid='', href=''
[21:49:51] [9.54s] [INFO] ボタン8: text='', aria-label='トレンドに移動', testid='', href=''
[21:49:51] [9.55s] [INFO] モバイル投稿ボタン発見: [data-testid="FloatingActionButtons_Tweet_Button"]
[21:49:51] [9.55s] [INFO] モバイル風待機: 2.20秒
[21:49:54] [12.24s] [INFO] タップ成功
[21:49:54] [12.24s] [INFO] モバイル風待機: 2.55秒
[21:49:57] [14.81s] [INFO] モバイルテキストエリア発見: [data-testid="tweetTextarea_0"]
[21:49:57] [14.81s] [INFO] 📷 画像アップロード開始: 1枚
[21:49:57] [14.84s] [INFO] 📝 [TEXT_CHECK] 画像アップロード前: テキスト長=0, 内容=''
[21:49:57] [14.84s] [INFO] 画像1/1をアップロード中: /Users/takahashimika/Dropbox/web_kabu_ai/temp/base64_images/mobile_chart_dece6a99-bcb9-431f-9b47-b79d2eec38bc.png
[21:49:57] [14.87s] [INFO] 📝 [TEXT_CHECK] プログラマティック画像アップロード前_1: テキスト長=0, 内容=''
[21:49:57] [14.87s] [INFO] 📷 ファイルダイアログ回避モードで画像アップロード開始
[21:49:57] [14.88s] [INFO] ✅ 画像ファイル読み込み完了: 1458196 bytes
[21:49:57] [14.88s] [INFO] 🚀 プログラマティック画像アップロード実行: mobile_chart_dece6a99-bcb9-431f-9b47-b79d2eec38bc.png
[21:49:57] [15.09s] [INFO] ✅ プログラマティック画像アップロード成功: プログラマティック画像設定完了（ダイアログ回避）
[21:49:57] [15.09s] [INFO]   - Twitterターゲット発見: True
[21:49:57] [15.09s] [INFO]   - ファイル数: 0
[21:49:57] [15.09s] [INFO] モバイル風待機: 2.68秒
[21:50:00] [17.82s] [INFO] 📝 [TEXT_CHECK] プログラマティック画像アップロード後_1: テキスト長=0, 内容=''
[21:50:00] [17.85s] [INFO] ✅ 画像プレビュー確認: .r-1p0dtai img
[21:50:00] [17.85s] [INFO] ✅ 画像が正常にプログラマティックアップロードされました
[21:50:00] [17.85s] [INFO] 📷 プログラマティック画像アップロード処理完了: 1枚処理
[21:50:00] [17.90s] [INFO] 📝 [TEXT_CHECK] 画像アップロード後: テキスト長=0, 内容=''
[21:50:00] [17.90s] [INFO] 📝 テキスト入力開始前の状態チェック
[21:50:00] [17.93s] [INFO] 📝 [TEXT_CHECK] テキスト入力開始前: テキスト長=0, 内容=''
[21:50:00] [17.93s] [INFO] 🎯 [DEBUG] mobile_type開始: clear_first=False, text='【イオン(8267)】0.52% 今週は決算の赤字発表を受け調整も株式分割期待で支えられた

今週の...'
[21:50:00] [17.94s] [INFO] モバイル風待機: 0.45秒
[21:50:00] [18.40s] [INFO] 📝 JavaScript直接入力開始: '【イオン(8267)】0.52% 今週は決算の赤字発表を受け調整も株式分割期待で支えられた

今週の...'
[21:50:00] [18.42s] [INFO] 🔧 [DEBUG] モバイルJS設定結果 - before: '', after: '【イオン(8267)】0.52% 今週は決算の赤字発表を受け調整も株式分割期待で支えられた

今週の...'
[21:50:00] [18.42s] [INFO] ✅ JavaScript直接入力完了: '【イオン(8267)】0.52% 今週は決算の赤字発表を受け調整も株式分割期待で支えられた

今週の...'
[21:50:00] [18.42s] [INFO] モバイル風待機: 0.41秒
[21:50:01] [18.84s] [INFO] 🎯 [DEBUG] モバイル最終結果: ''
[21:50:01] [18.84s] [INFO] 📝 テキスト入力完了後の状態チェック
[21:50:01] [18.87s] [INFO] 📝 [TEXT_CHECK] テキスト入力完了後: テキスト長=0, 内容=''
[21:50:01] [18.87s] [INFO] ✅ モバイルテキスト入力完了: 【イオン(8267)】0.52% 今週は決算の赤字発表を受け調整も株式分割期待で支えられた

今週の...
[21:50:01] [18.87s] [INFO] 🚫 実投稿モード: 投稿直前で停止（投稿処理はコメントアウト中）
[21:50:01] [18.87s] [INFO] ✅ モバイルテキスト入力完了
[21:50:01] [18.87s] [INFO] 🧹 モバイルブラウザ クリーンアップ開始
[21:50:01] [19.54s] [INFO] ✅ モバイルコンテキストクローズ完了
[21:50:01] [19.57s] [INFO] ✅ Playwrightストップ完了

=== モバイルTwitterデバッグログ終了 ===
終了時刻: 2025-08-17 21:50:01
総実行時間: 19.58秒
============================================================
[21:50:01] [19.58s] [INFO] 📋 詳細デバッグログ保存完了: /Users/takahashimika/Dropbox/web_kabu_ai/python/twitter_auto_post/debug_logs/mobile_twitter_debug_20250817_214942.log
