=== モバイルTwitterデバッグログ開始 ===
開始時刻: 2025-09-06 18:24:38
ログファイル: /Users/youmeiyuu/Desktop/kabu_ai/python/twitter_auto_post/debug_logs/mobile_twitter_debug_20250906_182438.log
============================================================

[18:24:38] [0.00s] [INFO] モバイルプロファイルディレクトリ: /Users/youmeiyuu/Desktop/kabu_ai/twitter_mobile_profile
[18:24:38] [0.00s] [INFO] 📱 モバイルブラウザ起動開始
[18:24:39] [0.33s] [INFO] ✅ Playwright インスタンス作成完了
[18:24:39] [0.33s] [INFO] ✅ 既存モバイルプロファイル発見: /Users/youmeiyuu/Desktop/kabu_ai/twitter_mobile_profile
[18:24:39] [0.33s] [INFO] モバイル引数設定完了: 26個
[18:24:39] [0.33s] [INFO] モバイルコンテキスト作成中...
[18:24:44] [5.27s] [INFO] ✅ モバイルコンテキスト作成完了
[18:24:44] [5.27s] [INFO] 既存モバイルページを使用
[18:24:44] [5.30s] [INFO] ✅ モバイル偽装スクリプト適用完了
[18:24:44] [5.30s] [INFO] 📱 モバイルブラウザ起動成功
[18:24:44] [5.30s] [INFO] 📱 モバイル版Twitterに移動開始
[18:24:44] [5.30s] [INFO] アクセス先: https://mobile.twitter.com
[18:24:46] [7.78s] [INFO] ✅ ページ移動完了
[18:24:46] [7.78s] [INFO] モバイル風待機: 0.95秒
[18:24:47] [8.75s] [INFO] 現在のURL: https://x.com/
[18:24:47] [8.75s] [INFO] ページタイトル: 「いま」を見つけよう / X
[18:24:47] [8.75s] [INFO] モバイルログイン状態チェック - URL: https://x.com/
[18:24:47] [8.78s] [INFO] ✅ モバイルログイン要素発見: nav[role="navigation"]
[18:24:47] [8.78s] [INFO] 📱 モバイル版手動ログイン待機開始（タイムアウト: 200秒）
[18:24:47] [8.78s] [INFO] モバイルログイン状態チェック - URL: https://x.com/
[18:24:47] [8.78s] [INFO] ✅ モバイルログイン要素発見: nav[role="navigation"]
[18:24:47] [8.79s] [INFO] ⏳ モバイル版ログイン待機中... 残り時間: 200.0秒
[18:24:50] [11.79s] [INFO] モバイルログイン状態チェック - URL: https://x.com/
[18:24:50] [11.81s] [INFO] ✅ モバイルログイン要素発見: nav[role="navigation"]
[18:24:50] [11.81s] [INFO] ⏳ モバイル版ログイン待機中... 残り時間: 197.0秒
[18:24:53] [14.81s] [INFO] モバイルログイン状態チェック - URL: https://x.com/
[18:24:53] [14.83s] [INFO] ✅ モバイルログイン要素発見: nav[role="navigation"]
[18:24:53] [14.83s] [INFO] ⏳ モバイル版ログイン待機中... 残り時間: 193.9秒
[18:24:56] [17.84s] [INFO] モバイルログイン状態チェック - URL: https://x.com/
[18:24:56] [17.85s] [INFO] ⏳ モバイル版ログイン待機中... 残り時間: 190.9秒
[18:24:59] [20.85s] [INFO] モバイルログイン状態チェック - URL: https://x.com/i/flow/login
[18:24:59] [20.86s] [INFO] ⏳ モバイル版ログイン待機中... 残り時間: 187.9秒
[18:25:02] [23.87s] [INFO] モバイルログイン状態チェック - URL: https://x.com/i/flow/login
[18:25:02] [23.88s] [INFO] ⏳ モバイル版ログイン待機中... 残り時間: 184.9秒
[18:25:05] [26.88s] [INFO] モバイルログイン状態チェック - URL: https://x.com/i/flow/login
[18:25:05] [26.89s] [INFO] ⏳ モバイル版ログイン待機中... 残り時間: 181.9秒
[18:25:08] [29.89s] [INFO] モバイルログイン状態チェック - URL: https://x.com/i/flow/login
[18:25:08] [29.90s] [INFO] ⏳ モバイル版ログイン待機中... 残り時間: 178.9秒
[18:25:11] [32.90s] [INFO] モバイルログイン状態チェック - URL: https://x.com/i/flow/login
[18:25:11] [32.91s] [INFO] ⏳ モバイル版ログイン待機中... 残り時間: 175.9秒
[18:25:14] [35.92s] [INFO] モバイルログイン状態チェック - URL: https://x.com/i/flow/login
[18:25:14] [35.93s] [INFO] ⏳ モバイル版ログイン待機中... 残り時間: 172.9秒
[18:25:17] [38.93s] [INFO] モバイルログイン状態チェック - URL: https://x.com/i/flow/login
[18:25:17] [38.94s] [INFO] ⏳ モバイル版ログイン待機中... 残り時間: 169.8秒
[18:25:20] [41.94s] [INFO] モバイルログイン状態チェック - URL: https://x.com/i/flow/login
[18:25:20] [41.95s] [INFO] ⏳ モバイル版ログイン待機中... 残り時間: 166.8秒
[18:25:23] [44.95s] [INFO] モバイルログイン状態チェック - URL: https://x.com/i/flow/login
[18:25:23] [44.97s] [INFO] ⏳ モバイル版ログイン待機中... 残り時間: 163.8秒
[18:25:26] [47.98s] [INFO] モバイルログイン状態チェック - URL: https://x.com/i/flow/login
[18:25:26] [47.98s] [INFO] ⏳ モバイル版ログイン待機中... 残り時間: 160.8秒
[18:25:29] [50.99s] [INFO] モバイルログイン状態チェック - URL: https://x.com/i/flow/login
[18:25:29] [51.01s] [INFO] ⏳ モバイル版ログイン待機中... 残り時間: 157.8秒
[18:25:32] [54.01s] [INFO] モバイルログイン状態チェック - URL: https://x.com/i/flow/login
[18:25:32] [54.02s] [INFO] ⏳ モバイル版ログイン待機中... 残り時間: 154.8秒
[18:25:35] [57.02s] [INFO] モバイルログイン状態チェック - URL: https://x.com/i/flow/login
[18:25:35] [57.03s] [INFO] ⏳ モバイル版ログイン待機中... 残り時間: 151.8秒
[18:25:38] [60.03s] [INFO] モバイルログイン状態チェック - URL: https://x.com/i/flow/login
[18:25:38] [60.04s] [INFO] ⏳ モバイル版ログイン待機中... 残り時間: 148.7秒
[18:25:41] [63.04s] [INFO] モバイルログイン状態チェック - URL: https://x.com/i/flow/login
[18:25:41] [63.05s] [INFO] ⏳ モバイル版ログイン待機中... 残り時間: 145.7秒
[18:25:44] [66.06s] [INFO] モバイルログイン状態チェック - URL: https://x.com/i/flow/login
[18:25:44] [66.06s] [INFO] ⏳ モバイル版ログイン待機中... 残り時間: 142.7秒
[18:25:47] [69.07s] [INFO] モバイルログイン状態チェック - URL: https://x.com/i/flow/login
[18:25:47] [69.07s] [INFO] ⏳ モバイル版ログイン待機中... 残り時間: 139.7秒
[18:25:50] [72.07s] [INFO] モバイルログイン状態チェック - URL: https://x.com/i/flow/login
[18:25:50] [72.08s] [INFO] ⏳ モバイル版ログイン待機中... 残り時間: 136.7秒
[18:25:53] [75.08s] [INFO] モバイルログイン状態チェック - URL: https://x.com/i/flow/login
[18:25:53] [75.09s] [INFO] ⏳ モバイル版ログイン待機中... 残り時間: 133.7秒
[18:25:56] [78.09s] [INFO] モバイルログイン状態チェック - URL: https://x.com/i/flow/login
[18:25:56] [78.10s] [INFO] ⏳ モバイル版ログイン待機中... 残り時間: 130.7秒
[18:25:59] [81.11s] [INFO] モバイルログイン状態チェック - URL: https://x.com/i/flow/login
[18:25:59] [81.12s] [INFO] ⏳ モバイル版ログイン待機中... 残り時間: 127.7秒
[18:26:02] [84.12s] [INFO] モバイルログイン状態チェック - URL: https://x.com/i/flow/login
[18:26:02] [84.13s] [INFO] ⏳ モバイル版ログイン待機中... 残り時間: 124.6秒
[18:26:05] [87.14s] [INFO] モバイルログイン状態チェック - URL: https://x.com/i/flow/login
[18:26:06] [87.14s] [INFO] ⏳ モバイル版ログイン待機中... 残り時間: 121.6秒
[18:26:09] [90.15s] [INFO] モバイルログイン状態チェック - URL: https://x.com/i/flow/login
[18:26:09] [90.16s] [INFO] ⏳ モバイル版ログイン待機中... 残り時間: 118.6秒
[18:26:12] [93.16s] [INFO] モバイルログイン状態チェック - URL: https://x.com/i/flow/login
[18:26:12] [93.17s] [INFO] ⏳ モバイル版ログイン待機中... 残り時間: 115.6秒
[18:26:15] [96.17s] [INFO] モバイルログイン状態チェック - URL: https://x.com/i/flow/login
[18:26:15] [96.18s] [INFO] ⏳ モバイル版ログイン待機中... 残り時間: 112.6秒
[18:26:18] [99.19s] [INFO] モバイルログイン状態チェック - URL: https://x.com/i/flow/login
[18:26:18] [99.20s] [INFO] ⏳ モバイル版ログイン待機中... 残り時間: 109.6秒
[18:26:21] [102.20s] [INFO] モバイルログイン状態チェック - URL: https://x.com/i/flow/login
[18:26:21] [102.21s] [INFO] ⏳ モバイル版ログイン待機中... 残り時間: 106.6秒
[18:26:24] [105.21s] [INFO] モバイルログイン状態チェック - URL: https://x.com/i/flow/login
[18:26:24] [105.22s] [INFO] ⏳ モバイル版ログイン待機中... 残り時間: 103.6秒
[18:26:27] [108.23s] [INFO] モバイルログイン状態チェック - URL: https://x.com/i/flow/login
[18:26:27] [108.23s] [INFO] ⏳ モバイル版ログイン待機中... 残り時間: 100.5秒
[18:26:30] [111.24s] [INFO] モバイルログイン状態チェック - URL: https://x.com/i/flow/login
[18:26:30] [111.24s] [INFO] ⏳ モバイル版ログイン待機中... 残り時間: 97.5秒
[18:26:33] [114.25s] [INFO] モバイルログイン状態チェック - URL: https://x.com/i/flow/login
[18:26:33] [114.26s] [INFO] ⏳ モバイル版ログイン待機中... 残り時間: 94.5秒
[18:26:36] [117.26s] [INFO] モバイルログイン状態チェック - URL: https://x.com/i/flow/login
[18:26:36] [117.27s] [INFO] ⏳ モバイル版ログイン待機中... 残り時間: 91.5秒
[18:26:39] [120.27s] [INFO] モバイルログイン状態チェック - URL: https://x.com/i/flow/login
[18:26:39] [120.28s] [INFO] ⏳ モバイル版ログイン待機中... 残り時間: 88.5秒
[18:26:42] [123.29s] [INFO] モバイルログイン状態チェック - URL: https://x.com/i/flow/login
[18:26:42] [123.29s] [INFO] ⏳ モバイル版ログイン待機中... 残り時間: 85.5秒
[18:26:45] [126.30s] [INFO] モバイルログイン状態チェック - URL: https://x.com/i/flow/login
[18:26:45] [126.30s] [INFO] ⏳ モバイル版ログイン待機中... 残り時間: 82.5秒
[18:26:48] [129.31s] [INFO] モバイルログイン状態チェック - URL: https://x.com/i/flow/login
[18:26:48] [129.32s] [INFO] ⏳ モバイル版ログイン待機中... 残り時間: 79.5秒
[18:26:51] [132.32s] [INFO] モバイルログイン状態チェック - URL: https://x.com/i/flow/login
[18:26:51] [132.33s] [INFO] ⏳ モバイル版ログイン待機中... 残り時間: 76.5秒
[18:26:54] [135.33s] [INFO] モバイルログイン状態チェック - URL: https://x.com/i/flow/login
[18:26:54] [135.34s] [INFO] ⏳ モバイル版ログイン待機中... 残り時間: 73.4秒
[18:26:57] [138.35s] [INFO] モバイルログイン状態チェック - URL: https://x.com/i/flow/login
[18:26:57] [138.35s] [INFO] ⏳ モバイル版ログイン待機中... 残り時間: 70.4秒
[18:27:00] [141.35s] [INFO] モバイルログイン状態チェック - URL: https://x.com/i/flow/login
[18:27:00] [141.36s] [INFO] ⏳ モバイル版ログイン待機中... 残り時間: 67.4秒
[18:27:03] [144.45s] [INFO] モバイルログイン状態チェック - URL: https://x.com/i/flow/login
[18:27:03] [144.50s] [INFO] ⏳ モバイル版ログイン待機中... 残り時間: 64.3秒
[18:27:06] [147.50s] [INFO] モバイルログイン状態チェック - URL: https://x.com/
[18:27:06] [147.53s] [INFO] ✅ モバイルログイン要素発見: nav[role="navigation"]
[18:27:06] [147.54s] [INFO] ✅ モバイルログイン要素発見: [data-testid="primaryColumn"]
[18:27:06] [147.55s] [INFO] ✅ モバイルログイン要素発見: [aria-label*="ホーム"], [aria-label*="Home"]
[18:27:06] [147.55s] [INFO] ✅ モバイルログイン確認 (3個の要素)
[18:27:06] [147.55s] [INFO] ✅ === モバイル版ログイン完了確認 === (138.8秒)
[18:27:06] [147.55s] [INFO] 📱 モバイルツイート投稿開始 (テスト: False)
[18:27:06] [147.55s] [INFO] 投稿処理開始時のURL: https://x.com/home
[18:27:06] [147.58s] [INFO] ページ上のボタン要素数: 55
[18:27:06] [147.58s] [INFO] ボタン1: text='', aria-label='プロフィールメニュー めいめい＠株わかりやすくまとめ・解説', testid='DashButton_ProfileIcon_Link', href=''
[18:27:06] [147.59s] [INFO] ボタン2: text='', aria-label='前', testid='', href=''
[18:27:06] [147.60s] [INFO] ボタン3: text='', aria-label='次へ', testid='', href=''
[18:27:06] [147.60s] [INFO] ボタン4: text='', aria-label='前', testid='', href=''
[18:27:06] [147.61s] [INFO] ボタン5: text='', aria-label='次へ', testid='', href=''
[18:27:06] [147.62s] [INFO] ボタン6: text='新しいポストを表示', aria-label='新しいポストがあります。新しいポストに移動するには、ピリオド', testid='', href=''
[18:27:06] [147.62s] [INFO] ボタン7: text='', aria-label='ホームタイムラインに移動', testid='', href=''
[18:27:06] [147.63s] [INFO] ボタン8: text='', aria-label='トレンドに移動', testid='', href=''
[18:27:06] [147.63s] [INFO] ボタン9: text='', aria-label='もっと見る', testid='caret', href=''
[18:27:06] [147.64s] [INFO] ボタン10: text='', aria-label='動画を再生. 長さ:  1 分 ', testid='', href=''
[18:27:06] [147.64s] [INFO] モバイル投稿ボタン発見: [data-testid="FloatingActionButtons_Tweet_Button"]
[18:27:06] [147.64s] [INFO] モバイル風待機: 0.87秒
[18:27:07] [148.63s] [INFO] タップ成功
[18:27:07] [148.63s] [INFO] モバイル風待機: 2.92秒
[18:27:10] [151.56s] [INFO] モバイルテキストエリア発見: [data-testid="tweetTextarea_0"]
[18:27:10] [151.56s] [INFO] 📝 [SIMPLE_FLOW] 画像先・テキスト後の単純フロー
[18:27:10] [151.56s] [INFO] 📷 [SIMPLE_FLOW] 画像アップロード開始: 1枚
[18:27:10] [151.56s] [INFO] 画像1/1をアップロード中: /Users/youmeiyuu/Desktop/kabu_ai/temp/base64_images/mobile_chart_58bdee27-7cc2-4df0-9730-2608a74b68cb.png
[18:27:10] [151.57s] [INFO] 📝 [TEXT_CHECK] プログラマティック画像アップロード前_1: テキスト長=0, 内容=''
[18:27:10] [151.57s] [INFO] 📷 ファイルダイアログ回避モードで画像アップロード開始
[18:27:10] [151.58s] [INFO] ✅ 画像ファイル読み込み完了: 1407604 bytes
[18:27:10] [151.58s] [INFO] 🚀 プログラマティック画像アップロード実行: mobile_chart_58bdee27-7cc2-4df0-9730-2608a74b68cb.png
[18:27:10] [151.65s] [INFO] ✅ プログラマティック画像アップロード成功: プログラマティック画像設定完了（ダイアログ回避）
[18:27:10] [151.65s] [INFO]   - Twitterターゲット発見: True
[18:27:10] [151.65s] [INFO]   - ファイル数: 0
[18:27:10] [151.65s] [INFO] モバイル風待機: 2.08秒
[18:27:12] [153.75s] [INFO] 📝 [TEXT_CHECK] プログラマティック画像アップロード後_1: テキスト長=0, 内容=''
[18:27:12] [153.76s] [INFO] ✅ 画像プレビュー確認: .r-1p0dtai img
[18:27:12] [153.76s] [INFO] ✅ 画像が正常にプログラマティックアップロードされました
[18:27:12] [153.76s] [INFO] 📷 プログラマティック画像アップロード処理完了: 1枚処理
[18:27:12] [153.76s] [INFO] モバイル風待機: 1.13秒
[18:27:13] [154.89s] [INFO] 📝 [SIMPLE_FLOW] テキスト入力（1回のみ）
[18:27:13] [154.89s] [INFO] ⚡ [ULTRA_TYPE] 高速1文字1文字タイピング開始: 8文字
[18:27:13] [154.90s] [INFO] モバイル風待機: 0.26秒
[18:27:14] [155.33s] [INFO] ⚡ [ULTRA_TYPE] 高速タイピング完了: 0.156秒 (51.2文字/秒)
[18:27:14] [155.44s] [INFO] ✅ [ULTRA_TYPE] 高速タイピング成功: 8文字入力完了
[18:27:14] [155.44s] [INFO] 📝 [ULTRA_TYPE] 入力内容: テスト

テスト
[18:27:14] [155.44s] [INFO] 🎯 [SIMPLE_FLOW] テキストエリアにフォーカス維持
[18:27:14] [155.44s] [INFO] モバイル風待機: 0.56秒
[18:27:14] [156.01s] [INFO] ✅ モバイルテキスト入力完了: テスト

テスト
[18:27:14] [156.01s] [INFO] 🚀 [強化版] 実投稿モード: 確実な投稿ボタン探索開始
[18:27:14] [156.01s] [INFO] 🎯 [強化版] 投稿ボタン探索 試行 1/3
[18:27:14] [156.02s] [INFO] 📍 [強化版] ボタン発見: [data-testid="tweetButton"]
[18:27:14] [156.02s] [INFO]    可視: True, 有効: True, 接続: True
[18:27:14] [156.02s] [INFO]    テキスト: 'ポストする'
[18:27:14] [156.02s] [INFO] ✅ [強化版] 有効な投稿ボタン確認: [data-testid="tweetButton"]
[18:27:14] [156.02s] [INFO] 🎯 [SIMPLE_FLOW] 投稿ボタンクリック試行 1: [data-testid="tweetButton"]
[18:27:14] [156.02s] [INFO] 🎯 [SIMPLE_FLOW] フォーカス維持したままJSクリック
[18:27:14] [156.08s] [INFO] ✅ [SIMPLE_FLOW] JSクリック成功（フォーカス維持）
[18:27:14] [156.08s] [INFO] 🎉 [強化版] [ポストボタン確実クリック済み] 投稿処理成功
[18:27:14] [156.08s] [INFO] モバイル風待機: 3.14秒
[18:27:18] [159.23s] [INFO] 🔍 [POST-VALIDATION] 投稿完了後の最終確認開始
[18:27:18] [159.23s] [INFO] 📍 [POST-VALIDATION] 投稿後URL: https://x.com/compose/post
[18:27:18] [159.23s] [INFO] ✅ [POST-VALIDATION] ホーム画面への遷移確認
[18:27:18] [159.24s] [INFO] 📢 [POST-VALIDATION] 成功インジケーター発見: ポストが送信されました。編集できる時間は1時間以内です。
表示
[18:27:18] [159.24s] [INFO] ============================================================
[18:27:18] [159.24s] [INFO] 📊 [FINAL-SUMMARY] 投稿処理完了サマリー
[18:27:18] [159.24s] [INFO] ============================================================
[18:27:18] [159.24s] [INFO] 📝 投稿メッセージ長: 8文字
[18:27:18] [159.24s] [INFO] 📝 投稿メッセージ内容: テスト

テスト
[18:27:18] [159.24s] [INFO] 📷 画像アップロード: あり
[18:27:18] [159.24s] [INFO] 🌐 最終URL: https://x.com/compose/post
[18:27:18] [159.24s] [INFO] ⏰ 投稿完了時刻: 2025-09-06 18:27:18
[18:27:18] [159.24s] [INFO] ============================================================
[18:27:18] [159.24s] [INFO] ✅ === モバイル版投稿完了成功！ ===
[18:27:18] [159.24s] [INFO] 🧹 モバイルブラウザ クリーンアップ開始
[18:27:18] [160.09s] [INFO] ✅ モバイルコンテキストクローズ完了
[18:27:18] [160.11s] [INFO] ✅ Playwrightストップ完了

=== モバイルTwitterデバッグログ終了 ===
終了時刻: 2025-09-06 18:27:18
総実行時間: 160.11秒
============================================================
[18:27:18] [160.11s] [INFO] 📋 詳細デバッグログ保存完了: /Users/youmeiyuu/Desktop/kabu_ai/python/twitter_auto_post/debug_logs/mobile_twitter_debug_20250906_182438.log
