=== モバイルTwitterデバッグログ開始 ===
開始時刻: 2025-09-06 15:37:31
ログファイル: /Users/takahashimika/Dropbox/web_kabu_ai/python/twitter_auto_post/debug_logs/mobile_twitter_debug_20250906_153731.log
============================================================

[15:37:31] [0.00s] [INFO] モバイルプロファイルディレクトリ: /Users/takahashimika/Dropbox/web_kabu_ai/twitter_mobile_profile
[15:37:31] [0.00s] [INFO] 📱 モバイルブラウザ起動開始
[15:37:32] [1.06s] [INFO] ✅ Playwright インスタンス作成完了
[15:37:32] [1.06s] [INFO] ✅ 既存モバイルプロファイル発見: /Users/takahashimika/Dropbox/web_kabu_ai/twitter_mobile_profile
[15:37:32] [1.06s] [INFO] モバイル引数設定完了: 26個
[15:37:32] [1.06s] [INFO] モバイルコンテキスト作成中...
[15:37:36] [4.15s] [INFO] ✅ モバイルコンテキスト作成完了
[15:37:36] [4.15s] [INFO] 既存モバイルページを使用
[15:37:36] [4.18s] [INFO] ✅ モバイル偽装スクリプト適用完了
[15:37:36] [4.18s] [INFO] 📱 モバイルブラウザ起動成功
[15:37:36] [4.18s] [INFO] 📱 モバイル版Twitterに移動開始
[15:37:36] [4.18s] [INFO] アクセス先: https://mobile.twitter.com
[15:37:37] [6.09s] [INFO] ✅ ページ移動完了
[15:37:37] [6.09s] [INFO] モバイル風待機: 2.35秒
[15:37:40] [8.47s] [INFO] 現在のURL: https://x.com/
[15:37:40] [8.48s] [INFO] ページタイトル: ホーム / X
[15:37:40] [8.48s] [INFO] モバイルログイン状態チェック - URL: https://x.com/home
[15:37:40] [8.54s] [INFO] ✅ モバイルログイン要素発見: nav[role="navigation"]
[15:37:40] [8.55s] [INFO] ✅ モバイルログイン要素発見: [data-testid="primaryColumn"]
[15:37:40] [8.57s] [INFO] ✅ モバイルログイン要素発見: [aria-label*="ホーム"], [aria-label*="Home"]
[15:37:40] [8.57s] [INFO] ✅ モバイルログイン確認 (3個の要素)
[15:37:40] [8.57s] [INFO] 🔢 [TEST_MODE] 文字数制限: 693文字 → 50文字
[15:37:40] [8.57s] [INFO] 📝 [TEST_MODE] 制限後テキスト: 【北浜キャピタルパートナーズ(2134)】-6.16%進捗遅延と情報不足で売り圧力増大  


★今
[15:37:40] [8.57s] [INFO] 📱 モバイルツイート投稿開始 (テスト: False)
[15:37:40] [8.57s] [INFO] 投稿処理開始時のURL: https://x.com/home
[15:37:40] [8.88s] [INFO] ページ上のボタン要素数: 10
[15:37:41] [9.59s] [INFO] ボタン1: text='', aria-label='プロフィールメニュー meiteko', testid='DashButton_ProfileIcon_Link', href=''
[15:37:41] [9.64s] [INFO] ボタン2: text='', aria-label='前', testid='', href=''
[15:37:41] [9.67s] [INFO] ボタン3: text='', aria-label='次へ', testid='', href=''
[15:37:41] [9.71s] [INFO] ボタン4: text='', aria-label='前', testid='', href=''
[15:37:41] [9.75s] [INFO] ボタン5: text='+6.2万·【8周年】アズレンEXPO ', aria-label='ライブ放送、アズールレーン公式さんがホストしています、アズー', testid='', href=''
[15:37:41] [9.78s] [INFO] ボタン6: text='+4·作業適当', aria-label='スペース、ミルクさんがリスニング中、すめらぎ☕さんがホスト、', testid='', href=''
[15:37:41] [9.80s] [INFO] ボタン7: text='', aria-label='次へ', testid='', href=''
[15:37:41] [9.88s] [INFO] ボタン8: text='新しいポストを表示', aria-label='新しいポストがあります。新しいポストに移動するには、ピリオド', testid='', href=''
[15:37:41] [9.99s] [INFO] ボタン9: text='', aria-label='ホームタイムラインに移動', testid='', href=''
[15:37:42] [10.13s] [INFO] ボタン10: text='', aria-label='トレンドに移動', testid='', href=''
[15:37:42] [10.16s] [INFO] モバイル投稿ボタン発見: [data-testid="FloatingActionButtons_Tweet_Button"]
[15:37:42] [10.17s] [INFO] モバイル風待機: 0.91秒
[15:37:43] [11.29s] [INFO] タップ成功
[15:37:43] [11.29s] [INFO] モバイル風待機: 2.63秒
[15:37:45] [13.94s] [INFO] モバイルテキストエリア発見: [data-testid="tweetTextarea_0"]
[15:37:45] [13.94s] [INFO] 📝 [SIMPLE_FLOW] 画像先・テキスト後の単純フロー
[15:37:45] [13.94s] [INFO] 📷 [SIMPLE_FLOW] 画像アップロード開始: 1枚
[15:37:45] [13.94s] [INFO] 画像1/1をアップロード中: /Users/takahashimika/Dropbox/web_kabu_ai/temp/base64_images/mobile_chart_21aa02ca-879d-4650-ae15-c082dec6c803.png
[15:37:45] [13.97s] [INFO] 📝 [TEXT_CHECK] プログラマティック画像アップロード前_1: テキスト長=0, 内容=''
[15:37:45] [13.97s] [INFO] 📷 ファイルダイアログ回避モードで画像アップロード開始
[15:37:45] [13.97s] [INFO] ✅ 画像ファイル読み込み完了: 797808 bytes
[15:37:45] [13.97s] [INFO] 🚀 プログラマティック画像アップロード実行: mobile_chart_21aa02ca-879d-4650-ae15-c082dec6c803.png
[15:37:45] [14.07s] [INFO] ✅ プログラマティック画像アップロード成功: プログラマティック画像設定完了（ダイアログ回避）
[15:37:45] [14.07s] [INFO]   - Twitterターゲット発見: True
[15:37:45] [14.07s] [INFO]   - ファイル数: 0
[15:37:45] [14.07s] [INFO] モバイル風待機: 2.36秒
[15:37:48] [16.46s] [INFO] 📝 [TEXT_CHECK] プログラマティック画像アップロード後_1: テキスト長=0, 内容=''
[15:37:48] [16.48s] [INFO] ✅ 画像プレビュー確認: .r-1p0dtai img
[15:37:48] [16.48s] [INFO] ✅ 画像が正常にプログラマティックアップロードされました
[15:37:48] [16.48s] [INFO] 📷 プログラマティック画像アップロード処理完了: 1枚処理
[15:37:48] [16.48s] [INFO] モバイル風待機: 1.18秒
[15:37:49] [17.67s] [INFO] 📝 [SIMPLE_FLOW] テキスト入力（1回のみ）
[15:37:49] [17.67s] [INFO] ⚡ [ULTRA_TYPE] 高速1文字1文字タイピング開始: 50文字
[15:37:49] [17.68s] [INFO] モバイル風待機: 0.23秒
[15:37:51] [19.68s] [INFO] ⚡ [ULTRA_TYPE] 高速タイピング完了: 1.768秒 (28.3文字/秒)
[15:37:51] [19.80s] [INFO] ✅ [ULTRA_TYPE] 高速タイピング成功: 50文字入力完了
[15:37:51] [19.80s] [INFO] 📝 [ULTRA_TYPE] 入力内容: 【北浜キャピタルパートナーズ(2134)】-6.16%進捗遅延と情報不足で売り圧力増大  


★今
[15:37:51] [19.80s] [INFO] 🎯 [SIMPLE_FLOW] テキストエリアにフォーカス維持
[15:37:51] [19.81s] [INFO] モバイル風待機: 0.77秒
[15:37:52] [20.58s] [INFO] ✅ モバイルテキスト入力完了: 【北浜キャピタルパートナーズ(2134)】-6.16%進捗遅延と情報不足で売り圧力増大  


★今
[15:37:52] [20.58s] [INFO] 🚀 [強化版] 実投稿モード: 確実な投稿ボタン探索開始
[15:37:52] [20.58s] [INFO] 🎯 [強化版] 投稿ボタン探索 試行 1/3
[15:37:52] [20.61s] [INFO] 📍 [強化版] ボタン発見: [data-testid="tweetButton"]
[15:37:52] [20.61s] [INFO]    可視: True, 有効: True, 接続: True
[15:37:52] [20.61s] [INFO]    テキスト: 'ポストする'
[15:37:52] [20.61s] [INFO] ✅ [強化版] 有効な投稿ボタン確認: [data-testid="tweetButton"]
[15:37:52] [20.61s] [INFO] 🎯 [SIMPLE_FLOW] 投稿ボタンクリック試行 1: [data-testid="tweetButton"]
[15:37:52] [20.61s] [INFO] 🎯 [SIMPLE_FLOW] フォーカス維持したままJSクリック
[15:37:52] [20.66s] [INFO] ✅ [SIMPLE_FLOW] JSクリック成功（フォーカス維持）
[15:37:52] [20.67s] [INFO] 🎉 [強化版] [ポストボタン確実クリック済み] 投稿処理成功
[15:37:52] [20.67s] [INFO] モバイル風待機: 3.40秒
[15:37:55] [24.07s] [INFO] 🔍 [POST-VALIDATION] 投稿完了後の最終確認開始
[15:37:55] [24.07s] [INFO] 📍 [POST-VALIDATION] 投稿後URL: https://x.com/compose/post
[15:37:55] [24.07s] [INFO] ✅ [POST-VALIDATION] ホーム画面への遷移確認
[15:37:55] [24.09s] [INFO] 📢 [POST-VALIDATION] 成功インジケーター発見: ポストを送信しました。
表示
[15:37:55] [24.09s] [INFO] ============================================================
[15:37:55] [24.09s] [INFO] 📊 [FINAL-SUMMARY] 投稿処理完了サマリー
[15:37:55] [24.09s] [INFO] ============================================================
[15:37:55] [24.09s] [INFO] 📝 投稿メッセージ長: 50文字
[15:37:55] [24.09s] [INFO] 📝 投稿メッセージ内容: 【北浜キャピタルパートナーズ(2134)】-6.16%進捗遅延と情報不足で売り圧力増大  


★今
[15:37:55] [24.09s] [INFO] 📷 画像アップロード: あり
[15:37:55] [24.09s] [INFO] 🌐 最終URL: https://x.com/compose/post
[15:37:55] [24.09s] [INFO] ⏰ 投稿完了時刻: 2025-09-06 15:37:55
[15:37:55] [24.09s] [INFO] ============================================================
[15:37:55] [24.09s] [INFO] ✅ === モバイル版投稿完了成功！ ===
[15:37:55] [24.09s] [INFO] 🧹 モバイルブラウザ クリーンアップ開始
[15:37:56] [24.58s] [INFO] ✅ モバイルコンテキストクローズ完了
[15:37:56] [24.60s] [INFO] ✅ Playwrightストップ完了

=== モバイルTwitterデバッグログ終了 ===
終了時刻: 2025-09-06 15:37:56
総実行時間: 24.60秒
============================================================
[15:37:56] [24.60s] [INFO] 📋 詳細デバッグログ保存完了: /Users/takahashimika/Dropbox/web_kabu_ai/python/twitter_auto_post/debug_logs/mobile_twitter_debug_20250906_153731.log
