=== モバイルTwitterデバッグログ開始 ===
開始時刻: 2025-08-23 22:43:22
ログファイル: /Users/takahashimika/Dropbox/web_kabu_ai/python/twitter_auto_post/debug_logs/mobile_twitter_debug_20250823_224322.log
============================================================

[22:43:22] [0.00s] [INFO] モバイルプロファイルディレクトリ: /Users/takahashimika/Dropbox/web_kabu_ai/twitter_mobile_profile
[22:43:22] [0.00s] [INFO] 📱 モバイルブラウザ起動開始
[22:43:23] [1.24s] [INFO] ✅ Playwright インスタンス作成完了
[22:43:23] [1.24s] [INFO] ✅ 既存モバイルプロファイル発見: /Users/takahashimika/Dropbox/web_kabu_ai/twitter_mobile_profile
[22:43:23] [1.24s] [INFO] モバイル引数設定完了: 26個
[22:43:23] [1.24s] [INFO] モバイルコンテキスト作成中...
[22:43:27] [4.86s] [INFO] ✅ モバイルコンテキスト作成完了
[22:43:27] [4.86s] [INFO] 既存モバイルページを使用
[22:43:27] [4.90s] [INFO] ✅ モバイル偽装スクリプト適用完了
[22:43:27] [4.90s] [INFO] 📱 モバイルブラウザ起動成功
[22:43:27] [4.90s] [INFO] 📱 モバイル版Twitterに移動開始
[22:43:27] [4.90s] [INFO] アクセス先: https://mobile.twitter.com
[22:43:30] [7.92s] [INFO] ✅ ページ移動完了
[22:43:30] [7.93s] [INFO] モバイル風待機: 1.77秒
[22:43:31] [9.73s] [INFO] 現在のURL: https://x.com/
[22:43:31] [9.74s] [INFO] ページタイトル: ホーム / X
[22:43:31] [9.74s] [INFO] モバイルログイン状態チェック - URL: https://x.com/home
[22:43:32] [9.90s] [INFO] ✅ モバイルログイン要素発見: nav[role="navigation"]
[22:43:32] [9.93s] [INFO] ✅ モバイルログイン要素発見: [data-testid="primaryColumn"]
[22:43:32] [9.94s] [INFO] ✅ モバイルログイン要素発見: [aria-label*="ホーム"], [aria-label*="Home"]
[22:43:32] [9.94s] [INFO] ✅ モバイルログイン確認 (3個の要素)
[22:43:32] [9.94s] [INFO] 📱 モバイルツイート投稿開始 (テスト: False)
[22:43:32] [9.94s] [INFO] 投稿処理開始時のURL: https://x.com/home
[22:43:32] [9.97s] [INFO] ページ上のボタン要素数: 8
[22:43:32] [10.00s] [INFO] ボタン1: text='', aria-label='プロフィールメニュー meiteko', testid='DashButton_ProfileIcon_Link', href=''
[22:43:32] [10.04s] [INFO] ボタン2: text='', aria-label='前', testid='', href=''
[22:43:32] [10.07s] [INFO] ボタン3: text='', aria-label='次へ', testid='', href=''
[22:43:32] [10.10s] [INFO] ボタン4: text='', aria-label='前', testid='', href=''
[22:43:32] [10.13s] [INFO] ボタン5: text='', aria-label='次へ', testid='', href=''
[22:43:32] [10.17s] [INFO] ボタン6: text='新しいポストを表示', aria-label='新しいポストがあります。新しいポストに移動するには、ピリオド', testid='', href=''
[22:43:32] [10.20s] [INFO] ボタン7: text='', aria-label='ホームタイムラインに移動', testid='', href=''
[22:43:32] [10.24s] [INFO] ボタン8: text='', aria-label='トレンドに移動', testid='', href=''
[22:43:32] [10.25s] [INFO] モバイル投稿ボタン発見: [data-testid="FloatingActionButtons_Tweet_Button"]
[22:43:32] [10.25s] [INFO] モバイル風待機: 1.09秒
[22:43:34] [12.69s] [INFO] タップ成功
[22:43:34] [12.69s] [INFO] モバイル風待機: 2.75秒
[22:43:37] [15.47s] [INFO] モバイルテキストエリア発見: [data-testid="tweetTextarea_0"]
[22:43:37] [15.47s] [INFO] 📝 [SIMPLE_FLOW] 画像先・テキスト後の単純フロー
[22:43:37] [15.47s] [INFO] 📝 [SIMPLE_FLOW] テキスト入力（1回のみ）
[22:43:37] [15.47s] [INFO] 📝 [SIMPLE_TYPE] シンプルテキスト入力開始: 640文字
[22:43:37] [15.48s] [INFO] モバイル風待機: 0.35秒
[22:43:38] [15.83s] [INFO] ✅ [SIMPLE_TYPE] テキスト設定完了: 640文字
[22:43:38] [15.83s] [INFO] 🎯 [SIMPLE_FLOW] テキストエリアにフォーカス維持
[22:43:38] [15.86s] [INFO] モバイル風待機: 0.71秒
[22:43:38] [16.58s] [INFO] ✅ モバイルテキスト入力完了: 【ＱＰＳ研究所(5595)】-5.43% 信用取引の調整で売り圧力増大

★今日の流れと解説  
Ｑ...
[22:43:38] [16.58s] [INFO] 🚀 [強化版] 実投稿モード: 確実な投稿ボタン探索開始
[22:43:38] [16.58s] [INFO] 🎯 [強化版] 投稿ボタン探索 試行 1/3
[22:43:38] [16.61s] [INFO] 📍 [強化版] ボタン発見: [data-testid="tweetButton"]
[22:43:38] [16.61s] [INFO]    可視: True, 有効: False, 接続: True
[22:43:38] [16.61s] [INFO]    テキスト: 'ポストする'
[22:43:38] [16.64s] [INFO] 📍 [強化版] ボタン発見: button[data-testid="tweetButton"]
[22:43:38] [16.65s] [INFO]    可視: True, 有効: False, 接続: True
[22:43:38] [16.65s] [INFO]    テキスト: 'ポストする'
[22:43:38] [16.70s] [INFO] 📍 [強化版] ボタン発見: [role="button"][data-testid="tweetButton"]
[22:43:38] [16.70s] [INFO]    可視: True, 有効: False, 接続: True
[22:43:38] [16.70s] [INFO]    テキスト: 'ポストする'
[22:43:38] [16.75s] [INFO] 📍 [強化版] ボタン発見: button:has-text("ポスト")
[22:43:38] [16.75s] [INFO]    可視: True, 有効: False, 接続: True
[22:43:38] [16.75s] [INFO]    テキスト: 'ポストする'
[22:43:38] [16.79s] [INFO] 📍 [強化版] ボタン発見: [aria-label*="ポスト"]
[22:43:38] [16.79s] [INFO]    可視: True, 有効: True, 接続: True
[22:43:38] [16.79s] [INFO]    テキスト: ''
[22:43:38] [16.79s] [INFO] ✅ [強化版] 有効な投稿ボタン確認: [aria-label*="ポスト"]
[22:43:38] [16.79s] [INFO] 🎯 [SIMPLE_FLOW] 投稿ボタンクリック試行 1: [aria-label*="ポスト"]
[22:43:38] [16.79s] [INFO] 🎯 [SIMPLE_FLOW] フォーカス維持したままJSクリック
[22:43:39] [16.88s] [INFO] ✅ [SIMPLE_FLOW] JSクリック成功（フォーカス維持）
[22:43:39] [16.88s] [INFO] 🎉 [強化版] [ポストボタン確実クリック済み] 投稿処理成功
[22:43:39] [16.88s] [INFO] モバイル風待機: 4.77秒
[22:43:43] [21.65s] [INFO] 🔍 [POST-VALIDATION] 投稿完了後の最終確認開始
[22:43:43] [21.65s] [INFO] 📍 [POST-VALIDATION] 投稿後URL: https://x.com/compose/post
[22:43:43] [21.65s] [INFO] ✅ [POST-VALIDATION] ホーム画面への遷移確認
[22:43:43] [21.68s] [INFO] 📢 [POST-VALIDATION] 成功インジケーター発見: 
[22:43:43] [21.68s] [INFO] ============================================================
[22:43:43] [21.68s] [INFO] 📊 [FINAL-SUMMARY] 投稿処理完了サマリー
[22:43:43] [21.68s] [INFO] ============================================================
[22:43:43] [21.68s] [INFO] 📝 投稿メッセージ長: 640文字
[22:43:43] [21.68s] [INFO] 📝 投稿メッセージ内容: 【ＱＰＳ研究所(5595)】-5.43% 信用取引の調整で売り圧力増大

★今日の流れと解説  
ＱＰＳ研究所の株価は前日比-5.43%と大幅下落し、出来高も増加した。上場廃止に伴う信用取引の建玉整理が進み、売り圧力が強まったことが主因。防衛関連の好材料は既に織り込まれ、新たな材料発表もなく需給悪化が続いている。

個人投資家は底値付近での買い支えも見られるが、短期的な調整局面とみられる。

■今...
[22:43:43] [21.68s] [INFO] 📷 画像アップロード: なし
[22:43:43] [21.68s] [INFO] 🌐 最終URL: https://x.com/compose/post
[22:43:43] [21.68s] [INFO] ⏰ 投稿完了時刻: 2025-08-23 22:43:43
[22:43:43] [21.68s] [INFO] ============================================================
[22:43:43] [21.68s] [INFO] ✅ === モバイル版投稿完了成功！ ===
[22:43:43] [21.68s] [INFO] 🧹 モバイルブラウザ クリーンアップ開始
[22:43:44] [22.52s] [INFO] ✅ モバイルコンテキストクローズ完了
[22:43:44] [22.57s] [INFO] ✅ Playwrightストップ完了

=== モバイルTwitterデバッグログ終了 ===
終了時刻: 2025-08-23 22:43:44
総実行時間: 22.57秒
============================================================
[22:43:44] [22.57s] [INFO] 📋 詳細デバッグログ保存完了: /Users/takahashimika/Dropbox/web_kabu_ai/python/twitter_auto_post/debug_logs/mobile_twitter_debug_20250823_224322.log
