=== モバイルTwitterデバッグログ開始 ===
開始時刻: 2025-08-17 22:42:45
ログファイル: /Users/takahashimika/Dropbox/web_kabu_ai/python/twitter_auto_post/debug_logs/mobile_twitter_debug_20250817_224245.log
============================================================

[22:42:45] [0.00s] [INFO] モバイルプロファイルディレクトリ: /Users/takahashimika/Dropbox/web_kabu_ai/twitter_mobile_profile
[22:42:45] [0.00s] [INFO] 📱 モバイルブラウザ起動開始
[22:42:46] [1.21s] [INFO] ✅ Playwright インスタンス作成完了
[22:42:46] [1.21s] [INFO] ✅ 既存モバイルプロファイル発見: /Users/takahashimika/Dropbox/web_kabu_ai/twitter_mobile_profile
[22:42:46] [1.21s] [INFO] モバイル引数設定完了: 26個
[22:42:46] [1.21s] [INFO] モバイルコンテキスト作成中...
[22:42:49] [4.73s] [INFO] ✅ モバイルコンテキスト作成完了
[22:42:49] [4.73s] [INFO] 既存モバイルページを使用
[22:42:49] [4.77s] [INFO] ✅ モバイル偽装スクリプト適用完了
[22:42:49] [4.77s] [INFO] 📱 モバイルブラウザ起動成功
[22:42:49] [4.77s] [INFO] 📱 モバイル版Twitterに移動開始
[22:42:49] [4.77s] [INFO] アクセス先: https://mobile.twitter.com
[22:42:52] [7.40s] [INFO] ✅ ページ移動完了
[22:42:52] [7.40s] [INFO] モバイル風待機: 2.04秒
[22:42:54] [9.78s] [INFO] 現在のURL: https://x.com/
[22:42:54] [9.78s] [INFO] ページタイトル: ホーム / X
[22:42:54] [9.78s] [INFO] モバイルログイン状態チェック - URL: https://x.com/home
[22:42:55] [10.55s] [INFO] ✅ モバイルログイン要素発見: nav[role="navigation"]
[22:42:56] [11.29s] [INFO] ✅ モバイルログイン要素発見: [data-testid="primaryColumn"]
[22:42:58] [13.11s] [INFO] ✅ モバイルログイン要素発見: [aria-label*="ホーム"], [aria-label*="Home"]
[22:42:58] [13.11s] [INFO] ✅ モバイルログイン確認 (3個の要素)
[22:42:58] [13.11s] [INFO] 📱 モバイルツイート投稿開始 (テスト: True)
[22:42:58] [13.11s] [INFO] 投稿処理開始時のURL: https://x.com/home
[22:42:58] [13.27s] [INFO] ページ上のボタン要素数: 66
[22:42:58] [13.31s] [INFO] ボタン1: text='', aria-label='プロフィールメニュー めいめい＠株わかりやすくまとめ・解説', testid='DashButton_ProfileIcon_Link', href=''
[22:42:58] [13.33s] [INFO] ボタン2: text='', aria-label='前', testid='', href=''
[22:42:58] [13.35s] [INFO] ボタン3: text='', aria-label='次へ', testid='', href=''
[22:42:58] [13.38s] [INFO] ボタン4: text='', aria-label='前', testid='', href=''
[22:42:58] [13.40s] [INFO] ボタン5: text='', aria-label='次へ', testid='', href=''
[22:42:58] [13.42s] [INFO] ボタン6: text='新しいポストを表示', aria-label='新しいポストがあります。新しいポストに移動するには、ピリオド', testid='', href=''
[22:42:58] [13.45s] [INFO] ボタン7: text='', aria-label='ホームタイムラインに移動', testid='', href=''
[22:42:58] [13.48s] [INFO] ボタン8: text='', aria-label='トレンドに移動', testid='', href=''
[22:42:58] [13.50s] [INFO] ボタン9: text='', aria-label='もっと見る', testid='caret', href=''
[22:42:58] [13.53s] [INFO] ボタン10: text='866', aria-label='866 件の返信。返信する', testid='reply', href=''
[22:42:58] [13.54s] [INFO] モバイル投稿ボタン発見: [data-testid="FloatingActionButtons_Tweet_Button"]
[22:42:58] [13.54s] [INFO] モバイル風待機: 1.63秒
[22:43:00] [15.33s] [INFO] タップ成功
[22:43:00] [15.33s] [INFO] モバイル風待機: 2.40秒
[22:43:02] [17.75s] [INFO] モバイルテキストエリア発見: [data-testid="tweetTextarea_0"]
[22:43:02] [17.75s] [INFO] 📝 テキスト入力開始前の状態チェック
[22:43:02] [17.79s] [INFO] 📝 [TEXT_CHECK] テキスト入力開始前: テキスト長=0, 内容=''
[22:43:02] [17.79s] [INFO] 🎯 [DEBUG] mobile_type開始: clear_first=False, text='【ブライトパス・バイオ(4594)】10.47%急騰、オーファンドラッグ指定好感と出来高急増で注目集...'
[22:43:02] [17.80s] [INFO] モバイル風待機: 0.34秒
[22:43:03] [18.14s] [INFO] 📝 JavaScript直接入力開始: '【ブライトパス・バイオ(4594)】10.47%急騰、オーファンドラッグ指定好感と出来高急増で注目集...'
[22:43:03] [18.17s] [INFO] 🔧 [DEBUG] モバイルJS設定結果 - before: '', after: '【ブライトパス・バイオ(4594)】10.47%急騰、オーファンドラッグ指定好感と出来高急増で注目集...'
[22:43:03] [18.17s] [INFO] ✅ JavaScript直接入力完了: '【ブライトパス・バイオ(4594)】10.47%急騰、オーファンドラッグ指定好感と出来高急増で注目集...'
[22:43:03] [18.17s] [INFO] モバイル風待機: 0.70秒
[22:43:03] [18.88s] [INFO] 🎯 [DEBUG] モバイル最終結果: '【ブライトパス・バイオ(4594)】10.47%急騰、オーファンドラッグ指定好感と出来高急増で注目集...'
[22:43:03] [18.88s] [INFO] 📝 テキスト入力完了後の状態チェック
[22:43:03] [18.89s] [INFO] 📝 [TEXT_CHECK] テキスト入力完了後: テキスト長=1004, 内容='【ブライトパス・バイオ(4594)】10.47%急騰、オーファンドラッグ指定好感と出来高急増で注目集...'
[22:43:03] [18.89s] [INFO] ✅ モバイルテキスト入力完了: 【ブライトパス・バイオ(4594)】10.47%急騰、オーファンドラッグ指定好感と出来高急増で注目集...
[22:43:03] [18.89s] [INFO] 🚫 実投稿モード: 投稿直前で停止（投稿処理はコメントアウト中）
[22:43:03] [18.89s] [INFO] ✅ モバイルテキスト入力完了
[22:43:03] [18.89s] [INFO] 🧹 モバイルブラウザ クリーンアップ開始
[22:43:04] [19.40s] [INFO] ✅ モバイルコンテキストクローズ完了
[22:43:04] [19.43s] [INFO] ✅ Playwrightストップ完了

=== モバイルTwitterデバッグログ終了 ===
終了時刻: 2025-08-17 22:43:04
総実行時間: 19.43秒
============================================================
[22:43:04] [19.43s] [INFO] 📋 詳細デバッグログ保存完了: /Users/takahashimika/Dropbox/web_kabu_ai/python/twitter_auto_post/debug_logs/mobile_twitter_debug_20250817_224245.log
