=== モバイルTwitterデバッグログ開始 ===
開始時刻: 2025-08-18 00:42:28
ログファイル: /Users/takahashimika/Dropbox/web_kabu_ai/python/twitter_auto_post/debug_logs/mobile_twitter_debug_20250818_004227.log
============================================================

[00:42:28] [0.00s] [INFO] モバイルプロファイルディレクトリ: /Users/takahashimika/Dropbox/web_kabu_ai/twitter_mobile_profile
[00:42:28] [0.00s] [INFO] 📱 モバイルブラウザ起動開始
[00:42:29] [1.01s] [INFO] ✅ Playwright インスタンス作成完了
[00:42:29] [1.01s] [INFO] ✅ 既存モバイルプロファイル発見: /Users/takahashimika/Dropbox/web_kabu_ai/twitter_mobile_profile
[00:42:29] [1.01s] [INFO] モバイル引数設定完了: 26個
[00:42:29] [1.01s] [INFO] モバイルコンテキスト作成中...
[00:42:32] [4.29s] [INFO] ✅ モバイルコンテキスト作成完了
[00:42:32] [4.29s] [INFO] 既存モバイルページを使用
[00:42:32] [4.31s] [INFO] ✅ モバイル偽装スクリプト適用完了
[00:42:32] [4.31s] [INFO] 📱 モバイルブラウザ起動成功
[00:42:32] [4.31s] [INFO] 📱 モバイル版Twitterに移動開始
[00:42:32] [4.31s] [INFO] アクセス先: https://mobile.twitter.com
[00:42:34] [6.30s] [INFO] ✅ ページ移動完了
[00:42:34] [6.30s] [INFO] モバイル風待機: 2.23秒
[00:42:36] [8.55s] [INFO] 現在のURL: https://x.com/
[00:42:36] [8.55s] [INFO] ページタイトル: ホーム / X
[00:42:36] [8.55s] [INFO] モバイルログイン状態チェック - URL: https://x.com/home
[00:42:37] [9.02s] [INFO] ✅ モバイルログイン要素発見: nav[role="navigation"]
[00:42:37] [9.44s] [INFO] ✅ モバイルログイン要素発見: [data-testid="primaryColumn"]
[00:42:37] [9.93s] [INFO] ✅ モバイルログイン要素発見: [aria-label*="ホーム"], [aria-label*="Home"]
[00:42:37] [9.94s] [INFO] ✅ モバイルログイン確認 (3個の要素)
[00:42:37] [9.94s] [INFO] 📱 モバイルツイート投稿開始 (テスト: False)
[00:42:37] [9.94s] [INFO] 投稿処理開始時のURL: https://x.com/home
[00:42:39] [11.88s] [INFO] ページ上のボタン要素数: 64
[00:42:40] [12.07s] [INFO] ボタン1: text='', aria-label='プロフィールメニュー めいめい＠株わかりやすくまとめ・解説', testid='DashButton_ProfileIcon_Link', href=''
[00:42:40] [12.10s] [INFO] ボタン2: text='', aria-label='前', testid='', href=''
[00:42:40] [12.26s] [INFO] ボタン3: text='', aria-label='次へ', testid='', href=''
[00:42:40] [12.30s] [INFO] ボタン4: text='', aria-label='前', testid='', href=''
[00:42:40] [12.33s] [INFO] ボタン5: text='', aria-label='次へ', testid='', href=''
[00:42:40] [12.36s] [INFO] ボタン6: text='新しいポストを表示', aria-label='新しいポストがあります。新しいポストに移動するには、ピリオド', testid='', href=''
[00:42:40] [12.41s] [INFO] ボタン7: text='', aria-label='ホームタイムラインに移動', testid='', href=''
[00:42:40] [12.44s] [INFO] ボタン8: text='', aria-label='トレンドに移動', testid='', href=''
[00:42:40] [12.46s] [INFO] ボタン9: text='', aria-label='もっと見る', testid='caret', href=''
[00:42:40] [12.48s] [INFO] ボタン10: text='', aria-label='動画を再生. 長さ:   22 秒', testid='', href=''
[00:42:40] [12.50s] [INFO] モバイル投稿ボタン発見: [data-testid="FloatingActionButtons_Tweet_Button"]
[00:42:40] [12.50s] [INFO] モバイル風待機: 1.91秒
[00:42:42] [14.55s] [INFO] タップ成功
[00:42:42] [14.55s] [INFO] モバイル風待機: 2.30秒
[00:42:44] [16.87s] [INFO] モバイルテキストエリア発見: [data-testid="tweetTextarea_0"]
[00:42:44] [16.87s] [INFO] 📝 [NEW_STRATEGY] 先にテキストを入力してから画像アップロード
[00:42:44] [16.87s] [INFO] 📝 テキスト入力開始（画像アップロード前）
[00:42:44] [16.90s] [INFO] 📝 [TEXT_CHECK] 初期テキスト入力前: テキスト長=0, 内容=''
[00:42:44] [16.90s] [INFO] 🎯 [DEBUG] mobile_type開始: clear_first=False, text='【オルツ(260A)】-16.67% 決算延期と上場廃止確定で失望売り加速、流動性低下が顕著

★今...'
[00:42:44] [16.90s] [INFO] モバイル風待機: 0.32秒
[00:42:45] [17.23s] [INFO] 📝 JavaScript直接入力開始: '【オルツ(260A)】-16.67% 決算延期と上場廃止確定で失望売り加速、流動性低下が顕著

★今...'
[00:42:45] [17.26s] [INFO] 🔧 [DEBUG] モバイルJS設定結果 - before: '', after: '【オルツ(260A)】-16.67% 決算延期と上場廃止確定で失望売り加速、流動性低下が顕著

★今...'
[00:42:45] [17.26s] [INFO] ✅ JavaScript直接入力完了: '【オルツ(260A)】-16.67% 決算延期と上場廃止確定で失望売り加速、流動性低下が顕著

★今...'
[00:42:45] [17.26s] [INFO] モバイル風待機: 1.66秒
[00:42:46] [18.92s] [INFO] 🎯 [DEBUG] モバイル最終確認1: '【オルツ(260A)】-16.67% 決算延期と上場廃止確定で失望売り加速、流動性低下が顕著

★今...'
[00:42:46] [18.92s] [INFO] ✅ テキスト設定成功確認（試行1）
[00:42:46] [18.93s] [INFO] 📝 [TEXT_CHECK] 初期テキスト入力後: テキスト長=725, 内容='【オルツ(260A)】-16.67% 決算延期と上場廃止確定で失望売り加速、流動性低下が顕著

★今...'
[00:42:46] [18.93s] [INFO] 📷 [NEW_STRATEGY] テキスト入力後の画像アップロード開始: 1枚
[00:42:46] [18.94s] [INFO] 📝 [TEXT_CHECK] 画像アップロード前: テキスト長=725, 内容='【オルツ(260A)】-16.67% 決算延期と上場廃止確定で失望売り加速、流動性低下が顕著

★今...'
[00:42:46] [18.94s] [INFO] 画像1/1をアップロード中: /Users/takahashimika/Dropbox/web_kabu_ai/temp/base64_images/mobile_chart_720fca6c-a739-4173-999a-f8c65ac2656f.png
[00:42:46] [18.95s] [INFO] 📝 [TEXT_CHECK] プログラマティック画像アップロード前_1: テキスト長=725, 内容='【オルツ(260A)】-16.67% 決算延期と上場廃止確定で失望売り加速、流動性低下が顕著

★今...'
[00:42:46] [18.95s] [INFO] 📷 ファイルダイアログ回避モードで画像アップロード開始
[00:42:46] [18.96s] [INFO] ✅ 画像ファイル読み込み完了: 1348000 bytes
[00:42:46] [18.96s] [INFO] 🚀 プログラマティック画像アップロード実行: mobile_chart_720fca6c-a739-4173-999a-f8c65ac2656f.png
[00:42:47] [19.12s] [INFO] ✅ プログラマティック画像アップロード成功: プログラマティック画像設定完了（ダイアログ回避）
[00:42:47] [19.12s] [INFO]   - Twitterターゲット発見: True
[00:42:47] [19.12s] [INFO]   - ファイル数: 0
[00:42:47] [19.12s] [INFO] モバイル風待機: 2.76秒
[00:42:49] [21.92s] [INFO] 📝 [TEXT_CHECK] プログラマティック画像アップロード後_1: テキスト長=0, 内容=''
[00:42:49] [21.95s] [INFO] ✅ 画像プレビュー確認: .r-1p0dtai img
[00:42:49] [21.95s] [INFO] ✅ 画像が正常にプログラマティックアップロードされました
[00:42:49] [21.95s] [INFO] 📷 プログラマティック画像アップロード処理完了: 1枚処理
[00:42:49] [21.98s] [INFO] 📝 [TEXT_CHECK] 画像アップロード後: テキスト長=0, 内容=''
[00:42:49] [21.98s] [WARNING] ⚠️ [NEW_STRATEGY] テキストが削除されました。復元を試行します
[00:42:49] [21.99s] [INFO] 🎯 [DEBUG] mobile_type開始: clear_first=False, text='【オルツ(260A)】-16.67% 決算延期と上場廃止確定で失望売り加速、流動性低下が顕著

★今...'
[00:42:49] [21.99s] [INFO] モバイル風待機: 0.36秒
[00:42:50] [22.36s] [INFO] 📝 JavaScript直接入力開始: '【オルツ(260A)】-16.67% 決算延期と上場廃止確定で失望売り加速、流動性低下が顕著

★今...'
[00:42:50] [22.37s] [INFO] 🔧 [DEBUG] モバイルJS設定結果 - before: '', after: '【オルツ(260A)】-16.67% 決算延期と上場廃止確定で失望売り加速、流動性低下が顕著

★今...'
[00:42:50] [22.37s] [INFO] ✅ JavaScript直接入力完了: '【オルツ(260A)】-16.67% 決算延期と上場廃止確定で失望売り加速、流動性低下が顕著

★今...'
[00:42:50] [22.37s] [INFO] モバイル風待機: 2.35秒
[00:42:52] [24.73s] [INFO] 🎯 [DEBUG] モバイル最終確認1: ''
[00:42:52] [24.73s] [WARNING] ⚠️ テキストが消失、再設定試行1
[00:42:52] [24.74s] [INFO] モバイル風待機: 1.25秒
[00:42:53] [26.00s] [INFO] 🎯 [DEBUG] モバイル最終確認2: '【オルツ(260A)】-16.67% 決算延期と上場廃止確定で失望売り加速、流動性低下が顕著

★今...'
[00:42:53] [26.00s] [INFO] ✅ テキスト設定成功確認（試行2）
[00:42:53] [26.00s] [INFO] ✅ [NEW_STRATEGY] テキスト復元完了
[00:42:54] [26.01s] [INFO] 📝 [TEXT_CHECK] テキスト復元後: テキスト長=725, 内容='【オルツ(260A)】-16.67% 決算延期と上場廃止確定で失望売り加速、流動性低下が顕著

★今...'
[00:42:54] [26.01s] [INFO] 📝 [NEW_STRATEGY] 最終テキスト入力状態チェック
[00:42:54] [26.01s] [INFO] 📝 [TEXT_CHECK] 投稿前最終テキスト確認: テキスト長=725, 内容='【オルツ(260A)】-16.67% 決算延期と上場廃止確定で失望売り加速、流動性低下が顕著

★今...'
[00:42:54] [26.01s] [INFO] ✅ モバイルテキスト入力完了: 【オルツ(260A)】-16.67% 決算延期と上場廃止確定で失望売り加速、流動性低下が顕著

★今...
[00:42:54] [26.01s] [INFO] 🚀 [強化版] 実投稿モード: 確実な投稿ボタン探索開始
[00:42:54] [26.01s] [INFO] 🎯 [強化版] 投稿ボタン探索 試行 1/3
[00:42:54] [26.04s] [INFO] 📍 [強化版] ボタン発見: [data-testid="tweetButton"]
[00:42:54] [26.04s] [INFO]    可視: True, 有効: True, 接続: True
[00:42:54] [26.04s] [INFO]    テキスト: 'ポストする'
[00:42:54] [26.04s] [INFO] ✅ [強化版] 有効な投稿ボタン確認: [data-testid="tweetButton"]
[00:42:54] [26.04s] [INFO] 🎯 [強化版] 投稿ボタンクリック試行 1: [data-testid="tweetButton"]
[00:42:54] [26.04s] [INFO] 🔍 [CRITICAL] 投稿ボタンクリック直前の最終テキスト確認
[00:42:54] [26.05s] [INFO] 📝 [TEXT_CHECK] 投稿直前最終確認: テキスト長=725, 内容='【オルツ(260A)】-16.67% 決算延期と上場廃止確定で失望売り加速、流動性低下が顕著

★今...'
[00:42:54] [26.05s] [INFO] ✅ [CRITICAL] 投稿直前テキスト確認OK: 725文字
[00:42:54] [26.05s] [INFO] 🔄 [強化版] クリック方法試行: mobile_tap
[00:42:54] [26.28s] [INFO] タップ成功
[00:42:54] [26.28s] [INFO] モバイル風待機: 1.32秒
[00:42:55] [27.61s] [INFO] ⚠️ [強化版] mobile_tapクリック効果なし、次の方法を試行
[00:42:55] [27.61s] [INFO] 🔄 [強化版] クリック方法試行: direct_click
[00:42:56] [28.37s] [INFO] ❌ [強化版] direct_clickクリックエラー: ElementHandle.click: Element is not attached to the DOM
Call log:
  - attempting click action
    - waiting for element to be visible, enabled and stable

[00:42:56] [28.37s] [INFO] 🔄 [強化版] クリック方法試行: js_click
[00:42:56] [28.42s] [INFO] モバイル風待機: 1.78秒
[00:42:58] [30.20s] [INFO] ✅ [強化版] js_clickクリック成功確認
[00:42:58] [30.20s] [INFO] 🎉 [強化版] [ポストボタン確実クリック済み] 投稿処理成功
[00:42:58] [30.20s] [INFO] モバイル風待機: 3.22秒
[00:43:01] [33.43s] [INFO] 🔍 [POST-VALIDATION] 投稿完了後の最終確認開始
[00:43:01] [33.43s] [INFO] 📍 [POST-VALIDATION] 投稿後URL: https://x.com/home
[00:43:01] [33.43s] [INFO] ✅ [POST-VALIDATION] ホーム画面への遷移確認
[00:43:01] [33.45s] [INFO] 📢 [POST-VALIDATION] 成功インジケーター発見: ポストが送信されました。編集できる時間は1時間以内です。
表示
[00:43:01] [33.45s] [INFO] ============================================================
[00:43:01] [33.45s] [INFO] 📊 [FINAL-SUMMARY] 投稿処理完了サマリー
[00:43:01] [33.45s] [INFO] ============================================================
[00:43:01] [33.45s] [INFO] 📝 投稿メッセージ長: 725文字
[00:43:01] [33.45s] [INFO] 📝 投稿メッセージ内容: 【オルツ(260A)】-16.67% 決算延期と上場廃止確定で失望売り加速、流動性低下が顕著

★今週の総括  
オルツ株は週初から急落傾向が継続し、今週の値動き幅は約17%と大幅な下落を記録。主な要因は決算発表延期の発表と東証の上場廃止日（8月31日）が迫る中での民事再生法適用申請である。これにより投資家の失望売りが加速し、取引は閑散化、需給悪化が顕著となった。

AI関連セクター全体が堅調な中...
[00:43:01] [33.45s] [INFO] 📷 画像アップロード: なし
[00:43:01] [33.45s] [INFO] 🌐 最終URL: https://x.com/home
[00:43:01] [33.45s] [INFO] ⏰ 投稿完了時刻: 2025-08-18 00:43:01
[00:43:01] [33.45s] [INFO] ============================================================
[00:43:01] [33.45s] [INFO] ✅ === モバイル版投稿完了成功！ ===
[00:43:01] [33.45s] [INFO] 🧹 モバイルブラウザ クリーンアップ開始
[00:43:02] [34.19s] [INFO] ✅ モバイルコンテキストクローズ完了
[00:43:02] [34.21s] [INFO] ✅ Playwrightストップ完了

=== モバイルTwitterデバッグログ終了 ===
終了時刻: 2025-08-18 00:43:02
総実行時間: 34.21秒
============================================================
[00:43:02] [34.22s] [INFO] 📋 詳細デバッグログ保存完了: /Users/takahashimika/Dropbox/web_kabu_ai/python/twitter_auto_post/debug_logs/mobile_twitter_debug_20250818_004227.log
