=== モバイルTwitterデバッグログ開始 ===
開始時刻: 2025-09-07 19:43:01
ログファイル: /Users/youmeiyuu/Desktop/kabu_ai/python/twitter_auto_post/debug_logs/mobile_twitter_debug_20250907_194301.log
============================================================

[19:43:01] [0.00s] [INFO] モバイルプロファイルディレクトリ: /Users/youmeiyuu/Desktop/kabu_ai/twitter_mobile_profile
[19:43:01] [0.00s] [INFO] 📱 モバイルブラウザ起動開始
[19:43:02] [0.37s] [INFO] ✅ Playwright インスタンス作成完了
[19:43:02] [0.37s] [INFO] ✅ 既存モバイルプロファイル発見: /Users/youmeiyuu/Desktop/kabu_ai/twitter_mobile_profile
[19:43:02] [0.37s] [INFO] モバイル引数設定完了: 26個
[19:43:02] [0.37s] [INFO] モバイルコンテキスト作成中...
[19:43:04] [2.33s] [INFO] ✅ モバイルコンテキスト作成完了
[19:43:04] [2.33s] [INFO] 既存モバイルページを使用
[19:43:04] [2.35s] [INFO] ✅ モバイル偽装スクリプト適用完了
[19:43:04] [2.35s] [INFO] 📱 モバイルブラウザ起動成功
[19:43:04] [2.35s] [INFO] 📱 モバイル版Twitterに移動開始
[19:43:04] [2.35s] [INFO] アクセス先: https://mobile.twitter.com
[19:43:05] [4.18s] [INFO] ✅ ページ移動完了
[19:43:05] [4.19s] [INFO] モバイル風待機: 2.16秒
[19:43:08] [6.37s] [INFO] 現在のURL: https://x.com/
[19:43:08] [6.37s] [INFO] ページタイトル: ホーム / X
[19:43:08] [6.37s] [INFO] モバイルログイン状態チェック - URL: https://x.com/home
[19:43:08] [6.51s] [INFO] ✅ モバイルログイン要素発見: nav[role="navigation"]
[19:43:08] [6.52s] [INFO] ✅ モバイルログイン要素発見: [data-testid="primaryColumn"]
[19:43:08] [6.52s] [INFO] ✅ モバイルログイン要素発見: [aria-label*="ホーム"], [aria-label*="Home"]
[19:43:08] [6.52s] [INFO] ✅ モバイルログイン確認 (3個の要素)
[19:43:08] [6.52s] [INFO] 📱 モバイルツイート投稿開始 (テスト: False)
[19:43:08] [6.52s] [INFO] 投稿処理開始時のURL: https://x.com/home
[19:43:08] [6.54s] [INFO] ページ上のボタン要素数: 30
[19:43:08] [6.55s] [INFO] ボタン1: text='', aria-label='プロフィールメニュー めいめい＠株わかりやすくまとめ・解説', testid='DashButton_ProfileIcon_Link', href=''
[19:43:08] [6.56s] [INFO] ボタン2: text='', aria-label='前', testid='', href=''
[19:43:08] [6.57s] [INFO] ボタン3: text='', aria-label='次へ', testid='', href=''
[19:43:08] [6.58s] [INFO] ボタン4: text='', aria-label='前', testid='', href=''
[19:43:08] [6.59s] [INFO] ボタン5: text='', aria-label='次へ', testid='', href=''
[19:43:08] [6.59s] [INFO] ボタン6: text='新しいポストを表示', aria-label='新しいポストがあります。新しいポストに移動するには、ピリオド', testid='', href=''
[19:43:08] [6.60s] [INFO] ボタン7: text='', aria-label='ホームタイムラインに移動', testid='', href=''
[19:43:08] [6.61s] [INFO] ボタン8: text='', aria-label='トレンドに移動', testid='', href=''
[19:43:08] [6.62s] [INFO] ボタン9: text='', aria-label='もっと見る', testid='caret', href=''
[19:43:08] [6.63s] [INFO] ボタン10: text='再読み込み', aria-label='', testid='', href=''
[19:43:08] [6.63s] [INFO] モバイル投稿ボタン発見: [data-testid="FloatingActionButtons_Tweet_Button"]
[19:43:08] [6.63s] [INFO] モバイル風待機: 1.26秒
[19:43:09] [8.00s] [INFO] タップ成功
[19:43:09] [8.00s] [INFO] モバイル風待機: 2.09秒
[19:43:11] [10.11s] [INFO] モバイルテキストエリア発見: [data-testid="tweetTextarea_0"]
[19:43:11] [10.11s] [INFO] 📝 [SIMPLE_FLOW] 画像先・テキスト後の単純フロー
[19:43:11] [10.11s] [INFO] 📷 [SIMPLE_FLOW] 画像アップロード開始: 1枚
[19:43:11] [10.11s] [INFO] 画像1/1をアップロード中: /Users/youmeiyuu/Desktop/kabu_ai/temp/base64_images/mobile_chart_c8dc89da-8ba0-4a80-b205-41246c170b0b.png
[19:43:11] [10.13s] [INFO] 📝 [TEXT_CHECK] プログラマティック画像アップロード前_1: テキスト長=0, 内容=''
[19:43:11] [10.13s] [INFO] 📷 ファイルダイアログ回避モードで画像アップロード開始
[19:43:11] [10.13s] [INFO] ✅ 画像ファイル読み込み完了: 1422256 bytes
[19:43:11] [10.13s] [INFO] 🚀 プログラマティック画像アップロード実行: mobile_chart_c8dc89da-8ba0-4a80-b205-41246c170b0b.png
[19:43:11] [10.20s] [INFO] ✅ プログラマティック画像アップロード成功: プログラマティック画像設定完了（ダイアログ回避）
[19:43:11] [10.20s] [INFO]   - Twitterターゲット発見: True
[19:43:11] [10.20s] [INFO]   - ファイル数: 0
[19:43:11] [10.20s] [INFO] モバイル風待機: 2.57秒
[19:43:14] [12.79s] [INFO] 📝 [TEXT_CHECK] プログラマティック画像アップロード後_1: テキスト長=0, 内容=''
[19:43:14] [12.80s] [INFO] ✅ 画像プレビュー確認: .r-1p0dtai img
[19:43:14] [12.80s] [INFO] ✅ 画像が正常にプログラマティックアップロードされました
[19:43:14] [12.80s] [INFO] 📷 プログラマティック画像アップロード処理完了: 1枚処理
[19:43:14] [12.80s] [INFO] モバイル風待機: 1.19秒
[19:43:15] [13.99s] [INFO] 📝 [SIMPLE_FLOW] テキスト入力（1回のみ）
[19:43:15] [14.00s] [INFO] ⚡ [ULTRA_TYPE] 高速1文字1文字タイピング開始: 915文字
[19:43:15] [14.01s] [INFO] モバイル風待機: 0.26秒
[19:43:32] [31.23s] [INFO] ⚡ [ULTRA_TYPE] 高速タイピング完了: 16.958秒 (54.0文字/秒)
[19:43:33] [31.35s] [INFO] ✅ [ULTRA_TYPE] 高速タイピング成功: 915文字入力完了
[19:43:33] [31.35s] [INFO] 📝 [ULTRA_TYPE] 入力内容: 【ＣＡＩＣＡＤＩＧＩＴＡＬ(2315)】-6.02% 今週は決算期待後退と米株安で調整継続、需給逼迫...
[19:43:33] [31.35s] [INFO] 🎯 [SIMPLE_FLOW] テキストエリアにフォーカス維持
[19:43:33] [31.35s] [INFO] モバイル風待機: 0.65秒
[19:43:33] [32.00s] [INFO] ✅ モバイルテキスト入力完了: 【ＣＡＩＣＡＤＩＧＩＴＡＬ(2315)】-6.02% 今週は決算期待後退と米株安で調整継続、需給逼迫...
[19:43:33] [32.00s] [INFO] 🚀 [強化版] 実投稿モード: 確実な投稿ボタン探索開始
[19:43:33] [32.00s] [INFO] 🎯 [強化版] 投稿ボタン探索 試行 1/3
[19:43:33] [32.03s] [INFO] 📍 [強化版] ボタン発見: [data-testid="tweetButton"]
[19:43:33] [32.03s] [INFO]    可視: True, 有効: True, 接続: True
[19:43:33] [32.03s] [INFO]    テキスト: 'ポストする'
[19:43:33] [32.03s] [INFO] ✅ [強化版] 有効な投稿ボタン確認: [data-testid="tweetButton"]
[19:43:33] [32.03s] [INFO] 🎯 [SIMPLE_FLOW] 投稿ボタンクリック試行 1: [data-testid="tweetButton"]
[19:43:33] [32.03s] [INFO] 🎯 [SIMPLE_FLOW] フォーカス維持したままJSクリック
[19:43:33] [32.13s] [INFO] ✅ [SIMPLE_FLOW] JSクリック成功（フォーカス維持）
[19:43:33] [32.13s] [INFO] 🎉 [強化版] [ポストボタン確実クリック済み] 投稿処理成功
[19:43:33] [32.13s] [INFO] モバイル風待機: 3.11秒
[19:43:36] [35.24s] [INFO] 🔍 [POST-VALIDATION] 投稿完了後の最終確認開始
[19:43:36] [35.24s] [INFO] 📍 [POST-VALIDATION] 投稿後URL: https://x.com/compose/post
[19:43:36] [35.24s] [INFO] ✅ [POST-VALIDATION] ホーム画面への遷移確認
[19:43:36] [35.25s] [INFO] 📢 [POST-VALIDATION] 成功インジケーター発見: ポストが送信されました。編集できる時間は1時間以内です。
表示
[19:43:36] [35.25s] [INFO] ============================================================
[19:43:36] [35.25s] [INFO] 📊 [FINAL-SUMMARY] 投稿処理完了サマリー
[19:43:36] [35.25s] [INFO] ============================================================
[19:43:36] [35.25s] [INFO] 📝 投稿メッセージ長: 915文字
[19:43:36] [35.25s] [INFO] 📝 投稿メッセージ内容: 【ＣＡＩＣＡＤＩＧＩＴＡＬ(2315)】-6.02% 今週は決算期待後退と米株安で調整継続、需給逼迫も短期売り強まる

★今週の総括  
今週の株価変動幅は約-10.78%（最大下落幅）、週間騰落率は-6.02%となり、決算発表前の調整局面が続いた。

週初は大口投資家の買い増しやJPYCステーブルコイン関連の中長期的成長期待から上昇したものの、米国株市場の軟調や利益確定売りが重なり週中以降は下落...
[19:43:36] [35.25s] [INFO] 📷 画像アップロード: あり
[19:43:36] [35.25s] [INFO] 🌐 最終URL: https://x.com/compose/post
[19:43:36] [35.25s] [INFO] ⏰ 投稿完了時刻: 2025-09-07 19:43:36
[19:43:36] [35.25s] [INFO] ============================================================
[19:43:36] [35.25s] [INFO] ✅ === モバイル版投稿完了成功！ ===
[19:43:36] [35.25s] [INFO] 🧹 モバイルブラウザ クリーンアップ開始
[19:43:37] [36.24s] [INFO] ✅ モバイルコンテキストクローズ完了
[19:43:37] [36.25s] [INFO] ✅ Playwrightストップ完了

=== モバイルTwitterデバッグログ終了 ===
終了時刻: 2025-09-07 19:43:37
総実行時間: 36.25秒
============================================================
[19:43:37] [36.25s] [INFO] 📋 詳細デバッグログ保存完了: /Users/youmeiyuu/Desktop/kabu_ai/python/twitter_auto_post/debug_logs/mobile_twitter_debug_20250907_194301.log
