=== モバイルTwitterデバッグログ開始 ===
開始時刻: 2025-09-06 15:18:52
ログファイル: /Users/takahashimika/Dropbox/web_kabu_ai/python/twitter_auto_post/debug_logs/mobile_twitter_debug_20250906_151852.log
============================================================

[15:18:52] [0.00s] [INFO] モバイルプロファイルディレクトリ: /Users/takahashimika/Dropbox/web_kabu_ai/twitter_mobile_profile
[15:18:52] [0.00s] [INFO] 📱 モバイルブラウザ起動開始
[15:18:52] [0.57s] [INFO] ✅ Playwright インスタンス作成完了
[15:18:52] [0.57s] [INFO] ✅ 既存モバイルプロファイル発見: /Users/takahashimika/Dropbox/web_kabu_ai/twitter_mobile_profile
[15:18:52] [0.57s] [INFO] モバイル引数設定完了: 26個
[15:18:52] [0.57s] [INFO] モバイルコンテキスト作成中...
[15:18:55] [2.96s] [INFO] ✅ モバイルコンテキスト作成完了
[15:18:55] [2.96s] [INFO] 既存モバイルページを使用
[15:18:55] [2.98s] [INFO] ✅ モバイル偽装スクリプト適用完了
[15:18:55] [2.98s] [INFO] 📱 モバイルブラウザ起動成功
[15:18:55] [2.98s] [INFO] 📱 モバイル版Twitterに移動開始
[15:18:55] [2.98s] [INFO] アクセス先: https://mobile.twitter.com
[15:18:57] [4.78s] [INFO] ✅ ページ移動完了
[15:18:57] [4.78s] [INFO] モバイル風待機: 1.90秒
[15:18:59] [6.69s] [INFO] 現在のURL: https://x.com/
[15:18:59] [6.69s] [INFO] ページタイトル: ホーム / X
[15:18:59] [6.69s] [INFO] モバイルログイン状態チェック - URL: https://x.com/home
[15:18:59] [7.50s] [INFO] ✅ モバイルログイン要素発見: nav[role="navigation"]
[15:19:00] [7.86s] [INFO] ✅ モバイルログイン要素発見: [data-testid="primaryColumn"]
[15:19:00] [7.88s] [INFO] ✅ モバイルログイン要素発見: [aria-label*="ホーム"], [aria-label*="Home"]
[15:19:00] [7.88s] [INFO] ✅ モバイルログイン確認 (3個の要素)
[15:19:00] [7.88s] [INFO] 📱 モバイルツイート投稿開始 (テスト: False)
[15:19:00] [7.88s] [INFO] 投稿処理開始時のURL: https://x.com/home
[15:19:00] [8.01s] [INFO] ページ上のボタン要素数: 47
[15:19:00] [8.05s] [INFO] ボタン1: text='', aria-label='プロフィールメニュー meiteko', testid='DashButton_ProfileIcon_Link', href=''
[15:19:00] [8.08s] [INFO] ボタン2: text='', aria-label='前', testid='', href=''
[15:19:00] [8.11s] [INFO] ボタン3: text='', aria-label='次へ', testid='', href=''
[15:19:00] [8.14s] [INFO] ボタン4: text='', aria-label='前', testid='', href=''
[15:19:00] [8.17s] [INFO] ボタン5: text='+5.9万·【8周年】アズレンEXPO ', aria-label='ライブ放送、アズールレーン公式さんがホストしています、アズー', testid='', href=''
[15:19:00] [8.19s] [INFO] ボタン6: text='+4·作業適当', aria-label='スペース、ミルクさんがリスニング中、すめらぎ☕さんがホスト、', testid='', href=''
[15:19:00] [8.22s] [INFO] ボタン7: text='+2·同人AVやコスプレ雑談スピーカー誰', aria-label='スペース、ねこめし@東京メカクシ娘さんがホストしています、ね', testid='', href=''
[15:19:00] [8.25s] [INFO] ボタン8: text='', aria-label='次へ', testid='', href=''
[15:19:00] [8.28s] [INFO] ボタン9: text='新しいポストを表示', aria-label='新しいポストがあります。新しいポストに移動するには、ピリオド', testid='', href=''
[15:19:00] [8.30s] [INFO] ボタン10: text='', aria-label='ホームタイムラインに移動', testid='', href=''
[15:19:00] [8.32s] [INFO] モバイル投稿ボタン発見: [data-testid="FloatingActionButtons_Tweet_Button"]
[15:19:00] [8.32s] [INFO] モバイル風待機: 1.71秒
[15:19:02] [10.28s] [INFO] タップ成功
[15:19:02] [10.28s] [INFO] モバイル風待機: 2.54秒
[15:19:05] [12.83s] [INFO] モバイルテキストエリア発見: [data-testid="tweetTextarea_0"]
[15:19:05] [12.83s] [INFO] 📝 [SIMPLE_FLOW] 画像先・テキスト後の単純フロー
[15:19:05] [12.83s] [INFO] 📷 [SIMPLE_FLOW] 画像アップロード開始: 1枚
[15:19:05] [12.83s] [INFO] 画像1/1をアップロード中: /Users/takahashimika/Dropbox/web_kabu_ai/temp/base64_images/mobile_chart_82e38b54-406f-4cc7-9cd3-a014b9c6f3bd.png
[15:19:05] [12.86s] [INFO] 📝 [TEXT_CHECK] プログラマティック画像アップロード前_1: テキスト長=0, 内容=''
[15:19:05] [12.86s] [INFO] 📷 ファイルダイアログ回避モードで画像アップロード開始
[15:19:05] [12.87s] [INFO] ✅ 画像ファイル読み込み完了: 1157680 bytes
[15:19:05] [12.87s] [INFO] 🚀 プログラマティック画像アップロード実行: mobile_chart_82e38b54-406f-4cc7-9cd3-a014b9c6f3bd.png
[15:19:05] [13.01s] [INFO] ✅ プログラマティック画像アップロード成功: プログラマティック画像設定完了（ダイアログ回避）
[15:19:05] [13.01s] [INFO]   - Twitterターゲット発見: True
[15:19:05] [13.01s] [INFO]   - ファイル数: 0
[15:19:05] [13.01s] [INFO] モバイル風待機: 2.61秒
[15:19:08] [15.66s] [INFO] 📝 [TEXT_CHECK] プログラマティック画像アップロード後_1: テキスト長=0, 内容=''
[15:19:08] [15.68s] [INFO] ✅ 画像プレビュー確認: .r-1p0dtai img
[15:19:08] [15.68s] [INFO] ✅ 画像が正常にプログラマティックアップロードされました
[15:19:08] [15.68s] [INFO] 📷 プログラマティック画像アップロード処理完了: 1枚処理
[15:19:08] [15.68s] [INFO] モバイル風待機: 1.09秒
[15:19:09] [16.77s] [INFO] 📝 [SIMPLE_FLOW] テキスト入力（1回のみ）
[15:19:09] [16.77s] [INFO] 📝 [SIMPLE_TYPE] シンプルテキスト入力開始: 703文字
[15:19:09] [16.78s] [INFO] モバイル風待機: 0.47秒
[15:19:09] [17.26s] [INFO] ✅ [SIMPLE_TYPE] テキスト設定完了: 703文字
[15:19:09] [17.26s] [INFO] 🎯 [SIMPLE_FLOW] テキストエリアにフォーカス維持
[15:19:09] [17.27s] [INFO] モバイル風待機: 0.74秒
[15:19:10] [18.01s] [INFO] ✅ モバイルテキスト入力完了: 【ＦＲＯＮＴＥＯ(2158)】-2.99%

空売り圧力で900円割れ試す調整

★今日の流れと解説...
[15:19:10] [18.01s] [INFO] 🚀 [強化版] 実投稿モード: 確実な投稿ボタン探索開始
[15:19:10] [18.01s] [INFO] 🎯 [強化版] 投稿ボタン探索 試行 1/3
[15:19:10] [18.04s] [INFO] 📍 [強化版] ボタン発見: [data-testid="tweetButton"]
[15:19:10] [18.04s] [INFO]    可視: True, 有効: True, 接続: True
[15:19:10] [18.04s] [INFO]    テキスト: 'ポストする'
[15:19:10] [18.04s] [INFO] ✅ [強化版] 有効な投稿ボタン確認: [data-testid="tweetButton"]
[15:19:10] [18.04s] [INFO] 🎯 [SIMPLE_FLOW] 投稿ボタンクリック試行 1: [data-testid="tweetButton"]
[15:19:10] [18.04s] [INFO] ⏳ 投稿ボタンクリック前に20秒待機中...
[15:19:30] [38.04s] [INFO] ✅ 20秒待機完了
[15:19:30] [38.04s] [INFO] 🎯 [SIMPLE_FLOW] フォーカス維持したままJSクリック
[15:19:30] [38.05s] [INFO] ❌ [SIMPLE_FLOW] クリック例外: Page.evaluate: Target page, context or browser has been closed
[15:19:30] [38.05s] [INFO] 🔄 [SIMPLE_FLOW] フォールバック: 通常のJSクリック
[15:19:30] [38.05s] [INFO] ❌ [SIMPLE_FLOW] フォールバッククリックエラー: ElementHandle.evaluate: Target page, context or browser has been closed
[15:19:30] [38.05s] [INFO] ⏳ [強化版] 次の試行まで待機...
[15:19:30] [38.05s] [INFO] モバイル風待機: 2.41秒
[15:19:32] [40.46s] [INFO] 🎯 [強化版] 投稿ボタン探索 試行 2/3
[15:19:32] [40.46s] [INFO] ⚠️ [強化版] セレクター [data-testid="tweetButtonInline"] 検証エラー: Page.query_selector: Target page, context or browser has been closed
[15:19:32] [40.47s] [INFO] ⚠️ [強化版] セレクター [data-testid="tweetButton"] 検証エラー: Page.query_selector: Target page, context or browser has been closed
[15:19:32] [40.47s] [INFO] ⚠️ [強化版] セレクター button[data-testid="tweetButtonInline"] 検証エラー: Page.query_selector: Target page, context or browser has been closed
[15:19:32] [40.47s] [INFO] ⚠️ [強化版] セレクター button[data-testid="tweetButton"] 検証エラー: Page.query_selector: Target page, context or browser has been closed
[15:19:32] [40.47s] [INFO] ⚠️ [強化版] セレクター [role="button"][data-testid="tweetButtonInline"] 検証エラー: Page.query_selector: Target page, context or browser has been closed
[15:19:32] [40.47s] [INFO] ⚠️ [強化版] セレクター [role="button"][data-testid="tweetButton"] 検証エラー: Page.query_selector: Target page, context or browser has been closed
[15:19:32] [40.48s] [INFO] ⚠️ [強化版] セレクター button:has-text("ツイートする") 検証エラー: Page.query_selector: Target page, context or browser has been closed
[15:19:32] [40.48s] [INFO] ⚠️ [強化版] セレクター button:has-text("Tweet") 検証エラー: Page.query_selector: Target page, context or browser has been closed
[15:19:32] [40.48s] [INFO] ⚠️ [強化版] セレクター button:has-text("Post") 検証エラー: Page.query_selector: Target page, context or browser has been closed
[15:19:32] [40.48s] [INFO] ⚠️ [強化版] セレクター button:has-text("ポスト") 検証エラー: Page.query_selector: Target page, context or browser has been closed
[15:19:32] [40.48s] [INFO] ⚠️ [強化版] セレクター [aria-label*="ツイート"] 検証エラー: Page.query_selector: Target page, context or browser has been closed
[15:19:32] [40.49s] [INFO] ⚠️ [強化版] セレクター [aria-label*="Tweet"] 検証エラー: Page.query_selector: Target page, context or browser has been closed
[15:19:32] [40.49s] [INFO] ⚠️ [強化版] セレクター [aria-label*="Post"] 検証エラー: Page.query_selector: Target page, context or browser has been closed
[15:19:32] [40.49s] [INFO] ⚠️ [強化版] セレクター [aria-label*="ポスト"] 検証エラー: Page.query_selector: Target page, context or browser has been closed
[15:19:32] [40.49s] [INFO] ⚠️ [強化版] セレクター [role="button"][aria-label*="ツイート"] 検証エラー: Page.query_selector: Target page, context or browser has been closed
[15:19:32] [40.49s] [INFO] ⚠️ [強化版] セレクター [role="button"][aria-label*="Tweet"] 検証エラー: Page.query_selector: Target page, context or browser has been closed
[15:19:32] [40.49s] [INFO] ⚠️ [強化版] セレクター [role="button"][aria-label*="Post"] 検証エラー: Page.query_selector: Target page, context or browser has been closed
[15:19:32] [40.49s] [INFO] ⚠️ [強化版] セレクター [role="button"][aria-label*="ポスト"] 検証エラー: Page.query_selector: Target page, context or browser has been closed
[15:19:32] [40.50s] [INFO] ⚠️ [強化版] セレクター button[type="submit"] 検証エラー: Page.query_selector: Target page, context or browser has been closed
[15:19:32] [40.50s] [INFO] ⚠️ [強化版] セレクター button[class*="tweet"] 検証エラー: Page.query_selector: Target page, context or browser has been closed
[15:19:32] [40.50s] [INFO] ⚠️ [強化版] セレクター button[class*="post"] 検証エラー: Page.query_selector: Target page, context or browser has been closed
[15:19:32] [40.50s] [INFO] ⚠️ [強化版] セレクター .css-18t94o4.css-1dbjc4n.r-l5o3uw button 検証エラー: Page.query_selector: Target page, context or browser has been closed
[15:19:32] [40.50s] [INFO] ⚠️ [強化版] セレクター .css-175oi2r.r-sdzlij button 検証エラー: Page.query_selector: Target page, context or browser has been closed
[15:19:32] [40.51s] [INFO] ⚠️ [強化版] セレクター *[data-testid="tweetButtonInline"]:not([disabled]) 検証エラー: Page.query_selector: Target page, context or browser has been closed
[15:19:32] [40.51s] [INFO] ⚠️ [強化版] セレクター *[data-testid="tweetButton"]:not([disabled]) 検証エラー: Page.query_selector: Target page, context or browser has been closed
[15:19:32] [40.51s] [INFO] ❌ [強化版] 試行 2: 投稿ボタンが見つかりません
[15:19:32] [40.51s] [INFO] ⏳ [強化版] 次の試行まで待機...
[15:19:32] [40.51s] [INFO] モバイル風待機: 2.20秒
[15:19:35] [42.71s] [INFO] 🎯 [強化版] 投稿ボタン探索 試行 3/3
[15:19:35] [42.71s] [INFO] ⚠️ [強化版] セレクター [data-testid="tweetButtonInline"] 検証エラー: Page.query_selector: Target page, context or browser has been closed
[15:19:35] [42.71s] [INFO] ⚠️ [強化版] セレクター [data-testid="tweetButton"] 検証エラー: Page.query_selector: Target page, context or browser has been closed
[15:19:35] [42.72s] [INFO] ⚠️ [強化版] セレクター button[data-testid="tweetButtonInline"] 検証エラー: Page.query_selector: Target page, context or browser has been closed
[15:19:35] [42.72s] [INFO] ⚠️ [強化版] セレクター button[data-testid="tweetButton"] 検証エラー: Page.query_selector: Target page, context or browser has been closed
[15:19:35] [42.72s] [INFO] ⚠️ [強化版] セレクター [role="button"][data-testid="tweetButtonInline"] 検証エラー: Page.query_selector: Target page, context or browser has been closed
[15:19:35] [42.72s] [INFO] ⚠️ [強化版] セレクター [role="button"][data-testid="tweetButton"] 検証エラー: Page.query_selector: Target page, context or browser has been closed
[15:19:35] [42.72s] [INFO] ⚠️ [強化版] セレクター button:has-text("ツイートする") 検証エラー: Page.query_selector: Target page, context or browser has been closed
[15:19:35] [42.73s] [INFO] ⚠️ [強化版] セレクター button:has-text("Tweet") 検証エラー: Page.query_selector: Target page, context or browser has been closed
[15:19:35] [42.73s] [INFO] ⚠️ [強化版] セレクター button:has-text("Post") 検証エラー: Page.query_selector: Target page, context or browser has been closed
[15:19:35] [42.73s] [INFO] ⚠️ [強化版] セレクター button:has-text("ポスト") 検証エラー: Page.query_selector: Target page, context or browser has been closed
[15:19:35] [42.73s] [INFO] ⚠️ [強化版] セレクター [aria-label*="ツイート"] 検証エラー: Page.query_selector: Target page, context or browser has been closed
[15:19:35] [42.74s] [INFO] ⚠️ [強化版] セレクター [aria-label*="Tweet"] 検証エラー: Page.query_selector: Target page, context or browser has been closed
[15:19:35] [42.74s] [INFO] ⚠️ [強化版] セレクター [aria-label*="Post"] 検証エラー: Page.query_selector: Target page, context or browser has been closed
[15:19:35] [42.74s] [INFO] ⚠️ [強化版] セレクター [aria-label*="ポスト"] 検証エラー: Page.query_selector: Target page, context or browser has been closed
[15:19:35] [42.74s] [INFO] ⚠️ [強化版] セレクター [role="button"][aria-label*="ツイート"] 検証エラー: Page.query_selector: Target page, context or browser has been closed
[15:19:35] [42.75s] [INFO] ⚠️ [強化版] セレクター [role="button"][aria-label*="Tweet"] 検証エラー: Page.query_selector: Target page, context or browser has been closed
[15:19:35] [42.75s] [INFO] ⚠️ [強化版] セレクター [role="button"][aria-label*="Post"] 検証エラー: Page.query_selector: Target page, context or browser has been closed
[15:19:35] [42.75s] [INFO] ⚠️ [強化版] セレクター [role="button"][aria-label*="ポスト"] 検証エラー: Page.query_selector: Target page, context or browser has been closed
[15:19:35] [42.75s] [INFO] ⚠️ [強化版] セレクター button[type="submit"] 検証エラー: Page.query_selector: Target page, context or browser has been closed
[15:19:35] [42.75s] [INFO] ⚠️ [強化版] セレクター button[class*="tweet"] 検証エラー: Page.query_selector: Target page, context or browser has been closed
[15:19:35] [42.76s] [INFO] ⚠️ [強化版] セレクター button[class*="post"] 検証エラー: Page.query_selector: Target page, context or browser has been closed
[15:19:35] [42.76s] [INFO] ⚠️ [強化版] セレクター .css-18t94o4.css-1dbjc4n.r-l5o3uw button 検証エラー: Page.query_selector: Target page, context or browser has been closed
[15:19:35] [42.76s] [INFO] ⚠️ [強化版] セレクター .css-175oi2r.r-sdzlij button 検証エラー: Page.query_selector: Target page, context or browser has been closed
[15:19:35] [42.76s] [INFO] ⚠️ [強化版] セレクター *[data-testid="tweetButtonInline"]:not([disabled]) 検証エラー: Page.query_selector: Target page, context or browser has been closed
[15:19:35] [42.76s] [INFO] ⚠️ [強化版] セレクター *[data-testid="tweetButton"]:not([disabled]) 検証エラー: Page.query_selector: Target page, context or browser has been closed
[15:19:35] [42.76s] [INFO] ❌ [強化版] 試行 3: 投稿ボタンが見つかりません
[15:19:35] [42.76s] [INFO] 🔍 [強化版] 投稿ボタン発見失敗 - 詳細調査開始
[15:19:35] [42.77s] [INFO] 🔍 [強化版] 詳細調査エラー: Page.query_selector_all: Target page, context or browser has been closed
[15:19:35] [42.77s] [INFO] ❌ [強化版] 全ての試行が失敗しました
[15:19:35] [42.77s] [INFO] 🧹 モバイルブラウザ クリーンアップ開始
[15:19:35] [43.35s] [INFO] ✅ モバイルコンテキストクローズ完了
[15:19:35] [43.37s] [INFO] ✅ Playwrightストップ完了

=== モバイルTwitterデバッグログ終了 ===
終了時刻: 2025-09-06 15:19:35
総実行時間: 43.37秒
============================================================
[15:19:35] [43.37s] [INFO] 📋 詳細デバッグログ保存完了: /Users/takahashimika/Dropbox/web_kabu_ai/python/twitter_auto_post/debug_logs/mobile_twitter_debug_20250906_151852.log
