=== モバイルTwitterデバッグログ開始 ===
開始時刻: 2025-09-07 19:41:47
ログファイル: /Users/youmeiyuu/Desktop/kabu_ai/python/twitter_auto_post/debug_logs/mobile_twitter_debug_20250907_194147.log
============================================================

[19:41:47] [0.00s] [INFO] モバイルプロファイルディレクトリ: /Users/youmeiyuu/Desktop/kabu_ai/twitter_mobile_profile
[19:41:47] [0.00s] [INFO] 📱 モバイルブラウザ起動開始
[19:41:48] [0.38s] [INFO] ✅ Playwright インスタンス作成完了
[19:41:48] [0.38s] [INFO] ✅ 既存モバイルプロファイル発見: /Users/youmeiyuu/Desktop/kabu_ai/twitter_mobile_profile
[19:41:48] [0.38s] [INFO] モバイル引数設定完了: 26個
[19:41:48] [0.38s] [INFO] モバイルコンテキスト作成中...
[19:41:50] [2.32s] [INFO] ✅ モバイルコンテキスト作成完了
[19:41:50] [2.32s] [INFO] 既存モバイルページを使用
[19:41:50] [2.33s] [INFO] ✅ モバイル偽装スクリプト適用完了
[19:41:50] [2.33s] [INFO] 📱 モバイルブラウザ起動成功
[19:41:50] [2.33s] [INFO] 📱 モバイル版Twitterに移動開始
[19:41:50] [2.33s] [INFO] アクセス先: https://mobile.twitter.com
[19:41:51] [3.77s] [INFO] ✅ ページ移動完了
[19:41:51] [3.77s] [INFO] モバイル風待機: 2.16秒
[19:41:53] [5.95s] [INFO] 現在のURL: https://x.com/
[19:41:53] [5.96s] [INFO] ページタイトル: ホーム / X
[19:41:53] [5.96s] [INFO] モバイルログイン状態チェック - URL: https://x.com/home
[19:41:53] [5.98s] [INFO] ✅ モバイルログイン要素発見: nav[role="navigation"]
[19:41:53] [5.99s] [INFO] ✅ モバイルログイン要素発見: [data-testid="primaryColumn"]
[19:41:53] [5.99s] [INFO] ✅ モバイルログイン要素発見: [aria-label*="ホーム"], [aria-label*="Home"]
[19:41:53] [5.99s] [INFO] ✅ モバイルログイン確認 (3個の要素)
[19:41:53] [5.99s] [INFO] 📱 モバイルツイート投稿開始 (テスト: False)
[19:41:53] [5.99s] [INFO] 投稿処理開始時のURL: https://x.com/home
[19:41:53] [6.00s] [INFO] ページ上のボタン要素数: 8
[19:41:53] [6.01s] [INFO] ボタン1: text='', aria-label='プロフィールメニュー めいめい＠株わかりやすくまとめ・解説', testid='DashButton_ProfileIcon_Link', href=''
[19:41:53] [6.01s] [INFO] ボタン2: text='', aria-label='前', testid='', href=''
[19:41:53] [6.02s] [INFO] ボタン3: text='', aria-label='次へ', testid='', href=''
[19:41:53] [6.02s] [INFO] ボタン4: text='', aria-label='前', testid='', href=''
[19:41:53] [6.03s] [INFO] ボタン5: text='', aria-label='次へ', testid='', href=''
[19:41:53] [6.04s] [INFO] ボタン6: text='新しいポストを表示', aria-label='新しいポストがあります。新しいポストに移動するには、ピリオド', testid='', href=''
[19:41:53] [6.04s] [INFO] ボタン7: text='', aria-label='ホームタイムラインに移動', testid='', href=''
[19:41:53] [6.05s] [INFO] ボタン8: text='', aria-label='トレンドに移動', testid='', href=''
[19:41:53] [6.05s] [INFO] モバイル投稿ボタン発見: [data-testid="FloatingActionButtons_Tweet_Button"]
[19:41:53] [6.05s] [INFO] モバイル風待機: 1.66秒
[19:41:55] [7.81s] [INFO] タップ成功
[19:41:55] [7.81s] [INFO] モバイル風待機: 2.07秒
[19:41:57] [9.89s] [INFO] モバイルテキストエリア発見: [data-testid="tweetTextarea_0"]
[19:41:57] [9.89s] [INFO] 📝 [SIMPLE_FLOW] 画像先・テキスト後の単純フロー
[19:41:57] [9.89s] [INFO] 📷 [SIMPLE_FLOW] 画像アップロード開始: 1枚
[19:41:57] [9.89s] [INFO] 画像1/1をアップロード中: /Users/youmeiyuu/Desktop/kabu_ai/temp/base64_images/mobile_chart_ff156346-858a-4fba-9586-84f7267228e2.png
[19:41:57] [9.91s] [INFO] 📝 [TEXT_CHECK] プログラマティック画像アップロード前_1: テキスト長=0, 内容=''
[19:41:57] [9.91s] [INFO] 📷 ファイルダイアログ回避モードで画像アップロード開始
[19:41:57] [9.92s] [INFO] ✅ 画像ファイル読み込み完了: 1503900 bytes
[19:41:57] [9.92s] [INFO] 🚀 プログラマティック画像アップロード実行: mobile_chart_ff156346-858a-4fba-9586-84f7267228e2.png
[19:41:57] [9.99s] [INFO] ✅ プログラマティック画像アップロード成功: プログラマティック画像設定完了（ダイアログ回避）
[19:41:57] [9.99s] [INFO]   - Twitterターゲット発見: True
[19:41:57] [9.99s] [INFO]   - ファイル数: 0
[19:41:57] [9.99s] [INFO] モバイル風待機: 2.48秒
[19:42:00] [12.51s] [INFO] 📝 [TEXT_CHECK] プログラマティック画像アップロード後_1: テキスト長=0, 内容=''
[19:42:00] [12.52s] [INFO] ✅ 画像プレビュー確認: .r-1p0dtai img
[19:42:00] [12.52s] [INFO] ✅ 画像が正常にプログラマティックアップロードされました
[19:42:00] [12.52s] [INFO] 📷 プログラマティック画像アップロード処理完了: 1枚処理
[19:42:00] [12.52s] [INFO] モバイル風待機: 1.02秒
[19:42:01] [13.54s] [INFO] 📝 [SIMPLE_FLOW] テキスト入力（1回のみ）
[19:42:01] [13.54s] [INFO] ⚡ [ULTRA_TYPE] 高速1文字1文字タイピング開始: 817文字
[19:42:01] [13.55s] [INFO] モバイル風待機: 0.29秒
[19:42:16] [28.94s] [INFO] ⚡ [ULTRA_TYPE] 高速タイピング完了: 15.088秒 (54.1文字/秒)
[19:42:16] [29.05s] [INFO] ✅ [ULTRA_TYPE] 高速タイピング成功: 817文字入力完了
[19:42:16] [29.05s] [INFO] 📝 [ULTRA_TYPE] 入力内容: 【三菱ＵＦＪフィナンシャル・グループ(8306)】今週の総括:0.93% 政局不安と信用買い増加で需...
[19:42:16] [29.05s] [INFO] 🎯 [SIMPLE_FLOW] テキストエリアにフォーカス維持
[19:42:16] [29.06s] [INFO] モバイル風待機: 0.72秒
[19:42:17] [29.78s] [INFO] ✅ モバイルテキスト入力完了: 【三菱ＵＦＪフィナンシャル・グループ(8306)】今週の総括:0.93% 政局不安と信用買い増加で需...
[19:42:17] [29.78s] [INFO] 🚀 [強化版] 実投稿モード: 確実な投稿ボタン探索開始
[19:42:17] [29.78s] [INFO] 🎯 [強化版] 投稿ボタン探索 試行 1/3
[19:42:17] [29.79s] [INFO] 📍 [強化版] ボタン発見: [data-testid="tweetButton"]
[19:42:17] [29.79s] [INFO]    可視: True, 有効: True, 接続: True
[19:42:17] [29.79s] [INFO]    テキスト: 'ポストする'
[19:42:17] [29.79s] [INFO] ✅ [強化版] 有効な投稿ボタン確認: [data-testid="tweetButton"]
[19:42:17] [29.79s] [INFO] 🎯 [SIMPLE_FLOW] 投稿ボタンクリック試行 1: [data-testid="tweetButton"]
[19:42:17] [29.79s] [INFO] 🎯 [SIMPLE_FLOW] フォーカス維持したままJSクリック
[19:42:17] [29.89s] [INFO] ✅ [SIMPLE_FLOW] JSクリック成功（フォーカス維持）
[19:42:17] [29.89s] [INFO] 🎉 [強化版] [ポストボタン確実クリック済み] 投稿処理成功
[19:42:17] [29.89s] [INFO] モバイル風待機: 4.85秒
[19:42:22] [34.75s] [INFO] 🔍 [POST-VALIDATION] 投稿完了後の最終確認開始
[19:42:22] [34.75s] [INFO] 📍 [POST-VALIDATION] 投稿後URL: https://x.com/compose/post
[19:42:22] [34.75s] [INFO] ✅ [POST-VALIDATION] ホーム画面への遷移確認
[19:42:22] [34.76s] [INFO] 📢 [POST-VALIDATION] 成功インジケーター発見: ポストが送信されました。編集できる時間は1時間以内です。
表示
[19:42:22] [34.76s] [INFO] ============================================================
[19:42:22] [34.76s] [INFO] 📊 [FINAL-SUMMARY] 投稿処理完了サマリー
[19:42:22] [34.76s] [INFO] ============================================================
[19:42:22] [34.76s] [INFO] 📝 投稿メッセージ長: 817文字
[19:42:22] [34.76s] [INFO] 📝 投稿メッセージ内容: 【三菱ＵＦＪフィナンシャル・グループ(8306)】今週の総括:0.93% 政局不安と信用買い増加で需給改善期待

今週の株価変動幅は約4.5%、週間騰落率は+0.93%となった。週初の自民党総裁選の前倒し報道と石破総裁辞任観測により市場は波乱含みの動きを見せたが、週後半は信用買い残の増加もあり株価は安定した。米国株安の影響は限定的で、国内政治動向が株価変動の主因となった。

金融セクター全体は日銀...
[19:42:22] [34.76s] [INFO] 📷 画像アップロード: あり
[19:42:22] [34.76s] [INFO] 🌐 最終URL: https://x.com/compose/post
[19:42:22] [34.76s] [INFO] ⏰ 投稿完了時刻: 2025-09-07 19:42:22
[19:42:22] [34.76s] [INFO] ============================================================
[19:42:22] [34.76s] [INFO] ✅ === モバイル版投稿完了成功！ ===
[19:42:22] [34.76s] [INFO] 🧹 モバイルブラウザ クリーンアップ開始
[19:42:23] [35.47s] [INFO] ✅ モバイルコンテキストクローズ完了
[19:42:23] [35.48s] [INFO] ✅ Playwrightストップ完了

=== モバイルTwitterデバッグログ終了 ===
終了時刻: 2025-09-07 19:42:23
総実行時間: 35.48秒
============================================================
[19:42:23] [35.48s] [INFO] 📋 詳細デバッグログ保存完了: /Users/youmeiyuu/Desktop/kabu_ai/python/twitter_auto_post/debug_logs/mobile_twitter_debug_20250907_194147.log
