=== モバイルTwitterデバッグログ開始 ===
開始時刻: 2025-08-18 00:01:32
ログファイル: /Users/takahashimika/Dropbox/web_kabu_ai/python/twitter_auto_post/debug_logs/mobile_twitter_debug_20250818_000132.log
============================================================

[00:01:32] [0.00s] [INFO] モバイルプロファイルディレクトリ: /Users/takahashimika/Dropbox/web_kabu_ai/twitter_mobile_profile
[00:01:32] [0.00s] [INFO] 📱 モバイルブラウザ起動開始
[00:01:33] [1.06s] [INFO] ✅ Playwright インスタンス作成完了
[00:01:33] [1.06s] [INFO] ✅ 既存モバイルプロファイル発見: /Users/takahashimika/Dropbox/web_kabu_ai/twitter_mobile_profile
[00:01:33] [1.06s] [INFO] モバイル引数設定完了: 26個
[00:01:33] [1.06s] [INFO] モバイルコンテキスト作成中...
[00:01:36] [3.87s] [INFO] ✅ モバイルコンテキスト作成完了
[00:01:36] [3.87s] [INFO] 既存モバイルページを使用
[00:01:36] [3.90s] [INFO] ✅ モバイル偽装スクリプト適用完了
[00:01:36] [3.90s] [INFO] 📱 モバイルブラウザ起動成功
[00:01:36] [3.90s] [INFO] 📱 モバイル版Twitterに移動開始
[00:01:36] [3.90s] [INFO] アクセス先: https://mobile.twitter.com
[00:01:38] [5.68s] [INFO] ✅ ページ移動完了
[00:01:38] [5.68s] [INFO] モバイル風待機: 1.64秒
[00:01:39] [7.33s] [INFO] 現在のURL: https://x.com/
[00:01:39] [7.33s] [INFO] ページタイトル: ホーム / X
[00:01:39] [7.33s] [INFO] モバイルログイン状態チェック - URL: https://x.com/home
[00:01:39] [7.40s] [INFO] ✅ モバイルログイン要素発見: nav[role="navigation"]
[00:01:39] [7.42s] [INFO] ✅ モバイルログイン要素発見: [data-testid="primaryColumn"]
[00:01:39] [7.44s] [INFO] ✅ モバイルログイン要素発見: [aria-label*="ホーム"], [aria-label*="Home"]
[00:01:39] [7.44s] [INFO] ✅ モバイルログイン確認 (3個の要素)
[00:01:39] [7.44s] [INFO] 📱 モバイルツイート投稿開始 (テスト: True)
[00:01:39] [7.44s] [INFO] 投稿処理開始時のURL: https://x.com/home
[00:01:39] [7.47s] [INFO] ページ上のボタン要素数: 8
[00:01:39] [7.51s] [INFO] ボタン1: text='', aria-label='プロフィールメニュー めいめい＠株わかりやすくまとめ・解説', testid='DashButton_ProfileIcon_Link', href=''
[00:01:39] [7.54s] [INFO] ボタン2: text='', aria-label='前', testid='', href=''
[00:01:39] [7.56s] [INFO] ボタン3: text='', aria-label='次へ', testid='', href=''
[00:01:39] [7.58s] [INFO] ボタン4: text='', aria-label='前', testid='', href=''
[00:01:39] [7.60s] [INFO] ボタン5: text='', aria-label='次へ', testid='', href=''
[00:01:40] [7.63s] [INFO] ボタン6: text='新しいポストを表示', aria-label='新しいポストがあります。新しいポストに移動するには、ピリオド', testid='', href=''
[00:01:40] [7.65s] [INFO] ボタン7: text='', aria-label='ホームタイムラインに移動', testid='', href=''
[00:01:40] [7.67s] [INFO] ボタン8: text='', aria-label='トレンドに移動', testid='', href=''
[00:01:40] [7.68s] [INFO] モバイル投稿ボタン発見: [data-testid="FloatingActionButtons_Tweet_Button"]
[00:01:40] [7.68s] [INFO] モバイル風待機: 1.52秒
[00:01:42] [9.70s] [INFO] タップ成功
[00:01:42] [9.70s] [INFO] モバイル風待機: 2.87秒
[00:01:44] [12.58s] [INFO] モバイルテキストエリア発見: [data-testid="tweetTextarea_0"]
[00:01:44] [12.59s] [INFO] 📷 画像アップロード開始: 1枚
[00:01:45] [12.62s] [INFO] 📝 [TEXT_CHECK] 画像アップロード前: テキスト長=0, 内容=''
[00:01:45] [12.62s] [INFO] 画像1/1をアップロード中: /Users/takahashimika/Dropbox/web_kabu_ai/temp/base64_images/mobile_chart_432a7b89-7888-4331-9ea7-6784f67df54f.png
[00:01:45] [12.65s] [INFO] 📝 [TEXT_CHECK] プログラマティック画像アップロード前_1: テキスト長=0, 内容=''
[00:01:45] [12.65s] [INFO] 📷 ファイルダイアログ回避モードで画像アップロード開始
[00:01:45] [12.66s] [INFO] ✅ 画像ファイル読み込み完了: 1469632 bytes
[00:01:45] [12.66s] [INFO] 🚀 プログラマティック画像アップロード実行: mobile_chart_432a7b89-7888-4331-9ea7-6784f67df54f.png
[00:01:45] [12.84s] [INFO] ✅ プログラマティック画像アップロード成功: プログラマティック画像設定完了（ダイアログ回避）
[00:01:45] [12.84s] [INFO]   - Twitterターゲット発見: True
[00:01:45] [12.84s] [INFO]   - ファイル数: 0
[00:01:45] [12.84s] [INFO] モバイル風待機: 2.33秒
[00:01:47] [15.21s] [INFO] 📝 [TEXT_CHECK] プログラマティック画像アップロード後_1: テキスト長=0, 内容=''
[00:01:47] [15.23s] [INFO] ✅ 画像プレビュー確認: .r-1p0dtai img
[00:01:47] [15.23s] [INFO] ✅ 画像が正常にプログラマティックアップロードされました
[00:01:47] [15.23s] [INFO] 📷 プログラマティック画像アップロード処理完了: 1枚処理
[00:01:47] [15.26s] [INFO] 📝 [TEXT_CHECK] 画像アップロード後: テキスト長=0, 内容=''
[00:01:47] [15.26s] [INFO] 📝 テキスト入力開始前の状態チェック
[00:01:47] [15.31s] [INFO] 📝 [TEXT_CHECK] テキスト入力開始前: テキスト長=0, 内容=''
[00:01:47] [15.31s] [INFO] 🎯 [DEBUG] mobile_type開始: clear_first=False, text='【インフォメティス(281A)】-2.25% 今週は決算懸念と米株安で調整継続

今週の株価変動幅は...'
[00:01:47] [15.31s] [INFO] モバイル風待機: 0.43秒
[00:01:48] [15.75s] [INFO] 📝 JavaScript直接入力開始: '【インフォメティス(281A)】-2.25% 今週は決算懸念と米株安で調整継続

今週の株価変動幅は...'
[00:01:48] [15.77s] [INFO] 🔧 [DEBUG] モバイルJS設定結果 - before: '', after: '【インフォメティス(281A)】-2.25% 今週は決算懸念と米株安で調整継続

今週の株価変動幅は...'
[00:01:48] [15.77s] [INFO] ✅ JavaScript直接入力完了: '【インフォメティス(281A)】-2.25% 今週は決算懸念と米株安で調整継続

今週の株価変動幅は...'
[00:01:48] [15.78s] [INFO] モバイル風待機: 0.76秒
[00:01:48] [16.54s] [INFO] 🎯 [DEBUG] モバイル最終結果: ''
[00:01:48] [16.54s] [INFO] 📝 テキスト入力完了後の状態チェック
[00:01:48] [16.56s] [INFO] 📝 [TEXT_CHECK] テキスト入力完了後: テキスト長=0, 内容=''
[00:01:48] [16.56s] [INFO] ✅ モバイルテキスト入力完了: 【インフォメティス(281A)】-2.25% 今週は決算懸念と米株安で調整継続

今週の株価変動幅は...
[00:01:48] [16.57s] [INFO] 🚫 実投稿モード: 投稿直前で停止（投稿処理はコメントアウト中）
[00:01:48] [16.57s] [INFO] ✅ モバイルテキスト入力完了
[00:01:48] [16.57s] [INFO] 🧹 モバイルブラウザ クリーンアップ開始
[00:01:49] [17.11s] [INFO] ✅ モバイルコンテキストクローズ完了
[00:01:49] [17.14s] [INFO] ✅ Playwrightストップ完了

=== モバイルTwitterデバッグログ終了 ===
終了時刻: 2025-08-18 00:01:49
総実行時間: 17.14秒
============================================================
[00:01:49] [17.14s] [INFO] 📋 詳細デバッグログ保存完了: /Users/takahashimika/Dropbox/web_kabu_ai/python/twitter_auto_post/debug_logs/mobile_twitter_debug_20250818_000132.log
