=== モバイルTwitterデバッグログ開始 ===
開始時刻: 2025-09-07 22:03:10
ログファイル: /Users/youmeiyuu/Desktop/kabu_ai/python/twitter_auto_post/debug_logs/mobile_twitter_debug_20250907_220310.log
============================================================

[22:03:10] [0.00s] [INFO] モバイルプロファイルディレクトリ: /Users/youmeiyuu/Desktop/kabu_ai/twitter_mobile_profile
[22:03:10] [0.00s] [INFO] 📱 モバイルブラウザ起動開始
[22:03:10] [0.37s] [INFO] ✅ Playwright インスタンス作成完了
[22:03:10] [0.37s] [INFO] ✅ 既存モバイルプロファイル発見: /Users/youmeiyuu/Desktop/kabu_ai/twitter_mobile_profile
[22:03:10] [0.37s] [INFO] モバイル引数設定完了: 26個
[22:03:10] [0.37s] [INFO] モバイルコンテキスト作成中...
[22:03:12] [2.11s] [INFO] ✅ モバイルコンテキスト作成完了
[22:03:12] [2.11s] [INFO] 既存モバイルページを使用
[22:03:12] [2.13s] [INFO] ✅ モバイル偽装スクリプト適用完了
[22:03:12] [2.13s] [INFO] 📱 モバイルブラウザ起動成功
[22:03:12] [2.13s] [INFO] 📱 モバイル版Twitterに移動開始
[22:03:12] [2.13s] [INFO] アクセス先: https://mobile.twitter.com
[22:03:13] [3.30s] [INFO] ✅ ページ移動完了
[22:03:13] [3.30s] [INFO] モバイル風待機: 1.22秒
[22:03:14] [4.53s] [INFO] 現在のURL: https://x.com/
[22:03:14] [4.53s] [INFO] ページタイトル: ホーム / X
[22:03:14] [4.53s] [INFO] モバイルログイン状態チェック - URL: https://x.com/home
[22:03:14] [4.57s] [INFO] ✅ モバイルログイン要素発見: nav[role="navigation"]
[22:03:14] [4.58s] [INFO] ✅ モバイルログイン要素発見: [data-testid="primaryColumn"]
[22:03:14] [4.58s] [INFO] ✅ モバイルログイン要素発見: [aria-label*="ホーム"], [aria-label*="Home"]
[22:03:14] [4.58s] [INFO] ✅ モバイルログイン確認 (3個の要素)
[22:03:14] [4.58s] [INFO] 📱 モバイルツイート投稿開始 (テスト: False)
[22:03:14] [4.58s] [INFO] 投稿処理開始時のURL: https://x.com/home
[22:03:14] [4.59s] [INFO] ページ上のボタン要素数: 8
[22:03:14] [4.60s] [INFO] ボタン1: text='', aria-label='プロフィールメニュー めいめい＠株わかりやすくまとめ・解説', testid='DashButton_ProfileIcon_Link', href=''
[22:03:14] [4.61s] [INFO] ボタン2: text='', aria-label='前', testid='', href=''
[22:03:14] [4.61s] [INFO] ボタン3: text='', aria-label='次へ', testid='', href=''
[22:03:14] [4.62s] [INFO] ボタン4: text='', aria-label='前', testid='', href=''
[22:03:14] [4.62s] [INFO] ボタン5: text='', aria-label='次へ', testid='', href=''
[22:03:14] [4.63s] [INFO] ボタン6: text='新しいポストを表示', aria-label='新しいポストがあります。新しいポストに移動するには、ピリオド', testid='', href=''
[22:03:14] [4.63s] [INFO] ボタン7: text='', aria-label='ホームタイムラインに移動', testid='', href=''
[22:03:14] [4.64s] [INFO] ボタン8: text='', aria-label='トレンドに移動', testid='', href=''
[22:03:14] [4.64s] [INFO] モバイル投稿ボタン発見: [data-testid="FloatingActionButtons_Tweet_Button"]
[22:03:14] [4.64s] [INFO] モバイル風待機: 1.06秒
[22:03:15] [5.78s] [INFO] タップ成功
[22:03:15] [5.78s] [INFO] モバイル風待機: 2.39秒
[22:03:18] [8.19s] [INFO] モバイルテキストエリア発見: [data-testid="tweetTextarea_0"]
[22:03:18] [8.19s] [INFO] 📝 [SIMPLE_FLOW] 画像先・テキスト後の単純フロー
[22:03:18] [8.19s] [INFO] 📷 [SIMPLE_FLOW] 画像アップロード開始: 1枚
[22:03:18] [8.19s] [INFO] 画像1/1をアップロード中: /Users/youmeiyuu/Desktop/kabu_ai/temp/base64_images/mobile_chart_245b2584-543a-48c6-b01d-933baad55f33.png
[22:03:18] [8.21s] [INFO] 📝 [TEXT_CHECK] プログラマティック画像アップロード前_1: テキスト長=0, 内容=''
[22:03:18] [8.21s] [INFO] 📷 ファイルダイアログ回避モードで画像アップロード開始
[22:03:18] [8.22s] [INFO] ✅ 画像ファイル読み込み完了: 1473536 bytes
[22:03:18] [8.22s] [INFO] 🚀 プログラマティック画像アップロード実行: mobile_chart_245b2584-543a-48c6-b01d-933baad55f33.png
[22:03:18] [8.29s] [INFO] ✅ プログラマティック画像アップロード成功: プログラマティック画像設定完了（ダイアログ回避）
[22:03:18] [8.29s] [INFO]   - Twitterターゲット発見: True
[22:03:18] [8.29s] [INFO]   - ファイル数: 0
[22:03:18] [8.29s] [INFO] モバイル風待機: 2.68秒
[22:03:21] [11.01s] [INFO] 📝 [TEXT_CHECK] プログラマティック画像アップロード後_1: テキスト長=0, 内容=''
[22:03:21] [11.02s] [INFO] ✅ 画像プレビュー確認: .r-1p0dtai img
[22:03:21] [11.02s] [INFO] ✅ 画像が正常にプログラマティックアップロードされました
[22:03:21] [11.02s] [INFO] 📷 プログラマティック画像アップロード処理完了: 1枚処理
[22:03:21] [11.02s] [INFO] モバイル風待機: 1.19秒
[22:03:22] [12.21s] [INFO] 📝 [SIMPLE_FLOW] テキスト入力（1回のみ）
[22:03:22] [12.21s] [INFO] ⚡ [ULTRA_TYPE] 高速1文字1文字タイピング開始: 732文字
[22:03:22] [12.22s] [INFO] モバイル風待機: 0.27秒
[22:03:33] [23.43s] [INFO] ⚡ [ULTRA_TYPE] 高速タイピング完了: 10.921秒 (67.0文字/秒)
[22:03:33] [23.54s] [INFO] ✅ [ULTRA_TYPE] 高速タイピング成功: 732文字入力完了
[22:03:33] [23.54s] [INFO] 📝 [ULTRA_TYPE] 入力内容: 【海帆(3133)】-1.59% 増資懸念と米国株安で売り圧力強まる

今週の株価変動幅：679円～...
[22:03:33] [23.54s] [INFO] 🎯 [SIMPLE_FLOW] テキストエリアにフォーカス維持
[22:03:33] [23.54s] [INFO] モバイル風待機: 0.60秒
[22:03:34] [24.15s] [INFO] ✅ モバイルテキスト入力完了: 【海帆(3133)】-1.59% 増資懸念と米国株安で売り圧力強まる

今週の株価変動幅：679円～...
[22:03:34] [24.15s] [INFO] 🚀 [強化版] 実投稿モード: 確実な投稿ボタン探索開始
[22:03:34] [24.15s] [INFO] 🎯 [強化版] 投稿ボタン探索 試行 1/3
[22:03:34] [24.17s] [INFO] 📍 [強化版] ボタン発見: [data-testid="tweetButton"]
[22:03:34] [24.17s] [INFO]    可視: True, 有効: True, 接続: True
[22:03:34] [24.17s] [INFO]    テキスト: 'ポストする'
[22:03:34] [24.17s] [INFO] ✅ [強化版] 有効な投稿ボタン確認: [data-testid="tweetButton"]
[22:03:34] [24.17s] [INFO] 🎯 [SIMPLE_FLOW] 投稿ボタンクリック試行 1: [data-testid="tweetButton"]
[22:03:34] [24.17s] [INFO] 🎯 [SIMPLE_FLOW] フォーカス維持したままJSクリック
[22:03:34] [24.25s] [INFO] ✅ [SIMPLE_FLOW] JSクリック成功（フォーカス維持）
[22:03:34] [24.25s] [INFO] 🎉 [強化版] [ポストボタン確実クリック済み] 投稿処理成功
[22:03:34] [24.25s] [INFO] モバイル風待機: 3.40秒
[22:03:37] [27.65s] [INFO] 🔍 [POST-VALIDATION] 投稿完了後の最終確認開始
[22:03:37] [27.65s] [INFO] 📍 [POST-VALIDATION] 投稿後URL: https://x.com/compose/post
[22:03:37] [27.65s] [INFO] ✅ [POST-VALIDATION] ホーム画面への遷移確認
[22:03:37] [27.67s] [INFO] 📢 [POST-VALIDATION] 成功インジケーター発見: ポストが送信されました。編集できる時間は1時間以内です。
表示
[22:03:37] [27.67s] [INFO] ============================================================
[22:03:37] [27.67s] [INFO] 📊 [FINAL-SUMMARY] 投稿処理完了サマリー
[22:03:37] [27.67s] [INFO] ============================================================
[22:03:37] [27.67s] [INFO] 📝 投稿メッセージ長: 732文字
[22:03:37] [27.67s] [INFO] 📝 投稿メッセージ内容: 【海帆(3133)】-1.59% 増資懸念と米国株安で売り圧力強まる

今週の株価変動幅：679円～710円  
週間騰落率：-1.59%

★今週の総括  
今週の海帆株は増資懸念と多角経営の不透明感が重しとなり、米国株安の連動もあって下落基調。短期的な乱高下が目立つ一方、長期的な成長シナリオは依然として明確でない状態が続く。

再生可能エネルギーセクター全体は堅調だが、同社の業績寄与は限定的で...
[22:03:37] [27.67s] [INFO] 📷 画像アップロード: あり
[22:03:37] [27.67s] [INFO] 🌐 最終URL: https://x.com/compose/post
[22:03:37] [27.67s] [INFO] ⏰ 投稿完了時刻: 2025-09-07 22:03:37
[22:03:37] [27.67s] [INFO] ============================================================
[22:03:37] [27.67s] [INFO] ✅ === モバイル版投稿完了成功！ ===
[22:03:37] [27.67s] [INFO] 🧹 モバイルブラウザ クリーンアップ開始
[22:03:38] [28.10s] [INFO] ✅ モバイルコンテキストクローズ完了
[22:03:38] [28.10s] [INFO] ✅ Playwrightストップ完了

=== モバイルTwitterデバッグログ終了 ===
終了時刻: 2025-09-07 22:03:38
総実行時間: 28.10秒
============================================================
[22:03:38] [28.10s] [INFO] 📋 詳細デバッグログ保存完了: /Users/youmeiyuu/Desktop/kabu_ai/python/twitter_auto_post/debug_logs/mobile_twitter_debug_20250907_220310.log
