=== モバイルTwitterデバッグログ開始 ===
開始時刻: 2025-09-06 12:23:26
ログファイル: /Users/takahashimika/Dropbox/web_kabu_ai/python/twitter_auto_post/debug_logs/mobile_twitter_debug_20250906_122326.log
============================================================

[12:23:26] [0.00s] [INFO] モバイルプロファイルディレクトリ: /Users/takahashimika/Dropbox/web_kabu_ai/twitter_mobile_profile
[12:23:26] [0.00s] [INFO] 📱 モバイルブラウザ起動開始
[12:23:27] [0.80s] [INFO] ✅ Playwright インスタンス作成完了
[12:23:27] [0.80s] [INFO] ✅ 既存モバイルプロファイル発見: /Users/takahashimika/Dropbox/web_kabu_ai/twitter_mobile_profile
[12:23:27] [0.80s] [INFO] モバイル引数設定完了: 26個
[12:23:27] [0.80s] [INFO] モバイルコンテキスト作成中...
[12:23:29] [3.09s] [INFO] ✅ モバイルコンテキスト作成完了
[12:23:29] [3.09s] [INFO] 既存モバイルページを使用
[12:23:29] [3.13s] [INFO] ✅ モバイル偽装スクリプト適用完了
[12:23:29] [3.13s] [INFO] 📱 モバイルブラウザ起動成功
[12:23:29] [3.13s] [INFO] 📱 モバイル版Twitterに移動開始
[12:23:29] [3.13s] [INFO] アクセス先: https://mobile.twitter.com
[12:23:31] [4.84s] [INFO] ✅ ページ移動完了
[12:23:31] [4.84s] [INFO] モバイル風待機: 1.85秒
[12:23:33] [6.70s] [INFO] 現在のURL: https://x.com/
[12:23:33] [6.70s] [INFO] ページタイトル: ホーム / X
[12:23:33] [6.70s] [INFO] モバイルログイン状態チェック - URL: https://x.com/home
[12:23:33] [6.75s] [INFO] ✅ モバイルログイン要素発見: nav[role="navigation"]
[12:23:33] [6.76s] [INFO] ✅ モバイルログイン要素発見: [data-testid="primaryColumn"]
[12:23:33] [6.78s] [INFO] ✅ モバイルログイン要素発見: [aria-label*="ホーム"], [aria-label*="Home"]
[12:23:33] [6.78s] [INFO] ✅ モバイルログイン確認 (3個の要素)
[12:23:33] [6.78s] [INFO] 📱 モバイルツイート投稿開始 (テスト: False)
[12:23:33] [6.78s] [INFO] 投稿処理開始時のURL: https://x.com/home
[12:23:33] [6.86s] [INFO] ページ上のボタン要素数: 8
[12:23:33] [6.88s] [INFO] ボタン1: text='', aria-label='プロフィールメニュー meiteko', testid='DashButton_ProfileIcon_Link', href=''
[12:23:33] [6.91s] [INFO] ボタン2: text='', aria-label='前', testid='', href=''
[12:23:33] [6.95s] [INFO] ボタン3: text='', aria-label='次へ', testid='', href=''
[12:23:33] [6.97s] [INFO] ボタン4: text='', aria-label='前', testid='', href=''
[12:23:33] [7.00s] [INFO] ボタン5: text='', aria-label='次へ', testid='', href=''
[12:23:33] [7.04s] [INFO] ボタン6: text='新しいポストを表示', aria-label='新しいポストがあります。新しいポストに移動するには、ピリオド', testid='', href=''
[12:23:33] [7.33s] [INFO] ボタン7: text='', aria-label='ホームタイムラインに移動', testid='', href=''
[12:23:33] [7.35s] [INFO] ボタン8: text='', aria-label='トレンドに移動', testid='', href=''
[12:23:33] [7.37s] [INFO] モバイル投稿ボタン発見: [data-testid="FloatingActionButtons_Tweet_Button"]
[12:23:33] [7.37s] [INFO] モバイル風待機: 1.72秒
[12:23:35] [9.26s] [INFO] タップ成功
[12:23:35] [9.26s] [INFO] モバイル風待機: 2.93秒
[12:23:38] [12.22s] [INFO] モバイルテキストエリア発見: [data-testid="tweetTextarea_0"]
[12:23:38] [12.22s] [INFO] 📝 [SIMPLE_FLOW] 画像先・テキスト後の単純フロー
[12:23:38] [12.22s] [INFO] 📷 [SIMPLE_FLOW] 画像アップロード開始: 1枚
[12:23:38] [12.22s] [INFO] 画像1/1をアップロード中: /Users/takahashimika/Dropbox/web_kabu_ai/temp/base64_images/mobile_chart_80c5feb8-06db-4773-8e0e-a07410ace9a9.png
[12:23:38] [12.25s] [INFO] 📝 [TEXT_CHECK] プログラマティック画像アップロード前_1: テキスト長=0, 内容=''
[12:23:38] [12.25s] [INFO] 📷 ファイルダイアログ回避モードで画像アップロード開始
[12:23:38] [12.26s] [INFO] ✅ 画像ファイル読み込み完了: 1437048 bytes
[12:23:38] [12.26s] [INFO] 🚀 プログラマティック画像アップロード実行: mobile_chart_80c5feb8-06db-4773-8e0e-a07410ace9a9.png
[12:23:38] [12.45s] [INFO] ✅ プログラマティック画像アップロード成功: プログラマティック画像設定完了（ダイアログ回避）
[12:23:38] [12.45s] [INFO]   - Twitterターゲット発見: True
[12:23:38] [12.45s] [INFO]   - ファイル数: 0
[12:23:38] [12.45s] [INFO] モバイル風待機: 2.69秒
[12:23:41] [15.17s] [INFO] 📝 [TEXT_CHECK] プログラマティック画像アップロード後_1: テキスト長=0, 内容=''
[12:23:41] [15.20s] [INFO] ✅ 画像プレビュー確認: .r-1p0dtai img
[12:23:41] [15.20s] [INFO] ✅ 画像が正常にプログラマティックアップロードされました
[12:23:41] [15.20s] [INFO] 📷 プログラマティック画像アップロード処理完了: 1枚処理
[12:23:41] [15.20s] [INFO] モバイル風待機: 1.36秒
[12:23:42] [16.57s] [INFO] 📝 [SIMPLE_FLOW] テキスト入力（1回のみ）
[12:23:42] [16.57s] [INFO] 📝 [SIMPLE_TYPE] シンプルテキスト入力開始: 703文字
[12:23:43] [16.57s] [INFO] モバイル風待機: 0.35秒
[12:23:43] [16.94s] [INFO] ✅ [SIMPLE_TYPE] テキスト設定完了: 703文字
[12:23:43] [16.94s] [INFO] 🎯 [SIMPLE_FLOW] テキストエリアにフォーカス維持
[12:23:43] [16.95s] [INFO] モバイル風待機: 0.53秒
[12:23:43] [17.48s] [INFO] ✅ モバイルテキスト入力完了: 【ＦＲＯＮＴＥＯ(2158)】-2.99%

空売り圧力で900円割れ試す調整

★今日の流れと解説...
[12:23:43] [17.48s] [INFO] 🚀 [強化版] 実投稿モード: 確実な投稿ボタン探索開始
[12:23:43] [17.48s] [INFO] 🎯 [強化版] 投稿ボタン探索 試行 1/3
[12:23:43] [17.51s] [INFO] 📍 [強化版] ボタン発見: [data-testid="tweetButton"]
[12:23:43] [17.51s] [INFO]    可視: True, 有効: True, 接続: True
[12:23:43] [17.51s] [INFO]    テキスト: 'ポストする'
[12:23:43] [17.51s] [INFO] ✅ [強化版] 有効な投稿ボタン確認: [data-testid="tweetButton"]
[12:23:43] [17.51s] [INFO] 🎯 [SIMPLE_FLOW] 投稿ボタンクリック試行 1: [data-testid="tweetButton"]
[12:23:43] [17.51s] [INFO] 🎯 [SIMPLE_FLOW] フォーカス維持したままJSクリック
[12:23:44] [17.58s] [INFO] ✅ [SIMPLE_FLOW] JSクリック成功（フォーカス維持）
[12:23:44] [17.58s] [INFO] 🎉 [強化版] [ポストボタン確実クリック済み] 投稿処理成功
[12:23:44] [17.58s] [INFO] モバイル風待機: 3.39秒
[12:23:47] [20.97s] [INFO] 🔍 [POST-VALIDATION] 投稿完了後の最終確認開始
[12:23:47] [20.98s] [INFO] 📍 [POST-VALIDATION] 投稿後URL: https://x.com/compose/post
[12:23:47] [20.98s] [INFO] ✅ [POST-VALIDATION] ホーム画面への遷移確認
[12:23:47] [20.99s] [INFO] 📢 [POST-VALIDATION] 成功インジケーター発見: ポストを送信しました。
表示
[12:23:47] [20.99s] [INFO] ============================================================
[12:23:47] [20.99s] [INFO] 📊 [FINAL-SUMMARY] 投稿処理完了サマリー
[12:23:47] [20.99s] [INFO] ============================================================
[12:23:47] [20.99s] [INFO] 📝 投稿メッセージ長: 703文字
[12:23:47] [20.99s] [INFO] 📝 投稿メッセージ内容: 【ＦＲＯＮＴＥＯ(2158)】-2.99%

空売り圧力で900円割れ試す調整

★今日の流れと解説  
前日大幅高の反動で利益確定が進み、一時900円を割り込む場面が見られた。出来高は増加し、短期的な需給調整局面となった。膵臓がん治療の研究成果など長期的期待は変わらず、投資家は冷静な判断が必要。

  

■今日のニュース内容  
⑴ AI創薬技術の進展と塩野義製薬との共同開発による認知症判定A...
[12:23:47] [20.99s] [INFO] 📷 画像アップロード: あり
[12:23:47] [20.99s] [INFO] 🌐 最終URL: https://x.com/compose/post
[12:23:47] [20.99s] [INFO] ⏰ 投稿完了時刻: 2025-09-06 12:23:47
[12:23:47] [20.99s] [INFO] ============================================================
[12:23:47] [20.99s] [INFO] ✅ === モバイル版投稿完了成功！ ===
[12:23:47] [20.99s] [INFO] 🧹 モバイルブラウザ クリーンアップ開始
[12:23:47] [21.54s] [INFO] ✅ モバイルコンテキストクローズ完了
[12:23:47] [21.56s] [INFO] ✅ Playwrightストップ完了

=== モバイルTwitterデバッグログ終了 ===
終了時刻: 2025-09-06 12:23:47
総実行時間: 21.56秒
============================================================
[12:23:47] [21.56s] [INFO] 📋 詳細デバッグログ保存完了: /Users/takahashimika/Dropbox/web_kabu_ai/python/twitter_auto_post/debug_logs/mobile_twitter_debug_20250906_122326.log
