[51096:6240049:0811/175902.708379:INFO:components/enterprise/browser/controller/chrome_browser_cloud_management_controller.cc:202] No machine level policy manager exists.
[51108:6240156:0811/175905.071522:ERROR:gpu/command_buffer/service/gles2_cmd_decoder_passthrough.cc:1095] [GroupMarkerNotSet(crbug.com/242999)!:A0E010003C010000]Automatic fallback to software WebGL has been deprecated. Please use the --enable-unsafe-swiftshader (about:flags#enable-unsafe-swiftshader) flag to opt in to lower security guarantees for trusted content.
[51108:6240156:0811/175905.084033:ERROR:gpu/command_buffer/service/gl_utils.cc:443] [.WebGL-0x10c03dd1500]GL Driver Message (OpenGL, Performance, GL_CLOSE_PATH_NV, High): GPU stall due to ReadPixels
[51108:6240156:0811/175905.115677:ERROR:gpu/command_buffer/service/gles2_cmd_decoder_passthrough.cc:1095] [GroupMarkerNotSet(crbug.com/242999)!:A01011003C010000]Automatic fallback to software WebGL has been deprecated. Please use the --enable-unsafe-swiftshader (about:flags#enable-unsafe-swiftshader) flag to opt in to lower security guarantees for trusted content.
[51096:6240049:0811/175905.326009:INFO:CONSOLE:345] "[GroupMarkerNotSet(crbug.com/242999)!:A0E010003C010000]Automatic fallback to software WebGL has been deprecated. Please use the --enable-unsafe-swiftshader (about:flags#enable-unsafe-swiftshader) flag to opt in to lower security guarantees for trusted content.", source: https://x.com/home (345)
[51096:6240049:0811/175905.326152:INFO:CONSOLE:345] "[.WebGL-0x10c03dd1500]GL Driver Message (OpenGL, Performance, GL_CLOSE_PATH_NV, High): GPU stall due to ReadPixels", source: https://x.com/home (345)
[51096:6240049:0811/175905.326232:INFO:CONSOLE:345] "[GroupMarkerNotSet(crbug.com/242999)!:A01011003C010000]Automatic fallback to software WebGL has been deprecated. Please use the --enable-unsafe-swiftshader (about:flags#enable-unsafe-swiftshader) flag to opt in to lower security guarantees for trusted content.", source: https://x.com/home (345)
[51096:6240049:0811/175905.333203:INFO:CONSOLE:345] "No available adapters.", source: https://x.com/home (345)
[51137:6240630:0811/175905.452414:INFO:third_party/blink/renderer/modules/peerconnection/peer_connection_dependency_factory.cc:802] Running WebRTC with a combined Network and Worker thread.
[51108:6240156:0811/175905.469182:ERROR:gpu/command_buffer/service/gles2_cmd_decoder_passthrough.cc:1095] [GroupMarkerNotSet(crbug.com/242999)!:A0007E053C010000]Automatic fallback to software WebGL has been deprecated. Please use the --enable-unsafe-swiftshader (about:flags#enable-unsafe-swiftshader) flag to opt in to lower security guarantees for trusted content.
[51096:6240049:0811/175905.546451:INFO:CONSOLE:0] "[GroupMarkerNotSet(crbug.com/242999)!:A0007E053C010000]Automatic fallback to software WebGL has been deprecated. Please use the --enable-unsafe-swiftshader (about:flags#enable-unsafe-swiftshader) flag to opt in to lower security guarantees for trusted content.", source: https://x.com/home (0)
[51163:6240626:0811/175905.942059:ERROR:sandbox/mac/system_services.cc:31] SetApplicationIsDaemon: Error Domain=NSOSStatusErrorDomain Code=-50 "paramErr: error in user parameter list" (-50)
[51108:6240156:0811/175906.045711:ERROR:gpu/command_buffer/service/gl_utils.cc:443] [.WebGL-0x10c03dd1500]GL Driver Message (OpenGL, Performance, GL_CLOSE_PATH_NV, High): GPU stall due to ReadPixels
[51096:6240049:0811/175906.637035:WARNING:chrome/browser/media/prefs/capture_device_ranking.h:255] Can't initialize the value of media.audio_input.user_preference_ranking because media.default_audio_capture_device isn't registered or is empty
[51096:6240049:0811/175906.637176:WARNING:chrome/browser/media/prefs/capture_device_ranking.h:255] Can't initialize the value of media.video_input.user_preference_ranking because media.default_video_capture_Device isn't registered or is empty
[51096:6240049:0811/175912.137511:INFO:CONSOLE:11] "Uncaught Error: Got unexpected null or undefined", source: https://abs.twimg.com/responsive-web/client-web/vendor-7940b00b.aafae34a.js (11)
[51096:6240049:0811/175912.154018:INFO:CONSOLE:11] "Uncaught Error: Minified exception occurred; use the non-minified dev environment for the full error message and additional helpful warnings.", source: https://abs.twimg.com/responsive-web/client-web/vendor-7940b00b.aafae34a.js (11)
[51096:6240049:0811/175912.450031:INFO:CONSOLE:11] "Uncaught Error: Minified exception occurred; use the non-minified dev environment for the full error message and additional helpful warnings.", source: https://abs.twimg.com/responsive-web/client-web/vendor-7940b00b.aafae34a.js (11)
[51096:6240049:0811/175913.017472:INFO:CONSOLE:11] "Uncaught Error: Got unexpected null or undefined", source: https://abs.twimg.com/responsive-web/client-web/vendor-7940b00b.aafae34a.js (11)
[51096:6240049:0811/175914.099936:INFO:CONSOLE:10] "Uncaught Error: Got unexpected null or undefined", source: https://abs.twimg.com/responsive-web/client-web/vendor-3dfac8a4.346d055a.js (10)
[51096:6240049:0811/175914.117336:INFO:CONSOLE:11] "Uncaught Error: Got unexpected null or undefined", source: https://abs.twimg.com/responsive-web/client-web/vendor-7940b00b.aafae34a.js (11)
[51096:6240049:0811/175914.607780:INFO:CONSOLE:10] "Uncaught Error: Got unexpected null or undefined", source: https://abs.twimg.com/responsive-web/client-web/vendor-3dfac8a4.346d055a.js (10)
[51096:6240049:0811/175914.632848:INFO:CONSOLE:11] "Uncaught Error: Got unexpected null or undefined", source: https://abs.twimg.com/responsive-web/client-web/vendor-7940b00b.aafae34a.js (11)
[51096:6240049:0811/175914.798970:INFO:CONSOLE:10] "Uncaught Error: Got unexpected null or undefined", source: https://abs.twimg.com/responsive-web/client-web/vendor-3dfac8a4.346d055a.js (10)
[51096:6240049:0811/175914.821158:INFO:CONSOLE:11] "Uncaught Error: Got unexpected null or undefined", source: https://abs.twimg.com/responsive-web/client-web/vendor-7940b00b.aafae34a.js (11)
[51096:6240049:0811/175915.541750:INFO:CONSOLE:10] "Uncaught Error: Got unexpected null or undefined", source: https://abs.twimg.com/responsive-web/client-web/vendor-3dfac8a4.346d055a.js (10)
[51096:6240125:0811/175916.744687:ERROR:google_apis/gcm/engine/registration_request.cc:291] Registration response error message: DEPRECATED_ENDPOINT
[51096:6240049:0811/175919.037746:INFO:CONSOLE:11] "Uncaught Error: Got unexpected null or undefined", source: https://abs.twimg.com/responsive-web/client-web/vendor-7940b00b.aafae34a.js (11)
[51096:6240049:0811/175919.120080:INFO:CONSOLE:10] "Uncaught Error: Got unexpected null or undefined", source: https://abs.twimg.com/responsive-web/client-web/vendor-3dfac8a4.346d055a.js (10)
[51096:6240049:0811/175919.141955:INFO:CONSOLE:11] "Uncaught Error: Got unexpected null or undefined", source: https://abs.twimg.com/responsive-web/client-web/vendor-7940b00b.aafae34a.js (11)
[51096:6240049:0811/175920.263845:INFO:CONSOLE:10] "Uncaught Error: Got unexpected null or undefined", source: https://abs.twimg.com/responsive-web/client-web/vendor-3dfac8a4.346d055a.js (10)
[51109:6240212:0811/175926.767588:WARNING:net/spdy/spdy_session.cc:3054] Received HEADERS for invalid stream 69
